#
# There is insufficient memory for the Java Runtime Environment to continue.
# Native memory allocation (mmap) failed to map 65536 bytes for Failed to commit metaspace.
# Possible reasons:
#   The system is out of physical RAM or swap space
#   The process is running with CompressedOops enabled, and the Java Heap may be blocking the growth of the native heap
# Possible solutions:
#   Reduce memory load on the system
#   Increase physical memory or swap space
#   Check if swap backing store is full
#   Decrease Java heap size (-Xmx/-Xms)
#   Decrease number of Java threads
#   Decrease Java thread stack sizes (-Xss)
#   Set larger code cache with -XX:ReservedCodeCacheSize=
#   JVM is running with Unscaled Compressed Oops mode in which the Java heap is
#     placed in the first 4GB address space. The Java Heap base address is the
#     maximum limit for the native heap growth. Please use -XX:HeapBaseMinAddress
#     to set the Java Heap base and to place the Java Heap above 4GB virtual address.
# This output file may be truncated or incomplete.
#
#  Out of Memory Error (virtualSpaceNode.cpp:110), pid=30000, tid=11480
#
# JRE version: OpenJDK Runtime Environment Temurin-17.0.8.1+1 (17.0.8.1+1) (build 17.0.8.1+1)
# Java VM: OpenJDK 64-Bit Server VM Temurin-17.0.8.1+1 (17.0.8.1+1, mixed mode, emulated-client, tiered, compressed oops, compressed class ptrs, g1 gc, windows-amd64)
# No core dump will be written. Minidumps are not enabled by default on client versions of Windows
#

---------------  S U M M A R Y ------------

Command Line: -XX:+HeapDumpOnOutOfMemoryError -Xmx1024m -Dsts.lsp.client=vscode -Dsts.log.file=/dev/null -XX:TieredStopAtLevel=1 -Xlog:jni+resolve=off -Dspring.config.location=file:c:\Users\82108\.vscode\extensions\vmware.vscode-spring-boot-1.50.0\language-server\BOOT-INF\classes\application.properties org.springframework.ide.vscode.boot.app.BootLanguageServerBootApp

Host: AMD Ryzen 9 5900HS with Radeon Graphics        , 16 cores, 15G,  Windows 11 , 64 bit Build 22621 (10.0.22621.2428)
Time: Thu Nov 16 05:17:59 2023  Windows 11 , 64 bit Build 22621 (10.0.22621.2428) elapsed time: 0.759123 seconds (0d 0h 0m 0s)

---------------  T H R E A D  ---------------

Current thread (0x0000021ba0071f10):  JavaThread "main" [_thread_in_vm, id=11480, stack(0x0000002b7ab00000,0x0000002b7ac00000)]

Stack: [0x0000002b7ab00000,0x0000002b7ac00000]
Native frames: (J=compiled Java code, j=interpreted, Vv=VM code, C=native code)
V  [jvm.dll+0x678b0a]
V  [jvm.dll+0x835e84]
V  [jvm.dll+0x83762e]
V  [jvm.dll+0x837c93]
V  [jvm.dll+0x24746f]
V  [jvm.dll+0x831f1b]
V  [jvm.dll+0x61d3c6]
V  [jvm.dll+0x1c1aae]
V  [jvm.dll+0x61fd21]
V  [jvm.dll+0x61dd66]
V  [jvm.dll+0x627c47]
V  [jvm.dll+0x1eb90b]
V  [jvm.dll+0x1ebe45]
V  [jvm.dll+0x1ec87f]
V  [jvm.dll+0x1e1d21]
V  [jvm.dll+0x53fba0]
V  [jvm.dll+0x7b1278]
V  [jvm.dll+0x7b1364]
V  [jvm.dll+0x40ecc5]
V  [jvm.dll+0x414e18]
C  [java.dll+0x17ec]

Java frames: (J=compiled Java code, j=interpreted, Vv=VM code)
J 783  java.lang.ClassLoader.defineClass1(Ljava/lang/ClassLoader;Ljava/lang/String;[BIILjava/security/ProtectionDomain;Ljava/lang/String;)Ljava/lang/Class; java.base@17.0.8.1 (0 bytes) @ 0x0000021ba302bedb [0x0000021ba302be20+0x00000000000000bb]
J 779 c1 java.lang.ClassLoader.defineClass(Ljava/lang/String;[BIILjava/security/ProtectionDomain;)Ljava/lang/Class; java.base@17.0.8.1 (43 bytes) @ 0x0000021ba30c0adc [0x0000021ba30c09e0+0x00000000000000fc]
J 765 c1 jdk.internal.loader.BuiltinClassLoader.defineClass(Ljava/lang/String;Ljdk/internal/loader/Resource;)Ljava/lang/Class; java.base@17.0.8.1 (121 bytes) @ 0x0000021ba302c8c4 [0x0000021ba302c420+0x00000000000004a4]
J 764 c1 jdk.internal.loader.BuiltinClassLoader.findClassOnClassPathOrNull(Ljava/lang/String;)Ljava/lang/Class; java.base@17.0.8.1 (64 bytes) @ 0x0000021ba302d544 [0x0000021ba302d2a0+0x00000000000002a4]
J 673 c1 jdk.internal.loader.BuiltinClassLoader.loadClassOrNull(Ljava/lang/String;Z)Ljava/lang/Class; java.base@17.0.8.1 (143 bytes) @ 0x0000021ba2fffc44 [0x0000021ba2fff800+0x0000000000000444]
J 746 c1 jdk.internal.loader.ClassLoaders$AppClassLoader.loadClass(Ljava/lang/String;Z)Ljava/lang/Class; java.base@17.0.8.1 (40 bytes) @ 0x0000021ba3023ba4 [0x0000021ba3023a60+0x0000000000000144]
J 745 c1 java.lang.ClassLoader.loadClass(Ljava/lang/String;)Ljava/lang/Class; java.base@17.0.8.1 (7 bytes) @ 0x0000021ba3020ce4 [0x0000021ba3020ca0+0x0000000000000044]
v  ~StubRoutines::call_stub
j  ch.qos.logback.classic.PatternLayout.<clinit>()V+42
v  ~StubRoutines::call_stub
j  ch.qos.logback.classic.encoder.PatternLayoutEncoder.start()V+0
j  ch.qos.logback.core.model.processor.ImplicitModelHandler.postHandleComplex(Lch/qos/logback/core/model/processor/ModelInterpretationContext;Lch/qos/logback/core/model/Model;Lch/qos/logback/core/joran/action/ImplicitModelDataForComplexProperty;)V+80
j  ch.qos.logback.core.model.processor.ImplicitModelHandler.postHandle(Lch/qos/logback/core/model/processor/ModelInterpretationContext;Lch/qos/logback/core/model/Model;)V+47
j  ch.qos.logback.core.model.processor.DefaultProcessor.secondPhaseTraverse(Lch/qos/logback/core/model/Model;Lch/qos/logback/core/model/processor/ModelFilter;)I+154
j  ch.qos.logback.core.model.processor.DefaultProcessor.secondPhaseTraverse(Lch/qos/logback/core/model/Model;Lch/qos/logback/core/model/processor/ModelFilter;)I+133
j  ch.qos.logback.core.model.processor.DefaultProcessor.secondPhaseTraverse(Lch/qos/logback/core/model/Model;Lch/qos/logback/core/model/processor/ModelFilter;)I+133
j  ch.qos.logback.core.model.processor.DefaultProcessor$$Lambda$91+0x0000000100113bc0.traverse(Lch/qos/logback/core/model/Model;Lch/qos/logback/core/model/processor/ModelFilter;)I+6
j  ch.qos.logback.core.model.processor.DefaultProcessor.traversalLoop(Lch/qos/logback/core/model/processor/DefaultProcessor$TraverseMethod;Lch/qos/logback/core/model/Model;Lch/qos/logback/core/model/processor/ModelFilter;Ljava/lang/String;)V+16
j  ch.qos.logback.core.model.processor.DefaultProcessor.process(Lch/qos/logback/core/model/Model;)V+44
j  ch.qos.logback.core.joran.GenericXMLConfigurator.processModel(Lch/qos/logback/core/model/Model;)V+55
j  ch.qos.logback.core.joran.GenericXMLConfigurator.doConfigure(Lorg/xml/sax/InputSource;)V+80
j  ch.qos.logback.core.joran.GenericXMLConfigurator.doConfigure(Ljava/io/InputStream;Ljava/lang/String;)V+16
j  ch.qos.logback.core.joran.GenericXMLConfigurator.doConfigure(Ljava/net/URL;)V+31
j  ch.qos.logback.classic.util.DefaultJoranConfigurator.configureByResource(Ljava/net/URL;)V+46
j  ch.qos.logback.classic.util.DefaultJoranConfigurator.configure(Lch/qos/logback/classic/LoggerContext;)Lch/qos/logback/classic/spi/Configurator$ExecutionStatus;+12
j  ch.qos.logback.classic.util.ContextInitializer.invokeConfigure(Lch/qos/logback/classic/spi/Configurator;)Lch/qos/logback/classic/spi/Configurator$ExecutionStatus;+42
j  ch.qos.logback.classic.util.ContextInitializer.autoConfig(Ljava/lang/ClassLoader;)V+202
j  ch.qos.logback.classic.util.ContextInitializer.autoConfig()V+6
j  ch.qos.logback.classic.spi.LogbackServiceProvider.initializeLoggerContext()V+11
j  ch.qos.logback.classic.spi.LogbackServiceProvider.initialize()V+21
j  org.slf4j.LoggerFactory.bind()V+37
j  org.slf4j.LoggerFactory.performInitialization()V+0
j  org.slf4j.LoggerFactory.getProvider()Lorg/slf4j/spi/SLF4JServiceProvider;+21
j  org.slf4j.LoggerFactory.getILoggerFactory()Lorg/slf4j/ILoggerFactory;+0
j  org.slf4j.LoggerFactory.getLogger(Ljava/lang/String;)Lorg/slf4j/Logger;+0
j  reactor.util.Loggers$Slf4JLoggerFactory.apply(Ljava/lang/String;)Lreactor/util/Logger;+5
j  reactor.util.Loggers$Slf4JLoggerFactory.apply(Ljava/lang/Object;)Ljava/lang/Object;+5
j  reactor.util.Loggers.useSl4jLoggers()V+21
j  reactor.util.Loggers.resetLoggerFactory()V+0
j  reactor.util.Loggers.<clinit>()V+0
v  ~StubRoutines::call_stub
j  reactor.core.publisher.Hooks.<clinit>()V+19
v  ~StubRoutines::call_stub
j  org.springframework.ide.vscode.boot.app.BootLanguageServerBootApp.main([Ljava/lang/String;)V+0
v  ~StubRoutines::call_stub

---------------  P R O C E S S  ---------------

Threads class SMR info:
_java_thread_list=0x0000021bb003ab20, length=14, elements={
0x0000021ba0071f10, 0x0000021bab92e0f0, 0x0000021bab96e010, 0x0000021bab985080,
0x0000021bab985c40, 0x0000021bab9a2e20, 0x0000021bab9a6440, 0x0000021bab9a6d10,
0x0000021bab9a7710, 0x0000021babba51f0, 0x0000021babbae0d0, 0x0000021babbbed70,
0x0000021babbc8430, 0x0000021bb0941430
}

Java Threads: ( => current thread )
=>0x0000021ba0071f10 JavaThread "main" [_thread_in_vm, id=11480, stack(0x0000002b7ab00000,0x0000002b7ac00000)]
  0x0000021bab92e0f0 JavaThread "Reference Handler" daemon [_thread_blocked, id=20012, stack(0x0000002b7b200000,0x0000002b7b300000)]
  0x0000021bab96e010 JavaThread "Finalizer" daemon [_thread_blocked, id=3604, stack(0x0000002b7b300000,0x0000002b7b400000)]
  0x0000021bab985080 JavaThread "Signal Dispatcher" daemon [_thread_blocked, id=29888, stack(0x0000002b7b400000,0x0000002b7b500000)]
  0x0000021bab985c40 JavaThread "Attach Listener" daemon [_thread_blocked, id=11712, stack(0x0000002b7b500000,0x0000002b7b600000)]
  0x0000021bab9a2e20 JavaThread "Service Thread" daemon [_thread_blocked, id=29332, stack(0x0000002b7b600000,0x0000002b7b700000)]
  0x0000021bab9a6440 JavaThread "Monitor Deflation Thread" daemon [_thread_blocked, id=26384, stack(0x0000002b7b700000,0x0000002b7b800000)]
  0x0000021bab9a6d10 JavaThread "C1 CompilerThread0" daemon [_thread_blocked, id=4844, stack(0x0000002b7b800000,0x0000002b7b900000)]
  0x0000021bab9a7710 JavaThread "Sweeper thread" daemon [_thread_blocked, id=21772, stack(0x0000002b7b900000,0x0000002b7ba00000)]
  0x0000021babba51f0 JavaThread "C1 CompilerThread1" daemon [_thread_blocked, id=24956, stack(0x0000002b7ba00000,0x0000002b7bb00000)]
  0x0000021babbae0d0 JavaThread "C1 CompilerThread2" daemon [_thread_blocked, id=27852, stack(0x0000002b7bb00000,0x0000002b7bc00000)]
  0x0000021babbbed70 JavaThread "Notification Thread" daemon [_thread_blocked, id=29708, stack(0x0000002b7bc00000,0x0000002b7bd00000)]
  0x0000021babbc8430 JavaThread "Common-Cleaner" daemon [_thread_blocked, id=15124, stack(0x0000002b7be00000,0x0000002b7bf00000)]
  0x0000021bb0941430 JavaThread "C1 CompilerThread3" daemon [_thread_blocked, id=25948, stack(0x0000002b7bf00000,0x0000002b7c000000)]

Other Threads:
  0x0000021bab927760 VMThread "VM Thread" [stack: 0x0000002b7b100000,0x0000002b7b200000] [id=9072]
  0x0000021baba0a2f0 WatcherThread [stack: 0x0000002b7bd00000,0x0000002b7be00000] [id=21712]
  0x0000021ba00b20d0 GCTaskThread "GC Thread#0" [stack: 0x0000002b7ac00000,0x0000002b7ad00000] [id=2864]
  0x0000021bb0996d40 GCTaskThread "GC Thread#1" [stack: 0x0000002b7c000000,0x0000002b7c100000] [id=16116]
  0x0000021bb0997000 GCTaskThread "GC Thread#2" [stack: 0x0000002b7c100000,0x0000002b7c200000] [id=29424]
  0x0000021bb0991450 GCTaskThread "GC Thread#3" [stack: 0x0000002b7c200000,0x0000002b7c300000] [id=8436]
  0x0000021bb07c4c80 GCTaskThread "GC Thread#4" [stack: 0x0000002b7c300000,0x0000002b7c400000] [id=26840]
  0x0000021ba00bb020 ConcurrentGCThread "G1 Main Marker" [stack: 0x0000002b7ad00000,0x0000002b7ae00000] [id=22332]
  0x0000021ba00bc1d0 ConcurrentGCThread "G1 Conc#0" [stack: 0x0000002b7ae00000,0x0000002b7af00000] [id=19256]
  0x0000021ba011ec40 ConcurrentGCThread "G1 Refine#0" [stack: 0x0000002b7af00000,0x0000002b7b000000] [id=3296]
  0x0000021bab7ae900 ConcurrentGCThread "G1 Service" [stack: 0x0000002b7b000000,0x0000002b7b100000] [id=18264]

Threads with active compile tasks:

VM state: not at safepoint (normal execution)

VM Mutex/Monitor currently owned by a thread:  ([mutex/lock_event])
[0x0000021b9de9d370] Metaspace_lock - owner thread: 0x0000021ba0071f10

Heap address: 0x00000000c0000000, size: 1024 MB, Compressed Oops mode: 32-bit

CDS archive(s) not mapped
Compressed class space mapped at: 0x0000000100000000-0x0000000140000000, reserved size: 1073741824
Narrow klass base: 0x0000000000000000, Narrow klass shift: 3, Narrow klass range: 0x140000000

GC Precious Log:
 CPUs: 16 total, 16 available
 Memory: 15776M
 Large Page Support: Disabled
 NUMA Support: Disabled
 Compressed Oops: Enabled (32-bit)
 Heap Region Size: 1M
 Heap Min Capacity: 8M
 Heap Initial Capacity: 248M
 Heap Max Capacity: 1G
 Pre-touch: Disabled
 Parallel Workers: 13
 Concurrent Workers: 3
 Concurrent Refinement Workers: 13
 Periodic GC: Disabled

Heap:
 garbage-first heap   total 253952K, used 12371K [0x00000000c0000000, 0x0000000100000000)
  region size 1024K, 7 young (7168K), 3 survivors (3072K)
 Metaspace       used 9299K, committed 9408K, reserved 1114112K
  class space    used 1099K, committed 1152K, reserved 1048576K

Heap Regions: E=young(eden), S=young(survivor), O=old, HS=humongous(starts), HC=humongous(continues), CS=collection set, F=free, OA=open archive, CA=closed archive, TAMS=top-at-mark-start (previous, next)
|   0|0x00000000c0000000, 0x00000000c0100000, 0x00000000c0100000|100%| O|  |TAMS 0x00000000c0000000, 0x00000000c0000000| Untracked 
|   1|0x00000000c0100000, 0x00000000c0200000, 0x00000000c0200000|100%| O|  |TAMS 0x00000000c0100000, 0x00000000c0100000| Untracked 
|   2|0x00000000c0200000, 0x00000000c0300000, 0x00000000c0300000|100%| O|  |TAMS 0x00000000c0200000, 0x00000000c0200000| Untracked 
|   3|0x00000000c0300000, 0x00000000c0400000, 0x00000000c0400000|100%| O|  |TAMS 0x00000000c0300000, 0x00000000c0300000| Untracked 
|   4|0x00000000c0400000, 0x00000000c0500000, 0x00000000c0500000|100%| O|  |TAMS 0x00000000c0400000, 0x00000000c0400000| Untracked 
|   5|0x00000000c0500000, 0x00000000c0600000, 0x00000000c0600000|100%| O|  |TAMS 0x00000000c0500000, 0x00000000c0500000| Untracked 
|   6|0x00000000c0600000, 0x00000000c0614e00, 0x00000000c0700000|  8%| O|  |TAMS 0x00000000c0600000, 0x00000000c0600000| Untracked 
|   7|0x00000000c0700000, 0x00000000c0700000, 0x00000000c0800000|  0%| F|  |TAMS 0x00000000c0700000, 0x00000000c0700000| Untracked 
|   8|0x00000000c0800000, 0x00000000c0800000, 0x00000000c0900000|  0%| F|  |TAMS 0x00000000c0800000, 0x00000000c0800000| Untracked 
|   9|0x00000000c0900000, 0x00000000c0900000, 0x00000000c0a00000|  0%| F|  |TAMS 0x00000000c0900000, 0x00000000c0900000| Untracked 
|  10|0x00000000c0a00000, 0x00000000c0a00000, 0x00000000c0b00000|  0%| F|  |TAMS 0x00000000c0a00000, 0x00000000c0a00000| Untracked 
|  11|0x00000000c0b00000, 0x00000000c0b00000, 0x00000000c0c00000|  0%| F|  |TAMS 0x00000000c0b00000, 0x00000000c0b00000| Untracked 
|  12|0x00000000c0c00000, 0x00000000c0c00000, 0x00000000c0d00000|  0%| F|  |TAMS 0x00000000c0c00000, 0x00000000c0c00000| Untracked 
|  13|0x00000000c0d00000, 0x00000000c0d00000, 0x00000000c0e00000|  0%| F|  |TAMS 0x00000000c0d00000, 0x00000000c0d00000| Untracked 
|  14|0x00000000c0e00000, 0x00000000c0e00000, 0x00000000c0f00000|  0%| F|  |TAMS 0x00000000c0e00000, 0x00000000c0e00000| Untracked 
|  15|0x00000000c0f00000, 0x00000000c0f00000, 0x00000000c1000000|  0%| F|  |TAMS 0x00000000c0f00000, 0x00000000c0f00000| Untracked 
|  16|0x00000000c1000000, 0x00000000c1000000, 0x00000000c1100000|  0%| F|  |TAMS 0x00000000c1000000, 0x00000000c1000000| Untracked 
|  17|0x00000000c1100000, 0x00000000c1100000, 0x00000000c1200000|  0%| F|  |TAMS 0x00000000c1100000, 0x00000000c1100000| Untracked 
|  18|0x00000000c1200000, 0x00000000c1200000, 0x00000000c1300000|  0%| F|  |TAMS 0x00000000c1200000, 0x00000000c1200000| Untracked 
|  19|0x00000000c1300000, 0x00000000c1300000, 0x00000000c1400000|  0%| F|  |TAMS 0x00000000c1300000, 0x00000000c1300000| Untracked 
|  20|0x00000000c1400000, 0x00000000c1400000, 0x00000000c1500000|  0%| F|  |TAMS 0x00000000c1400000, 0x00000000c1400000| Untracked 
|  21|0x00000000c1500000, 0x00000000c1500000, 0x00000000c1600000|  0%| F|  |TAMS 0x00000000c1500000, 0x00000000c1500000| Untracked 
|  22|0x00000000c1600000, 0x00000000c1600000, 0x00000000c1700000|  0%| F|  |TAMS 0x00000000c1600000, 0x00000000c1600000| Untracked 
|  23|0x00000000c1700000, 0x00000000c1700000, 0x00000000c1800000|  0%| F|  |TAMS 0x00000000c1700000, 0x00000000c1700000| Untracked 
|  24|0x00000000c1800000, 0x00000000c1800000, 0x00000000c1900000|  0%| F|  |TAMS 0x00000000c1800000, 0x00000000c1800000| Untracked 
|  25|0x00000000c1900000, 0x00000000c1900000, 0x00000000c1a00000|  0%| F|  |TAMS 0x00000000c1900000, 0x00000000c1900000| Untracked 
|  26|0x00000000c1a00000, 0x00000000c1a00000, 0x00000000c1b00000|  0%| F|  |TAMS 0x00000000c1a00000, 0x00000000c1a00000| Untracked 
|  27|0x00000000c1b00000, 0x00000000c1b00000, 0x00000000c1c00000|  0%| F|  |TAMS 0x00000000c1b00000, 0x00000000c1b00000| Untracked 
|  28|0x00000000c1c00000, 0x00000000c1c00000, 0x00000000c1d00000|  0%| F|  |TAMS 0x00000000c1c00000, 0x00000000c1c00000| Untracked 
|  29|0x00000000c1d00000, 0x00000000c1d00000, 0x00000000c1e00000|  0%| F|  |TAMS 0x00000000c1d00000, 0x00000000c1d00000| Untracked 
|  30|0x00000000c1e00000, 0x00000000c1e00000, 0x00000000c1f00000|  0%| F|  |TAMS 0x00000000c1e00000, 0x00000000c1e00000| Untracked 
|  31|0x00000000c1f00000, 0x00000000c1f00000, 0x00000000c2000000|  0%| F|  |TAMS 0x00000000c1f00000, 0x00000000c1f00000| Untracked 
|  32|0x00000000c2000000, 0x00000000c2000000, 0x00000000c2100000|  0%| F|  |TAMS 0x00000000c2000000, 0x00000000c2000000| Untracked 
|  33|0x00000000c2100000, 0x00000000c2100000, 0x00000000c2200000|  0%| F|  |TAMS 0x00000000c2100000, 0x00000000c2100000| Untracked 
|  34|0x00000000c2200000, 0x00000000c2200000, 0x00000000c2300000|  0%| F|  |TAMS 0x00000000c2200000, 0x00000000c2200000| Untracked 
|  35|0x00000000c2300000, 0x00000000c2300000, 0x00000000c2400000|  0%| F|  |TAMS 0x00000000c2300000, 0x00000000c2300000| Untracked 
|  36|0x00000000c2400000, 0x00000000c2400000, 0x00000000c2500000|  0%| F|  |TAMS 0x00000000c2400000, 0x00000000c2400000| Untracked 
|  37|0x00000000c2500000, 0x00000000c2500000, 0x00000000c2600000|  0%| F|  |TAMS 0x00000000c2500000, 0x00000000c2500000| Untracked 
|  38|0x00000000c2600000, 0x00000000c2600000, 0x00000000c2700000|  0%| F|  |TAMS 0x00000000c2600000, 0x00000000c2600000| Untracked 
|  39|0x00000000c2700000, 0x00000000c2700000, 0x00000000c2800000|  0%| F|  |TAMS 0x00000000c2700000, 0x00000000c2700000| Untracked 
|  40|0x00000000c2800000, 0x00000000c2800000, 0x00000000c2900000|  0%| F|  |TAMS 0x00000000c2800000, 0x00000000c2800000| Untracked 
|  41|0x00000000c2900000, 0x00000000c2900000, 0x00000000c2a00000|  0%| F|  |TAMS 0x00000000c2900000, 0x00000000c2900000| Untracked 
|  42|0x00000000c2a00000, 0x00000000c2a00000, 0x00000000c2b00000|  0%| F|  |TAMS 0x00000000c2a00000, 0x00000000c2a00000| Untracked 
|  43|0x00000000c2b00000, 0x00000000c2b00000, 0x00000000c2c00000|  0%| F|  |TAMS 0x00000000c2b00000, 0x00000000c2b00000| Untracked 
|  44|0x00000000c2c00000, 0x00000000c2c00000, 0x00000000c2d00000|  0%| F|  |TAMS 0x00000000c2c00000, 0x00000000c2c00000| Untracked 
|  45|0x00000000c2d00000, 0x00000000c2d00000, 0x00000000c2e00000|  0%| F|  |TAMS 0x00000000c2d00000, 0x00000000c2d00000| Untracked 
|  46|0x00000000c2e00000, 0x00000000c2e00000, 0x00000000c2f00000|  0%| F|  |TAMS 0x00000000c2e00000, 0x00000000c2e00000| Untracked 
|  47|0x00000000c2f00000, 0x00000000c2f00000, 0x00000000c3000000|  0%| F|  |TAMS 0x00000000c2f00000, 0x00000000c2f00000| Untracked 
|  48|0x00000000c3000000, 0x00000000c3000000, 0x00000000c3100000|  0%| F|  |TAMS 0x00000000c3000000, 0x00000000c3000000| Untracked 
|  49|0x00000000c3100000, 0x00000000c3100000, 0x00000000c3200000|  0%| F|  |TAMS 0x00000000c3100000, 0x00000000c3100000| Untracked 
|  50|0x00000000c3200000, 0x00000000c3200000, 0x00000000c3300000|  0%| F|  |TAMS 0x00000000c3200000, 0x00000000c3200000| Untracked 
|  51|0x00000000c3300000, 0x00000000c3300000, 0x00000000c3400000|  0%| F|  |TAMS 0x00000000c3300000, 0x00000000c3300000| Untracked 
|  52|0x00000000c3400000, 0x00000000c3400000, 0x00000000c3500000|  0%| F|  |TAMS 0x00000000c3400000, 0x00000000c3400000| Untracked 
|  53|0x00000000c3500000, 0x00000000c3500000, 0x00000000c3600000|  0%| F|  |TAMS 0x00000000c3500000, 0x00000000c3500000| Untracked 
|  54|0x00000000c3600000, 0x00000000c3600000, 0x00000000c3700000|  0%| F|  |TAMS 0x00000000c3600000, 0x00000000c3600000| Untracked 
|  55|0x00000000c3700000, 0x00000000c3700000, 0x00000000c3800000|  0%| F|  |TAMS 0x00000000c3700000, 0x00000000c3700000| Untracked 
|  56|0x00000000c3800000, 0x00000000c3800000, 0x00000000c3900000|  0%| F|  |TAMS 0x00000000c3800000, 0x00000000c3800000| Untracked 
|  57|0x00000000c3900000, 0x00000000c3900000, 0x00000000c3a00000|  0%| F|  |TAMS 0x00000000c3900000, 0x00000000c3900000| Untracked 
|  58|0x00000000c3a00000, 0x00000000c3a00000, 0x00000000c3b00000|  0%| F|  |TAMS 0x00000000c3a00000, 0x00000000c3a00000| Untracked 
|  59|0x00000000c3b00000, 0x00000000c3b00000, 0x00000000c3c00000|  0%| F|  |TAMS 0x00000000c3b00000, 0x00000000c3b00000| Untracked 
|  60|0x00000000c3c00000, 0x00000000c3c00000, 0x00000000c3d00000|  0%| F|  |TAMS 0x00000000c3c00000, 0x00000000c3c00000| Untracked 
|  61|0x00000000c3d00000, 0x00000000c3d00000, 0x00000000c3e00000|  0%| F|  |TAMS 0x00000000c3d00000, 0x00000000c3d00000| Untracked 
|  62|0x00000000c3e00000, 0x00000000c3e00000, 0x00000000c3f00000|  0%| F|  |TAMS 0x00000000c3e00000, 0x00000000c3e00000| Untracked 
|  63|0x00000000c3f00000, 0x00000000c3f00000, 0x00000000c4000000|  0%| F|  |TAMS 0x00000000c3f00000, 0x00000000c3f00000| Untracked 
|  64|0x00000000c4000000, 0x00000000c4000000, 0x00000000c4100000|  0%| F|  |TAMS 0x00000000c4000000, 0x00000000c4000000| Untracked 
|  65|0x00000000c4100000, 0x00000000c4100000, 0x00000000c4200000|  0%| F|  |TAMS 0x00000000c4100000, 0x00000000c4100000| Untracked 
|  66|0x00000000c4200000, 0x00000000c4200000, 0x00000000c4300000|  0%| F|  |TAMS 0x00000000c4200000, 0x00000000c4200000| Untracked 
|  67|0x00000000c4300000, 0x00000000c4300000, 0x00000000c4400000|  0%| F|  |TAMS 0x00000000c4300000, 0x00000000c4300000| Untracked 
|  68|0x00000000c4400000, 0x00000000c4400000, 0x00000000c4500000|  0%| F|  |TAMS 0x00000000c4400000, 0x00000000c4400000| Untracked 
|  69|0x00000000c4500000, 0x00000000c4500000, 0x00000000c4600000|  0%| F|  |TAMS 0x00000000c4500000, 0x00000000c4500000| Untracked 
|  70|0x00000000c4600000, 0x00000000c4600000, 0x00000000c4700000|  0%| F|  |TAMS 0x00000000c4600000, 0x00000000c4600000| Untracked 
|  71|0x00000000c4700000, 0x00000000c4700000, 0x00000000c4800000|  0%| F|  |TAMS 0x00000000c4700000, 0x00000000c4700000| Untracked 
|  72|0x00000000c4800000, 0x00000000c4800000, 0x00000000c4900000|  0%| F|  |TAMS 0x00000000c4800000, 0x00000000c4800000| Untracked 
|  73|0x00000000c4900000, 0x00000000c4900000, 0x00000000c4a00000|  0%| F|  |TAMS 0x00000000c4900000, 0x00000000c4900000| Untracked 
|  74|0x00000000c4a00000, 0x00000000c4a00000, 0x00000000c4b00000|  0%| F|  |TAMS 0x00000000c4a00000, 0x00000000c4a00000| Untracked 
|  75|0x00000000c4b00000, 0x00000000c4b00000, 0x00000000c4c00000|  0%| F|  |TAMS 0x00000000c4b00000, 0x00000000c4b00000| Untracked 
|  76|0x00000000c4c00000, 0x00000000c4c00000, 0x00000000c4d00000|  0%| F|  |TAMS 0x00000000c4c00000, 0x00000000c4c00000| Untracked 
|  77|0x00000000c4d00000, 0x00000000c4d00000, 0x00000000c4e00000|  0%| F|  |TAMS 0x00000000c4d00000, 0x00000000c4d00000| Untracked 
|  78|0x00000000c4e00000, 0x00000000c4e00000, 0x00000000c4f00000|  0%| F|  |TAMS 0x00000000c4e00000, 0x00000000c4e00000| Untracked 
|  79|0x00000000c4f00000, 0x00000000c4f00000, 0x00000000c5000000|  0%| F|  |TAMS 0x00000000c4f00000, 0x00000000c4f00000| Untracked 
|  80|0x00000000c5000000, 0x00000000c5000000, 0x00000000c5100000|  0%| F|  |TAMS 0x00000000c5000000, 0x00000000c5000000| Untracked 
|  81|0x00000000c5100000, 0x00000000c5100000, 0x00000000c5200000|  0%| F|  |TAMS 0x00000000c5100000, 0x00000000c5100000| Untracked 
|  82|0x00000000c5200000, 0x00000000c5200000, 0x00000000c5300000|  0%| F|  |TAMS 0x00000000c5200000, 0x00000000c5200000| Untracked 
|  83|0x00000000c5300000, 0x00000000c5300000, 0x00000000c5400000|  0%| F|  |TAMS 0x00000000c5300000, 0x00000000c5300000| Untracked 
|  84|0x00000000c5400000, 0x00000000c5400000, 0x00000000c5500000|  0%| F|  |TAMS 0x00000000c5400000, 0x00000000c5400000| Untracked 
|  85|0x00000000c5500000, 0x00000000c5500000, 0x00000000c5600000|  0%| F|  |TAMS 0x00000000c5500000, 0x00000000c5500000| Untracked 
|  86|0x00000000c5600000, 0x00000000c5600000, 0x00000000c5700000|  0%| F|  |TAMS 0x00000000c5600000, 0x00000000c5600000| Untracked 
|  87|0x00000000c5700000, 0x00000000c5700000, 0x00000000c5800000|  0%| F|  |TAMS 0x00000000c5700000, 0x00000000c5700000| Untracked 
|  88|0x00000000c5800000, 0x00000000c5800000, 0x00000000c5900000|  0%| F|  |TAMS 0x00000000c5800000, 0x00000000c5800000| Untracked 
|  89|0x00000000c5900000, 0x00000000c5900000, 0x00000000c5a00000|  0%| F|  |TAMS 0x00000000c5900000, 0x00000000c5900000| Untracked 
|  90|0x00000000c5a00000, 0x00000000c5a00000, 0x00000000c5b00000|  0%| F|  |TAMS 0x00000000c5a00000, 0x00000000c5a00000| Untracked 
|  91|0x00000000c5b00000, 0x00000000c5b00000, 0x00000000c5c00000|  0%| F|  |TAMS 0x00000000c5b00000, 0x00000000c5b00000| Untracked 
|  92|0x00000000c5c00000, 0x00000000c5c00000, 0x00000000c5d00000|  0%| F|  |TAMS 0x00000000c5c00000, 0x00000000c5c00000| Untracked 
|  93|0x00000000c5d00000, 0x00000000c5d00000, 0x00000000c5e00000|  0%| F|  |TAMS 0x00000000c5d00000, 0x00000000c5d00000| Untracked 
|  94|0x00000000c5e00000, 0x00000000c5e00000, 0x00000000c5f00000|  0%| F|  |TAMS 0x00000000c5e00000, 0x00000000c5e00000| Untracked 
|  95|0x00000000c5f00000, 0x00000000c5f00000, 0x00000000c6000000|  0%| F|  |TAMS 0x00000000c5f00000, 0x00000000c5f00000| Untracked 
|  96|0x00000000c6000000, 0x00000000c6000000, 0x00000000c6100000|  0%| F|  |TAMS 0x00000000c6000000, 0x00000000c6000000| Untracked 
|  97|0x00000000c6100000, 0x00000000c6100000, 0x00000000c6200000|  0%| F|  |TAMS 0x00000000c6100000, 0x00000000c6100000| Untracked 
|  98|0x00000000c6200000, 0x00000000c6200000, 0x00000000c6300000|  0%| F|  |TAMS 0x00000000c6200000, 0x00000000c6200000| Untracked 
|  99|0x00000000c6300000, 0x00000000c6300000, 0x00000000c6400000|  0%| F|  |TAMS 0x00000000c6300000, 0x00000000c6300000| Untracked 
| 100|0x00000000c6400000, 0x00000000c6400000, 0x00000000c6500000|  0%| F|  |TAMS 0x00000000c6400000, 0x00000000c6400000| Untracked 
| 101|0x00000000c6500000, 0x00000000c6500000, 0x00000000c6600000|  0%| F|  |TAMS 0x00000000c6500000, 0x00000000c6500000| Untracked 
| 102|0x00000000c6600000, 0x00000000c6600000, 0x00000000c6700000|  0%| F|  |TAMS 0x00000000c6600000, 0x00000000c6600000| Untracked 
| 103|0x00000000c6700000, 0x00000000c6700000, 0x00000000c6800000|  0%| F|  |TAMS 0x00000000c6700000, 0x00000000c6700000| Untracked 
| 104|0x00000000c6800000, 0x00000000c6800000, 0x00000000c6900000|  0%| F|  |TAMS 0x00000000c6800000, 0x00000000c6800000| Untracked 
| 105|0x00000000c6900000, 0x00000000c6900000, 0x00000000c6a00000|  0%| F|  |TAMS 0x00000000c6900000, 0x00000000c6900000| Untracked 
| 106|0x00000000c6a00000, 0x00000000c6a00000, 0x00000000c6b00000|  0%| F|  |TAMS 0x00000000c6a00000, 0x00000000c6a00000| Untracked 
| 107|0x00000000c6b00000, 0x00000000c6b00000, 0x00000000c6c00000|  0%| F|  |TAMS 0x00000000c6b00000, 0x00000000c6b00000| Untracked 
| 108|0x00000000c6c00000, 0x00000000c6c00000, 0x00000000c6d00000|  0%| F|  |TAMS 0x00000000c6c00000, 0x00000000c6c00000| Untracked 
| 109|0x00000000c6d00000, 0x00000000c6d00000, 0x00000000c6e00000|  0%| F|  |TAMS 0x00000000c6d00000, 0x00000000c6d00000| Untracked 
| 110|0x00000000c6e00000, 0x00000000c6e00000, 0x00000000c6f00000|  0%| F|  |TAMS 0x00000000c6e00000, 0x00000000c6e00000| Untracked 
| 111|0x00000000c6f00000, 0x00000000c6f00000, 0x00000000c7000000|  0%| F|  |TAMS 0x00000000c6f00000, 0x00000000c6f00000| Untracked 
| 112|0x00000000c7000000, 0x00000000c7000000, 0x00000000c7100000|  0%| F|  |TAMS 0x00000000c7000000, 0x00000000c7000000| Untracked 
| 113|0x00000000c7100000, 0x00000000c7100000, 0x00000000c7200000|  0%| F|  |TAMS 0x00000000c7100000, 0x00000000c7100000| Untracked 
| 114|0x00000000c7200000, 0x00000000c7200000, 0x00000000c7300000|  0%| F|  |TAMS 0x00000000c7200000, 0x00000000c7200000| Untracked 
| 115|0x00000000c7300000, 0x00000000c7300000, 0x00000000c7400000|  0%| F|  |TAMS 0x00000000c7300000, 0x00000000c7300000| Untracked 
| 116|0x00000000c7400000, 0x00000000c7400000, 0x00000000c7500000|  0%| F|  |TAMS 0x00000000c7400000, 0x00000000c7400000| Untracked 
| 117|0x00000000c7500000, 0x00000000c7500000, 0x00000000c7600000|  0%| F|  |TAMS 0x00000000c7500000, 0x00000000c7500000| Untracked 
| 118|0x00000000c7600000, 0x00000000c7600000, 0x00000000c7700000|  0%| F|  |TAMS 0x00000000c7600000, 0x00000000c7600000| Untracked 
| 119|0x00000000c7700000, 0x00000000c7700000, 0x00000000c7800000|  0%| F|  |TAMS 0x00000000c7700000, 0x00000000c7700000| Untracked 
| 120|0x00000000c7800000, 0x00000000c7800000, 0x00000000c7900000|  0%| F|  |TAMS 0x00000000c7800000, 0x00000000c7800000| Untracked 
| 121|0x00000000c7900000, 0x00000000c7900000, 0x00000000c7a00000|  0%| F|  |TAMS 0x00000000c7900000, 0x00000000c7900000| Untracked 
| 122|0x00000000c7a00000, 0x00000000c7a00000, 0x00000000c7b00000|  0%| F|  |TAMS 0x00000000c7a00000, 0x00000000c7a00000| Untracked 
| 123|0x00000000c7b00000, 0x00000000c7b00000, 0x00000000c7c00000|  0%| F|  |TAMS 0x00000000c7b00000, 0x00000000c7b00000| Untracked 
| 124|0x00000000c7c00000, 0x00000000c7c00000, 0x00000000c7d00000|  0%| F|  |TAMS 0x00000000c7c00000, 0x00000000c7c00000| Untracked 
| 125|0x00000000c7d00000, 0x00000000c7d00000, 0x00000000c7e00000|  0%| F|  |TAMS 0x00000000c7d00000, 0x00000000c7d00000| Untracked 
| 126|0x00000000c7e00000, 0x00000000c7e00000, 0x00000000c7f00000|  0%| F|  |TAMS 0x00000000c7e00000, 0x00000000c7e00000| Untracked 
| 127|0x00000000c7f00000, 0x00000000c7f00000, 0x00000000c8000000|  0%| F|  |TAMS 0x00000000c7f00000, 0x00000000c7f00000| Untracked 
| 128|0x00000000c8000000, 0x00000000c8000000, 0x00000000c8100000|  0%| F|  |TAMS 0x00000000c8000000, 0x00000000c8000000| Untracked 
| 129|0x00000000c8100000, 0x00000000c8100000, 0x00000000c8200000|  0%| F|  |TAMS 0x00000000c8100000, 0x00000000c8100000| Untracked 
| 130|0x00000000c8200000, 0x00000000c8200000, 0x00000000c8300000|  0%| F|  |TAMS 0x00000000c8200000, 0x00000000c8200000| Untracked 
| 131|0x00000000c8300000, 0x00000000c8300000, 0x00000000c8400000|  0%| F|  |TAMS 0x00000000c8300000, 0x00000000c8300000| Untracked 
| 132|0x00000000c8400000, 0x00000000c8400000, 0x00000000c8500000|  0%| F|  |TAMS 0x00000000c8400000, 0x00000000c8400000| Untracked 
| 133|0x00000000c8500000, 0x00000000c8500000, 0x00000000c8600000|  0%| F|  |TAMS 0x00000000c8500000, 0x00000000c8500000| Untracked 
| 134|0x00000000c8600000, 0x00000000c8600000, 0x00000000c8700000|  0%| F|  |TAMS 0x00000000c8600000, 0x00000000c8600000| Untracked 
| 135|0x00000000c8700000, 0x00000000c8700000, 0x00000000c8800000|  0%| F|  |TAMS 0x00000000c8700000, 0x00000000c8700000| Untracked 
| 136|0x00000000c8800000, 0x00000000c8800000, 0x00000000c8900000|  0%| F|  |TAMS 0x00000000c8800000, 0x00000000c8800000| Untracked 
| 137|0x00000000c8900000, 0x00000000c8900000, 0x00000000c8a00000|  0%| F|  |TAMS 0x00000000c8900000, 0x00000000c8900000| Untracked 
| 138|0x00000000c8a00000, 0x00000000c8a00000, 0x00000000c8b00000|  0%| F|  |TAMS 0x00000000c8a00000, 0x00000000c8a00000| Untracked 
| 139|0x00000000c8b00000, 0x00000000c8b00000, 0x00000000c8c00000|  0%| F|  |TAMS 0x00000000c8b00000, 0x00000000c8b00000| Untracked 
| 140|0x00000000c8c00000, 0x00000000c8c00000, 0x00000000c8d00000|  0%| F|  |TAMS 0x00000000c8c00000, 0x00000000c8c00000| Untracked 
| 141|0x00000000c8d00000, 0x00000000c8d00000, 0x00000000c8e00000|  0%| F|  |TAMS 0x00000000c8d00000, 0x00000000c8d00000| Untracked 
| 142|0x00000000c8e00000, 0x00000000c8e00000, 0x00000000c8f00000|  0%| F|  |TAMS 0x00000000c8e00000, 0x00000000c8e00000| Untracked 
| 143|0x00000000c8f00000, 0x00000000c8f00000, 0x00000000c9000000|  0%| F|  |TAMS 0x00000000c8f00000, 0x00000000c8f00000| Untracked 
| 144|0x00000000c9000000, 0x00000000c9000000, 0x00000000c9100000|  0%| F|  |TAMS 0x00000000c9000000, 0x00000000c9000000| Untracked 
| 145|0x00000000c9100000, 0x00000000c9100000, 0x00000000c9200000|  0%| F|  |TAMS 0x00000000c9100000, 0x00000000c9100000| Untracked 
| 146|0x00000000c9200000, 0x00000000c9200000, 0x00000000c9300000|  0%| F|  |TAMS 0x00000000c9200000, 0x00000000c9200000| Untracked 
| 147|0x00000000c9300000, 0x00000000c9300000, 0x00000000c9400000|  0%| F|  |TAMS 0x00000000c9300000, 0x00000000c9300000| Untracked 
| 148|0x00000000c9400000, 0x00000000c9400000, 0x00000000c9500000|  0%| F|  |TAMS 0x00000000c9400000, 0x00000000c9400000| Untracked 
| 149|0x00000000c9500000, 0x00000000c9500000, 0x00000000c9600000|  0%| F|  |TAMS 0x00000000c9500000, 0x00000000c9500000| Untracked 
| 150|0x00000000c9600000, 0x00000000c9600000, 0x00000000c9700000|  0%| F|  |TAMS 0x00000000c9600000, 0x00000000c9600000| Untracked 
| 151|0x00000000c9700000, 0x00000000c9700000, 0x00000000c9800000|  0%| F|  |TAMS 0x00000000c9700000, 0x00000000c9700000| Untracked 
| 152|0x00000000c9800000, 0x00000000c9800000, 0x00000000c9900000|  0%| F|  |TAMS 0x00000000c9800000, 0x00000000c9800000| Untracked 
| 153|0x00000000c9900000, 0x00000000c9900000, 0x00000000c9a00000|  0%| F|  |TAMS 0x00000000c9900000, 0x00000000c9900000| Untracked 
| 154|0x00000000c9a00000, 0x00000000c9a00000, 0x00000000c9b00000|  0%| F|  |TAMS 0x00000000c9a00000, 0x00000000c9a00000| Untracked 
| 155|0x00000000c9b00000, 0x00000000c9b00000, 0x00000000c9c00000|  0%| F|  |TAMS 0x00000000c9b00000, 0x00000000c9b00000| Untracked 
| 156|0x00000000c9c00000, 0x00000000c9c00000, 0x00000000c9d00000|  0%| F|  |TAMS 0x00000000c9c00000, 0x00000000c9c00000| Untracked 
| 157|0x00000000c9d00000, 0x00000000c9d00000, 0x00000000c9e00000|  0%| F|  |TAMS 0x00000000c9d00000, 0x00000000c9d00000| Untracked 
| 158|0x00000000c9e00000, 0x00000000c9e00000, 0x00000000c9f00000|  0%| F|  |TAMS 0x00000000c9e00000, 0x00000000c9e00000| Untracked 
| 159|0x00000000c9f00000, 0x00000000c9f00000, 0x00000000ca000000|  0%| F|  |TAMS 0x00000000c9f00000, 0x00000000c9f00000| Untracked 
| 160|0x00000000ca000000, 0x00000000ca000000, 0x00000000ca100000|  0%| F|  |TAMS 0x00000000ca000000, 0x00000000ca000000| Untracked 
| 161|0x00000000ca100000, 0x00000000ca100000, 0x00000000ca200000|  0%| F|  |TAMS 0x00000000ca100000, 0x00000000ca100000| Untracked 
| 162|0x00000000ca200000, 0x00000000ca200000, 0x00000000ca300000|  0%| F|  |TAMS 0x00000000ca200000, 0x00000000ca200000| Untracked 
| 163|0x00000000ca300000, 0x00000000ca300000, 0x00000000ca400000|  0%| F|  |TAMS 0x00000000ca300000, 0x00000000ca300000| Untracked 
| 164|0x00000000ca400000, 0x00000000ca400000, 0x00000000ca500000|  0%| F|  |TAMS 0x00000000ca400000, 0x00000000ca400000| Untracked 
| 165|0x00000000ca500000, 0x00000000ca500000, 0x00000000ca600000|  0%| F|  |TAMS 0x00000000ca500000, 0x00000000ca500000| Untracked 
| 166|0x00000000ca600000, 0x00000000ca600000, 0x00000000ca700000|  0%| F|  |TAMS 0x00000000ca600000, 0x00000000ca600000| Untracked 
| 167|0x00000000ca700000, 0x00000000ca700000, 0x00000000ca800000|  0%| F|  |TAMS 0x00000000ca700000, 0x00000000ca700000| Untracked 
| 168|0x00000000ca800000, 0x00000000ca800000, 0x00000000ca900000|  0%| F|  |TAMS 0x00000000ca800000, 0x00000000ca800000| Untracked 
| 169|0x00000000ca900000, 0x00000000ca900000, 0x00000000caa00000|  0%| F|  |TAMS 0x00000000ca900000, 0x00000000ca900000| Untracked 
| 170|0x00000000caa00000, 0x00000000caa00000, 0x00000000cab00000|  0%| F|  |TAMS 0x00000000caa00000, 0x00000000caa00000| Untracked 
| 171|0x00000000cab00000, 0x00000000cab00000, 0x00000000cac00000|  0%| F|  |TAMS 0x00000000cab00000, 0x00000000cab00000| Untracked 
| 172|0x00000000cac00000, 0x00000000cac00000, 0x00000000cad00000|  0%| F|  |TAMS 0x00000000cac00000, 0x00000000cac00000| Untracked 
| 173|0x00000000cad00000, 0x00000000cad00000, 0x00000000cae00000|  0%| F|  |TAMS 0x00000000cad00000, 0x00000000cad00000| Untracked 
| 174|0x00000000cae00000, 0x00000000cae00000, 0x00000000caf00000|  0%| F|  |TAMS 0x00000000cae00000, 0x00000000cae00000| Untracked 
| 175|0x00000000caf00000, 0x00000000caf00000, 0x00000000cb000000|  0%| F|  |TAMS 0x00000000caf00000, 0x00000000caf00000| Untracked 
| 176|0x00000000cb000000, 0x00000000cb000000, 0x00000000cb100000|  0%| F|  |TAMS 0x00000000cb000000, 0x00000000cb000000| Untracked 
| 177|0x00000000cb100000, 0x00000000cb100000, 0x00000000cb200000|  0%| F|  |TAMS 0x00000000cb100000, 0x00000000cb100000| Untracked 
| 178|0x00000000cb200000, 0x00000000cb200000, 0x00000000cb300000|  0%| F|  |TAMS 0x00000000cb200000, 0x00000000cb200000| Untracked 
| 179|0x00000000cb300000, 0x00000000cb300000, 0x00000000cb400000|  0%| F|  |TAMS 0x00000000cb300000, 0x00000000cb300000| Untracked 
| 180|0x00000000cb400000, 0x00000000cb400000, 0x00000000cb500000|  0%| F|  |TAMS 0x00000000cb400000, 0x00000000cb400000| Untracked 
| 181|0x00000000cb500000, 0x00000000cb500000, 0x00000000cb600000|  0%| F|  |TAMS 0x00000000cb500000, 0x00000000cb500000| Untracked 
| 182|0x00000000cb600000, 0x00000000cb600000, 0x00000000cb700000|  0%| F|  |TAMS 0x00000000cb600000, 0x00000000cb600000| Untracked 
| 183|0x00000000cb700000, 0x00000000cb700000, 0x00000000cb800000|  0%| F|  |TAMS 0x00000000cb700000, 0x00000000cb700000| Untracked 
| 184|0x00000000cb800000, 0x00000000cb800000, 0x00000000cb900000|  0%| F|  |TAMS 0x00000000cb800000, 0x00000000cb800000| Untracked 
| 185|0x00000000cb900000, 0x00000000cb900000, 0x00000000cba00000|  0%| F|  |TAMS 0x00000000cb900000, 0x00000000cb900000| Untracked 
| 186|0x00000000cba00000, 0x00000000cba00000, 0x00000000cbb00000|  0%| F|  |TAMS 0x00000000cba00000, 0x00000000cba00000| Untracked 
| 187|0x00000000cbb00000, 0x00000000cbb00000, 0x00000000cbc00000|  0%| F|  |TAMS 0x00000000cbb00000, 0x00000000cbb00000| Untracked 
| 188|0x00000000cbc00000, 0x00000000cbc00000, 0x00000000cbd00000|  0%| F|  |TAMS 0x00000000cbc00000, 0x00000000cbc00000| Untracked 
| 189|0x00000000cbd00000, 0x00000000cbd00000, 0x00000000cbe00000|  0%| F|  |TAMS 0x00000000cbd00000, 0x00000000cbd00000| Untracked 
| 190|0x00000000cbe00000, 0x00000000cbe00000, 0x00000000cbf00000|  0%| F|  |TAMS 0x00000000cbe00000, 0x00000000cbe00000| Untracked 
| 191|0x00000000cbf00000, 0x00000000cbf00000, 0x00000000cc000000|  0%| F|  |TAMS 0x00000000cbf00000, 0x00000000cbf00000| Untracked 
| 192|0x00000000cc000000, 0x00000000cc000000, 0x00000000cc100000|  0%| F|  |TAMS 0x00000000cc000000, 0x00000000cc000000| Untracked 
| 193|0x00000000cc100000, 0x00000000cc100000, 0x00000000cc200000|  0%| F|  |TAMS 0x00000000cc100000, 0x00000000cc100000| Untracked 
| 194|0x00000000cc200000, 0x00000000cc200000, 0x00000000cc300000|  0%| F|  |TAMS 0x00000000cc200000, 0x00000000cc200000| Untracked 
| 195|0x00000000cc300000, 0x00000000cc300000, 0x00000000cc400000|  0%| F|  |TAMS 0x00000000cc300000, 0x00000000cc300000| Untracked 
| 196|0x00000000cc400000, 0x00000000cc400000, 0x00000000cc500000|  0%| F|  |TAMS 0x00000000cc400000, 0x00000000cc400000| Untracked 
| 197|0x00000000cc500000, 0x00000000cc500000, 0x00000000cc600000|  0%| F|  |TAMS 0x00000000cc500000, 0x00000000cc500000| Untracked 
| 198|0x00000000cc600000, 0x00000000cc600000, 0x00000000cc700000|  0%| F|  |TAMS 0x00000000cc600000, 0x00000000cc600000| Untracked 
| 199|0x00000000cc700000, 0x00000000cc700000, 0x00000000cc800000|  0%| F|  |TAMS 0x00000000cc700000, 0x00000000cc700000| Untracked 
| 200|0x00000000cc800000, 0x00000000cc800000, 0x00000000cc900000|  0%| F|  |TAMS 0x00000000cc800000, 0x00000000cc800000| Untracked 
| 201|0x00000000cc900000, 0x00000000cc900000, 0x00000000cca00000|  0%| F|  |TAMS 0x00000000cc900000, 0x00000000cc900000| Untracked 
| 202|0x00000000cca00000, 0x00000000cca00000, 0x00000000ccb00000|  0%| F|  |TAMS 0x00000000cca00000, 0x00000000cca00000| Untracked 
| 203|0x00000000ccb00000, 0x00000000ccb00000, 0x00000000ccc00000|  0%| F|  |TAMS 0x00000000ccb00000, 0x00000000ccb00000| Untracked 
| 204|0x00000000ccc00000, 0x00000000ccc00000, 0x00000000ccd00000|  0%| F|  |TAMS 0x00000000ccc00000, 0x00000000ccc00000| Untracked 
| 205|0x00000000ccd00000, 0x00000000ccd00000, 0x00000000cce00000|  0%| F|  |TAMS 0x00000000ccd00000, 0x00000000ccd00000| Untracked 
| 206|0x00000000cce00000, 0x00000000cce00000, 0x00000000ccf00000|  0%| F|  |TAMS 0x00000000cce00000, 0x00000000cce00000| Untracked 
| 207|0x00000000ccf00000, 0x00000000ccf00000, 0x00000000cd000000|  0%| F|  |TAMS 0x00000000ccf00000, 0x00000000ccf00000| Untracked 
| 208|0x00000000cd000000, 0x00000000cd000000, 0x00000000cd100000|  0%| F|  |TAMS 0x00000000cd000000, 0x00000000cd000000| Untracked 
| 209|0x00000000cd100000, 0x00000000cd100000, 0x00000000cd200000|  0%| F|  |TAMS 0x00000000cd100000, 0x00000000cd100000| Untracked 
| 210|0x00000000cd200000, 0x00000000cd200000, 0x00000000cd300000|  0%| F|  |TAMS 0x00000000cd200000, 0x00000000cd200000| Untracked 
| 211|0x00000000cd300000, 0x00000000cd300000, 0x00000000cd400000|  0%| F|  |TAMS 0x00000000cd300000, 0x00000000cd300000| Untracked 
| 212|0x00000000cd400000, 0x00000000cd400000, 0x00000000cd500000|  0%| F|  |TAMS 0x00000000cd400000, 0x00000000cd400000| Untracked 
| 213|0x00000000cd500000, 0x00000000cd500000, 0x00000000cd600000|  0%| F|  |TAMS 0x00000000cd500000, 0x00000000cd500000| Untracked 
| 214|0x00000000cd600000, 0x00000000cd600000, 0x00000000cd700000|  0%| F|  |TAMS 0x00000000cd600000, 0x00000000cd600000| Untracked 
| 215|0x00000000cd700000, 0x00000000cd700000, 0x00000000cd800000|  0%| F|  |TAMS 0x00000000cd700000, 0x00000000cd700000| Untracked 
| 216|0x00000000cd800000, 0x00000000cd800000, 0x00000000cd900000|  0%| F|  |TAMS 0x00000000cd800000, 0x00000000cd800000| Untracked 
| 217|0x00000000cd900000, 0x00000000cd900000, 0x00000000cda00000|  0%| F|  |TAMS 0x00000000cd900000, 0x00000000cd900000| Untracked 
| 218|0x00000000cda00000, 0x00000000cda00000, 0x00000000cdb00000|  0%| F|  |TAMS 0x00000000cda00000, 0x00000000cda00000| Untracked 
| 219|0x00000000cdb00000, 0x00000000cdb00000, 0x00000000cdc00000|  0%| F|  |TAMS 0x00000000cdb00000, 0x00000000cdb00000| Untracked 
| 220|0x00000000cdc00000, 0x00000000cdc00000, 0x00000000cdd00000|  0%| F|  |TAMS 0x00000000cdc00000, 0x00000000cdc00000| Untracked 
| 221|0x00000000cdd00000, 0x00000000cdd00000, 0x00000000cde00000|  0%| F|  |TAMS 0x00000000cdd00000, 0x00000000cdd00000| Untracked 
| 222|0x00000000cde00000, 0x00000000cdf00000, 0x00000000cdf00000|100%| S|CS|TAMS 0x00000000cde00000, 0x00000000cde00000| Complete 
| 223|0x00000000cdf00000, 0x00000000ce000000, 0x00000000ce000000|100%| S|CS|TAMS 0x00000000cdf00000, 0x00000000cdf00000| Complete 
| 224|0x00000000ce000000, 0x00000000ce100000, 0x00000000ce100000|100%| S|CS|TAMS 0x00000000ce000000, 0x00000000ce000000| Complete 
| 225|0x00000000ce100000, 0x00000000ce100000, 0x00000000ce200000|  0%| F|  |TAMS 0x00000000ce100000, 0x00000000ce100000| Untracked 
| 226|0x00000000ce200000, 0x00000000ce200000, 0x00000000ce300000|  0%| F|  |TAMS 0x00000000ce200000, 0x00000000ce200000| Untracked 
| 227|0x00000000ce300000, 0x00000000ce300000, 0x00000000ce400000|  0%| F|  |TAMS 0x00000000ce300000, 0x00000000ce300000| Untracked 
| 228|0x00000000ce400000, 0x00000000ce400000, 0x00000000ce500000|  0%| F|  |TAMS 0x00000000ce400000, 0x00000000ce400000| Untracked 
| 229|0x00000000ce500000, 0x00000000ce500000, 0x00000000ce600000|  0%| F|  |TAMS 0x00000000ce500000, 0x00000000ce500000| Untracked 
| 230|0x00000000ce600000, 0x00000000ce600000, 0x00000000ce700000|  0%| F|  |TAMS 0x00000000ce600000, 0x00000000ce600000| Untracked 
| 231|0x00000000ce700000, 0x00000000ce700000, 0x00000000ce800000|  0%| F|  |TAMS 0x00000000ce700000, 0x00000000ce700000| Untracked 
| 232|0x00000000ce800000, 0x00000000ce800000, 0x00000000ce900000|  0%| F|  |TAMS 0x00000000ce800000, 0x00000000ce800000| Untracked 
| 233|0x00000000ce900000, 0x00000000ce900000, 0x00000000cea00000|  0%| F|  |TAMS 0x00000000ce900000, 0x00000000ce900000| Untracked 
| 234|0x00000000cea00000, 0x00000000cea00000, 0x00000000ceb00000|  0%| F|  |TAMS 0x00000000cea00000, 0x00000000cea00000| Untracked 
| 235|0x00000000ceb00000, 0x00000000ceb00000, 0x00000000cec00000|  0%| F|  |TAMS 0x00000000ceb00000, 0x00000000ceb00000| Untracked 
| 236|0x00000000cec00000, 0x00000000cec00000, 0x00000000ced00000|  0%| F|  |TAMS 0x00000000cec00000, 0x00000000cec00000| Untracked 
| 237|0x00000000ced00000, 0x00000000ced00000, 0x00000000cee00000|  0%| F|  |TAMS 0x00000000ced00000, 0x00000000ced00000| Untracked 
| 238|0x00000000cee00000, 0x00000000cee00000, 0x00000000cef00000|  0%| F|  |TAMS 0x00000000cee00000, 0x00000000cee00000| Untracked 
| 239|0x00000000cef00000, 0x00000000cef00000, 0x00000000cf000000|  0%| F|  |TAMS 0x00000000cef00000, 0x00000000cef00000| Untracked 
| 240|0x00000000cf000000, 0x00000000cf000000, 0x00000000cf100000|  0%| F|  |TAMS 0x00000000cf000000, 0x00000000cf000000| Untracked 
| 241|0x00000000cf100000, 0x00000000cf100000, 0x00000000cf200000|  0%| F|  |TAMS 0x00000000cf100000, 0x00000000cf100000| Untracked 
| 242|0x00000000cf200000, 0x00000000cf200000, 0x00000000cf300000|  0%| F|  |TAMS 0x00000000cf200000, 0x00000000cf200000| Untracked 
| 243|0x00000000cf300000, 0x00000000cf300000, 0x00000000cf400000|  0%| F|  |TAMS 0x00000000cf300000, 0x00000000cf300000| Untracked 
| 244|0x00000000cf400000, 0x00000000cf477260, 0x00000000cf500000| 46%| E|  |TAMS 0x00000000cf400000, 0x00000000cf400000| Complete 
| 245|0x00000000cf500000, 0x00000000cf600000, 0x00000000cf600000|100%| E|CS|TAMS 0x00000000cf500000, 0x00000000cf500000| Complete 
| 246|0x00000000cf600000, 0x00000000cf700000, 0x00000000cf700000|100%| E|CS|TAMS 0x00000000cf600000, 0x00000000cf600000| Complete 
| 247|0x00000000cf700000, 0x00000000cf800000, 0x00000000cf800000|100%| E|CS|TAMS 0x00000000cf700000, 0x00000000cf700000| Complete 

Card table byte_map: [0x0000021ba6540000,0x0000021ba6740000] _byte_map_base: 0x0000021ba5f40000

Marking Bits (Prev, Next): (CMBitMap*) 0x0000021ba00b26f0, (CMBitMap*) 0x0000021ba00b2730
 Prev Bits: [0x0000021ba6940000, 0x0000021ba7940000)
 Next Bits: [0x0000021ba7940000, 0x0000021ba8940000)

Polling page: 0x0000021b9dfd0000

Metaspace:

Usage:
  Non-class:      8.01 MB used.
      Class:      1.07 MB used.
       Both:      9.08 MB used.

Virtual space:
  Non-class space:       64.00 MB reserved,       8.06 MB ( 13%) committed,  1 nodes.
      Class space:        1.00 GB reserved,       1.12 MB ( <1%) committed,  1 nodes.
             Both:        1.06 GB reserved,       9.19 MB ( <1%) committed. 

Chunk freelists:
   Non-Class:  7.61 MB
       Class:  14.89 MB
        Both:  22.50 MB

MaxMetaspaceSize: unlimited
CompressedClassSpaceSize: 1.00 GB
Initial GC threshold: 21.00 MB
Current GC threshold: 21.00 MB
CDS: off
MetaspaceReclaimPolicy: balanced
 - commit_granule_bytes: 65536.
 - commit_granule_words: 8192.
 - virtual_space_node_default_size: 8388608.
 - enlarge_chunks_in_place: 1.
 - new_chunks_are_fully_committed: 0.
 - uncommit_free_chunks: 1.
 - use_allocation_guard: 0.
 - handle_deallocations: 1.


Internal statistics:

num_allocs_failed_limit: 0.
num_arena_births: 92.
num_arena_deaths: 0.
num_vsnodes_births: 2.
num_vsnodes_deaths: 0.
num_space_committed: 147.
num_space_uncommitted: 0.
num_chunks_returned_to_freelist: 0.
num_chunks_taken_from_freelist: 208.
num_chunk_merges: 0.
num_chunk_splits: 140.
num_chunks_enlarged: 105.
num_inconsistent_stats: 0.

CodeCache: size=49152Kb used=4231Kb max_used=4231Kb free=44920Kb
 bounds [0x0000021ba2ce0000, 0x0000021ba3110000, 0x0000021ba5ce0000]
 total_blobs=1355 nmethods=956 adapters=324
 compilation: enabled
              stopped_count=0, restarted_count=0
 full_count=0

Compilation events (20 events):
Event: 0.750 Thread 0x0000021bab9a6d10  947       1       jdk.internal.reflect.ReflectionFactory::getExecutableSharedParameterTypes (11 bytes)
Event: 0.750 Thread 0x0000021babba51f0  948       1       java.lang.reflect.ReflectAccess::getExecutableSharedParameterTypes (5 bytes)
Event: 0.750 Thread 0x0000021bb0941430  949       1       java.lang.PublicMethods$MethodList::length (24 bytes)
Event: 0.750 Thread 0x0000021babba51f0 nmethod 948 0x0000021ba30fef10 code [0x0000021ba30ff0a0, 0x0000021ba30ff188]
Event: 0.750 Thread 0x0000021bab9a6d10 nmethod 947 0x0000021ba30ff210 code [0x0000021ba30ff3a0, 0x0000021ba30ff4c8]
Event: 0.750 Thread 0x0000021bab9a6d10  950       1       java.lang.PublicMethods$MethodList::merge (192 bytes)
Event: 0.750 Thread 0x0000021bb0941430 nmethod 949 0x0000021ba30ff590 code [0x0000021ba30ff720, 0x0000021ba30ff818]
Event: 0.750 Thread 0x0000021babba51f0  951       1       java.lang.PublicMethods::merge (81 bytes)
Event: 0.750 Thread 0x0000021bb0941430  952       1       java.lang.PublicMethods$Key::<init> (24 bytes)
Event: 0.750 Thread 0x0000021babbae0d0  953       1       java.lang.PublicMethods$MethodList::<init> (10 bytes)
Event: 0.750 Thread 0x0000021babbae0d0 nmethod 953 0x0000021ba30ff910 code [0x0000021ba30ffaa0, 0x0000021ba30ffbb8]
Event: 0.750 Thread 0x0000021babbae0d0  954       1       java.util.LinkedHashMap$LinkedHashIterator::hasNext (13 bytes)
Event: 0.750 Thread 0x0000021bb0941430 nmethod 952 0x0000021ba30ffc10 code [0x0000021ba30ffda0, 0x0000021ba30fff78]
Event: 0.750 Thread 0x0000021bb0941430  955       1       java.util.LinkedHashMap$LinkedHashIterator::nextNode (54 bytes)
Event: 0.751 Thread 0x0000021babbae0d0 nmethod 954 0x0000021ba3100090 code [0x0000021ba3100220, 0x0000021ba31002f8]
Event: 0.751 Thread 0x0000021babbae0d0  956       1       java.util.LinkedHashMap$LinkedValueIterator::next (8 bytes)
Event: 0.751 Thread 0x0000021bab9a6d10 nmethod 950 0x0000021ba3100390 code [0x0000021ba31005a0, 0x0000021ba3100b88]
Event: 0.751 Thread 0x0000021babba51f0 nmethod 951 0x0000021ba3100e90 code [0x0000021ba3101060, 0x0000021ba3101408]
Event: 0.751 Thread 0x0000021bb0941430 nmethod 955 0x0000021ba3101710 code [0x0000021ba31018c0, 0x0000021ba3101b58]
Event: 0.751 Thread 0x0000021babbae0d0 nmethod 956 0x0000021ba3101c90 code [0x0000021ba3101e20, 0x0000021ba3101f08]

GC Heap History (2 events):
Event: 0.676 GC heap before
{Heap before GC invocations=0 (full 0):
 garbage-first heap   total 253952K, used 22528K [0x00000000c0000000, 0x0000000100000000)
  region size 1024K, 23 young (23552K), 0 survivors (0K)
 Metaspace       used 8296K, committed 8512K, reserved 1114112K
  class space    used 935K, committed 1024K, reserved 1048576K
}
Event: 0.680 GC heap after
{Heap after GC invocations=1 (full 0):
 garbage-first heap   total 253952K, used 9299K [0x00000000c0000000, 0x0000000100000000)
  region size 1024K, 3 young (3072K), 3 survivors (3072K)
 Metaspace       used 8296K, committed 8512K, reserved 1114112K
  class space    used 935K, committed 1024K, reserved 1048576K
}

Dll operation events (5 events):
Event: 0.011 Loaded shared library c:\Users\82108\.vscode\extensions\redhat.java-1.24.0-win32-x64\jre\17.0.8.1-win32-x86_64\bin\java.dll
Event: 0.242 Loaded shared library C:\Users\82108\.vscode\extensions\redhat.java-1.24.0-win32-x64\jre\17.0.8.1-win32-x86_64\bin\net.dll
Event: 0.245 Loaded shared library C:\Users\82108\.vscode\extensions\redhat.java-1.24.0-win32-x64\jre\17.0.8.1-win32-x86_64\bin\nio.dll
Event: 0.252 Loaded shared library C:\Users\82108\.vscode\extensions\redhat.java-1.24.0-win32-x64\jre\17.0.8.1-win32-x86_64\bin\zip.dll
Event: 0.436 Loaded shared library C:\Users\82108\.vscode\extensions\redhat.java-1.24.0-win32-x64\jre\17.0.8.1-win32-x86_64\bin\jimage.dll

Deoptimization events (0 events):
No events

Classes unloaded (0 events):
No events

Classes redefined (0 events):
No events

Internal exceptions (9 events):
Event: 0.500 Thread 0x0000021ba0071f10 Exception <a 'java/lang/NoSuchMethodError'{0x00000000ce846b48}: 'java.lang.Object java.lang.invoke.DirectMethodHandle$Holder.invokeSpecial(java.lang.Object, java.lang.Object, java.lang.Object, long, java.lang.Object)'> (0x00000000ce846b48) 
thrown [s\src\hotspot\share\interpreter\linkResolver.cpp, line 759]
Event: 0.501 Thread 0x0000021ba0071f10 Exception <a 'java/lang/NoSuchMethodError'{0x00000000ce84a7e8}: 'java.lang.Object java.lang.invoke.Invokers$Holder.linkToTargetMethod(java.lang.Object, long, java.lang.Object, java.lang.Object)'> (0x00000000ce84a7e8) 
thrown [s\src\hotspot\share\interpreter\linkResolver.cpp, line 759]
Event: 0.519 Thread 0x0000021ba0071f10 Exception <a 'java/lang/ClassNotFoundException'{0x00000000ce880638}: javax/smartcardio/CardPermission> (0x00000000ce880638) 
thrown [s\src\hotspot\share\classfile\systemDictionary.cpp, line 256]
Event: 0.522 Thread 0x0000021ba0071f10 Exception <a 'java/io/FileNotFoundException'{0x00000000ce88f9d8}> (0x00000000ce88f9d8) 
thrown [s\src\hotspot\share\prims\jni.cpp, line 516]
Event: 0.544 Thread 0x0000021ba0071f10 Exception <a 'java/lang/NoSuchMethodError'{0x00000000ce761ba0}: 'void java.lang.invoke.DirectMethodHandle$Holder.invokeStatic(java.lang.Object, java.lang.Object, java.lang.Object)'> (0x00000000ce761ba0) 
thrown [s\src\hotspot\share\interpreter\linkResolver.cpp, line 759]
Event: 0.657 Thread 0x0000021ba0071f10 Exception <a 'java/lang/NoSuchMethodError'{0x00000000ce12da88}: 'void java.lang.invoke.DirectMethodHandle$Holder.invokeSpecialIFC(java.lang.Object, java.lang.Object, java.lang.Object, java.lang.Object, java.lang.Object)'> (0x00000000ce12da88) 
thrown [s\src\hotspot\share\interpreter\linkResolver.cpp, line 759]
Event: 0.658 Thread 0x0000021ba0071f10 Exception <a 'java/lang/NoSuchMethodError'{0x00000000ce135e60}: 'void java.lang.invoke.DirectMethodHandle$Holder.invokeStatic(java.lang.Object, java.lang.Object, java.lang.Object, java.lang.Object)'> (0x00000000ce135e60) 
thrown [s\src\hotspot\share\interpreter\linkResolver.cpp, line 759]
Event: 0.659 Thread 0x0000021ba0071f10 Exception <a 'java/lang/NoSuchMethodError'{0x00000000ce140f18}: 'int java.lang.invoke.DirectMethodHandle$Holder.invokeSpecial(java.lang.Object, java.lang.Object, java.lang.Object)'> (0x00000000ce140f18) 
thrown [s\src\hotspot\share\interpreter\linkResolver.cpp, line 759]
Event: 0.687 Thread 0x0000021ba0071f10 Exception <a 'java/lang/NoSuchMethodError'{0x00000000cf75a428}: 'java.lang.Object java.lang.invoke.DirectMethodHandle$Holder.invokeStaticInit(java.lang.Object, java.lang.Object, java.lang.Object)'> (0x00000000cf75a428) 
thrown [s\src\hotspot\share\interpreter\linkResolver.cpp, line 759]

VM Operations (10 events):
Event: 0.253 Executing VM operation: HandshakeAllThreads
Event: 0.253 Executing VM operation: HandshakeAllThreads done
Event: 0.427 Executing VM operation: HandshakeAllThreads
Event: 0.427 Executing VM operation: HandshakeAllThreads done
Event: 0.454 Executing VM operation: HandshakeAllThreads
Event: 0.454 Executing VM operation: HandshakeAllThreads done
Event: 0.521 Executing VM operation: HandshakeAllThreads
Event: 0.521 Executing VM operation: HandshakeAllThreads done
Event: 0.676 Executing VM operation: G1CollectForAllocation
Event: 0.680 Executing VM operation: G1CollectForAllocation done

Events (20 events):
Event: 0.741 loading class java/lang/invoke/VarHandleInts$FieldInstanceReadWrite
Event: 0.741 loading class java/lang/invoke/VarHandleInts$FieldInstanceReadOnly
Event: 0.741 loading class java/lang/invoke/VarHandleInts$FieldInstanceReadOnly done
Event: 0.741 loading class java/lang/invoke/VarHandleInts$FieldInstanceReadWrite done
Event: 0.741 loading class java/lang/invoke/VarHandle$1
Event: 0.741 loading class java/lang/invoke/VarHandle$1 done
Event: 0.741 loading class jdk/internal/util/Preconditions$1
Event: 0.741 loading class jdk/internal/util/Preconditions$1 done
Event: 0.741 loading class java/lang/invoke/VarHandleGuards
Event: 0.742 loading class java/lang/invoke/VarHandleGuards done
Event: 0.742 loading class java/lang/invoke/VarForm
Event: 0.742 loading class java/lang/invoke/VarForm done
Event: 0.746 loading class java/nio/charset/UnsupportedCharsetException
Event: 0.746 loading class java/nio/charset/UnsupportedCharsetException done
Event: 0.746 loading class jdk/internal/loader/BootLoader$PackageHelper
Event: 0.746 loading class jdk/internal/loader/BootLoader$PackageHelper done
Event: 0.748 loading class java/util/stream/ReferencePipeline$3
Event: 0.748 loading class java/util/stream/ReferencePipeline$3 done
Event: 0.749 loading class java/util/stream/ReferencePipeline$3$1
Event: 0.749 loading class java/util/stream/ReferencePipeline$3$1 done


Dynamic libraries:
0x00007ff761290000 - 0x00007ff76129e000 	c:\Users\82108\.vscode\extensions\redhat.java-1.24.0-win32-x64\jre\17.0.8.1-win32-x86_64\bin\java.exe
0x00007ffb00110000 - 0x00007ffb00327000 	C:\WINDOWS\SYSTEM32\ntdll.dll
0x00007ffafefa0000 - 0x00007ffaff064000 	C:\WINDOWS\System32\KERNEL32.DLL
0x00007ffafd510000 - 0x00007ffafd8b6000 	C:\WINDOWS\System32\KERNELBASE.dll
0x00007ffafdb20000 - 0x00007ffafdc31000 	C:\WINDOWS\System32\ucrtbase.dll
0x00007ffaf4120000 - 0x00007ffaf4137000 	c:\Users\82108\.vscode\extensions\redhat.java-1.24.0-win32-x64\jre\17.0.8.1-win32-x86_64\bin\jli.dll
0x00007ffaedda0000 - 0x00007ffaeddb9000 	c:\Users\82108\.vscode\extensions\redhat.java-1.24.0-win32-x64\jre\17.0.8.1-win32-x86_64\bin\VCRUNTIME140.dll
0x00007ffafe590000 - 0x00007ffafe73d000 	C:\WINDOWS\System32\USER32.dll
0x00007ffafd9d0000 - 0x00007ffafd9f6000 	C:\WINDOWS\System32\win32u.dll
0x00007ffaff930000 - 0x00007ffaff959000 	C:\WINDOWS\System32\GDI32.dll
0x00007ffae8330000 - 0x00007ffae85c3000 	C:\WINDOWS\WinSxS\amd64_microsoft.windows.common-controls_6595b64144ccf1df_6.0.22621.2361_none_2712ced57382f843\COMCTL32.dll
0x00007ffafda00000 - 0x00007ffafdb18000 	C:\WINDOWS\System32\gdi32full.dll
0x00007ffaff340000 - 0x00007ffaff3e7000 	C:\WINDOWS\System32\msvcrt.dll
0x00007ffafd930000 - 0x00007ffafd9ca000 	C:\WINDOWS\System32\msvcp_win.dll
0x00007ffafffe0000 - 0x00007ffb00011000 	C:\WINDOWS\System32\IMM32.DLL
0x00007ffaf8f20000 - 0x00007ffaf8f2c000 	c:\Users\82108\.vscode\extensions\redhat.java-1.24.0-win32-x64\jre\17.0.8.1-win32-x86_64\bin\vcruntime140_1.dll
0x00007ffad75c0000 - 0x00007ffad7651000 	c:\Users\82108\.vscode\extensions\redhat.java-1.24.0-win32-x64\jre\17.0.8.1-win32-x86_64\bin\msvcp140.dll
0x00007ffa9ea50000 - 0x00007ffa9f69c000 	c:\Users\82108\.vscode\extensions\redhat.java-1.24.0-win32-x64\jre\17.0.8.1-win32-x86_64\bin\server\jvm.dll
0x00007ffafded0000 - 0x00007ffafdf80000 	C:\WINDOWS\System32\ADVAPI32.dll
0x00007ffb00020000 - 0x00007ffb000c6000 	C:\WINDOWS\System32\sechost.dll
0x00007ffafe1b0000 - 0x00007ffafe2c7000 	C:\WINDOWS\System32\RPCRT4.dll
0x00007ffafd1b0000 - 0x00007ffafd1fd000 	C:\WINDOWS\SYSTEM32\POWRPROF.dll
0x00007ffaf3f70000 - 0x00007ffaf3fa4000 	C:\WINDOWS\SYSTEM32\WINMM.dll
0x00007ffab9570000 - 0x00007ffab9579000 	C:\WINDOWS\SYSTEM32\WSOCK32.dll
0x00007ffaff8b0000 - 0x00007ffaff921000 	C:\WINDOWS\System32\WS2_32.dll
0x00007ffaf3ab0000 - 0x00007ffaf3aba000 	C:\WINDOWS\SYSTEM32\VERSION.dll
0x00007ffafd190000 - 0x00007ffafd1a3000 	C:\WINDOWS\SYSTEM32\UMPDC.dll
0x00007ffafc430000 - 0x00007ffafc448000 	C:\WINDOWS\SYSTEM32\kernel.appcore.dll
0x00007ffaf8f00000 - 0x00007ffaf8f0a000 	c:\Users\82108\.vscode\extensions\redhat.java-1.24.0-win32-x64\jre\17.0.8.1-win32-x86_64\bin\jimage.dll
0x00007ffaface0000 - 0x00007ffafaf0e000 	C:\WINDOWS\SYSTEM32\DBGHELP.DLL
0x00007ffaff3f0000 - 0x00007ffaff77a000 	C:\WINDOWS\System32\combase.dll
0x00007ffaff7d0000 - 0x00007ffaff8a7000 	C:\WINDOWS\System32\OLEAUT32.dll
0x00007ffaf1c90000 - 0x00007ffaf1cc2000 	C:\WINDOWS\SYSTEM32\dbgcore.DLL
0x00007ffafd490000 - 0x00007ffafd50a000 	C:\WINDOWS\System32\bcryptPrimitives.dll
0x00007ffaedd70000 - 0x00007ffaedd95000 	c:\Users\82108\.vscode\extensions\redhat.java-1.24.0-win32-x64\jre\17.0.8.1-win32-x86_64\bin\java.dll
0x00007ffaeb440000 - 0x00007ffaeb458000 	c:\Users\82108\.vscode\extensions\redhat.java-1.24.0-win32-x64\jre\17.0.8.1-win32-x86_64\bin\zip.dll
0x00007ffafe740000 - 0x00007ffafef98000 	C:\WINDOWS\System32\SHELL32.dll
0x00007ffafb3a0000 - 0x00007ffafbc92000 	C:\WINDOWS\SYSTEM32\windows.storage.dll
0x00007ffafb260000 - 0x00007ffafb39e000 	C:\WINDOWS\SYSTEM32\wintypes.dll
0x00007ffaff070000 - 0x00007ffaff163000 	C:\WINDOWS\System32\SHCORE.dll
0x00007ffaff170000 - 0x00007ffaff1ce000 	C:\WINDOWS\System32\shlwapi.dll
0x00007ffafd3c0000 - 0x00007ffafd3e6000 	C:\WINDOWS\SYSTEM32\profapi.dll
0x00007ffaeb2d0000 - 0x00007ffaeb2e9000 	C:\Users\82108\.vscode\extensions\redhat.java-1.24.0-win32-x64\jre\17.0.8.1-win32-x86_64\bin\net.dll
0x00007ffaf6d50000 - 0x00007ffaf6e87000 	C:\WINDOWS\SYSTEM32\WINHTTP.dll
0x00007ffafc900000 - 0x00007ffafc969000 	C:\WINDOWS\system32\mswsock.dll
0x00007ffaeb2b0000 - 0x00007ffaeb2c5000 	C:\Users\82108\.vscode\extensions\redhat.java-1.24.0-win32-x64\jre\17.0.8.1-win32-x86_64\bin\nio.dll

dbghelp: loaded successfully - version: 4.0.5 - missing functions: none
symbol engine: initialized successfully - sym options: 0x614 - pdb path: .;c:\Users\82108\.vscode\extensions\redhat.java-1.24.0-win32-x64\jre\17.0.8.1-win32-x86_64\bin;C:\WINDOWS\SYSTEM32;C:\WINDOWS\WinSxS\amd64_microsoft.windows.common-controls_6595b64144ccf1df_6.0.22621.2361_none_2712ced57382f843;c:\Users\82108\.vscode\extensions\redhat.java-1.24.0-win32-x64\jre\17.0.8.1-win32-x86_64\bin\server

VM Arguments:
jvm_args: -XX:+HeapDumpOnOutOfMemoryError -Xmx1024m -Dsts.lsp.client=vscode -Dsts.log.file=/dev/null -XX:TieredStopAtLevel=1 -Xlog:jni+resolve=off -Dspring.config.location=file:c:\Users\82108\.vscode\extensions\vmware.vscode-spring-boot-1.50.0\language-server\BOOT-INF\classes\application.properties 
java_command: org.springframework.ide.vscode.boot.app.BootLanguageServerBootApp
java_class_path (initial): c:\Users\82108\.vscode\extensions\vmware.vscode-spring-boot-1.50.0\language-server\BOOT-INF\classes;c:\Users\82108\.vscode\extensions\vmware.vscode-spring-boot-1.50.0\language-server\BOOT-INF\lib\annotations-24.0.1.jar;c:\Users\82108\.vscode\extensions\vmware.vscode-spring-boot-1.50.0\language-server\BOOT-INF\lib\antlr-runtime-3.5.3.jar;c:\Users\82108\.vscode\extensions\vmware.vscode-spring-boot-1.50.0\language-server\BOOT-INF\lib\antlr4-4.11.1.jar;c:\Users\82108\.vscode\extensions\vmware.vscode-spring-boot-1.50.0\language-server\BOOT-INF\lib\antlr4-runtime-4.11.1.jar;c:\Users\82108\.vscode\extensions\vmware.vscode-spring-boot-1.50.0\language-server\BOOT-INF\lib\archunit-1.1.0.jar;c:\Users\82108\.vscode\extensions\vmware.vscode-spring-boot-1.50.0\language-server\BOOT-INF\lib\asm-9.5.jar;c:\Users\82108\.vscode\extensions\vmware.vscode-spring-boot-1.50.0\language-server\BOOT-INF\lib\asm-analysis-9.5.jar;c:\Users\82108\.vscode\extensions\vmware.vscode-spring-boot-1.50.0\language-server\BOOT-INF\lib\asm-tree-9.5.jar;c:\Users\82108\.vscode\extensions\vmware.vscode-spring-boot-1.50.0\language-server\BOOT-INF\lib\asm-util-9.5.jar;c:\Users\82108\.vscode\extensions\vmware.vscode-spring-boot-1.50.0\language-server\BOOT-INF\lib\bosh-language-server-1.50.0-SNAPSHOT.jar;c:\Users\82108\.vscode\extensions\vmware.vscode-spring-boot-1.50.0\language-server\BOOT-INF\lib\caffeine-3.1.8.jar;c:\Users\82108\.vscode\extensions\vmware.vscode-spring-boot-1.50.0\language-server\BOOT-INF\lib\checker-qual-3.12.0.jar;c:\Users\82108\.vscode\extensions\vmware.vscode-spring-boot-1.50.0\language-server\BOOT-INF\lib\classgraph-4.8.149.jar;c:\Users\82108\.vscode\extensions\vmware.vscode-spring-boot-1.50.0\language-server\BOOT-INF\lib\commons-codec-1.15.jar;c:\Users\82108\.vscode\extensions\vmware.vscode-spring-boot-1.50.0\language-server\BOOT-INF\lib\commons-compress-1.24.0.jar;c:\Users\82108\.vscode\extensions\vmware.vscode-spring-boot-1.50.0\language-server\BOOT-INF\lib\
Launcher Type: SUN_STANDARD

[Global flags]
     intx CICompilerCount                          = 12                                        {product} {ergonomic}
     uint ConcGCThreads                            = 3                                         {product} {ergonomic}
     uint G1ConcRefinementThreads                  = 13                                        {product} {ergonomic}
   size_t G1HeapRegionSize                         = 1048576                                   {product} {ergonomic}
    uintx GCDrainStackTargetSize                   = 64                                        {product} {ergonomic}
     bool HeapDumpOnOutOfMemoryError               = true                                   {manageable} {command line}
   size_t InitialHeapSize                          = 260046848                                 {product} {ergonomic}
   size_t MarkStackSize                            = 4194304                                   {product} {ergonomic}
   size_t MaxHeapSize                              = 1073741824                                {product} {command line}
   size_t MaxNewSize                               = 643825664                                 {product} {ergonomic}
   size_t MinHeapDeltaBytes                        = 1048576                                   {product} {ergonomic}
   size_t MinHeapSize                              = 8388608                                   {product} {ergonomic}
    uintx NonProfiledCodeHeapSize                  = 0                                      {pd product} {ergonomic}
     bool ProfileInterpreter                       = false                                  {pd product} {command line}
    uintx ProfiledCodeHeapSize                     = 0                                      {pd product} {ergonomic}
   size_t SoftMaxHeapSize                          = 1073741824                             {manageable} {ergonomic}
     intx TieredStopAtLevel                        = 1                                         {product} {command line}
     bool UseCompressedClassPointers               = true                           {product lp64_product} {ergonomic}
     bool UseCompressedOops                        = true                           {product lp64_product} {ergonomic}
     bool UseG1GC                                  = true                                      {product} {ergonomic}
     bool UseLargePagesIndividualAllocation        = false                                  {pd product} {ergonomic}

Logging:
Log output configuration:
 #0: stdout all=warning,jni+resolve=off uptime,level,tags
 #1: stderr all=off uptime,level,tags

Environment Variables:
PATH=C:\Python312\Scripts\;C:\Python312\;C:\Program Files\Common Files\Oracle\Java\javapath;C:\Python311\Scripts\;C:\Python311\;C:\Program Files (x86)\Razer Chroma SDK\bin;C:\Program Files\Razer Chroma SDK\bin;C:\Program Files (x86)\Razer\ChromaBroadcast\bin;C:\Program Files\Razer\ChromaBroadcast\bin;C:\Windows\system32;C:\Windows;C:\Windows\System32\Wbem;C:\Windows\System32\WindowsPowerShell\v1.0\;C:\Windows\System32\OpenSSH\;C:\Program Files (x86)\NVIDIA Corporation\PhysX\Common;C:\WINDOWS\system32;C:\WINDOWS;C:\WINDOWS\System32\Wbem;C:\WINDOWS\System32\WindowsPowerShell\v1.0\;C:\WINDOWS\System32\OpenSSH\;C:\ProgramData\Anaconda3\Library;C:\Program Files\dotnet\;C:\WINDOWS\system32\config\systemprofile\AppData\Local\Microsoft\WindowsApps;C:\ProgramData\chocolatey\bin;C:\Program Files\MySQL\MySQL Server 8.0\bin;C:\Program Files\Git\cmd;C:\Users\82108\AppData\Local\Android\Sdk\platform-tools\adb;C:\Users\82108\Desktop\graduateProject\flutter\bin;C:\Program Files (x86)\Windows Kits\10\Windows Performance Toolkit\;C:\Program;C:\Program Files\Docker\Docker\resources\bin;C:\Program Files\nodejs;C:\Program Files\PuTTY\;C:\Program Files\nodejs\;C:\Users\82108\AppData\Local\Microsoft\WindowsApps;C:\Program Files\JetBrains\IntelliJ IDEA Community Edition 2022.1.3\bin;;C:\Program Files\JetBrains\IntelliJ IDEA 2022.1.3\bin;;C:\Users\82108\AppData\Local\Programs\Microsoft VS Code\bin;C:\Users\82108\AppData\Roaming\Python\Python311\Scripts;C:\Program Files\nodejs\node_modules\npm\bin;C:\Program Files\Multipass\bin;C:\Users\82108\AppData\Roaming\npm
USERNAME=
OS=Windows_NT
PROCESSOR_IDENTIFIER=AMD64 Family 25 Model 80 Stepping 0, AuthenticAMD
TMP=C:\Users\82108\AppData\Local\Temp
TEMP=C:\Users\82108\AppData\Local\Temp



---------------  S Y S T E M  ---------------

OS:
 Windows 11 , 64 bit Build 22621 (10.0.22621.2428)
OS uptime: 0 days 3:00 hours
Hyper-V role detected

CPU: total 16 (initial active 16) (16 cores per cpu, 2 threads per core) family 25 model 80 stepping 0 microcode 0x0, cx8, cmov, fxsr, ht, mmx, 3dnowpref, sse, sse2, sse3, ssse3, sse4a, sse4.1, sse4.2, popcnt, lzcnt, tsc, tscinvbit, avx, avx2, aes, erms, clmul, bmi1, bmi2, adx, sha, fma, vzeroupper, clflush, clflushopt, hv
Processor Information for all 16 processors :
  Max Mhz: 3301, Current Mhz: 3301, Mhz Limit: 3301

Memory: 4k page, system-wide physical 15776M (1365M free)
TotalPageFile size 18644M (AvailPageFile size 147M)
current process WorkingSet (physical memory assigned to process): 76M, peak: 76M
current process commit charge ("private bytes"): 351M, peak: 351M

vm_info: OpenJDK 64-Bit Server VM (17.0.8.1+1) for windows-amd64 JRE (17.0.8.1+1), built on Aug 23 2023 15:29:17 by "admin" with MS VC++ 16.7 (VS2019)

END.
