#
# There is insufficient memory for the Java Runtime Environment to continue.
# Native memory allocation (malloc) failed to allocate 1500944 bytes for Chunk::new
# Possible reasons:
#   The system is out of physical RAM or swap space
#   The process is running with CompressedOops enabled, and the Java Heap may be blocking the growth of the native heap
# Possible solutions:
#   Reduce memory load on the system
#   Increase physical memory or swap space
#   Check if swap backing store is full
#   Decrease Java heap size (-Xmx/-Xms)
#   Decrease number of Java threads
#   Decrease Java thread stack sizes (-Xss)
#   Set larger code cache with -XX:ReservedCodeCacheSize=
#   JVM is running with Unscaled Compressed Oops mode in which the Java heap is
#     placed in the first 4GB address space. The Java Heap base address is the
#     maximum limit for the native heap growth. Please use -XX:HeapBaseMinAddress
#     to set the Java Heap base and to place the Java Heap above 4GB virtual address.
# This output file may be truncated or incomplete.
#
#  Out of Memory Error (arena.cpp:189), pid=8516, tid=1520
#
# JRE version: OpenJDK Runtime Environment Temurin-17.0.8.1+1 (17.0.8.1+1) (build 17.0.8.1+1)
# Java VM: OpenJDK 64-Bit Server VM Temurin-17.0.8.1+1 (17.0.8.1+1, mixed mode, tiered, compressed oops, compressed class ptrs, parallel gc, windows-amd64)
# No core dump will be written. Minidumps are not enabled by default on client versions of Windows
#

---------------  S U M M A R Y ------------

Command Line: --add-modules=ALL-SYSTEM --add-opens=java.base/java.util=ALL-UNNAMED --add-opens=java.base/java.lang=ALL-UNNAMED --add-opens=java.base/sun.nio.fs=ALL-UNNAMED -Declipse.application=org.eclipse.jdt.ls.core.id1 -Dosgi.bundles.defaultStartLevel=4 -Declipse.product=org.eclipse.jdt.ls.core.product -Djava.import.generatesMetadataFilesAtProjectRoot=false -DDetectVMInstallationsJob.disabled=true -Dfile.encoding=utf8 -XX:+UseParallelGC -XX:GCTimeRatio=4 -XX:AdaptiveSizePolicyWeight=90 -Dsun.zip.disableMemoryMapping=true -Xmx1G -Xms100m -Xlog:disable -javaagent:c:\Users\82108\.vscode\extensions\redhat.java-1.24.0-win32-x64\lombok\lombok-1.18.30.jar c:\Users\82108\.vscode\extensions\redhat.java-1.24.0-win32-x64\server\plugins\org.eclipse.equinox.launcher_1.6.500.v20230717-2134.jar -configuration c:\Users\82108\AppData\Roaming\Code\User\globalStorage\redhat.java\1.24.0\config_ss_win -data c:\Users\82108\AppData\Roaming\Code\User\workspaceStorage\740c66f5cd50fe0a3edb6dcfc964f0d0\redhat.java\ss_ws --stdio

Host: AMD Ryzen 9 5900HS with Radeon Graphics        , 16 cores, 15G,  Windows 11 , 64 bit Build 22621 (10.0.22621.2428)
Time: Thu Nov 16 06:11:52 2023  Windows 11 , 64 bit Build 22621 (10.0.22621.2428) elapsed time: 5.246574 seconds (0d 0h 0m 5s)

---------------  T H R E A D  ---------------

Current thread (0x000001fd32222860):  JavaThread "C2 CompilerThread0" daemon [_thread_in_native, id=1520, stack(0x000000d4b2000000,0x000000d4b2100000)]


Current CompileTask:
C2:   5246 3007       4       jdk.internal.org.objectweb.asm.Frame::execute (2318 bytes)

Stack: [0x000000d4b2000000,0x000000d4b2100000]
Native frames: (J=compiled Java code, j=interpreted, Vv=VM code, C=native code)
V  [jvm.dll+0x678b0a]
V  [jvm.dll+0x835e84]
V  [jvm.dll+0x83762e]
V  [jvm.dll+0x837c93]
V  [jvm.dll+0x24746f]
V  [jvm.dll+0xac20c]
V  [jvm.dll+0xac7dc]
V  [jvm.dll+0x365ca7]
V  [jvm.dll+0x3301a1]
V  [jvm.dll+0x32f64a]
V  [jvm.dll+0x219bf1]
V  [jvm.dll+0x219011]
V  [jvm.dll+0x1a534d]
V  [jvm.dll+0x228d8a]
V  [jvm.dll+0x226dcc]
V  [jvm.dll+0x7ec09b]
V  [jvm.dll+0x7e64ca]
V  [jvm.dll+0x677955]
C  [ucrtbase.dll+0x29363]
C  [KERNEL32.DLL+0x1257d]
C  [ntdll.dll+0x5aa78]


---------------  P R O C E S S  ---------------

Threads class SMR info:
_java_thread_list=0x000001fd364dbea0, length=29, elements={
0x000001fd1904a670, 0x000001fd2cebb3a0, 0x000001fd2cebc510, 0x000001fd32216f30,
0x000001fd32217a00, 0x000001fd32218d60, 0x000001fd3221d3c0, 0x000001fd32222860,
0x000001fd32223310, 0x000001fd3222c4e0, 0x000001fd32346000, 0x000001fd32313650,
0x000001fd341a3360, 0x000001fd358df330, 0x000001fd358dd4d0, 0x000001fd358de400,
0x000001fd358dcfc0, 0x000001fd358df840, 0x000001fd358dc5a0, 0x000001fd358de910,
0x000001fd358dcab0, 0x000001fd3554ac90, 0x000001fd3595e7a0, 0x000001fd34ed8840,
0x000001fd34d08d40, 0x000001fd358dd9e0, 0x000001fd358ddef0, 0x000001fd362985b0,
0x000001fd36295310
}

Java Threads: ( => current thread )
  0x000001fd1904a670 JavaThread "main" [_thread_blocked, id=25188, stack(0x000000d4b1700000,0x000000d4b1800000)]
  0x000001fd2cebb3a0 JavaThread "Reference Handler" daemon [_thread_blocked, id=24492, stack(0x000000d4b1a00000,0x000000d4b1b00000)]
  0x000001fd2cebc510 JavaThread "Finalizer" daemon [_thread_blocked, id=3932, stack(0x000000d4b1b00000,0x000000d4b1c00000)]
  0x000001fd32216f30 JavaThread "Signal Dispatcher" daemon [_thread_blocked, id=16904, stack(0x000000d4b1c00000,0x000000d4b1d00000)]
  0x000001fd32217a00 JavaThread "Attach Listener" daemon [_thread_blocked, id=29168, stack(0x000000d4b1d00000,0x000000d4b1e00000)]
  0x000001fd32218d60 JavaThread "Service Thread" daemon [_thread_blocked, id=25984, stack(0x000000d4b1e00000,0x000000d4b1f00000)]
  0x000001fd3221d3c0 JavaThread "Monitor Deflation Thread" daemon [_thread_blocked, id=27024, stack(0x000000d4b1f00000,0x000000d4b2000000)]
=>0x000001fd32222860 JavaThread "C2 CompilerThread0" daemon [_thread_in_native, id=1520, stack(0x000000d4b2000000,0x000000d4b2100000)]
  0x000001fd32223310 JavaThread "C1 CompilerThread0" daemon [_thread_blocked, id=17876, stack(0x000000d4b2100000,0x000000d4b2200000)]
  0x000001fd3222c4e0 JavaThread "Sweeper thread" daemon [_thread_blocked, id=28972, stack(0x000000d4b2200000,0x000000d4b2300000)]
  0x000001fd32346000 JavaThread "Common-Cleaner" daemon [_thread_blocked, id=10432, stack(0x000000d4b2300000,0x000000d4b2400000)]
  0x000001fd32313650 JavaThread "C1 CompilerThread1" daemon [_thread_blocked, id=16924, stack(0x000000d4b2400000,0x000000d4b2500000)]
  0x000001fd341a3360 JavaThread "Notification Thread" daemon [_thread_blocked, id=12776, stack(0x000000d4b2900000,0x000000d4b2a00000)]
  0x000001fd358df330 JavaThread "Active Thread: Equinox Container: 747f3fe9-9ada-4212-9c3e-606c3e114f8d" [_thread_blocked, id=19472, stack(0x000000d4b3100000,0x000000d4b3200000)]
  0x000001fd358dd4d0 JavaThread "Framework Event Dispatcher: Equinox Container: 747f3fe9-9ada-4212-9c3e-606c3e114f8d" daemon [_thread_blocked, id=19476, stack(0x000000d4b2500000,0x000000d4b2600000)]
  0x000001fd358de400 JavaThread "Start Level: Equinox Container: 747f3fe9-9ada-4212-9c3e-606c3e114f8d" daemon [_thread_blocked, id=30040, stack(0x000000d4b2600000,0x000000d4b2700000)]
  0x000001fd358dcfc0 JavaThread "SCR Component Actor" daemon [_thread_blocked, id=21816, stack(0x000000d4b2700000,0x000000d4b2800000)]
  0x000001fd358df840 JavaThread "SCR Component Registry" daemon [_thread_blocked, id=22024, stack(0x000000d4b3200000,0x000000d4b3300000)]
  0x000001fd358dc5a0 JavaThread "Worker-JM" [_thread_blocked, id=26972, stack(0x000000d4b3300000,0x000000d4b3400000)]
  0x000001fd358de910 JavaThread "Worker-0" [_thread_blocked, id=17316, stack(0x000000d4b3600000,0x000000d4b3700000)]
  0x000001fd358dcab0 JavaThread "Worker-1" [_thread_blocked, id=14136, stack(0x000000d4b3700000,0x000000d4b3800000)]
  0x000001fd3554ac90 JavaThread "C2 CompilerThread1" daemon [_thread_blocked, id=2060, stack(0x000000d4b3900000,0x000000d4b3a00000)]
  0x000001fd3595e7a0 JavaThread "C1 CompilerThread2" daemon [_thread_blocked, id=5732, stack(0x000000d4b3a00000,0x000000d4b3b00000)]
  0x000001fd34ed8840 JavaThread "C2 CompilerThread2" daemon [_thread_blocked, id=14132, stack(0x000000d4b3c00000,0x000000d4b3d00000)]
  0x000001fd34d08d40 JavaThread "C1 CompilerThread3" daemon [_thread_blocked, id=26644, stack(0x000000d4b3e00000,0x000000d4b3f00000)]
  0x000001fd358dd9e0 JavaThread "JNA Cleaner" daemon [_thread_blocked, id=22784, stack(0x000000d4b3f00000,0x000000d4b4000000)]
  0x000001fd358ddef0 JavaThread "pool-2-thread-1" [_thread_blocked, id=396, stack(0x000000d4b4000000,0x000000d4b4100000)]
  0x000001fd362985b0 JavaThread "WorkspaceEventsHandler" [_thread_blocked, id=6600, stack(0x000000d4b4100000,0x000000d4b4200000)]
  0x000001fd36295310 JavaThread "pool-1-thread-1" [_thread_in_Java, id=29820, stack(0x000000d4b4200000,0x000000d4b4300000)]

Other Threads:
  0x000001fd190fe110 VMThread "VM Thread" [stack: 0x000000d4b1900000,0x000000d4b1a00000] [id=26696]
  0x000001fd341a3840 WatcherThread [stack: 0x000000d4b2a00000,0x000000d4b2b00000] [id=27288]
  0x000001fd19061370 GCTaskThread "GC Thread#0" [stack: 0x000000d4b1800000,0x000000d4b1900000] [id=26844]
  0x000001fd347e5cf0 GCTaskThread "GC Thread#1" [stack: 0x000000d4b2c00000,0x000000d4b2d00000] [id=15316]
  0x000001fd341f3f50 GCTaskThread "GC Thread#2" [stack: 0x000000d4b2d00000,0x000000d4b2e00000] [id=1672]
  0x000001fd342d0700 GCTaskThread "GC Thread#3" [stack: 0x000000d4b2e00000,0x000000d4b2f00000] [id=15836]
  0x000001fd342d09c0 GCTaskThread "GC Thread#4" [stack: 0x000000d4b2f00000,0x000000d4b3000000] [id=10996]
  0x000001fd342cdf90 GCTaskThread "GC Thread#5" [stack: 0x000000d4b3000000,0x000000d4b3100000] [id=21500]
  0x000001fd34abf470 GCTaskThread "GC Thread#6" [stack: 0x000000d4b2800000,0x000000d4b2900000] [id=5672]
  0x000001fd34ac5b50 GCTaskThread "GC Thread#7" [stack: 0x000000d4b2b00000,0x000000d4b2c00000] [id=21780]
  0x000001fd34c1d800 GCTaskThread "GC Thread#8" [stack: 0x000000d4b3400000,0x000000d4b3500000] [id=29768]
  0x000001fd34d65a30 GCTaskThread "GC Thread#9" [stack: 0x000000d4b3500000,0x000000d4b3600000] [id=29384]
  0x000001fd34df1a60 GCTaskThread "GC Thread#10" [stack: 0x000000d4b3800000,0x000000d4b3900000] [id=26360]
  0x000001fd350093f0 GCTaskThread "GC Thread#11" [stack: 0x000000d4b3b00000,0x000000d4b3c00000] [id=29756]
  0x000001fd36245e20 GCTaskThread "GC Thread#12" [stack: 0x000000d4b3d00000,0x000000d4b3e00000] [id=29380]

Threads with active compile tasks:
C2 CompilerThread0     5275 3007       4       jdk.internal.org.objectweb.asm.Frame::execute (2318 bytes)

VM state: not at safepoint (normal execution)

VM Mutex/Monitor currently owned by a thread:  ([mutex/lock_event])
[0x000001fd19047630] MethodCompileQueue_lock - owner thread: 0x0000000000000000

Heap address: 0x00000000c0000000, size: 1024 MB, Compressed Oops mode: 32-bit

CDS archive(s) not mapped
Compressed class space mapped at: 0x0000000100000000-0x0000000140000000, reserved size: 1073741824
Narrow klass base: 0x0000000000000000, Narrow klass shift: 3, Narrow klass range: 0x140000000

GC Precious Log:
 CPUs: 16 total, 16 available
 Memory: 15776M
 Large Page Support: Disabled
 NUMA Support: Disabled
 Compressed Oops: Enabled (32-bit)
 Alignments: Space 512K, Generation 512K, Heap 2M
 Heap Min Capacity: 100M
 Heap Initial Capacity: 100M
 Heap Max Capacity: 1G
 Pre-touch: Disabled
 Parallel Workers: 13

Heap:
 PSYoungGen      total 25600K, used 17236K [0x00000000eab00000, 0x00000000eca80000, 0x0000000100000000)
  eden space 24064K, 65% used [0x00000000eab00000,0x00000000eba5c858,0x00000000ec280000)
  from space 1536K, 98% used [0x00000000ec480000,0x00000000ec5f8818,0x00000000ec600000)
  to   space 4096K, 0% used [0x00000000ec680000,0x00000000ec680000,0x00000000eca80000)
 ParOldGen       total 68608K, used 8394K [0x00000000c0000000, 0x00000000c4300000, 0x00000000eab00000)
  object space 68608K, 12% used [0x00000000c0000000,0x00000000c0832880,0x00000000c4300000)
 Metaspace       used 34398K, committed 35072K, reserved 1114112K
  class space    used 3460K, committed 3776K, reserved 1048576K

Card table byte_map: [0x000001fd189e0000,0x000001fd18bf0000] _byte_map_base: 0x000001fd183e0000

Marking Bits: (ParMarkBitMap*) 0x00007ffa9f6b83a0
 Begin Bits: [0x000001fd2acc0000, 0x000001fd2bcc0000)
 End Bits:   [0x000001fd2bcc0000, 0x000001fd2ccc0000)

Polling page: 0x000001fd17190000

Metaspace:

Usage:
  Non-class:     30.21 MB used.
      Class:      3.38 MB used.
       Both:     33.59 MB used.

Virtual space:
  Non-class space:       64.00 MB reserved,      30.56 MB ( 48%) committed,  1 nodes.
      Class space:        1.00 GB reserved,       3.69 MB ( <1%) committed,  1 nodes.
             Both:        1.06 GB reserved,      34.25 MB (  3%) committed. 

Chunk freelists:
   Non-Class:  656.00 KB
       Class:  12.14 MB
        Both:  12.78 MB

MaxMetaspaceSize: unlimited
CompressedClassSpaceSize: 1.00 GB
Initial GC threshold: 21.00 MB
Current GC threshold: 35.00 MB
CDS: off
MetaspaceReclaimPolicy: balanced
 - commit_granule_bytes: 65536.
 - commit_granule_words: 8192.
 - virtual_space_node_default_size: 8388608.
 - enlarge_chunks_in_place: 1.
 - new_chunks_are_fully_committed: 0.
 - uncommit_free_chunks: 1.
 - use_allocation_guard: 0.
 - handle_deallocations: 1.


Internal statistics:

num_allocs_failed_limit: 3.
num_arena_births: 346.
num_arena_deaths: 14.
num_vsnodes_births: 2.
num_vsnodes_deaths: 0.
num_space_committed: 548.
num_space_uncommitted: 0.
num_chunks_returned_to_freelist: 17.
num_chunks_taken_from_freelist: 1369.
num_chunk_merges: 4.
num_chunk_splits: 891.
num_chunks_enlarged: 595.
num_inconsistent_stats: 0.

CodeHeap 'non-profiled nmethods': size=119168Kb used=1389Kb max_used=1389Kb free=117778Kb
 bounds [0x000001fd23860000, 0x000001fd23ad0000, 0x000001fd2acc0000]
CodeHeap 'profiled nmethods': size=119104Kb used=6437Kb max_used=6437Kb free=112666Kb
 bounds [0x000001fd1bcc0000, 0x000001fd1c310000, 0x000001fd23110000]
CodeHeap 'non-nmethods': size=7488Kb used=2955Kb max_used=2975Kb free=4532Kb
 bounds [0x000001fd23110000, 0x000001fd23480000, 0x000001fd23860000]
 total_blobs=3777 nmethods=3194 adapters=493
 compilation: enabled
              stopped_count=0, restarted_count=0
 full_count=0

Compilation events (20 events):
Event: 5.234 Thread 0x000001fd32223310 3151   !   3       java.lang.invoke.CallSite::makeSite (91 bytes)
Event: 5.234 Thread 0x000001fd34d08d40 3152   !   3       java.lang.invoke.BootstrapMethodInvoker::invoke (974 bytes)
Event: 5.235 Thread 0x000001fd32313650 nmethod 3149 0x000001fd1c2e9710 code [0x000001fd1c2e98e0, 0x000001fd1c2e9de8]
Event: 5.235 Thread 0x000001fd32313650 3153       3       java.lang.invoke.MethodHandleNatives::staticArgumentsPulled (5 bytes)
Event: 5.235 Thread 0x000001fd32313650 nmethod 3153 0x000001fd1c2e9f90 code [0x000001fd1c2ea120, 0x000001fd1c2ea2f8]
Event: 5.235 Thread 0x000001fd32313650 3154       3       java.lang.invoke.ConstantCallSite::<init> (17 bytes)
Event: 5.235 Thread 0x000001fd3595e7a0 nmethod 3150 0x000001fd1c2ea390 code [0x000001fd1c2ea5c0, 0x000001fd1c2eae18]
Event: 5.235 Thread 0x000001fd3595e7a0 3155       3       java.lang.invoke.CallSite::<init> (23 bytes)
Event: 5.235 Thread 0x000001fd32313650 nmethod 3154 0x000001fd1c2eb190 code [0x000001fd1c2eb360, 0x000001fd1c2eb848]
Event: 5.235 Thread 0x000001fd32313650 3156       3       java.lang.invoke.MethodHandleNatives$CallSiteContext::make (19 bytes)
Event: 5.236 Thread 0x000001fd32313650 nmethod 3156 0x000001fd1c2eba90 code [0x000001fd1c2ebc40, 0x000001fd1c2ebee8]
Event: 5.236 Thread 0x000001fd32313650 3157       3       java.lang.invoke.MethodHandleNatives$CallSiteContext::<init> (5 bytes)
Event: 5.236 Thread 0x000001fd3595e7a0 nmethod 3155 0x000001fd1c2ec010 code [0x000001fd1c2ec1e0, 0x000001fd1c2ec648]
Event: 5.236 Thread 0x000001fd3595e7a0 3158       3       jdk.internal.misc.Unsafe::storeStoreFence (5 bytes)
Event: 5.236 Thread 0x000001fd32313650 nmethod 3157 0x000001fd1c2ee810 code [0x000001fd1c2ee9a0, 0x000001fd1c2eeaf8]
Event: 5.236 Thread 0x000001fd32223310 nmethod 3151 0x000001fd1c2ec890 code [0x000001fd1c2ecbc0, 0x000001fd1c2edc58]
Event: 5.236 Thread 0x000001fd3595e7a0 nmethod 3158 0x000001fd1c2eeb90 code [0x000001fd1c2eed20, 0x000001fd1c2eee38]
Event: 5.238 Thread 0x000001fd3595e7a0 3160       3       java.lang.invoke.MethodType::dropParameterTypes (164 bytes)
Event: 5.239 Thread 0x000001fd3595e7a0 nmethod 3160 0x000001fd1c2eef10 code [0x000001fd1c2ef200, 0x000001fd1c2f0128]
Event: 5.240 Thread 0x000001fd34d08d40 nmethod 3152 0x000001fd1c2f0610 code [0x000001fd1c2f0ea0, 0x000001fd1c2f8238]

GC Heap History (16 events):
Event: 0.851 GC heap before
{Heap before GC invocations=1 (full 0):
 PSYoungGen      total 29696K, used 25600K [0x00000000eab00000, 0x00000000ecc00000, 0x0000000100000000)
  eden space 25600K, 100% used [0x00000000eab00000,0x00000000ec400000,0x00000000ec400000)
  from space 4096K, 0% used [0x00000000ec800000,0x00000000ec800000,0x00000000ecc00000)
  to   space 4096K, 0% used [0x00000000ec400000,0x00000000ec400000,0x00000000ec800000)
 ParOldGen       total 68608K, used 0K [0x00000000c0000000, 0x00000000c4300000, 0x00000000eab00000)
  object space 68608K, 0% used [0x00000000c0000000,0x00000000c0000000,0x00000000c4300000)
 Metaspace       used 10600K, committed 10752K, reserved 1114112K
  class space    used 1054K, committed 1088K, reserved 1048576K
}
Event: 0.856 GC heap after
{Heap after GC invocations=1 (full 0):
 PSYoungGen      total 29696K, used 3099K [0x00000000eab00000, 0x00000000ecc00000, 0x0000000100000000)
  eden space 25600K, 0% used [0x00000000eab00000,0x00000000eab00000,0x00000000ec400000)
  from space 4096K, 75% used [0x00000000ec400000,0x00000000ec706ca0,0x00000000ec800000)
  to   space 4096K, 0% used [0x00000000ec800000,0x00000000ec800000,0x00000000ecc00000)
 ParOldGen       total 68608K, used 16K [0x00000000c0000000, 0x00000000c4300000, 0x00000000eab00000)
  object space 68608K, 0% used [0x00000000c0000000,0x00000000c0004000,0x00000000c4300000)
 Metaspace       used 10600K, committed 10752K, reserved 1114112K
  class space    used 1054K, committed 1088K, reserved 1048576K
}
Event: 3.258 GC heap before
{Heap before GC invocations=2 (full 0):
 PSYoungGen      total 29696K, used 28699K [0x00000000eab00000, 0x00000000ecc00000, 0x0000000100000000)
  eden space 25600K, 100% used [0x00000000eab00000,0x00000000ec400000,0x00000000ec400000)
  from space 4096K, 75% used [0x00000000ec400000,0x00000000ec706ca0,0x00000000ec800000)
  to   space 4096K, 0% used [0x00000000ec800000,0x00000000ec800000,0x00000000ecc00000)
 ParOldGen       total 68608K, used 16K [0x00000000c0000000, 0x00000000c4300000, 0x00000000eab00000)
  object space 68608K, 0% used [0x00000000c0000000,0x00000000c0004000,0x00000000c4300000)
 Metaspace       used 14533K, committed 14656K, reserved 1114112K
  class space    used 1459K, committed 1536K, reserved 1048576K
}
Event: 3.261 GC heap after
{Heap after GC invocations=2 (full 0):
 PSYoungGen      total 29696K, used 4088K [0x00000000eab00000, 0x00000000ecc00000, 0x0000000100000000)
  eden space 25600K, 0% used [0x00000000eab00000,0x00000000eab00000,0x00000000ec400000)
  from space 4096K, 99% used [0x00000000ec800000,0x00000000ecbfe118,0x00000000ecc00000)
  to   space 4096K, 0% used [0x00000000ec400000,0x00000000ec400000,0x00000000ec800000)
 ParOldGen       total 68608K, used 608K [0x00000000c0000000, 0x00000000c4300000, 0x00000000eab00000)
  object space 68608K, 0% used [0x00000000c0000000,0x00000000c0098340,0x00000000c4300000)
 Metaspace       used 14533K, committed 14656K, reserved 1114112K
  class space    used 1459K, committed 1536K, reserved 1048576K
}
Event: 3.629 GC heap before
{Heap before GC invocations=3 (full 0):
 PSYoungGen      total 29696K, used 29682K [0x00000000eab00000, 0x00000000ecc00000, 0x0000000100000000)
  eden space 25600K, 99% used [0x00000000eab00000,0x00000000ec3fea00,0x00000000ec400000)
  from space 4096K, 99% used [0x00000000ec800000,0x00000000ecbfe118,0x00000000ecc00000)
  to   space 4096K, 0% used [0x00000000ec400000,0x00000000ec400000,0x00000000ec800000)
 ParOldGen       total 68608K, used 608K [0x00000000c0000000, 0x00000000c4300000, 0x00000000eab00000)
  object space 68608K, 0% used [0x00000000c0000000,0x00000000c0098340,0x00000000c4300000)
 Metaspace       used 19770K, committed 20224K, reserved 1114112K
  class space    used 2014K, committed 2176K, reserved 1048576K
}
Event: 3.633 GC heap after
{Heap after GC invocations=3 (full 0):
 PSYoungGen      total 29696K, used 4093K [0x00000000eab00000, 0x00000000ecc00000, 0x0000000100000000)
  eden space 25600K, 0% used [0x00000000eab00000,0x00000000eab00000,0x00000000ec400000)
  from space 4096K, 99% used [0x00000000ec400000,0x00000000ec7ff7e8,0x00000000ec800000)
  to   space 4096K, 0% used [0x00000000ec800000,0x00000000ec800000,0x00000000ecc00000)
 ParOldGen       total 68608K, used 2373K [0x00000000c0000000, 0x00000000c4300000, 0x00000000eab00000)
  object space 68608K, 3% used [0x00000000c0000000,0x00000000c0251668,0x00000000c4300000)
 Metaspace       used 19770K, committed 20224K, reserved 1114112K
  class space    used 2014K, committed 2176K, reserved 1048576K
}
Event: 3.750 GC heap before
{Heap before GC invocations=4 (full 0):
 PSYoungGen      total 29696K, used 11768K [0x00000000eab00000, 0x00000000ecc00000, 0x0000000100000000)
  eden space 25600K, 29% used [0x00000000eab00000,0x00000000eb27e878,0x00000000ec400000)
  from space 4096K, 99% used [0x00000000ec400000,0x00000000ec7ff7e8,0x00000000ec800000)
  to   space 4096K, 0% used [0x00000000ec800000,0x00000000ec800000,0x00000000ecc00000)
 ParOldGen       total 68608K, used 2373K [0x00000000c0000000, 0x00000000c4300000, 0x00000000eab00000)
  object space 68608K, 3% used [0x00000000c0000000,0x00000000c0251668,0x00000000c4300000)
 Metaspace       used 21071K, committed 21504K, reserved 1114112K
  class space    used 2159K, committed 2368K, reserved 1048576K
}
Event: 3.752 GC heap after
{Heap after GC invocations=4 (full 0):
 PSYoungGen      total 29696K, used 4093K [0x00000000eab00000, 0x00000000ecc00000, 0x0000000100000000)
  eden space 25600K, 0% used [0x00000000eab00000,0x00000000eab00000,0x00000000ec400000)
  from space 4096K, 99% used [0x00000000ec800000,0x00000000ecbff7e8,0x00000000ecc00000)
  to   space 4096K, 0% used [0x00000000ec400000,0x00000000ec400000,0x00000000ec800000)
 ParOldGen       total 68608K, used 2675K [0x00000000c0000000, 0x00000000c4300000, 0x00000000eab00000)
  object space 68608K, 3% used [0x00000000c0000000,0x00000000c029ce78,0x00000000c4300000)
 Metaspace       used 21071K, committed 21504K, reserved 1114112K
  class space    used 2159K, committed 2368K, reserved 1048576K
}
Event: 3.752 GC heap before
{Heap before GC invocations=5 (full 1):
 PSYoungGen      total 29696K, used 4093K [0x00000000eab00000, 0x00000000ecc00000, 0x0000000100000000)
  eden space 25600K, 0% used [0x00000000eab00000,0x00000000eab00000,0x00000000ec400000)
  from space 4096K, 99% used [0x00000000ec800000,0x00000000ecbff7e8,0x00000000ecc00000)
  to   space 4096K, 0% used [0x00000000ec400000,0x00000000ec400000,0x00000000ec800000)
 ParOldGen       total 68608K, used 2675K [0x00000000c0000000, 0x00000000c4300000, 0x00000000eab00000)
  object space 68608K, 3% used [0x00000000c0000000,0x00000000c029ce78,0x00000000c4300000)
 Metaspace       used 21071K, committed 21504K, reserved 1114112K
  class space    used 2159K, committed 2368K, reserved 1048576K
}
Event: 3.766 GC heap after
{Heap after GC invocations=5 (full 1):
 PSYoungGen      total 29696K, used 0K [0x00000000eab00000, 0x00000000ecc00000, 0x0000000100000000)
  eden space 25600K, 0% used [0x00000000eab00000,0x00000000eab00000,0x00000000ec400000)
  from space 4096K, 0% used [0x00000000ec800000,0x00000000ec800000,0x00000000ecc00000)
  to   space 4096K, 0% used [0x00000000ec400000,0x00000000ec400000,0x00000000ec800000)
 ParOldGen       total 68608K, used 6577K [0x00000000c0000000, 0x00000000c4300000, 0x00000000eab00000)
  object space 68608K, 9% used [0x00000000c0000000,0x00000000c066c7c0,0x00000000c4300000)
 Metaspace       used 21057K, committed 21504K, reserved 1114112K
  class space    used 2155K, committed 2368K, reserved 1048576K
}
Event: 3.945 GC heap before
{Heap before GC invocations=6 (full 1):
 PSYoungGen      total 29696K, used 25600K [0x00000000eab00000, 0x00000000ecc00000, 0x0000000100000000)
  eden space 25600K, 100% used [0x00000000eab00000,0x00000000ec400000,0x00000000ec400000)
  from space 4096K, 0% used [0x00000000ec800000,0x00000000ec800000,0x00000000ecc00000)
  to   space 4096K, 0% used [0x00000000ec400000,0x00000000ec400000,0x00000000ec800000)
 ParOldGen       total 68608K, used 6577K [0x00000000c0000000, 0x00000000c4300000, 0x00000000eab00000)
  object space 68608K, 9% used [0x00000000c0000000,0x00000000c066c7c0,0x00000000c4300000)
 Metaspace       used 24516K, committed 24960K, reserved 1114112K
  class space    used 2409K, committed 2624K, reserved 1048576K
}
Event: 3.946 GC heap after
{Heap after GC invocations=6 (full 1):
 PSYoungGen      total 26112K, used 697K [0x00000000eab00000, 0x00000000ec880000, 0x0000000100000000)
  eden space 25088K, 0% used [0x00000000eab00000,0x00000000eab00000,0x00000000ec380000)
  from space 1024K, 68% used [0x00000000ec400000,0x00000000ec4ae4b0,0x00000000ec500000)
  to   space 2560K, 0% used [0x00000000ec600000,0x00000000ec600000,0x00000000ec880000)
 ParOldGen       total 68608K, used 6585K [0x00000000c0000000, 0x00000000c4300000, 0x00000000eab00000)
  object space 68608K, 9% used [0x00000000c0000000,0x00000000c066e7c0,0x00000000c4300000)
 Metaspace       used 24516K, committed 24960K, reserved 1114112K
  class space    used 2409K, committed 2624K, reserved 1048576K
}
Event: 4.150 GC heap before
{Heap before GC invocations=7 (full 1):
 PSYoungGen      total 26112K, used 25785K [0x00000000eab00000, 0x00000000ec880000, 0x0000000100000000)
  eden space 25088K, 100% used [0x00000000eab00000,0x00000000ec380000,0x00000000ec380000)
  from space 1024K, 68% used [0x00000000ec400000,0x00000000ec4ae4b0,0x00000000ec500000)
  to   space 2560K, 0% used [0x00000000ec600000,0x00000000ec600000,0x00000000ec880000)
 ParOldGen       total 68608K, used 6585K [0x00000000c0000000, 0x00000000c4300000, 0x00000000eab00000)
  object space 68608K, 9% used [0x00000000c0000000,0x00000000c066e7c0,0x00000000c4300000)
 Metaspace       used 27308K, committed 27776K, reserved 1114112K
  class space    used 2635K, committed 2880K, reserved 1048576K
}
Event: 4.151 GC heap after
{Heap after GC invocations=7 (full 1):
 PSYoungGen      total 26112K, used 1126K [0x00000000eab00000, 0x00000000ec780000, 0x0000000100000000)
  eden space 24576K, 0% used [0x00000000eab00000,0x00000000eab00000,0x00000000ec300000)
  from space 1536K, 73% used [0x00000000ec600000,0x00000000ec7198f0,0x00000000ec780000)
  to   space 1536K, 0% used [0x00000000ec480000,0x00000000ec480000,0x00000000ec600000)
 ParOldGen       total 68608K, used 6593K [0x00000000c0000000, 0x00000000c4300000, 0x00000000eab00000)
  object space 68608K, 9% used [0x00000000c0000000,0x00000000c06707c0,0x00000000c4300000)
 Metaspace       used 27308K, committed 27776K, reserved 1114112K
  class space    used 2635K, committed 2880K, reserved 1048576K
}
Event: 5.079 GC heap before
{Heap before GC invocations=8 (full 1):
 PSYoungGen      total 26112K, used 25702K [0x00000000eab00000, 0x00000000ec780000, 0x0000000100000000)
  eden space 24576K, 100% used [0x00000000eab00000,0x00000000ec300000,0x00000000ec300000)
  from space 1536K, 73% used [0x00000000ec600000,0x00000000ec7198f0,0x00000000ec780000)
  to   space 1536K, 0% used [0x00000000ec480000,0x00000000ec480000,0x00000000ec600000)
 ParOldGen       total 68608K, used 6593K [0x00000000c0000000, 0x00000000c4300000, 0x00000000eab00000)
  object space 68608K, 9% used [0x00000000c0000000,0x00000000c06707c0,0x00000000c4300000)
 Metaspace       used 31838K, committed 32448K, reserved 1114112K
  class space    used 3123K, committed 3392K, reserved 1048576K
}
Event: 5.082 GC heap after
{Heap after GC invocations=8 (full 1):
 PSYoungGen      total 25600K, used 1506K [0x00000000eab00000, 0x00000000eca80000, 0x0000000100000000)
  eden space 24064K, 0% used [0x00000000eab00000,0x00000000eab00000,0x00000000ec280000)
  from space 1536K, 98% used [0x00000000ec480000,0x00000000ec5f8818,0x00000000ec600000)
  to   space 4096K, 0% used [0x00000000ec680000,0x00000000ec680000,0x00000000eca80000)
 ParOldGen       total 68608K, used 8394K [0x00000000c0000000, 0x00000000c4300000, 0x00000000eab00000)
  object space 68608K, 12% used [0x00000000c0000000,0x00000000c0832880,0x00000000c4300000)
 Metaspace       used 31838K, committed 32448K, reserved 1114112K
  class space    used 3123K, committed 3392K, reserved 1048576K
}

Dll operation events (10 events):
Event: 0.063 Loaded shared library c:\Users\82108\.vscode\extensions\redhat.java-1.24.0-win32-x64\jre\17.0.8.1-win32-x86_64\bin\java.dll
Event: 0.198 Loaded shared library c:\Users\82108\.vscode\extensions\redhat.java-1.24.0-win32-x64\jre\17.0.8.1-win32-x86_64\bin\zip.dll
Event: 0.201 Loaded shared library C:\Users\82108\.vscode\extensions\redhat.java-1.24.0-win32-x64\jre\17.0.8.1-win32-x86_64\bin\instrument.dll
Event: 0.215 Loaded shared library C:\Users\82108\.vscode\extensions\redhat.java-1.24.0-win32-x64\jre\17.0.8.1-win32-x86_64\bin\net.dll
Event: 0.219 Loaded shared library C:\Users\82108\.vscode\extensions\redhat.java-1.24.0-win32-x64\jre\17.0.8.1-win32-x86_64\bin\nio.dll
Event: 0.227 Loaded shared library C:\Users\82108\.vscode\extensions\redhat.java-1.24.0-win32-x64\jre\17.0.8.1-win32-x86_64\bin\zip.dll
Event: 0.246 Loaded shared library C:\Users\82108\.vscode\extensions\redhat.java-1.24.0-win32-x64\jre\17.0.8.1-win32-x86_64\bin\jimage.dll
Event: 0.325 Loaded shared library c:\Users\82108\.vscode\extensions\redhat.java-1.24.0-win32-x64\jre\17.0.8.1-win32-x86_64\bin\verify.dll
Event: 3.253 Loaded shared library C:\Users\82108\AppData\Roaming\Code\User\globalStorage\redhat.java\1.24.0\config_ss_win\org.eclipse.equinox.launcher\org.eclipse.equinox.launcher.win32.win32.x86_64_1.2.700.v20221108-1024\eclipse_11801.dll
Event: 5.029 Loaded shared library C:\Users\82108\AppData\Local\Temp\jna-52165104\jna933559771847080229.dll

Deoptimization events (20 events):
Event: 5.052 Thread 0x000001fd358de400 Uncommon trap: trap_request=0xffffff45 fr.pc=0x000001fd2388e650 relative=0x0000000000000310
Event: 5.052 Thread 0x000001fd358de400 Uncommon trap: reason=unstable_if action=reinterpret pc=0x000001fd2388e650 method=java.lang.Integer.parseInt(Ljava/lang/String;I)I @ 119 c2
Event: 5.052 Thread 0x000001fd358de400 DEOPT PACKING pc=0x000001fd2388e650 sp=0x000000d4b26fc920
Event: 5.052 Thread 0x000001fd358de400 DEOPT UNPACKING pc=0x000001fd231666a3 sp=0x000000d4b26fc888 mode 2
Event: 5.053 Thread 0x000001fd358de400 Uncommon trap: trap_request=0xffffff76 fr.pc=0x000001fd23999818 relative=0x00000000000005d8
Event: 5.053 Thread 0x000001fd358de400 Uncommon trap: reason=predicate action=maybe_recompile pc=0x000001fd23999818 method=java.util.TreeMap.getEntryUsingComparator(Ljava/lang/Object;)Ljava/util/TreeMap$Entry; @ 19 c2
Event: 5.053 Thread 0x000001fd358de400 DEOPT PACKING pc=0x000001fd23999818 sp=0x000000d4b26fc710
Event: 5.053 Thread 0x000001fd358de400 DEOPT UNPACKING pc=0x000001fd231666a3 sp=0x000000d4b26fc630 mode 2
Event: 5.082 Thread 0x000001fd1904a670 Uncommon trap: trap_request=0xffffff76 fr.pc=0x000001fd23993734 relative=0x00000000000005f4
Event: 5.082 Thread 0x000001fd1904a670 Uncommon trap: reason=predicate action=maybe_recompile pc=0x000001fd23993734 method=java.util.TreeMap.getEntryUsingComparator(Ljava/lang/Object;)Ljava/util/TreeMap$Entry; @ 19 c2
Event: 5.082 Thread 0x000001fd1904a670 DEOPT PACKING pc=0x000001fd23993734 sp=0x000000d4b17fe240
Event: 5.082 Thread 0x000001fd1904a670 DEOPT UNPACKING pc=0x000001fd231666a3 sp=0x000000d4b17fe1f0 mode 2
Event: 5.223 Thread 0x000001fd1904a670 Uncommon trap: trap_request=0xffffff45 fr.pc=0x000001fd2392feb4 relative=0x0000000000000114
Event: 5.223 Thread 0x000001fd1904a670 Uncommon trap: reason=unstable_if action=reinterpret pc=0x000001fd2392feb4 method=jdk.internal.org.objectweb.asm.SymbolTable.put(Ljdk/internal/org/objectweb/asm/SymbolTable$Entry;)Ljdk/internal/org/objectweb/asm/SymbolTable$Entry; @ 13 c2
Event: 5.223 Thread 0x000001fd1904a670 DEOPT PACKING pc=0x000001fd2392feb4 sp=0x000000d4b17fdaf0
Event: 5.223 Thread 0x000001fd1904a670 DEOPT UNPACKING pc=0x000001fd231666a3 sp=0x000000d4b17fda50 mode 2
Event: 5.238 Thread 0x000001fd1904a670 Uncommon trap: trap_request=0xffffff45 fr.pc=0x000001fd2388e048 relative=0x0000000000000048
Event: 5.238 Thread 0x000001fd1904a670 Uncommon trap: reason=unstable_if action=reinterpret pc=0x000001fd2388e048 method=java.lang.CharacterData.of(I)Ljava/lang/CharacterData; @ 4 c2
Event: 5.238 Thread 0x000001fd1904a670 DEOPT PACKING pc=0x000001fd2388e048 sp=0x000000d4b17fd6a0
Event: 5.238 Thread 0x000001fd1904a670 DEOPT UNPACKING pc=0x000001fd231666a3 sp=0x000000d4b17fd638 mode 2

Classes unloaded (7 events):
Event: 3.754 Thread 0x000001fd190fe110 Unloading class 0x0000000100219000 'java/lang/invoke/LambdaForm$MH+0x0000000100219000'
Event: 3.754 Thread 0x000001fd190fe110 Unloading class 0x0000000100218c00 'java/lang/invoke/LambdaForm$MH+0x0000000100218c00'
Event: 3.754 Thread 0x000001fd190fe110 Unloading class 0x0000000100218800 'java/lang/invoke/LambdaForm$MH+0x0000000100218800'
Event: 3.754 Thread 0x000001fd190fe110 Unloading class 0x0000000100218400 'java/lang/invoke/LambdaForm$MH+0x0000000100218400'
Event: 3.754 Thread 0x000001fd190fe110 Unloading class 0x0000000100218000 'java/lang/invoke/LambdaForm$BMH+0x0000000100218000'
Event: 3.754 Thread 0x000001fd190fe110 Unloading class 0x0000000100217c00 'java/lang/invoke/LambdaForm$DMH+0x0000000100217c00'
Event: 3.754 Thread 0x000001fd190fe110 Unloading class 0x0000000100215000 'java/lang/invoke/LambdaForm$DMH+0x0000000100215000'

Classes redefined (0 events):
No events

Internal exceptions (20 events):
Event: 4.123 Thread 0x000001fd358de400 Exception <a 'java/lang/ClassNotFoundException'{0x00000000ec1dd8a8}: com/sun/org/apache/xerces/internal/impl/msg/spi/DOMMessagesProvider> (0x00000000ec1dd8a8) 
thrown [s\src\hotspot\share\classfile\systemDictionary.cpp, line 256]
Event: 4.125 Thread 0x000001fd358de400 Implicit null exception at 0x000001fd23932f78 to 0x000001fd23933bec
Event: 4.128 Thread 0x000001fd358de400 Exception <a 'java/lang/ClassNotFoundException'{0x00000000ec21b928}: com/sun/org/apache/xerces/internal/impl/msg/spi/XMLSerializerMessagesProvider> (0x00000000ec21b928) 
thrown [s\src\hotspot\share\classfile\systemDictionary.cpp, line 256]
Event: 4.129 Thread 0x000001fd358de400 Exception <a 'java/lang/ClassNotFoundException'{0x00000000ec235168}: com/sun/org/apache/xerces/internal/impl/msg/spi/XMLMessagesProvider> (0x00000000ec235168) 
thrown [s\src\hotspot\share\classfile\systemDictionary.cpp, line 256]
Event: 4.146 Thread 0x000001fd358de400 Exception <a 'java/lang/NoSuchMethodError'{0x00000000ec314ce8}: 'void java.lang.invoke.DirectMethodHandle$Holder.invokeVirtual(java.lang.Object, java.lang.Object)'> (0x00000000ec314ce8) 
thrown [s\src\hotspot\share\interpreter\linkResolver.cpp, line 759]
Event: 4.663 Thread 0x000001fd358de400 Exception <a 'java/lang/NoSuchMethodError'{0x00000000ead2a9f0}: 'java.lang.Object java.lang.invoke.DirectMethodHandle$Holder.invokeStaticInit(java.lang.Object, int, int, int, int)'> (0x00000000ead2a9f0) 
thrown [s\src\hotspot\share\interpreter\linkResolver.cpp, line 759]
Event: 4.794 Thread 0x000001fd358de400 Exception <a 'java/lang/NoSuchMethodError'{0x00000000eae6fc10}: 'java.lang.Object java.lang.invoke.DirectMethodHandle$Holder.invokeStaticInit(java.lang.Object, java.lang.Object, int, int, int, int)'> (0x00000000eae6fc10) 
thrown [s\src\hotspot\share\interpreter\linkResolver.cpp, line 759]
Event: 4.815 Thread 0x000001fd358de400 Exception <a 'sun/nio/fs/WindowsException'{0x00000000eaffb020}> (0x00000000eaffb020) 
thrown [s\src\hotspot\share\prims\jni.cpp, line 516]
Event: 4.864 Thread 0x000001fd358de400 Exception <a 'java/lang/ClassNotFoundException'{0x00000000eb7958a0}: com/sun/org/apache/xml/internal/serializer/spi/XMLEntitiesProvider> (0x00000000eb7958a0) 
thrown [s\src\hotspot\share\classfile\systemDictionary.cpp, line 256]
Event: 4.945 Thread 0x000001fd358de400 Exception <a 'java/io/FileNotFoundException'{0x00000000ebd682b8}> (0x00000000ebd682b8) 
thrown [s\src\hotspot\share\prims\jni.cpp, line 516]
Event: 5.048 Thread 0x000001fd358de400 Exception <a 'java/lang/UnsatisfiedLinkError'{0x00000000ec0d5608}: 지정된 프로시저를 찾을 수 없습니다.
> (0x00000000ec0d5608) 
thrown [s\src\hotspot\share\prims\jni.cpp, line 535]
Event: 5.052 Thread 0x000001fd358de400 Exception <a 'java/io/FileNotFoundException'{0x00000000ec0f87a8}> (0x00000000ec0f87a8) 
thrown [s\src\hotspot\share\prims\jni.cpp, line 516]
Event: 5.057 Thread 0x000001fd358de400 Exception <a 'java/io/FileNotFoundException'{0x00000000ec16c2b8}> (0x00000000ec16c2b8) 
thrown [s\src\hotspot\share\prims\jni.cpp, line 516]
Event: 5.064 Thread 0x000001fd358de400 Exception <a 'java/lang/UnsatisfiedLinkError'{0x00000000ec1f89e8}: 지정된 프로시저를 찾을 수 없습니다.
> (0x00000000ec1f89e8) 
thrown [s\src\hotspot\share\prims\jni.cpp, line 535]
Event: 5.092 Thread 0x000001fd1904a670 Exception <a 'java/lang/NoSuchMethodError'{0x00000000eabd3220}: 'java.lang.Object java.lang.invoke.DirectMethodHandle$Holder.invokeStatic(java.lang.Object, java.lang.Object, long, java.lang.Object)'> (0x00000000eabd3220) 
thrown [s\src\hotspot\share\interpreter\linkResolver.cpp, line 759]
Event: 5.093 Thread 0x000001fd1904a670 Exception <a 'java/lang/NoSuchMethodError'{0x00000000eabd6cb8}: 'java.lang.Object java.lang.invoke.DirectMethodHandle$Holder.invokeStaticInit(java.lang.Object, java.lang.Object, long, java.lang.Object)'> (0x00000000eabd6cb8) 
thrown [s\src\hotspot\share\interpreter\linkResolver.cpp, line 759]
Event: 5.093 Thread 0x000001fd1904a670 Exception <a 'java/lang/NoSuchMethodError'{0x00000000eabdd538}: 'java.lang.Object java.lang.invoke.DirectMethodHandle$Holder.newInvokeSpecial(java.lang.Object, java.lang.Object, long)'> (0x00000000eabdd538) 
thrown [s\src\hotspot\share\interpreter\linkResolver.cpp, line 759]
Event: 5.133 Thread 0x000001fd1904a670 Exception <a 'java/lang/NoSuchMethodError'{0x00000000ead90ec8}: 'void java.lang.invoke.DirectMethodHandle$Holder.invokeStatic(java.lang.Object, java.lang.Object, java.lang.Object, java.lang.Object)'> (0x00000000ead90ec8) 
thrown [s\src\hotspot\share\interpreter\linkResolver.cpp, line 759]
Event: 5.215 Thread 0x000001fd1904a670 Exception <a 'java/lang/NoSuchMethodError'{0x00000000eb5ab5c8}: 'void java.lang.invoke.DirectMethodHandle$Holder.invokeSpecial(java.lang.Object, java.lang.Object, java.lang.Object, java.lang.Object, java.lang.Object, java.lang.Object)'> (0x00000000eb5ab5c8) 
thrown [s\src\hotspot\share\interpreter\linkResolver.cpp, line 759]
Event: 5.216 Thread 0x000001fd1904a670 Exception <a 'java/lang/IncompatibleClassChangeError'{0x00000000eb5b4e78}: Found class java.lang.Object, but interface was expected> (0x00000000eb5b4e78) 
thrown [s\src\hotspot\share\interpreter\linkResolver.cpp, line 826]

VM Operations (20 events):
Event: 3.750 Executing VM operation: CollectForMetadataAllocation
Event: 3.766 Executing VM operation: CollectForMetadataAllocation done
Event: 3.937 Executing VM operation: HandshakeAllThreads
Event: 3.937 Executing VM operation: HandshakeAllThreads done
Event: 3.945 Executing VM operation: ParallelGCFailedAllocation
Event: 3.946 Executing VM operation: ParallelGCFailedAllocation done
Event: 4.150 Executing VM operation: ParallelGCFailedAllocation
Event: 4.151 Executing VM operation: ParallelGCFailedAllocation done
Event: 4.182 Executing VM operation: HandshakeAllThreads
Event: 4.182 Executing VM operation: HandshakeAllThreads done
Event: 4.821 Executing VM operation: HandshakeAllThreads
Event: 4.821 Executing VM operation: HandshakeAllThreads done
Event: 5.039 Executing VM operation: HandshakeAllThreads
Event: 5.039 Executing VM operation: HandshakeAllThreads done
Event: 5.076 Executing VM operation: HandshakeAllThreads
Event: 5.076 Executing VM operation: HandshakeAllThreads done
Event: 5.079 Executing VM operation: ParallelGCFailedAllocation
Event: 5.082 Executing VM operation: ParallelGCFailedAllocation done
Event: 5.239 Executing VM operation: HandshakeAllThreads
Event: 5.239 Executing VM operation: HandshakeAllThreads done

Events (20 events):
Event: 5.237 loading class java/util/function/IntConsumer
Event: 5.237 loading class java/util/function/IntConsumer done
Event: 5.237 loading class java/util/stream/Sink$OfInt done
Event: 5.237 loading class java/util/stream/FindOps$FindSink$OfInt done
Event: 5.237 loading class java/util/OptionalInt
Event: 5.237 loading class java/util/OptionalInt done
Event: 5.238 loading class java/util/stream/IntPipeline$10$1
Event: 5.238 loading class java/util/stream/Sink$ChainedInt
Event: 5.238 loading class java/util/stream/Sink$ChainedInt done
Event: 5.238 loading class java/util/stream/IntPipeline$10$1 done
Event: 5.238 loading class java/lang/StringUTF16$CharsSpliterator
Event: 5.238 loading class java/lang/StringUTF16$CharsSpliterator done
Event: 5.238 loading class java/lang/CharacterData00
Event: 5.239 loading class java/lang/CharacterData00 done
Event: 5.240 loading class java/text/DecimalFormat
Event: 5.241 loading class java/text/DecimalFormat done
Event: 5.241 loading class java/text/DigitList
Event: 5.241 loading class java/text/DigitList done
Event: 5.241 loading class java/math/RoundingMode
Event: 5.241 loading class java/math/RoundingMode done


Dynamic libraries:
0x00007ff761290000 - 0x00007ff76129e000 	c:\Users\82108\.vscode\extensions\redhat.java-1.24.0-win32-x64\jre\17.0.8.1-win32-x86_64\bin\java.exe
0x00007ffb00110000 - 0x00007ffb00327000 	C:\WINDOWS\SYSTEM32\ntdll.dll
0x00007ffafefa0000 - 0x00007ffaff064000 	C:\WINDOWS\System32\KERNEL32.DLL
0x00007ffafd510000 - 0x00007ffafd8b6000 	C:\WINDOWS\System32\KERNELBASE.dll
0x00007ffafdb20000 - 0x00007ffafdc31000 	C:\WINDOWS\System32\ucrtbase.dll
0x00007ffaf4120000 - 0x00007ffaf4139000 	c:\Users\82108\.vscode\extensions\redhat.java-1.24.0-win32-x64\jre\17.0.8.1-win32-x86_64\bin\VCRUNTIME140.dll
0x00007ffaeb340000 - 0x00007ffaeb357000 	c:\Users\82108\.vscode\extensions\redhat.java-1.24.0-win32-x64\jre\17.0.8.1-win32-x86_64\bin\jli.dll
0x00007ffafe590000 - 0x00007ffafe73d000 	C:\WINDOWS\System32\USER32.dll
0x00007ffafd9d0000 - 0x00007ffafd9f6000 	C:\WINDOWS\System32\win32u.dll
0x00007ffaff930000 - 0x00007ffaff959000 	C:\WINDOWS\System32\GDI32.dll
0x00007ffae8330000 - 0x00007ffae85c3000 	C:\WINDOWS\WinSxS\amd64_microsoft.windows.common-controls_6595b64144ccf1df_6.0.22621.2361_none_2712ced57382f843\COMCTL32.dll
0x00007ffafda00000 - 0x00007ffafdb18000 	C:\WINDOWS\System32\gdi32full.dll
0x00007ffaff340000 - 0x00007ffaff3e7000 	C:\WINDOWS\System32\msvcrt.dll
0x00007ffafd930000 - 0x00007ffafd9ca000 	C:\WINDOWS\System32\msvcp_win.dll
0x00007ffafffe0000 - 0x00007ffb00011000 	C:\WINDOWS\System32\IMM32.DLL
0x00007ffaf8f00000 - 0x00007ffaf8f0c000 	c:\Users\82108\.vscode\extensions\redhat.java-1.24.0-win32-x64\jre\17.0.8.1-win32-x86_64\bin\vcruntime140_1.dll
0x00007ffad75c0000 - 0x00007ffad7651000 	c:\Users\82108\.vscode\extensions\redhat.java-1.24.0-win32-x64\jre\17.0.8.1-win32-x86_64\bin\msvcp140.dll
0x00007ffa9eb30000 - 0x00007ffa9f77c000 	c:\Users\82108\.vscode\extensions\redhat.java-1.24.0-win32-x64\jre\17.0.8.1-win32-x86_64\bin\server\jvm.dll
0x00007ffafded0000 - 0x00007ffafdf80000 	C:\WINDOWS\System32\ADVAPI32.dll
0x00007ffb00020000 - 0x00007ffb000c6000 	C:\WINDOWS\System32\sechost.dll
0x00007ffafe1b0000 - 0x00007ffafe2c7000 	C:\WINDOWS\System32\RPCRT4.dll
0x00007ffafd1b0000 - 0x00007ffafd1fd000 	C:\WINDOWS\SYSTEM32\POWRPROF.dll
0x00007ffaf3f70000 - 0x00007ffaf3fa4000 	C:\WINDOWS\SYSTEM32\WINMM.dll
0x00007ffaf3ab0000 - 0x00007ffaf3aba000 	C:\WINDOWS\SYSTEM32\VERSION.dll
0x00007ffab9570000 - 0x00007ffab9579000 	C:\WINDOWS\SYSTEM32\WSOCK32.dll
0x00007ffaff8b0000 - 0x00007ffaff921000 	C:\WINDOWS\System32\WS2_32.dll
0x00007ffafd190000 - 0x00007ffafd1a3000 	C:\WINDOWS\SYSTEM32\UMPDC.dll
0x00007ffafc430000 - 0x00007ffafc448000 	C:\WINDOWS\SYSTEM32\kernel.appcore.dll
0x00007ffaf4080000 - 0x00007ffaf408a000 	c:\Users\82108\.vscode\extensions\redhat.java-1.24.0-win32-x64\jre\17.0.8.1-win32-x86_64\bin\jimage.dll
0x00007ffaface0000 - 0x00007ffafaf0e000 	C:\WINDOWS\SYSTEM32\DBGHELP.DLL
0x00007ffaff3f0000 - 0x00007ffaff77a000 	C:\WINDOWS\System32\combase.dll
0x00007ffaff7d0000 - 0x00007ffaff8a7000 	C:\WINDOWS\System32\OLEAUT32.dll
0x00007ffaf1c90000 - 0x00007ffaf1cc2000 	C:\WINDOWS\SYSTEM32\dbgcore.DLL
0x00007ffafd490000 - 0x00007ffafd50a000 	C:\WINDOWS\System32\bcryptPrimitives.dll
0x00007ffaedd70000 - 0x00007ffaedd7e000 	c:\Users\82108\.vscode\extensions\redhat.java-1.24.0-win32-x64\jre\17.0.8.1-win32-x86_64\bin\instrument.dll
0x00007ffaeb2c0000 - 0x00007ffaeb2e5000 	c:\Users\82108\.vscode\extensions\redhat.java-1.24.0-win32-x64\jre\17.0.8.1-win32-x86_64\bin\java.dll
0x00007ffaeb2a0000 - 0x00007ffaeb2b8000 	c:\Users\82108\.vscode\extensions\redhat.java-1.24.0-win32-x64\jre\17.0.8.1-win32-x86_64\bin\zip.dll
0x00007ffafe740000 - 0x00007ffafef98000 	C:\WINDOWS\System32\SHELL32.dll
0x00007ffafb3a0000 - 0x00007ffafbc92000 	C:\WINDOWS\SYSTEM32\windows.storage.dll
0x00007ffafb260000 - 0x00007ffafb39e000 	C:\WINDOWS\SYSTEM32\wintypes.dll
0x00007ffaff070000 - 0x00007ffaff163000 	C:\WINDOWS\System32\SHCORE.dll
0x00007ffaff170000 - 0x00007ffaff1ce000 	C:\WINDOWS\System32\shlwapi.dll
0x00007ffafd3c0000 - 0x00007ffafd3e6000 	C:\WINDOWS\SYSTEM32\profapi.dll
0x00007ffadf4f0000 - 0x00007ffadf509000 	C:\Users\82108\.vscode\extensions\redhat.java-1.24.0-win32-x64\jre\17.0.8.1-win32-x86_64\bin\net.dll
0x00007ffaf6d50000 - 0x00007ffaf6e87000 	C:\WINDOWS\SYSTEM32\WINHTTP.dll
0x00007ffafc900000 - 0x00007ffafc969000 	C:\WINDOWS\system32\mswsock.dll
0x00007ffadec80000 - 0x00007ffadec95000 	C:\Users\82108\.vscode\extensions\redhat.java-1.24.0-win32-x64\jre\17.0.8.1-win32-x86_64\bin\nio.dll
0x00007ffaedb30000 - 0x00007ffaedb40000 	c:\Users\82108\.vscode\extensions\redhat.java-1.24.0-win32-x64\jre\17.0.8.1-win32-x86_64\bin\verify.dll
0x00007ffada040000 - 0x00007ffada07e000 	C:\Users\82108\AppData\Roaming\Code\User\globalStorage\redhat.java\1.24.0\config_ss_win\org.eclipse.equinox.launcher\org.eclipse.equinox.launcher.win32.win32.x86_64_1.2.700.v20221108-1024\eclipse_11801.dll
0x00007ffafe010000 - 0x00007ffafe1af000 	C:\WINDOWS\System32\ole32.dll
0x00007ffafcc20000 - 0x00007ffafcc3b000 	C:\WINDOWS\SYSTEM32\CRYPTSP.dll
0x00007ffafc3f0000 - 0x00007ffafc425000 	C:\WINDOWS\system32\rsaenh.dll
0x00007ffafc9a0000 - 0x00007ffafc9cc000 	C:\WINDOWS\SYSTEM32\USERENV.dll
0x00007ffafcdb0000 - 0x00007ffafcdd8000 	C:\WINDOWS\SYSTEM32\bcrypt.dll
0x00007ffafcc00000 - 0x00007ffafcc0c000 	C:\WINDOWS\SYSTEM32\CRYPTBASE.dll
0x00007ffafbf40000 - 0x00007ffafbf6d000 	C:\WINDOWS\SYSTEM32\IPHLPAPI.DLL
0x00007ffafe000000 - 0x00007ffafe009000 	C:\WINDOWS\System32\NSI.dll
0x00007ffaf5f00000 - 0x00007ffaf5f19000 	C:\WINDOWS\SYSTEM32\dhcpcsvc6.DLL
0x00007ffaf5ed0000 - 0x00007ffaf5eef000 	C:\WINDOWS\SYSTEM32\dhcpcsvc.DLL
0x00007ffafbf70000 - 0x00007ffafc069000 	C:\WINDOWS\SYSTEM32\DNSAPI.dll
0x00007ffad7e50000 - 0x00007ffad7e95000 	C:\Users\82108\AppData\Local\Temp\jna-52165104\jna933559771847080229.dll
0x00007ffaffb40000 - 0x00007ffaffb48000 	C:\WINDOWS\System32\PSAPI.DLL

dbghelp: loaded successfully - version: 4.0.5 - missing functions: none
symbol engine: initialized successfully - sym options: 0x614 - pdb path: .;c:\Users\82108\.vscode\extensions\redhat.java-1.24.0-win32-x64\jre\17.0.8.1-win32-x86_64\bin;C:\WINDOWS\SYSTEM32;C:\WINDOWS\WinSxS\amd64_microsoft.windows.common-controls_6595b64144ccf1df_6.0.22621.2361_none_2712ced57382f843;c:\Users\82108\.vscode\extensions\redhat.java-1.24.0-win32-x64\jre\17.0.8.1-win32-x86_64\bin\server;C:\Users\82108\AppData\Roaming\Code\User\globalStorage\redhat.java\1.24.0\config_ss_win\org.eclipse.equinox.launcher\org.eclipse.equinox.launcher.win32.win32.x86_64_1.2.700.v20221108-1024;C:\Users\82108\AppData\Local\Temp\jna-52165104

VM Arguments:
jvm_args: --add-modules=ALL-SYSTEM --add-opens=java.base/java.util=ALL-UNNAMED --add-opens=java.base/java.lang=ALL-UNNAMED --add-opens=java.base/sun.nio.fs=ALL-UNNAMED -Declipse.application=org.eclipse.jdt.ls.core.id1 -Dosgi.bundles.defaultStartLevel=4 -Declipse.product=org.eclipse.jdt.ls.core.product -Djava.import.generatesMetadataFilesAtProjectRoot=false -DDetectVMInstallationsJob.disabled=true -Dfile.encoding=utf8 -XX:+UseParallelGC -XX:GCTimeRatio=4 -XX:AdaptiveSizePolicyWeight=90 -Dsun.zip.disableMemoryMapping=true -Xmx1G -Xms100m -Xlog:disable -javaagent:c:\Users\82108\.vscode\extensions\redhat.java-1.24.0-win32-x64\lombok\lombok-1.18.30.jar 
java_command: c:\Users\82108\.vscode\extensions\redhat.java-1.24.0-win32-x64\server\plugins\org.eclipse.equinox.launcher_1.6.500.v20230717-2134.jar -configuration c:\Users\82108\AppData\Roaming\Code\User\globalStorage\redhat.java\1.24.0\config_ss_win -data c:\Users\82108\AppData\Roaming\Code\User\workspaceStorage\740c66f5cd50fe0a3edb6dcfc964f0d0\redhat.java\ss_ws --stdio
java_class_path (initial): c:\Users\82108\.vscode\extensions\redhat.java-1.24.0-win32-x64\server\plugins\org.eclipse.equinox.launcher_1.6.500.v20230717-2134.jar
Launcher Type: SUN_STANDARD

[Global flags]
    uintx AdaptiveSizePolicyWeight                 = 90                                        {product} {command line}
     intx CICompilerCount                          = 12                                        {product} {ergonomic}
    uintx GCTimeRatio                              = 4                                         {product} {command line}
   size_t InitialHeapSize                          = 104857600                                 {product} {command line}
   size_t MaxHeapSize                              = 1073741824                                {product} {command line}
   size_t MaxNewSize                               = 357564416                                 {product} {ergonomic}
   size_t MinHeapDeltaBytes                        = 524288                                    {product} {ergonomic}
   size_t MinHeapSize                              = 104857600                                 {product} {command line}
   size_t NewSize                                  = 34603008                                  {product} {ergonomic}
    uintx NonNMethodCodeHeapSize                   = 7602480                                {pd product} {ergonomic}
    uintx NonProfiledCodeHeapSize                  = 122027880                              {pd product} {ergonomic}
   size_t OldSize                                  = 70254592                                  {product} {ergonomic}
    uintx ProfiledCodeHeapSize                     = 122027880                              {pd product} {ergonomic}
    uintx ReservedCodeCacheSize                    = 251658240                              {pd product} {ergonomic}
     bool SegmentedCodeCache                       = true                                      {product} {ergonomic}
   size_t SoftMaxHeapSize                          = 1073741824                             {manageable} {ergonomic}
     bool UseCompressedClassPointers               = true                           {product lp64_product} {ergonomic}
     bool UseCompressedOops                        = true                           {product lp64_product} {ergonomic}
     bool UseLargePagesIndividualAllocation        = false                                  {pd product} {ergonomic}
     bool UseParallelGC                            = true                                      {product} {command line}

Logging:
Log output configuration:
 #0: stdout all=off uptime,level,tags
 #1: stderr all=off uptime,level,tags

Environment Variables:
PATH=C:\Python312\Scripts\;C:\Python312\;C:\Program Files\Common Files\Oracle\Java\javapath;C:\Python311\Scripts\;C:\Python311\;C:\Program Files (x86)\Razer Chroma SDK\bin;C:\Program Files\Razer Chroma SDK\bin;C:\Program Files (x86)\Razer\ChromaBroadcast\bin;C:\Program Files\Razer\ChromaBroadcast\bin;C:\Windows\system32;C:\Windows;C:\Windows\System32\Wbem;C:\Windows\System32\WindowsPowerShell\v1.0\;C:\Windows\System32\OpenSSH\;C:\Program Files (x86)\NVIDIA Corporation\PhysX\Common;C:\WINDOWS\system32;C:\WINDOWS;C:\WINDOWS\System32\Wbem;C:\WINDOWS\System32\WindowsPowerShell\v1.0\;C:\WINDOWS\System32\OpenSSH\;C:\ProgramData\Anaconda3\Library;C:\Program Files\dotnet\;C:\WINDOWS\system32\config\systemprofile\AppData\Local\Microsoft\WindowsApps;C:\ProgramData\chocolatey\bin;C:\Program Files\MySQL\MySQL Server 8.0\bin;C:\Program Files\Git\cmd;C:\Users\82108\AppData\Local\Android\Sdk\platform-tools\adb;C:\Users\82108\Desktop\graduateProject\flutter\bin;C:\Program Files (x86)\Windows Kits\10\Windows Performance Toolkit\;C:\Program;C:\Program Files\Docker\Docker\resources\bin;C:\Program Files\nodejs;C:\Program Files\PuTTY\;C:\Program Files\nodejs\;C:\Users\82108\AppData\Local\Microsoft\WindowsApps;C:\Program Files\JetBrains\IntelliJ IDEA Community Edition 2022.1.3\bin;;C:\Program Files\JetBrains\IntelliJ IDEA 2022.1.3\bin;;C:\Users\82108\AppData\Local\Programs\Microsoft VS Code\bin;C:\Users\82108\AppData\Roaming\Python\Python311\Scripts;C:\Program Files\nodejs\node_modules\npm\bin;C:\Program Files\Multipass\bin;C:\Users\82108\AppData\Roaming\npm
USERNAME=최준범
OS=Windows_NT
PROCESSOR_IDENTIFIER=AMD64 Family 25 Model 80 Stepping 0, AuthenticAMD
TMP=C:\Users\82108\AppData\Local\Temp
TEMP=C:\Users\82108\AppData\Local\Temp



---------------  S Y S T E M  ---------------

OS:
 Windows 11 , 64 bit Build 22621 (10.0.22621.2428)
OS uptime: 0 days 3:54 hours
Hyper-V role detected

CPU: total 16 (initial active 16) (16 cores per cpu, 2 threads per core) family 25 model 80 stepping 0 microcode 0x0, cx8, cmov, fxsr, ht, mmx, 3dnowpref, sse, sse2, sse3, ssse3, sse4a, sse4.1, sse4.2, popcnt, lzcnt, tsc, tscinvbit, avx, avx2, aes, erms, clmul, bmi1, bmi2, adx, sha, fma, vzeroupper, clflush, clflushopt, hv
Processor Information for all 16 processors :
  Max Mhz: 3301, Current Mhz: 3301, Mhz Limit: 3301

Memory: 4k page, system-wide physical 15776M (1510M free)
TotalPageFile size 18644M (AvailPageFile size 3M)
current process WorkingSet (physical memory assigned to process): 156M, peak: 156M
current process commit charge ("private bytes"): 279M, peak: 280M

vm_info: OpenJDK 64-Bit Server VM (17.0.8.1+1) for windows-amd64 JRE (17.0.8.1+1), built on Aug 23 2023 15:29:17 by "admin" with MS VC++ 16.7 (VS2019)

END.
