#
# There is insufficient memory for the Java Runtime Environment to continue.
# Native memory allocation (mmap) failed to map 260046848 bytes for G1 virtual space
# Possible reasons:
#   The system is out of physical RAM or swap space
#   The process is running with CompressedOops enabled, and the Java Heap may be blocking the growth of the native heap
# Possible solutions:
#   Reduce memory load on the system
#   Increase physical memory or swap space
#   Check if swap backing store is full
#   Decrease Java heap size (-Xmx/-Xms)
#   Decrease number of Java threads
#   Decrease Java thread stack sizes (-Xss)
#   Set larger code cache with -XX:ReservedCodeCacheSize=
#   JVM is running with Zero Based Compressed Oops mode in which the Java heap is
#     placed in the first 32GB address space. The Java Heap base address is the
#     maximum limit for the native heap growth. Please use -XX:HeapBaseMinAddress
#     to set the Java Heap base and to place the Java Heap above 32GB virtual address.
# This output file may be truncated or incomplete.
#
#  Out of Memory Error (os_windows.cpp:3550), pid=12492, tid=24468
#
# JRE version:  (17.0.8+9) (build )
# Java VM: Java HotSpot(TM) 64-Bit Server VM (17.0.8+9-LTS-211, mixed mode, emulated-client, sharing, tiered, compressed oops, compressed class ptrs, g1 gc, windows-amd64)
# No core dump will be written. Minidumps are not enabled by default on client versions of Windows
#

---------------  S U M M A R Y ------------

Command Line: -XX:TieredStopAtLevel=1 -Xverify:none -Dspring.output.ansi.enabled=always -Dcom.sun.management.jmxremote -Dspring.jmx.enabled=true -Dspring.liveBeansView.mbeanDomain -Dspring.application.admin.enabled=true -javaagent:C:\Program Files\JetBrains\IntelliJ IDEA 2022.1.3\lib\idea_rt.jar=61943:C:\Program Files\JetBrains\IntelliJ IDEA 2022.1.3\bin -Dfile.encoding=UTF-8 architecture.lesserpanda.LesserpandaApplication

Host: AMD Ryzen 9 5900HS with Radeon Graphics        , 16 cores, 15G,  Windows 11 , 64 bit Build 22621 (10.0.22621.2428)
Time: Thu Nov 16 01:27:20 2023  Windows 11 , 64 bit Build 22621 (10.0.22621.2428) elapsed time: 0.013090 seconds (0d 0h 0m 0s)

---------------  T H R E A D  ---------------

Current thread (0x000001e2d9d0f400):  JavaThread "Unknown thread" [_thread_in_vm, id=24468, stack(0x000000a448200000,0x000000a448300000)]

Stack: [0x000000a448200000,0x000000a448300000]
Native frames: (J=compiled Java code, j=interpreted, Vv=VM code, C=native code)
V  [jvm.dll+0x677d0a]
V  [jvm.dll+0x7d8c54]
V  [jvm.dll+0x7da3fe]
V  [jvm.dll+0x7daa63]
V  [jvm.dll+0x245c5f]
V  [jvm.dll+0x674bb9]
V  [jvm.dll+0x6694f2]
V  [jvm.dll+0x3031d6]
V  [jvm.dll+0x30a756]
V  [jvm.dll+0x359f9e]
V  [jvm.dll+0x35a1cf]
V  [jvm.dll+0x2da3e8]
V  [jvm.dll+0x2db354]
V  [jvm.dll+0x7aa711]
V  [jvm.dll+0x367b51]
V  [jvm.dll+0x789979]
V  [jvm.dll+0x3eb05f]
V  [jvm.dll+0x3ecae1]
C  [jli.dll+0x5297]
C  [ucrtbase.dll+0x29363]
C  [KERNEL32.DLL+0x1257d]
C  [ntdll.dll+0x5aa78]


---------------  P R O C E S S  ---------------

Threads class SMR info:
_java_thread_list=0x00007ff8572e59d8, length=0, elements={
}

Java Threads: ( => current thread )

Other Threads:
  0x000001e2d9d7a520 GCTaskThread "GC Thread#0" [stack: 0x000000a448300000,0x000000a448400000] [id=16008]
  0x000001e2d9d8aa00 ConcurrentGCThread "G1 Main Marker" [stack: 0x000000a448400000,0x000000a448500000] [id=18408]
  0x000001e2d9d8cad0 ConcurrentGCThread "G1 Conc#0" [stack: 0x000000a448500000,0x000000a448600000] [id=6012]

[error occurred during error reporting (printing all threads), id 0xc0000005, EXCEPTION_ACCESS_VIOLATION (0xc0000005) at pc=0x00007ff856b1b047]

VM state: not at safepoint (not fully initialized)

VM Mutex/Monitor currently owned by a thread:  ([mutex/lock_event])
[0x000001e2d9d0bfa0] Heap_lock - owner thread: 0x000001e2d9d0f400

Heap address: 0x0000000709600000, size: 3946 MB, Compressed Oops mode: Zero based, Oop shift amount: 3

CDS archive(s) mapped at: [0x0000000000000000-0x0000000000000000-0x0000000000000000), size 0, SharedBaseAddress: 0x0000000800000000, ArchiveRelocationMode: 1.
Narrow klass base: 0x0000000000000000, Narrow klass shift: 0, Narrow klass range: 0x0

GC Precious Log:
<Empty>

Heap:
 garbage-first heap   total 0K, used 0K [0x0000000709600000, 0x0000000800000000)
  region size 2048K, 0 young (0K), 0 survivors (0K)

[error occurred during error reporting (printing heap information), id 0xc0000005, EXCEPTION_ACCESS_VIOLATION (0xc0000005) at pc=0x00007ff856f01499]

GC Heap History (0 events):
No events

Deoptimization events (0 events):
No events

Classes unloaded (0 events):
No events

Classes redefined (0 events):
No events

Internal exceptions (0 events):
No events

VM Operations (0 events):
No events

Events (1 events):
Event: 0.009 Loaded shared library C:\Program Files\Java\jdk-17\bin\java.dll


Dynamic libraries:
0x00007ff66a7d0000 - 0x00007ff66a7e0000 	C:\Program Files\Java\jdk-17\bin\java.exe
0x00007ff8bbdf0000 - 0x00007ff8bc007000 	C:\WINDOWS\SYSTEM32\ntdll.dll
0x00007ff8ba2b0000 - 0x00007ff8ba374000 	C:\WINDOWS\System32\KERNEL32.DLL
0x00007ff8b9210000 - 0x00007ff8b95b6000 	C:\WINDOWS\System32\KERNELBASE.dll
0x00007ff8b9640000 - 0x00007ff8b9751000 	C:\WINDOWS\System32\ucrtbase.dll
0x00007ff8a74b0000 - 0x00007ff8a74cb000 	C:\Program Files\Java\jdk-17\bin\VCRUNTIME140.dll
0x00007ff8a7480000 - 0x00007ff8a7499000 	C:\Program Files\Java\jdk-17\bin\jli.dll
0x00007ff8bae60000 - 0x00007ff8baf10000 	C:\WINDOWS\System32\ADVAPI32.dll
0x00007ff8bb8d0000 - 0x00007ff8bb977000 	C:\WINDOWS\System32\msvcrt.dll
0x00007ff8ba930000 - 0x00007ff8ba9d6000 	C:\WINDOWS\System32\sechost.dll
0x00007ff8baad0000 - 0x00007ff8babe7000 	C:\WINDOWS\System32\RPCRT4.dll
0x00007ff8ba100000 - 0x00007ff8ba2ad000 	C:\WINDOWS\System32\USER32.dll
0x00007ff8b9170000 - 0x00007ff8b9196000 	C:\WINDOWS\System32\win32u.dll
0x00007ff8b9fd0000 - 0x00007ff8b9ff9000 	C:\WINDOWS\System32\GDI32.dll
0x00007ff8b9a30000 - 0x00007ff8b9b48000 	C:\WINDOWS\System32\gdi32full.dll
0x00007ff8b98d0000 - 0x00007ff8b996a000 	C:\WINDOWS\System32\msvcp_win.dll
0x00007ff8a4040000 - 0x00007ff8a42d3000 	C:\WINDOWS\WinSxS\amd64_microsoft.windows.common-controls_6595b64144ccf1df_6.0.22621.2361_none_2712ced57382f843\COMCTL32.dll
0x00007ff8b1380000 - 0x00007ff8b138a000 	C:\WINDOWS\SYSTEM32\VERSION.dll
0x00007ff8bbd60000 - 0x00007ff8bbd91000 	C:\WINDOWS\System32\IMM32.DLL
0x00007ff8a7670000 - 0x00007ff8a767c000 	C:\Program Files\Java\jdk-17\bin\vcruntime140_1.dll
0x00007ff882ef0000 - 0x00007ff882f7e000 	C:\Program Files\Java\jdk-17\bin\msvcp140.dll
0x00007ff856830000 - 0x00007ff85740e000 	C:\Program Files\Java\jdk-17\bin\server\jvm.dll
0x00007ff8ba000000 - 0x00007ff8ba008000 	C:\WINDOWS\System32\PSAPI.DLL
0x00007ff8b11d0000 - 0x00007ff8b1204000 	C:\WINDOWS\SYSTEM32\WINMM.dll
0x00007ff89a130000 - 0x00007ff89a139000 	C:\WINDOWS\SYSTEM32\WSOCK32.dll
0x00007ff8ba520000 - 0x00007ff8ba591000 	C:\WINDOWS\System32\WS2_32.dll
0x00007ff8b8110000 - 0x00007ff8b8128000 	C:\WINDOWS\SYSTEM32\kernel.appcore.dll
0x00007ff8a7180000 - 0x00007ff8a718a000 	C:\Program Files\Java\jdk-17\bin\jimage.dll
0x00007ff8b6b70000 - 0x00007ff8b6d9e000 	C:\WINDOWS\SYSTEM32\DBGHELP.DLL
0x00007ff8ba5a0000 - 0x00007ff8ba92a000 	C:\WINDOWS\System32\combase.dll
0x00007ff8bb990000 - 0x00007ff8bba67000 	C:\WINDOWS\System32\OLEAUT32.dll
0x00007ff8ab300000 - 0x00007ff8ab332000 	C:\WINDOWS\SYSTEM32\dbgcore.DLL
0x00007ff8b95c0000 - 0x00007ff8b963a000 	C:\WINDOWS\System32\bcryptPrimitives.dll
0x00007ff898c90000 - 0x00007ff898c9e000 	C:\Program Files\Java\jdk-17\bin\instrument.dll
0x00007ff898600000 - 0x00007ff898625000 	C:\Program Files\Java\jdk-17\bin\java.dll

dbghelp: loaded successfully - version: 4.0.5 - missing functions: none
symbol engine: initialized successfully - sym options: 0x614 - pdb path: .;C:\Program Files\Java\jdk-17\bin;C:\WINDOWS\SYSTEM32;C:\WINDOWS\WinSxS\amd64_microsoft.windows.common-controls_6595b64144ccf1df_6.0.22621.2361_none_2712ced57382f843;C:\Program Files\Java\jdk-17\bin\server

VM Arguments:
jvm_args: -XX:TieredStopAtLevel=1 -Xverify:none -Dspring.output.ansi.enabled=always -Dcom.sun.management.jmxremote -Dspring.jmx.enabled=true -Dspring.liveBeansView.mbeanDomain -Dspring.application.admin.enabled=true -javaagent:C:\Program Files\JetBrains\IntelliJ IDEA 2022.1.3\lib\idea_rt.jar=61943:C:\Program Files\JetBrains\IntelliJ IDEA 2022.1.3\bin -Dfile.encoding=UTF-8 
java_command: architecture.lesserpanda.LesserpandaApplication
java_class_path (initial): C:\Users\82108\Desktop\23년 2학기\시스템 아키텍쳐\architecture_teamproject\lesserpanda-main\lesserpanda-backend\build\classes\java\main;C:\Users\82108\Desktop\23년 2학기\시스템 아키텍쳐\architecture_teamproject\lesserpanda-main\lesserpanda-backend\build\resources\main;C:\Users\82108\.gradle\caches\modules-2\files-2.1\org.projectlombok\lombok\1.18.28\a2ff5da8bcd8b1b26f36b806ced63213362c6dcc\lombok-1.18.28.jar;C:\Users\82108\.gradle\caches\modules-2\files-2.1\com.querydsl\querydsl-apt\5.0.0\fa5554c395bdcbe9846242824857a82874ad3223\querydsl-apt-5.0.0.jar;C:\Users\82108\.gradle\caches\modules-2\files-2.1\org.springframework.boot\spring-boot-starter-data-jpa\2.7.15\93fe758d2f6fdda6ec5494a984c980164f529486\spring-boot-starter-data-jpa-2.7.15.jar;C:\Users\82108\.gradle\caches\modules-2\files-2.1\org.springframework.boot\spring-boot-starter-web\2.7.15\80f227f160fd83e4d3e1fb10ec59530e4faae1e0\spring-boot-starter-web-2.7.15.jar;C:\Users\82108\.gradle\caches\modules-2\files-2.1\org.springframework.boot\spring-boot-starter-validation\2.7.15\25c3bc2528251de72e1291cdbc5de04a8d0c3b8e\spring-boot-starter-validation-2.7.15.jar;C:\Users\82108\.gradle\caches\modules-2\files-2.1\org.jetbrains\annotations\24.0.0\69b8b443c437fdeefa8d20c18d257b94836a92b9\annotations-24.0.0.jar;C:\Users\82108\.gradle\caches\modules-2\files-2.1\org.hibernate\hibernate-spatial\5.6.15.Final\531823bf6b3f0f453d6f0aadfa60b36e8cb6c096\hibernate-spatial-5.6.15.Final.jar;C:\Users\82108\.gradle\caches\modules-2\files-2.1\org.springframework.boot\spring-boot-starter-thymeleaf\2.7.15\f9fa24cee7e0378b12101b01ef0d060cd21ffe16\spring-boot-starter-thymeleaf-2.7.15.jar;C:\Users\82108\.gradle\caches\modules-2\files-2.1\org.springframework.boot\spring-boot-starter-security\2.7.15\e2f938ea74399bd642c2ed0c13f32b896ebfe078\spring-boot-starter-security-2.7.15.jar;C:\Users\82108\.gradle\caches\modules-2\files-2.1\io.jsonwebtoken\jjwt-api\0.11.2\57c34dce3e88f2972c5c5465b6291acfb5628084\jjwt-api-0.11.2.
Launcher Type: SUN_STANDARD

[Global flags]
     intx CICompilerCount                          = 12                                        {product} {ergonomic}
     uint ConcGCThreads                            = 3                                         {product} {ergonomic}
     uint G1ConcRefinementThreads                  = 13                                        {product} {ergonomic}
   size_t G1HeapRegionSize                         = 2097152                                   {product} {ergonomic}
    uintx GCDrainStackTargetSize                   = 64                                        {product} {ergonomic}
   size_t InitialHeapSize                          = 260046848                                 {product} {ergonomic}
     bool ManagementServer                         = true                                      {product} {command line}
   size_t MarkStackSize                            = 4194304                                   {product} {ergonomic}
   size_t MaxHeapSize                              = 4137680896                                {product} {ergonomic}
   size_t MinHeapDeltaBytes                        = 2097152                                   {product} {ergonomic}
   size_t MinHeapSize                              = 8388608                                   {product} {ergonomic}
    uintx NonProfiledCodeHeapSize                  = 0                                      {pd product} {ergonomic}
     bool ProfileInterpreter                       = false                                  {pd product} {command line}
    uintx ProfiledCodeHeapSize                     = 0                                      {pd product} {ergonomic}
   size_t SoftMaxHeapSize                          = 4137680896                             {manageable} {ergonomic}
     intx TieredStopAtLevel                        = 1                                         {product} {command line}
     bool UseCompressedClassPointers               = true                           {product lp64_product} {ergonomic}
     bool UseCompressedOops                        = true                           {product lp64_product} {ergonomic}
     bool UseG1GC                                  = true                                      {product} {ergonomic}
     bool UseLargePagesIndividualAllocation        = false                                  {pd product} {ergonomic}

Logging:
Log output configuration:
 #0: stdout all=warning uptime,level,tags
 #1: stderr all=off uptime,level,tags

Environment Variables:
PATH=C:\Python312\Scripts\;C:\Python312\;C:\Program Files\Common Files\Oracle\Java\javapath;C:\Python311\Scripts\;C:\Python311\;C:\Program Files (x86)\Razer Chroma SDK\bin;C:\Program Files\Razer Chroma SDK\bin;C:\Program Files (x86)\Razer\ChromaBroadcast\bin;C:\Program Files\Razer\ChromaBroadcast\bin;C:\Windows\system32;C:\Windows;C:\Windows\System32\Wbem;C:\Windows\System32\WindowsPowerShell\v1.0\;C:\Windows\System32\OpenSSH\;C:\Program Files (x86)\NVIDIA Corporation\PhysX\Common;C:\WINDOWS\system32;C:\WINDOWS;C:\WINDOWS\System32\Wbem;C:\WINDOWS\System32\WindowsPowerShell\v1.0\;C:\WINDOWS\System32\OpenSSH\;C:\ProgramData\Anaconda3\Library;C:\Program Files\dotnet\;C:\WINDOWS\system32\config\systemprofile\AppData\Local\Microsoft\WindowsApps;C:\ProgramData\chocolatey\bin;C:\Program Files\MySQL\MySQL Server 8.0\bin;C:\Program Files\Git\cmd;C:\Users\82108\AppData\Local\Android\Sdk\platform-tools\adb;C:\Users\82108\Desktop\graduateProject\flutter\bin;C:\Program Files (x86)\Windows Kits\10\Windows Performance Toolkit\;C:\Program;C:\Program Files\Docker\Docker\resources\bin;C:\Program Files\nodejs;C:\Program Files\PuTTY\;C:\Program Files\nodejs\;C:\Users\82108\AppData\Local\Microsoft\WindowsApps;C:\Program Files\JetBrains\IntelliJ IDEA Community Edition 2022.1.3\bin;;C:\Program Files\JetBrains\IntelliJ IDEA 2022.1.3\bin;;C:\Users\82108\AppData\Local\Programs\Microsoft VS Code\bin;C:\Users\82108\AppData\Roaming\Python\Python311\Scripts;C:\Program Files\nodejs\node_modules\npm\bin;C:\Program Files\Multipass\bin;C:\Users\82108\AppData\Roaming\npm
USERNAME=최준범
OS=Windows_NT
PROCESSOR_IDENTIFIER=AMD64 Family 25 Model 80 Stepping 0, AuthenticAMD



---------------  S Y S T E M  ---------------

OS:
 Windows 11 , 64 bit Build 22621 (10.0.22621.2428)
OS uptime: 0 days 1:32 hours
Hyper-V role detected

CPU: total 16 (initial active 16) (16 cores per cpu, 2 threads per core) family 25 model 80 stepping 0 microcode 0x0, cx8, cmov, fxsr, ht, mmx, 3dnowpref, sse, sse2, sse3, ssse3, sse4a, sse4.1, sse4.2, popcnt, lzcnt, tsc, tscinvbit, avx, avx2, aes, erms, clmul, bmi1, bmi2, adx, sha, fma, vzeroupper, clflush, clflushopt, hv

Memory: 4k page, system-wide physical 15776M (2429M free)
TotalPageFile size 18644M (AvailPageFile size 13M)
current process WorkingSet (physical memory assigned to process): 12M, peak: 12M
current process commit charge ("private bytes"): 65M, peak: 313M

vm_info: Java HotSpot(TM) 64-Bit Server VM (17.0.8+9-LTS-211) for windows-amd64 JRE (17.0.8+9-LTS-211), built on Jun 14 2023 10:34:31 by "mach5one" with MS VC++ 17.1 (VS2022)

END.
