#
# There is insufficient memory for the Java Runtime Environment to continue.
# Native memory allocation (malloc) failed to allocate 349296 bytes for Chunk::new
# Possible reasons:
#   The system is out of physical RAM or swap space
#   The process is running with CompressedOops enabled, and the Java Heap may be blocking the growth of the native heap
# Possible solutions:
#   Reduce memory load on the system
#   Increase physical memory or swap space
#   Check if swap backing store is full
#   Decrease Java heap size (-Xmx/-Xms)
#   Decrease number of Java threads
#   Decrease Java thread stack sizes (-Xss)
#   Set larger code cache with -XX:ReservedCodeCacheSize=
#   JVM is running with Unscaled Compressed Oops mode in which the Java heap is
#     placed in the first 4GB address space. The Java Heap base address is the
#     maximum limit for the native heap growth. Please use -XX:HeapBaseMinAddress
#     to set the Java Heap base and to place the Java Heap above 4GB virtual address.
# This output file may be truncated or incomplete.
#
#  Out of Memory Error (arena.cpp:189), pid=1964, tid=21080
#
# JRE version: Java(TM) SE Runtime Environment (17.0.8+9) (build 17.0.8+9-LTS-211)
# Java VM: Java HotSpot(TM) 64-Bit Server VM (17.0.8+9-LTS-211, mixed mode, sharing, tiered, compressed oops, compressed class ptrs, g1 gc, windows-amd64)
# No core dump will be written. Minidumps are not enabled by default on client versions of Windows
#

---------------  S U M M A R Y ------------

Command Line: --add-opens=java.base/java.util=ALL-UNNAMED --add-opens=java.base/java.lang=ALL-UNNAMED --add-opens=java.base/java.lang.invoke=ALL-UNNAMED --add-opens=java.prefs/java.util.prefs=ALL-UNNAMED --add-opens=java.base/java.nio.charset=ALL-UNNAMED --add-opens=java.base/java.net=ALL-UNNAMED --add-opens=java.base/java.util.concurrent.atomic=ALL-UNNAMED -XX:MaxMetaspaceSize=384m -XX:+HeapDumpOnOutOfMemoryError -Xms256m -Xmx512m -Dfile.encoding=x-windows-949 -Duser.country=KR -Duser.language=ko -Duser.variant -javaagent:C:\Users\82108\.gradle\wrapper\dists\gradle-8.2.1-bin\5hap6b9n41hkg4jeh2au2pllh\gradle-8.2.1\lib\agents\gradle-instrumentation-agent-8.2.1.jar org.gradle.launcher.daemon.bootstrap.GradleDaemon 8.2.1

Host: AMD Ryzen 9 5900HS with Radeon Graphics        , 16 cores, 15G,  Windows 11 , 64 bit Build 22621 (10.0.22621.2428)
Time: Thu Nov 16 01:26:24 2023  Windows 11 , 64 bit Build 22621 (10.0.22621.2428) elapsed time: 5.416868 seconds (0d 0h 0m 5s)

---------------  T H R E A D  ---------------

Current thread (0x000002102f18a300):  JavaThread "C2 CompilerThread3" daemon [_thread_in_native, id=21080, stack(0x0000009f95000000,0x0000009f95100000)]


Current CompileTask:
C2:   5416 5857       4       java.beans.Introspector::addMethod (196 bytes)

Stack: [0x0000009f95000000,0x0000009f95100000]
Native frames: (J=compiled Java code, j=interpreted, Vv=VM code, C=native code)
V  [jvm.dll+0x677d0a]
V  [jvm.dll+0x7d8c54]
V  [jvm.dll+0x7da3fe]
V  [jvm.dll+0x7daa63]
V  [jvm.dll+0x245c5f]
V  [jvm.dll+0xaaa6b]
V  [jvm.dll+0xab00c]
V  [jvm.dll+0x5619db]
V  [jvm.dll+0x1bba80]
V  [jvm.dll+0x218157]
V  [jvm.dll+0x217431]
V  [jvm.dll+0x1a3af0]
V  [jvm.dll+0x2270be]
V  [jvm.dll+0x22535b]
V  [jvm.dll+0x78e7bc]
V  [jvm.dll+0x788bba]
V  [jvm.dll+0x676b35]
C  [ucrtbase.dll+0x29363]
C  [KERNEL32.DLL+0x1257d]
C  [ntdll.dll+0x5aa78]


---------------  P R O C E S S  ---------------

Threads class SMR info:
_java_thread_list=0x000002102ec73970, length=76, elements={
0x0000021076faf520, 0x000002101245ef60, 0x000002101245fdd0, 0x000002101247e0f0,
0x000002101247eca0, 0x000002101247f850, 0x0000021012482210, 0x0000021012482fa0,
0x0000021012494bb0, 0x00000210124975b0, 0x00000210124be840, 0x0000021012644700,
0x0000021012644cc0, 0x0000021012645690, 0x0000021012696da0, 0x00000210127930d0,
0x000002102e3159c0, 0x0000021012781810, 0x000002102e0f4880, 0x000002102d74c500,
0x000002102d2fb020, 0x000002102d0856b0, 0x000002102d085b80, 0x000002102e5716c0,
0x000002102dc98480, 0x000002102dc97ae0, 0x000002102dc962d0, 0x000002102dc97140,
0x000002102dc96c70, 0x000002102f188ec0, 0x000002102f18a300, 0x000002102dc98e20,
0x000002102dc97fb0, 0x000002102dc98950, 0x000002102dc992f0, 0x000002102dc967a0,
0x000002102dc997c0, 0x000002102dc99c90, 0x000002103137e920, 0x00000210313827b0,
0x0000021031381940, 0x0000021031381e10, 0x000002103137dab0, 0x000002103137bdd0,
0x000002103137f790, 0x000002103137d5e0, 0x000002103137df80, 0x000002103137f2c0,
0x000002103137edf0, 0x0000021031380130, 0x00000210314a3a00, 0x00000210314a3530,
0x00000210314a3ed0, 0x00000210314a43a0, 0x00000210314a3060, 0x00000210314a4870,
0x000002102ea666a0, 0x000002102ea67040, 0x000002102ea63b50, 0x000002102ea65d00,
0x000002102ea644f0, 0x000002102ea64020, 0x000002102ea66b70, 0x000002102ea65830,
0x000002102ea649c0, 0x0000021031e2b860, 0x0000021031e2b390, 0x000002102eff4360,
0x000002102eff4830, 0x000002102eff4d00, 0x000002102eff51d0, 0x000002102eff39c0,
0x000002102ea661d0, 0x000002102f18b740, 0x000002102f18c670, 0x000002102e1184e0
}

Java Threads: ( => current thread )
  0x0000021076faf520 JavaThread "main" [_thread_blocked, id=3068, stack(0x0000009f92600000,0x0000009f92700000)]
  0x000002101245ef60 JavaThread "Reference Handler" daemon [_thread_blocked, id=25860, stack(0x0000009f92d00000,0x0000009f92e00000)]
  0x000002101245fdd0 JavaThread "Finalizer" daemon [_thread_blocked, id=14152, stack(0x0000009f92e00000,0x0000009f92f00000)]
  0x000002101247e0f0 JavaThread "Signal Dispatcher" daemon [_thread_blocked, id=24396, stack(0x0000009f92f00000,0x0000009f93000000)]
  0x000002101247eca0 JavaThread "Attach Listener" daemon [_thread_blocked, id=11800, stack(0x0000009f93000000,0x0000009f93100000)]
  0x000002101247f850 JavaThread "Service Thread" daemon [_thread_blocked, id=25620, stack(0x0000009f93100000,0x0000009f93200000)]
  0x0000021012482210 JavaThread "Monitor Deflation Thread" daemon [_thread_blocked, id=23372, stack(0x0000009f93200000,0x0000009f93300000)]
  0x0000021012482fa0 JavaThread "C2 CompilerThread0" daemon [_thread_in_native, id=17964, stack(0x0000009f93300000,0x0000009f93400000)]
  0x0000021012494bb0 JavaThread "C1 CompilerThread0" daemon [_thread_blocked, id=24176, stack(0x0000009f93400000,0x0000009f93500000)]
  0x00000210124975b0 JavaThread "Sweeper thread" daemon [_thread_blocked, id=24088, stack(0x0000009f93500000,0x0000009f93600000)]
  0x00000210124be840 JavaThread "Common-Cleaner" daemon [_thread_blocked, id=7244, stack(0x0000009f93600000,0x0000009f93700000)]
  0x0000021012644700 JavaThread "C1 CompilerThread1" daemon [_thread_in_native, id=3612, stack(0x0000009f93700000,0x0000009f93800000)]
  0x0000021012644cc0 JavaThread "C1 CompilerThread2" daemon [_thread_blocked, id=2168, stack(0x0000009f93800000,0x0000009f93900000)]
  0x0000021012645690 JavaThread "C1 CompilerThread3" daemon [_thread_blocked, id=10380, stack(0x0000009f93900000,0x0000009f93a00000)]
  0x0000021012696da0 JavaThread "C2 CompilerThread1" daemon [_thread_in_native, id=25800, stack(0x0000009f93a00000,0x0000009f93b00000)]
  0x00000210127930d0 JavaThread "Notification Thread" daemon [_thread_blocked, id=26212, stack(0x0000009f93b00000,0x0000009f93c00000)]
  0x000002102e3159c0 JavaThread "Daemon health stats" [_thread_blocked, id=11028, stack(0x0000009f94300000,0x0000009f94400000)]
  0x0000021012781810 JavaThread "Incoming local TCP Connector on port 61740" [_thread_in_native, id=16736, stack(0x0000009f93d00000,0x0000009f93e00000)]
  0x000002102e0f4880 JavaThread "Daemon periodic checks" [_thread_blocked, id=19892, stack(0x0000009f94400000,0x0000009f94500000)]
  0x000002102d74c500 JavaThread "Daemon" [_thread_blocked, id=23684, stack(0x0000009f94500000,0x0000009f94600000)]
  0x000002102d2fb020 JavaThread "Handler for socket connection from /127.0.0.1:61740 to /127.0.0.1:61741" [_thread_in_native, id=14504, stack(0x0000009f94600000,0x0000009f94700000)]
  0x000002102d0856b0 JavaThread "Cancel handler" [_thread_blocked, id=25676, stack(0x0000009f94700000,0x0000009f94800000)]
  0x000002102d085b80 JavaThread "Daemon worker" [_thread_in_Java, id=12520, stack(0x0000009f94800000,0x0000009f94900000)]
  0x000002102e5716c0 JavaThread "Asynchronous log dispatcher for DefaultDaemonConnection: socket connection from /127.0.0.1:61740 to /127.0.0.1:61741" [_thread_blocked, id=21420, stack(0x0000009f94900000,0x0000009f94a00000)]
  0x000002102dc98480 JavaThread "Stdin handler" [_thread_blocked, id=22612, stack(0x0000009f94a00000,0x0000009f94b00000)]
  0x000002102dc97ae0 JavaThread "Daemon client event forwarder" [_thread_blocked, id=14348, stack(0x0000009f94b00000,0x0000009f94c00000)]
  0x000002102dc962d0 JavaThread "Cache worker for journal cache (C:\Users\82108\.gradle\caches\journal-1)" [_thread_blocked, id=20308, stack(0x0000009f94c00000,0x0000009f94d00000)]
  0x000002102dc97140 JavaThread "File lock request listener" [_thread_in_native, id=12996, stack(0x0000009f94d00000,0x0000009f94e00000)]
  0x000002102dc96c70 JavaThread "Cache worker for file hash cache (C:\Users\82108\.gradle\caches\8.2.1\fileHashes)" [_thread_blocked, id=5388, stack(0x0000009f94e00000,0x0000009f94f00000)]
  0x000002102f188ec0 JavaThread "C2 CompilerThread2" daemon [_thread_in_native, id=22860, stack(0x0000009f94f00000,0x0000009f95000000)]
=>0x000002102f18a300 JavaThread "C2 CompilerThread3" daemon [_thread_in_native, id=21080, stack(0x0000009f95000000,0x0000009f95100000)]
  0x000002102dc98e20 JavaThread "File watcher server" daemon [_thread_in_native, id=18256, stack(0x0000009f95100000,0x0000009f95200000)]
  0x000002102dc97fb0 JavaThread "File watcher consumer" daemon [_thread_blocked, id=14412, stack(0x0000009f95200000,0x0000009f95300000)]
  0x000002102dc98950 JavaThread "Cache worker for checksums cache (C:\Users\82108\Desktop\23년 2학기\시스템 아키텍쳐\architecture_teamproject\lesserpanda-main\lesserpanda-backend\.gradle\8.2.1\checksums)" [_thread_blocked, id=8904, stack(0x0000009f95a00000,0x0000009f95b00000)]
  0x000002102dc992f0 JavaThread "Cache worker for cache directory md-rule (C:\Users\82108\.gradle\caches\8.2.1\md-rule)" [_thread_blocked, id=23624, stack(0x0000009f95b00000,0x0000009f95c00000)]
  0x000002102dc967a0 JavaThread "Cache worker for file content cache (C:\Users\82108\.gradle\caches\8.2.1\fileContent)" [_thread_blocked, id=13196, stack(0x0000009f95c00000,0x0000009f95d00000)]
  0x000002102dc997c0 JavaThread "Cache worker for file hash cache (C:\Users\82108\Desktop\23년 2학기\시스템 아키텍쳐\architecture_teamproject\lesserpanda-main\lesserpanda-backend\.gradle\8.2.1\fileHashes)" [_thread_blocked, id=15844, stack(0x0000009f95f00000,0x0000009f96000000)]
  0x000002102dc99c90 JavaThread "Cache worker for cache directory md-supplier (C:\Users\82108\.gradle\caches\8.2.1\md-supplier)" [_thread_blocked, id=15800, stack(0x0000009f96000000,0x0000009f96100000)]
  0x000002103137e920 JavaThread "Cache worker for execution history cache (C:\Users\82108\.gradle\caches\8.2.1\executionHistory)" [_thread_blocked, id=9044, stack(0x0000009f96100000,0x0000009f96200000)]
  0x00000210313827b0 JavaThread "jar transforms" [_thread_blocked, id=6220, stack(0x0000009f96200000,0x0000009f96300000)]
  0x0000021031381940 JavaThread "jar transforms Thread 2" [_thread_blocked, id=17952, stack(0x0000009f96300000,0x0000009f96400000)]
  0x0000021031381e10 JavaThread "jar transforms Thread 3" [_thread_blocked, id=14816, stack(0x0000009f96400000,0x0000009f96500000)]
  0x000002103137dab0 JavaThread "jar transforms Thread 4" [_thread_blocked, id=9364, stack(0x0000009f96500000,0x0000009f96600000)]
  0x000002103137bdd0 JavaThread "jar transforms Thread 5" [_thread_blocked, id=16256, stack(0x0000009f96600000,0x0000009f96700000)]
  0x000002103137f790 JavaThread "jar transforms Thread 6" [_thread_blocked, id=24100, stack(0x0000009f96700000,0x0000009f96800000)]
  0x000002103137d5e0 JavaThread "jar transforms Thread 7" [_thread_blocked, id=13552, stack(0x0000009f96800000,0x0000009f96900000)]
  0x000002103137df80 JavaThread "jar transforms Thread 8" [_thread_blocked, id=24104, stack(0x0000009f96900000,0x0000009f96a00000)]
  0x000002103137f2c0 JavaThread "jar transforms Thread 9" [_thread_blocked, id=3552, stack(0x0000009f96a00000,0x0000009f96b00000)]
  0x000002103137edf0 JavaThread "jar transforms Thread 10" [_thread_blocked, id=11324, stack(0x0000009f96b00000,0x0000009f96c00000)]
  0x0000021031380130 JavaThread "Cache worker for dependencies-accessors (C:\Users\82108\Desktop\23년 2학기\시스템 아키텍쳐\architecture_teamproject\lesserpanda-main\lesserpanda-backend\.gradle\8.2.1\dependencies-accessors)" [_thread_blocked, id=12204, stack(0x0000009f96c00000,0x0000009f96d00000)]
  0x00000210314a3a00 JavaThread "jar transforms Thread 11" [_thread_blocked, id=1348, stack(0x0000009f96d00000,0x0000009f96e00000)]
  0x00000210314a3530 JavaThread "Cache worker for Build Output Cleanup Cache (C:\Users\82108\Desktop\23년 2학기\시스템 아키텍쳐\architecture_teamproject\lesserpanda-main\lesserpanda-backend\.gradle\buildOutputCleanup)" [_thread_blocked, id=15272, stack(0x0000009f96e00000,0x0000009f96f00000)]
  0x00000210314a3ed0 JavaThread "Unconstrained build operations" [_thread_blocked, id=2008, stack(0x0000009f96f00000,0x0000009f97000000)]
  0x00000210314a43a0 JavaThread "Unconstrained build operations Thread 2" [_thread_blocked, id=25236, stack(0x0000009f97000000,0x0000009f97100000)]
  0x00000210314a3060 JavaThread "Unconstrained build operations Thread 3" [_thread_blocked, id=23000, stack(0x0000009f97100000,0x0000009f97200000)]
  0x00000210314a4870 JavaThread "Unconstrained build operations Thread 4" [_thread_blocked, id=25336, stack(0x0000009f97200000,0x0000009f97300000)]
  0x000002102ea666a0 JavaThread "Unconstrained build operations Thread 5" [_thread_blocked, id=26436, stack(0x0000009f97300000,0x0000009f97400000)]
  0x000002102ea67040 JavaThread "Unconstrained build operations Thread 6" [_thread_blocked, id=26424, stack(0x0000009f97400000,0x0000009f97500000)]
  0x000002102ea63b50 JavaThread "Unconstrained build operations Thread 7" [_thread_blocked, id=23376, stack(0x0000009f97500000,0x0000009f97600000)]
  0x000002102ea65d00 JavaThread "Unconstrained build operations Thread 8" [_thread_blocked, id=23512, stack(0x0000009f97600000,0x0000009f97700000)]
  0x000002102ea644f0 JavaThread "Unconstrained build operations Thread 9" [_thread_blocked, id=1512, stack(0x0000009f97700000,0x0000009f97800000)]
  0x000002102ea64020 JavaThread "Unconstrained build operations Thread 10" [_thread_blocked, id=22272, stack(0x0000009f97800000,0x0000009f97900000)]
  0x000002102ea66b70 JavaThread "Unconstrained build operations Thread 11" [_thread_blocked, id=8592, stack(0x0000009f97900000,0x0000009f97a00000)]
  0x000002102ea65830 JavaThread "Unconstrained build operations Thread 12" [_thread_blocked, id=16052, stack(0x0000009f97a00000,0x0000009f97b00000)]
  0x000002102ea649c0 JavaThread "Unconstrained build operations Thread 13" [_thread_blocked, id=11636, stack(0x0000009f97b00000,0x0000009f97c00000)]
  0x0000021031e2b860 JavaThread "Unconstrained build operations Thread 14" [_thread_blocked, id=17172, stack(0x0000009f97c00000,0x0000009f97d00000)]
  0x0000021031e2b390 JavaThread "Unconstrained build operations Thread 15" [_thread_blocked, id=6244, stack(0x0000009f97d00000,0x0000009f97e00000)]
  0x000002102eff4360 JavaThread "jar transforms Thread 12" [_thread_blocked, id=24764, stack(0x0000009f97e00000,0x0000009f97f00000)]
  0x000002102eff4830 JavaThread "jar transforms Thread 13" [_thread_blocked, id=21996, stack(0x0000009f97f00000,0x0000009f98000000)]
  0x000002102eff4d00 JavaThread "jar transforms Thread 14" [_thread_blocked, id=8484, stack(0x0000009f98000000,0x0000009f98100000)]
  0x000002102eff51d0 JavaThread "jar transforms Thread 15" [_thread_blocked, id=24056, stack(0x0000009f98100000,0x0000009f98200000)]
  0x000002102eff39c0 JavaThread "jar transforms Thread 16" [_thread_blocked, id=16412, stack(0x0000009f98200000,0x0000009f98300000)]
  0x000002102ea661d0 JavaThread "Memory manager" [_thread_blocked, id=25704, stack(0x0000009f98300000,0x0000009f98400000)]
  0x000002102f18b740 JavaThread "C2 CompilerThread4" daemon [_thread_in_native, id=22580, stack(0x0000009f98400000,0x0000009f98500000)]
  0x000002102f18c670 JavaThread "C2 CompilerThread5" daemon [_thread_in_native, id=16100, stack(0x0000009f98500000,0x0000009f98600000)]
  0x000002102e1184e0 JavaThread "C2 CompilerThread6" daemon [_thread_in_native, id=14084, stack(0x0000009f98600000,0x0000009f98700000)]

Other Threads:
  0x00000210124582b0 VMThread "VM Thread" [stack: 0x0000009f92c00000,0x0000009f92d00000] [id=14052]
  0x0000021076ff4c50 WatcherThread [stack: 0x0000009f93c00000,0x0000009f93d00000] [id=10140]
  0x0000021076fdf870 GCTaskThread "GC Thread#0" [stack: 0x0000009f92700000,0x0000009f92800000] [id=11900]
  0x000002102c820470 GCTaskThread "GC Thread#1" [stack: 0x0000009f93e00000,0x0000009f93f00000] [id=11504]
  0x000002102c7ed6b0 GCTaskThread "GC Thread#2" [stack: 0x0000009f93f00000,0x0000009f94000000] [id=5284]
  0x000002102c769a30 GCTaskThread "GC Thread#3" [stack: 0x0000009f94000000,0x0000009f94100000] [id=4944]
  0x000002102c76a910 GCTaskThread "GC Thread#4" [stack: 0x0000009f94100000,0x0000009f94200000] [id=6788]
  0x000002102c1430e0 GCTaskThread "GC Thread#5" [stack: 0x0000009f94200000,0x0000009f94300000] [id=24144]
  0x000002102d30c150 GCTaskThread "GC Thread#6" [stack: 0x0000009f95300000,0x0000009f95400000] [id=232]
  0x000002102d30d6d0 GCTaskThread "GC Thread#7" [stack: 0x0000009f95400000,0x0000009f95500000] [id=8956]
  0x000002102d30bea0 GCTaskThread "GC Thread#8" [stack: 0x0000009f95500000,0x0000009f95600000] [id=18436]
  0x000002102d30cec0 GCTaskThread "GC Thread#9" [stack: 0x0000009f95600000,0x0000009f95700000] [id=25340]
  0x000002102d30c6b0 GCTaskThread "GC Thread#10" [stack: 0x0000009f95700000,0x0000009f95800000] [id=13088]
  0x000002102ed3af30 GCTaskThread "GC Thread#11" [stack: 0x0000009f95800000,0x0000009f95900000] [id=21384]
  0x000002102ed3bf50 GCTaskThread "GC Thread#12" [stack: 0x0000009f95900000,0x0000009f95a00000] [id=12452]
  0x0000021076fe47b0 ConcurrentGCThread "G1 Main Marker" [stack: 0x0000009f92800000,0x0000009f92900000] [id=5996]
  0x0000021076fe5960 ConcurrentGCThread "G1 Conc#0" [stack: 0x0000009f92900000,0x0000009f92a00000] [id=17400]
  0x000002102ed3ac80 ConcurrentGCThread "G1 Conc#1" [stack: 0x0000009f95d00000,0x0000009f95e00000] [id=5040]
  0x000002102ed38430 ConcurrentGCThread "G1 Conc#2" [stack: 0x0000009f95e00000,0x0000009f95f00000] [id=15508]
  0x000002107707da00 ConcurrentGCThread "G1 Refine#0" [stack: 0x0000009f92a00000,0x0000009f92b00000] [id=23272]
  0x000002107707e420 ConcurrentGCThread "G1 Service" [stack: 0x0000009f92b00000,0x0000009f92c00000] [id=13816]

Threads with active compile tasks:
C2 CompilerThread0     5446 5932   !   4       com.sun.beans.TypeResolver::resolve (261 bytes)
C1 CompilerThread1     5446 6209       3       org.gradle.internal.operations.BuildOperationDescriptor$Builder::<init> (6 bytes)
C2 CompilerThread1     5446 6164   !   4       com.google.common.reflect.TypeVisitor::visit (244 bytes)
C2 CompilerThread2     5446 5943       4       com.sun.beans.TypeResolver::resolve (37 bytes)
C2 CompilerThread3     5446 5857       4       java.beans.Introspector::addMethod (196 bytes)
C2 CompilerThread4     5446 6265       4       java.util.Comparator$$Lambda$188/0x00000210141737e8::compare (10 bytes)
C2 CompilerThread5     5446 5942       4       java.beans.MethodRef::set (58 bytes)
C2 CompilerThread6     5446 6185       4       java.lang.CharacterDataLatin1::isUpperCase (16 bytes)

VM state: not at safepoint (normal execution)

VM Mutex/Monitor currently owned by a thread: None

Heap address: 0x00000000e0000000, size: 512 MB, Compressed Oops mode: 32-bit

CDS archive(s) mapped at: [0x0000021013000000-0x0000021013bd0000-0x0000021013bd0000), size 12386304, SharedBaseAddress: 0x0000021013000000, ArchiveRelocationMode: 1.
Compressed class space mapped at: 0x0000021014000000-0x0000021028000000, reserved size: 335544320
Narrow klass base: 0x0000021013000000, Narrow klass shift: 0, Narrow klass range: 0x100000000

GC Precious Log:
 CPUs: 16 total, 16 available
 Memory: 15776M
 Large Page Support: Disabled
 NUMA Support: Disabled
 Compressed Oops: Enabled (32-bit)
 Heap Region Size: 1M
 Heap Min Capacity: 256M
 Heap Initial Capacity: 256M
 Heap Max Capacity: 512M
 Pre-touch: Disabled
 Parallel Workers: 13
 Concurrent Workers: 3
 Concurrent Refinement Workers: 13
 Periodic GC: Disabled

Heap:
 garbage-first heap   total 262144K, used 70280K [0x00000000e0000000, 0x0000000100000000)
  region size 1024K, 48 young (49152K), 20 survivors (20480K)
 Metaspace       used 48432K, committed 49024K, reserved 393216K
  class space    used 6889K, committed 7168K, reserved 327680K

Heap Regions: E=young(eden), S=young(survivor), O=old, HS=humongous(starts), HC=humongous(continues), CS=collection set, F=free, OA=open archive, CA=closed archive, TAMS=top-at-mark-start (previous, next)
|   0|0x00000000e0000000, 0x00000000e0100000, 0x00000000e0100000|100%|HS|  |TAMS 0x00000000e0100000, 0x00000000e0000000| Complete 
|   1|0x00000000e0100000, 0x00000000e0200000, 0x00000000e0200000|100%|HC|  |TAMS 0x00000000e0200000, 0x00000000e0100000| Complete 
|   2|0x00000000e0200000, 0x00000000e0300000, 0x00000000e0300000|100%|HC|  |TAMS 0x00000000e0300000, 0x00000000e0200000| Complete 
|   3|0x00000000e0300000, 0x00000000e0400000, 0x00000000e0400000|100%|HC|  |TAMS 0x00000000e0400000, 0x00000000e0300000| Complete 
|   4|0x00000000e0400000, 0x00000000e0500000, 0x00000000e0500000|100%| O|  |TAMS 0x00000000e0500000, 0x00000000e0400000| Untracked 
|   5|0x00000000e0500000, 0x00000000e0600000, 0x00000000e0600000|100%| O|  |TAMS 0x00000000e0600000, 0x00000000e0500000| Untracked 
|   6|0x00000000e0600000, 0x00000000e0700000, 0x00000000e0700000|100%| O|  |TAMS 0x00000000e0700000, 0x00000000e0600000| Untracked 
|   7|0x00000000e0700000, 0x00000000e0800000, 0x00000000e0800000|100%| O|  |TAMS 0x00000000e0800000, 0x00000000e0700000| Untracked 
|   8|0x00000000e0800000, 0x00000000e0900000, 0x00000000e0900000|100%| O|  |TAMS 0x00000000e0900000, 0x00000000e0800000| Untracked 
|   9|0x00000000e0900000, 0x00000000e0a00000, 0x00000000e0a00000|100%| O|  |TAMS 0x00000000e0a00000, 0x00000000e0900000| Untracked 
|  10|0x00000000e0a00000, 0x00000000e0b00000, 0x00000000e0b00000|100%| O|  |TAMS 0x00000000e0b00000, 0x00000000e0a00000| Untracked 
|  11|0x00000000e0b00000, 0x00000000e0c00000, 0x00000000e0c00000|100%| O|  |TAMS 0x00000000e0c00000, 0x00000000e0b00000| Untracked 
|  12|0x00000000e0c00000, 0x00000000e0d00000, 0x00000000e0d00000|100%| O|  |TAMS 0x00000000e0d00000, 0x00000000e0c00000| Untracked 
|  13|0x00000000e0d00000, 0x00000000e0e00000, 0x00000000e0e00000|100%| O|  |TAMS 0x00000000e0e00000, 0x00000000e0d00000| Untracked 
|  14|0x00000000e0e00000, 0x00000000e0f00000, 0x00000000e0f00000|100%| O|  |TAMS 0x00000000e0f00000, 0x00000000e0e00000| Untracked 
|  15|0x00000000e0f00000, 0x00000000e1000000, 0x00000000e1000000|100%| O|  |TAMS 0x00000000e1000000, 0x00000000e0f00000| Untracked 
|  16|0x00000000e1000000, 0x00000000e1100000, 0x00000000e1100000|100%| O|  |TAMS 0x00000000e1100000, 0x00000000e1000000| Untracked 
|  17|0x00000000e1100000, 0x00000000e1200000, 0x00000000e1200000|100%| O|  |TAMS 0x00000000e1200000, 0x00000000e1100000| Untracked 
|  18|0x00000000e1200000, 0x00000000e1300000, 0x00000000e1300000|100%| O|  |TAMS 0x00000000e1300000, 0x00000000e1200000| Untracked 
|  19|0x00000000e1300000, 0x00000000e1400000, 0x00000000e1400000|100%| O|  |TAMS 0x00000000e1400000, 0x00000000e1300000| Untracked 
|  20|0x00000000e1400000, 0x00000000e1500000, 0x00000000e1500000|100%| O|  |TAMS 0x00000000e1500000, 0x00000000e1400000| Untracked 
|  21|0x00000000e1500000, 0x00000000e15a2000, 0x00000000e1600000| 63%| O|  |TAMS 0x00000000e15a2000, 0x00000000e1500000| Untracked 
|  22|0x00000000e1600000, 0x00000000e1600000, 0x00000000e1700000|  0%| F|  |TAMS 0x00000000e1600000, 0x00000000e1600000| Untracked 
|  23|0x00000000e1700000, 0x00000000e1700000, 0x00000000e1800000|  0%| F|  |TAMS 0x00000000e1700000, 0x00000000e1700000| Untracked 
|  24|0x00000000e1800000, 0x00000000e1800000, 0x00000000e1900000|  0%| F|  |TAMS 0x00000000e1800000, 0x00000000e1800000| Untracked 
|  25|0x00000000e1900000, 0x00000000e1900000, 0x00000000e1a00000|  0%| F|  |TAMS 0x00000000e1900000, 0x00000000e1900000| Untracked 
|  26|0x00000000e1a00000, 0x00000000e1a00000, 0x00000000e1b00000|  0%| F|  |TAMS 0x00000000e1a00000, 0x00000000e1a00000| Untracked 
|  27|0x00000000e1b00000, 0x00000000e1b00000, 0x00000000e1c00000|  0%| F|  |TAMS 0x00000000e1b00000, 0x00000000e1b00000| Untracked 
|  28|0x00000000e1c00000, 0x00000000e1c00000, 0x00000000e1d00000|  0%| F|  |TAMS 0x00000000e1c00000, 0x00000000e1c00000| Untracked 
|  29|0x00000000e1d00000, 0x00000000e1d00000, 0x00000000e1e00000|  0%| F|  |TAMS 0x00000000e1d00000, 0x00000000e1d00000| Untracked 
|  30|0x00000000e1e00000, 0x00000000e1e00000, 0x00000000e1f00000|  0%| F|  |TAMS 0x00000000e1e00000, 0x00000000e1e00000| Untracked 
|  31|0x00000000e1f00000, 0x00000000e1f00000, 0x00000000e2000000|  0%| F|  |TAMS 0x00000000e1f00000, 0x00000000e1f00000| Untracked 
|  32|0x00000000e2000000, 0x00000000e2000000, 0x00000000e2100000|  0%| F|  |TAMS 0x00000000e2000000, 0x00000000e2000000| Untracked 
|  33|0x00000000e2100000, 0x00000000e2100000, 0x00000000e2200000|  0%| F|  |TAMS 0x00000000e2100000, 0x00000000e2100000| Untracked 
|  34|0x00000000e2200000, 0x00000000e2200000, 0x00000000e2300000|  0%| F|  |TAMS 0x00000000e2200000, 0x00000000e2200000| Untracked 
|  35|0x00000000e2300000, 0x00000000e2300000, 0x00000000e2400000|  0%| F|  |TAMS 0x00000000e2300000, 0x00000000e2300000| Untracked 
|  36|0x00000000e2400000, 0x00000000e2400000, 0x00000000e2500000|  0%| F|  |TAMS 0x00000000e2400000, 0x00000000e2400000| Untracked 
|  37|0x00000000e2500000, 0x00000000e2500000, 0x00000000e2600000|  0%| F|  |TAMS 0x00000000e2500000, 0x00000000e2500000| Untracked 
|  38|0x00000000e2600000, 0x00000000e2600000, 0x00000000e2700000|  0%| F|  |TAMS 0x00000000e2600000, 0x00000000e2600000| Untracked 
|  39|0x00000000e2700000, 0x00000000e2700000, 0x00000000e2800000|  0%| F|  |TAMS 0x00000000e2700000, 0x00000000e2700000| Untracked 
|  40|0x00000000e2800000, 0x00000000e2800000, 0x00000000e2900000|  0%| F|  |TAMS 0x00000000e2800000, 0x00000000e2800000| Untracked 
|  41|0x00000000e2900000, 0x00000000e2900000, 0x00000000e2a00000|  0%| F|  |TAMS 0x00000000e2900000, 0x00000000e2900000| Untracked 
|  42|0x00000000e2a00000, 0x00000000e2a00000, 0x00000000e2b00000|  0%| F|  |TAMS 0x00000000e2a00000, 0x00000000e2a00000| Untracked 
|  43|0x00000000e2b00000, 0x00000000e2b00000, 0x00000000e2c00000|  0%| F|  |TAMS 0x00000000e2b00000, 0x00000000e2b00000| Untracked 
|  44|0x00000000e2c00000, 0x00000000e2c00000, 0x00000000e2d00000|  0%| F|  |TAMS 0x00000000e2c00000, 0x00000000e2c00000| Untracked 
|  45|0x00000000e2d00000, 0x00000000e2d00000, 0x00000000e2e00000|  0%| F|  |TAMS 0x00000000e2d00000, 0x00000000e2d00000| Untracked 
|  46|0x00000000e2e00000, 0x00000000e2e00000, 0x00000000e2f00000|  0%| F|  |TAMS 0x00000000e2e00000, 0x00000000e2e00000| Untracked 
|  47|0x00000000e2f00000, 0x00000000e2f00000, 0x00000000e3000000|  0%| F|  |TAMS 0x00000000e2f00000, 0x00000000e2f00000| Untracked 
|  48|0x00000000e3000000, 0x00000000e3000000, 0x00000000e3100000|  0%| F|  |TAMS 0x00000000e3000000, 0x00000000e3000000| Untracked 
|  49|0x00000000e3100000, 0x00000000e3100000, 0x00000000e3200000|  0%| F|  |TAMS 0x00000000e3100000, 0x00000000e3100000| Untracked 
|  50|0x00000000e3200000, 0x00000000e3200000, 0x00000000e3300000|  0%| F|  |TAMS 0x00000000e3200000, 0x00000000e3200000| Untracked 
|  51|0x00000000e3300000, 0x00000000e3300000, 0x00000000e3400000|  0%| F|  |TAMS 0x00000000e3300000, 0x00000000e3300000| Untracked 
|  52|0x00000000e3400000, 0x00000000e3400000, 0x00000000e3500000|  0%| F|  |TAMS 0x00000000e3400000, 0x00000000e3400000| Untracked 
|  53|0x00000000e3500000, 0x00000000e3500000, 0x00000000e3600000|  0%| F|  |TAMS 0x00000000e3500000, 0x00000000e3500000| Untracked 
|  54|0x00000000e3600000, 0x00000000e3600000, 0x00000000e3700000|  0%| F|  |TAMS 0x00000000e3600000, 0x00000000e3600000| Untracked 
|  55|0x00000000e3700000, 0x00000000e3700000, 0x00000000e3800000|  0%| F|  |TAMS 0x00000000e3700000, 0x00000000e3700000| Untracked 
|  56|0x00000000e3800000, 0x00000000e3800000, 0x00000000e3900000|  0%| F|  |TAMS 0x00000000e3800000, 0x00000000e3800000| Untracked 
|  57|0x00000000e3900000, 0x00000000e3900000, 0x00000000e3a00000|  0%| F|  |TAMS 0x00000000e3900000, 0x00000000e3900000| Untracked 
|  58|0x00000000e3a00000, 0x00000000e3a00000, 0x00000000e3b00000|  0%| F|  |TAMS 0x00000000e3a00000, 0x00000000e3a00000| Untracked 
|  59|0x00000000e3b00000, 0x00000000e3b00000, 0x00000000e3c00000|  0%| F|  |TAMS 0x00000000e3b00000, 0x00000000e3b00000| Untracked 
|  60|0x00000000e3c00000, 0x00000000e3c00000, 0x00000000e3d00000|  0%| F|  |TAMS 0x00000000e3c00000, 0x00000000e3c00000| Untracked 
|  61|0x00000000e3d00000, 0x00000000e3d00000, 0x00000000e3e00000|  0%| F|  |TAMS 0x00000000e3d00000, 0x00000000e3d00000| Untracked 
|  62|0x00000000e3e00000, 0x00000000e3e00000, 0x00000000e3f00000|  0%| F|  |TAMS 0x00000000e3e00000, 0x00000000e3e00000| Untracked 
|  63|0x00000000e3f00000, 0x00000000e3f00000, 0x00000000e4000000|  0%| F|  |TAMS 0x00000000e3f00000, 0x00000000e3f00000| Untracked 
|  64|0x00000000e4000000, 0x00000000e4000000, 0x00000000e4100000|  0%| F|  |TAMS 0x00000000e4000000, 0x00000000e4000000| Untracked 
|  65|0x00000000e4100000, 0x00000000e4100000, 0x00000000e4200000|  0%| F|  |TAMS 0x00000000e4100000, 0x00000000e4100000| Untracked 
|  66|0x00000000e4200000, 0x00000000e4200000, 0x00000000e4300000|  0%| F|  |TAMS 0x00000000e4200000, 0x00000000e4200000| Untracked 
|  67|0x00000000e4300000, 0x00000000e4300000, 0x00000000e4400000|  0%| F|  |TAMS 0x00000000e4300000, 0x00000000e4300000| Untracked 
|  68|0x00000000e4400000, 0x00000000e4400000, 0x00000000e4500000|  0%| F|  |TAMS 0x00000000e4400000, 0x00000000e4400000| Untracked 
|  69|0x00000000e4500000, 0x00000000e4500000, 0x00000000e4600000|  0%| F|  |TAMS 0x00000000e4500000, 0x00000000e4500000| Untracked 
|  70|0x00000000e4600000, 0x00000000e4600000, 0x00000000e4700000|  0%| F|  |TAMS 0x00000000e4600000, 0x00000000e4600000| Untracked 
|  71|0x00000000e4700000, 0x00000000e4700000, 0x00000000e4800000|  0%| F|  |TAMS 0x00000000e4700000, 0x00000000e4700000| Untracked 
|  72|0x00000000e4800000, 0x00000000e4800000, 0x00000000e4900000|  0%| F|  |TAMS 0x00000000e4800000, 0x00000000e4800000| Untracked 
|  73|0x00000000e4900000, 0x00000000e4900000, 0x00000000e4a00000|  0%| F|  |TAMS 0x00000000e4900000, 0x00000000e4900000| Untracked 
|  74|0x00000000e4a00000, 0x00000000e4a00000, 0x00000000e4b00000|  0%| F|  |TAMS 0x00000000e4a00000, 0x00000000e4a00000| Untracked 
|  75|0x00000000e4b00000, 0x00000000e4b00000, 0x00000000e4c00000|  0%| F|  |TAMS 0x00000000e4b00000, 0x00000000e4b00000| Untracked 
|  76|0x00000000e4c00000, 0x00000000e4c00000, 0x00000000e4d00000|  0%| F|  |TAMS 0x00000000e4c00000, 0x00000000e4c00000| Untracked 
|  77|0x00000000e4d00000, 0x00000000e4d00000, 0x00000000e4e00000|  0%| F|  |TAMS 0x00000000e4d00000, 0x00000000e4d00000| Untracked 
|  78|0x00000000e4e00000, 0x00000000e4e00000, 0x00000000e4f00000|  0%| F|  |TAMS 0x00000000e4e00000, 0x00000000e4e00000| Untracked 
|  79|0x00000000e4f00000, 0x00000000e4f00000, 0x00000000e5000000|  0%| F|  |TAMS 0x00000000e4f00000, 0x00000000e4f00000| Untracked 
|  80|0x00000000e5000000, 0x00000000e5000000, 0x00000000e5100000|  0%| F|  |TAMS 0x00000000e5000000, 0x00000000e5000000| Untracked 
|  81|0x00000000e5100000, 0x00000000e5100000, 0x00000000e5200000|  0%| F|  |TAMS 0x00000000e5100000, 0x00000000e5100000| Untracked 
|  82|0x00000000e5200000, 0x00000000e5200000, 0x00000000e5300000|  0%| F|  |TAMS 0x00000000e5200000, 0x00000000e5200000| Untracked 
|  83|0x00000000e5300000, 0x00000000e5400000, 0x00000000e5400000|100%| S|CS|TAMS 0x00000000e5300000, 0x00000000e5300000| Complete 
|  84|0x00000000e5400000, 0x00000000e5500000, 0x00000000e5500000|100%| S|CS|TAMS 0x00000000e5400000, 0x00000000e5400000| Complete 
|  85|0x00000000e5500000, 0x00000000e5600000, 0x00000000e5600000|100%| S|CS|TAMS 0x00000000e5500000, 0x00000000e5500000| Complete 
|  86|0x00000000e5600000, 0x00000000e5700000, 0x00000000e5700000|100%| S|CS|TAMS 0x00000000e5600000, 0x00000000e5600000| Complete 
|  87|0x00000000e5700000, 0x00000000e5800000, 0x00000000e5800000|100%| S|CS|TAMS 0x00000000e5700000, 0x00000000e5700000| Complete 
|  88|0x00000000e5800000, 0x00000000e5900000, 0x00000000e5900000|100%| S|CS|TAMS 0x00000000e5800000, 0x00000000e5800000| Complete 
|  89|0x00000000e5900000, 0x00000000e5a00000, 0x00000000e5a00000|100%| S|CS|TAMS 0x00000000e5900000, 0x00000000e5900000| Complete 
|  90|0x00000000e5a00000, 0x00000000e5b00000, 0x00000000e5b00000|100%| S|CS|TAMS 0x00000000e5a00000, 0x00000000e5a00000| Complete 
|  91|0x00000000e5b00000, 0x00000000e5c00000, 0x00000000e5c00000|100%| S|CS|TAMS 0x00000000e5b00000, 0x00000000e5b00000| Complete 
|  92|0x00000000e5c00000, 0x00000000e5d00000, 0x00000000e5d00000|100%| S|CS|TAMS 0x00000000e5c00000, 0x00000000e5c00000| Complete 
|  93|0x00000000e5d00000, 0x00000000e5e00000, 0x00000000e5e00000|100%| S|CS|TAMS 0x00000000e5d00000, 0x00000000e5d00000| Complete 
|  94|0x00000000e5e00000, 0x00000000e5f00000, 0x00000000e5f00000|100%| S|CS|TAMS 0x00000000e5e00000, 0x00000000e5e00000| Complete 
|  95|0x00000000e5f00000, 0x00000000e6000000, 0x00000000e6000000|100%| S|CS|TAMS 0x00000000e5f00000, 0x00000000e5f00000| Complete 
|  96|0x00000000e6000000, 0x00000000e6100000, 0x00000000e6100000|100%| S|CS|TAMS 0x00000000e6000000, 0x00000000e6000000| Complete 
|  97|0x00000000e6100000, 0x00000000e6200000, 0x00000000e6200000|100%| S|CS|TAMS 0x00000000e6100000, 0x00000000e6100000| Complete 
|  98|0x00000000e6200000, 0x00000000e6300000, 0x00000000e6300000|100%| S|CS|TAMS 0x00000000e6200000, 0x00000000e6200000| Complete 
|  99|0x00000000e6300000, 0x00000000e6400000, 0x00000000e6400000|100%| S|CS|TAMS 0x00000000e6300000, 0x00000000e6300000| Complete 
| 100|0x00000000e6400000, 0x00000000e6500000, 0x00000000e6500000|100%| S|CS|TAMS 0x00000000e6400000, 0x00000000e6400000| Complete 
| 101|0x00000000e6500000, 0x00000000e6600000, 0x00000000e6600000|100%| S|CS|TAMS 0x00000000e6500000, 0x00000000e6500000| Complete 
| 102|0x00000000e6600000, 0x00000000e6700000, 0x00000000e6700000|100%| S|CS|TAMS 0x00000000e6600000, 0x00000000e6600000| Complete 
| 103|0x00000000e6700000, 0x00000000e6700000, 0x00000000e6800000|  0%| F|  |TAMS 0x00000000e6700000, 0x00000000e6700000| Untracked 
| 104|0x00000000e6800000, 0x00000000e6800000, 0x00000000e6900000|  0%| F|  |TAMS 0x00000000e6800000, 0x00000000e6800000| Untracked 
| 105|0x00000000e6900000, 0x00000000e6900000, 0x00000000e6a00000|  0%| F|  |TAMS 0x00000000e6900000, 0x00000000e6900000| Untracked 
| 106|0x00000000e6a00000, 0x00000000e6a00000, 0x00000000e6b00000|  0%| F|  |TAMS 0x00000000e6a00000, 0x00000000e6a00000| Untracked 
| 107|0x00000000e6b00000, 0x00000000e6b00000, 0x00000000e6c00000|  0%| F|  |TAMS 0x00000000e6b00000, 0x00000000e6b00000| Untracked 
| 108|0x00000000e6c00000, 0x00000000e6c00000, 0x00000000e6d00000|  0%| F|  |TAMS 0x00000000e6c00000, 0x00000000e6c00000| Untracked 
| 109|0x00000000e6d00000, 0x00000000e6d00000, 0x00000000e6e00000|  0%| F|  |TAMS 0x00000000e6d00000, 0x00000000e6d00000| Untracked 
| 110|0x00000000e6e00000, 0x00000000e6e00000, 0x00000000e6f00000|  0%| F|  |TAMS 0x00000000e6e00000, 0x00000000e6e00000| Untracked 
| 111|0x00000000e6f00000, 0x00000000e6f00000, 0x00000000e7000000|  0%| F|  |TAMS 0x00000000e6f00000, 0x00000000e6f00000| Untracked 
| 112|0x00000000e7000000, 0x00000000e7000000, 0x00000000e7100000|  0%| F|  |TAMS 0x00000000e7000000, 0x00000000e7000000| Untracked 
| 113|0x00000000e7100000, 0x00000000e7100000, 0x00000000e7200000|  0%| F|  |TAMS 0x00000000e7100000, 0x00000000e7100000| Untracked 
| 114|0x00000000e7200000, 0x00000000e7200000, 0x00000000e7300000|  0%| F|  |TAMS 0x00000000e7200000, 0x00000000e7200000| Untracked 
| 115|0x00000000e7300000, 0x00000000e7300000, 0x00000000e7400000|  0%| F|  |TAMS 0x00000000e7300000, 0x00000000e7300000| Untracked 
| 116|0x00000000e7400000, 0x00000000e7400000, 0x00000000e7500000|  0%| F|  |TAMS 0x00000000e7400000, 0x00000000e7400000| Untracked 
| 117|0x00000000e7500000, 0x00000000e7500000, 0x00000000e7600000|  0%| F|  |TAMS 0x00000000e7500000, 0x00000000e7500000| Untracked 
| 118|0x00000000e7600000, 0x00000000e7600000, 0x00000000e7700000|  0%| F|  |TAMS 0x00000000e7600000, 0x00000000e7600000| Untracked 
| 119|0x00000000e7700000, 0x00000000e7700000, 0x00000000e7800000|  0%| F|  |TAMS 0x00000000e7700000, 0x00000000e7700000| Untracked 
| 120|0x00000000e7800000, 0x00000000e7800000, 0x00000000e7900000|  0%| F|  |TAMS 0x00000000e7800000, 0x00000000e7800000| Untracked 
| 121|0x00000000e7900000, 0x00000000e7900000, 0x00000000e7a00000|  0%| F|  |TAMS 0x00000000e7900000, 0x00000000e7900000| Untracked 
| 122|0x00000000e7a00000, 0x00000000e7a00000, 0x00000000e7b00000|  0%| F|  |TAMS 0x00000000e7a00000, 0x00000000e7a00000| Untracked 
| 123|0x00000000e7b00000, 0x00000000e7b00000, 0x00000000e7c00000|  0%| F|  |TAMS 0x00000000e7b00000, 0x00000000e7b00000| Untracked 
| 124|0x00000000e7c00000, 0x00000000e7c00000, 0x00000000e7d00000|  0%| F|  |TAMS 0x00000000e7c00000, 0x00000000e7c00000| Untracked 
| 125|0x00000000e7d00000, 0x00000000e7d00000, 0x00000000e7e00000|  0%| F|  |TAMS 0x00000000e7d00000, 0x00000000e7d00000| Untracked 
| 126|0x00000000e7e00000, 0x00000000e7e00000, 0x00000000e7f00000|  0%| F|  |TAMS 0x00000000e7e00000, 0x00000000e7e00000| Untracked 
| 127|0x00000000e7f00000, 0x00000000e7f00000, 0x00000000e8000000|  0%| F|  |TAMS 0x00000000e7f00000, 0x00000000e7f00000| Untracked 
| 128|0x00000000e8000000, 0x00000000e8000000, 0x00000000e8100000|  0%| F|  |TAMS 0x00000000e8000000, 0x00000000e8000000| Untracked 
| 129|0x00000000e8100000, 0x00000000e8100000, 0x00000000e8200000|  0%| F|  |TAMS 0x00000000e8100000, 0x00000000e8100000| Untracked 
| 130|0x00000000e8200000, 0x00000000e8200000, 0x00000000e8300000|  0%| F|  |TAMS 0x00000000e8200000, 0x00000000e8200000| Untracked 
| 131|0x00000000e8300000, 0x00000000e8300000, 0x00000000e8400000|  0%| F|  |TAMS 0x00000000e8300000, 0x00000000e8300000| Untracked 
| 132|0x00000000e8400000, 0x00000000e8400000, 0x00000000e8500000|  0%| F|  |TAMS 0x00000000e8400000, 0x00000000e8400000| Untracked 
| 133|0x00000000e8500000, 0x00000000e8500000, 0x00000000e8600000|  0%| F|  |TAMS 0x00000000e8500000, 0x00000000e8500000| Untracked 
| 134|0x00000000e8600000, 0x00000000e8600000, 0x00000000e8700000|  0%| F|  |TAMS 0x00000000e8600000, 0x00000000e8600000| Untracked 
| 135|0x00000000e8700000, 0x00000000e8700000, 0x00000000e8800000|  0%| F|  |TAMS 0x00000000e8700000, 0x00000000e8700000| Untracked 
| 136|0x00000000e8800000, 0x00000000e8800000, 0x00000000e8900000|  0%| F|  |TAMS 0x00000000e8800000, 0x00000000e8800000| Untracked 
| 137|0x00000000e8900000, 0x00000000e8900000, 0x00000000e8a00000|  0%| F|  |TAMS 0x00000000e8900000, 0x00000000e8900000| Untracked 
| 138|0x00000000e8a00000, 0x00000000e8a00000, 0x00000000e8b00000|  0%| F|  |TAMS 0x00000000e8a00000, 0x00000000e8a00000| Untracked 
| 139|0x00000000e8b00000, 0x00000000e8b00000, 0x00000000e8c00000|  0%| F|  |TAMS 0x00000000e8b00000, 0x00000000e8b00000| Untracked 
| 140|0x00000000e8c00000, 0x00000000e8c00000, 0x00000000e8d00000|  0%| F|  |TAMS 0x00000000e8c00000, 0x00000000e8c00000| Untracked 
| 141|0x00000000e8d00000, 0x00000000e8d00000, 0x00000000e8e00000|  0%| F|  |TAMS 0x00000000e8d00000, 0x00000000e8d00000| Untracked 
| 142|0x00000000e8e00000, 0x00000000e8e00000, 0x00000000e8f00000|  0%| F|  |TAMS 0x00000000e8e00000, 0x00000000e8e00000| Untracked 
| 143|0x00000000e8f00000, 0x00000000e8f00000, 0x00000000e9000000|  0%| F|  |TAMS 0x00000000e8f00000, 0x00000000e8f00000| Untracked 
| 144|0x00000000e9000000, 0x00000000e9000000, 0x00000000e9100000|  0%| F|  |TAMS 0x00000000e9000000, 0x00000000e9000000| Untracked 
| 145|0x00000000e9100000, 0x00000000e9100000, 0x00000000e9200000|  0%| F|  |TAMS 0x00000000e9100000, 0x00000000e9100000| Untracked 
| 146|0x00000000e9200000, 0x00000000e9200000, 0x00000000e9300000|  0%| F|  |TAMS 0x00000000e9200000, 0x00000000e9200000| Untracked 
| 147|0x00000000e9300000, 0x00000000e9300000, 0x00000000e9400000|  0%| F|  |TAMS 0x00000000e9300000, 0x00000000e9300000| Untracked 
| 148|0x00000000e9400000, 0x00000000e9400000, 0x00000000e9500000|  0%| F|  |TAMS 0x00000000e9400000, 0x00000000e9400000| Untracked 
| 149|0x00000000e9500000, 0x00000000e9500000, 0x00000000e9600000|  0%| F|  |TAMS 0x00000000e9500000, 0x00000000e9500000| Untracked 
| 150|0x00000000e9600000, 0x00000000e9600000, 0x00000000e9700000|  0%| F|  |TAMS 0x00000000e9600000, 0x00000000e9600000| Untracked 
| 151|0x00000000e9700000, 0x00000000e9700000, 0x00000000e9800000|  0%| F|  |TAMS 0x00000000e9700000, 0x00000000e9700000| Untracked 
| 152|0x00000000e9800000, 0x00000000e9800000, 0x00000000e9900000|  0%| F|  |TAMS 0x00000000e9800000, 0x00000000e9800000| Untracked 
| 153|0x00000000e9900000, 0x00000000e9900000, 0x00000000e9a00000|  0%| F|  |TAMS 0x00000000e9900000, 0x00000000e9900000| Untracked 
| 154|0x00000000e9a00000, 0x00000000e9a00000, 0x00000000e9b00000|  0%| F|  |TAMS 0x00000000e9a00000, 0x00000000e9a00000| Untracked 
| 155|0x00000000e9b00000, 0x00000000e9b00000, 0x00000000e9c00000|  0%| F|  |TAMS 0x00000000e9b00000, 0x00000000e9b00000| Untracked 
| 156|0x00000000e9c00000, 0x00000000e9c00000, 0x00000000e9d00000|  0%| F|  |TAMS 0x00000000e9c00000, 0x00000000e9c00000| Untracked 
| 157|0x00000000e9d00000, 0x00000000e9d00000, 0x00000000e9e00000|  0%| F|  |TAMS 0x00000000e9d00000, 0x00000000e9d00000| Untracked 
| 158|0x00000000e9e00000, 0x00000000e9e00000, 0x00000000e9f00000|  0%| F|  |TAMS 0x00000000e9e00000, 0x00000000e9e00000| Untracked 
| 159|0x00000000e9f00000, 0x00000000e9f00000, 0x00000000ea000000|  0%| F|  |TAMS 0x00000000e9f00000, 0x00000000e9f00000| Untracked 
| 160|0x00000000ea000000, 0x00000000ea000000, 0x00000000ea100000|  0%| F|  |TAMS 0x00000000ea000000, 0x00000000ea000000| Untracked 
| 161|0x00000000ea100000, 0x00000000ea100000, 0x00000000ea200000|  0%| F|  |TAMS 0x00000000ea100000, 0x00000000ea100000| Untracked 
| 162|0x00000000ea200000, 0x00000000ea200000, 0x00000000ea300000|  0%| F|  |TAMS 0x00000000ea200000, 0x00000000ea200000| Untracked 
| 163|0x00000000ea300000, 0x00000000ea300000, 0x00000000ea400000|  0%| F|  |TAMS 0x00000000ea300000, 0x00000000ea300000| Untracked 
| 164|0x00000000ea400000, 0x00000000ea400000, 0x00000000ea500000|  0%| F|  |TAMS 0x00000000ea400000, 0x00000000ea400000| Untracked 
| 165|0x00000000ea500000, 0x00000000ea500000, 0x00000000ea600000|  0%| F|  |TAMS 0x00000000ea500000, 0x00000000ea500000| Untracked 
| 166|0x00000000ea600000, 0x00000000ea600000, 0x00000000ea700000|  0%| F|  |TAMS 0x00000000ea600000, 0x00000000ea600000| Untracked 
| 167|0x00000000ea700000, 0x00000000ea700000, 0x00000000ea800000|  0%| F|  |TAMS 0x00000000ea700000, 0x00000000ea700000| Untracked 
| 168|0x00000000ea800000, 0x00000000ea800000, 0x00000000ea900000|  0%| F|  |TAMS 0x00000000ea800000, 0x00000000ea800000| Untracked 
| 169|0x00000000ea900000, 0x00000000ea900000, 0x00000000eaa00000|  0%| F|  |TAMS 0x00000000ea900000, 0x00000000ea900000| Untracked 
| 170|0x00000000eaa00000, 0x00000000eaa00000, 0x00000000eab00000|  0%| F|  |TAMS 0x00000000eaa00000, 0x00000000eaa00000| Untracked 
| 171|0x00000000eab00000, 0x00000000eab00000, 0x00000000eac00000|  0%| F|  |TAMS 0x00000000eab00000, 0x00000000eab00000| Untracked 
| 172|0x00000000eac00000, 0x00000000eac00000, 0x00000000ead00000|  0%| F|  |TAMS 0x00000000eac00000, 0x00000000eac00000| Untracked 
| 173|0x00000000ead00000, 0x00000000ead00000, 0x00000000eae00000|  0%| F|  |TAMS 0x00000000ead00000, 0x00000000ead00000| Untracked 
| 174|0x00000000eae00000, 0x00000000eae00000, 0x00000000eaf00000|  0%| F|  |TAMS 0x00000000eae00000, 0x00000000eae00000| Untracked 
| 175|0x00000000eaf00000, 0x00000000eaf00000, 0x00000000eb000000|  0%| F|  |TAMS 0x00000000eaf00000, 0x00000000eaf00000| Untracked 
| 176|0x00000000eb000000, 0x00000000eb000000, 0x00000000eb100000|  0%| F|  |TAMS 0x00000000eb000000, 0x00000000eb000000| Untracked 
| 177|0x00000000eb100000, 0x00000000eb100000, 0x00000000eb200000|  0%| F|  |TAMS 0x00000000eb100000, 0x00000000eb100000| Untracked 
| 178|0x00000000eb200000, 0x00000000eb200000, 0x00000000eb300000|  0%| F|  |TAMS 0x00000000eb200000, 0x00000000eb200000| Untracked 
| 179|0x00000000eb300000, 0x00000000eb300000, 0x00000000eb400000|  0%| F|  |TAMS 0x00000000eb300000, 0x00000000eb300000| Untracked 
| 180|0x00000000eb400000, 0x00000000eb400000, 0x00000000eb500000|  0%| F|  |TAMS 0x00000000eb400000, 0x00000000eb400000| Untracked 
| 181|0x00000000eb500000, 0x00000000eb500000, 0x00000000eb600000|  0%| F|  |TAMS 0x00000000eb500000, 0x00000000eb500000| Untracked 
| 182|0x00000000eb600000, 0x00000000eb600000, 0x00000000eb700000|  0%| F|  |TAMS 0x00000000eb600000, 0x00000000eb600000| Untracked 
| 183|0x00000000eb700000, 0x00000000eb700000, 0x00000000eb800000|  0%| F|  |TAMS 0x00000000eb700000, 0x00000000eb700000| Untracked 
| 184|0x00000000eb800000, 0x00000000eb800000, 0x00000000eb900000|  0%| F|  |TAMS 0x00000000eb800000, 0x00000000eb800000| Untracked 
| 185|0x00000000eb900000, 0x00000000eb900000, 0x00000000eba00000|  0%| F|  |TAMS 0x00000000eb900000, 0x00000000eb900000| Untracked 
| 186|0x00000000eba00000, 0x00000000eba00000, 0x00000000ebb00000|  0%| F|  |TAMS 0x00000000eba00000, 0x00000000eba00000| Untracked 
| 187|0x00000000ebb00000, 0x00000000ebb00000, 0x00000000ebc00000|  0%| F|  |TAMS 0x00000000ebb00000, 0x00000000ebb00000| Untracked 
| 188|0x00000000ebc00000, 0x00000000ebc00000, 0x00000000ebd00000|  0%| F|  |TAMS 0x00000000ebc00000, 0x00000000ebc00000| Untracked 
| 189|0x00000000ebd00000, 0x00000000ebd00000, 0x00000000ebe00000|  0%| F|  |TAMS 0x00000000ebd00000, 0x00000000ebd00000| Untracked 
| 190|0x00000000ebe00000, 0x00000000ebe00000, 0x00000000ebf00000|  0%| F|  |TAMS 0x00000000ebe00000, 0x00000000ebe00000| Untracked 
| 191|0x00000000ebf00000, 0x00000000ebf00000, 0x00000000ec000000|  0%| F|  |TAMS 0x00000000ebf00000, 0x00000000ebf00000| Untracked 
| 192|0x00000000ec000000, 0x00000000ec000000, 0x00000000ec100000|  0%| F|  |TAMS 0x00000000ec000000, 0x00000000ec000000| Untracked 
| 193|0x00000000ec100000, 0x00000000ec100000, 0x00000000ec200000|  0%| F|  |TAMS 0x00000000ec100000, 0x00000000ec100000| Untracked 
| 194|0x00000000ec200000, 0x00000000ec200000, 0x00000000ec300000|  0%| F|  |TAMS 0x00000000ec200000, 0x00000000ec200000| Untracked 
| 195|0x00000000ec300000, 0x00000000ec300000, 0x00000000ec400000|  0%| F|  |TAMS 0x00000000ec300000, 0x00000000ec300000| Untracked 
| 196|0x00000000ec400000, 0x00000000ec400000, 0x00000000ec500000|  0%| F|  |TAMS 0x00000000ec400000, 0x00000000ec400000| Untracked 
| 197|0x00000000ec500000, 0x00000000ec500000, 0x00000000ec600000|  0%| F|  |TAMS 0x00000000ec500000, 0x00000000ec500000| Untracked 
| 198|0x00000000ec600000, 0x00000000ec600000, 0x00000000ec700000|  0%| F|  |TAMS 0x00000000ec600000, 0x00000000ec600000| Untracked 
| 199|0x00000000ec700000, 0x00000000ec700000, 0x00000000ec800000|  0%| F|  |TAMS 0x00000000ec700000, 0x00000000ec700000| Untracked 
| 200|0x00000000ec800000, 0x00000000ec800000, 0x00000000ec900000|  0%| F|  |TAMS 0x00000000ec800000, 0x00000000ec800000| Untracked 
| 201|0x00000000ec900000, 0x00000000ec900000, 0x00000000eca00000|  0%| F|  |TAMS 0x00000000ec900000, 0x00000000ec900000| Untracked 
| 202|0x00000000eca00000, 0x00000000eca00000, 0x00000000ecb00000|  0%| F|  |TAMS 0x00000000eca00000, 0x00000000eca00000| Untracked 
| 203|0x00000000ecb00000, 0x00000000ecb00000, 0x00000000ecc00000|  0%| F|  |TAMS 0x00000000ecb00000, 0x00000000ecb00000| Untracked 
| 204|0x00000000ecc00000, 0x00000000ecc00000, 0x00000000ecd00000|  0%| F|  |TAMS 0x00000000ecc00000, 0x00000000ecc00000| Untracked 
| 205|0x00000000ecd00000, 0x00000000ecd00000, 0x00000000ece00000|  0%| F|  |TAMS 0x00000000ecd00000, 0x00000000ecd00000| Untracked 
| 206|0x00000000ece00000, 0x00000000ece00000, 0x00000000ecf00000|  0%| F|  |TAMS 0x00000000ece00000, 0x00000000ece00000| Untracked 
| 207|0x00000000ecf00000, 0x00000000ecf00000, 0x00000000ed000000|  0%| F|  |TAMS 0x00000000ecf00000, 0x00000000ecf00000| Untracked 
| 208|0x00000000ed000000, 0x00000000ed000000, 0x00000000ed100000|  0%| F|  |TAMS 0x00000000ed000000, 0x00000000ed000000| Untracked 
| 209|0x00000000ed100000, 0x00000000ed100000, 0x00000000ed200000|  0%| F|  |TAMS 0x00000000ed100000, 0x00000000ed100000| Untracked 
| 210|0x00000000ed200000, 0x00000000ed200000, 0x00000000ed300000|  0%| F|  |TAMS 0x00000000ed200000, 0x00000000ed200000| Untracked 
| 211|0x00000000ed300000, 0x00000000ed300000, 0x00000000ed400000|  0%| F|  |TAMS 0x00000000ed300000, 0x00000000ed300000| Untracked 
| 212|0x00000000ed400000, 0x00000000ed400000, 0x00000000ed500000|  0%| F|  |TAMS 0x00000000ed400000, 0x00000000ed400000| Untracked 
| 213|0x00000000ed500000, 0x00000000ed500000, 0x00000000ed600000|  0%| F|  |TAMS 0x00000000ed500000, 0x00000000ed500000| Untracked 
| 214|0x00000000ed600000, 0x00000000ed600000, 0x00000000ed700000|  0%| F|  |TAMS 0x00000000ed600000, 0x00000000ed600000| Untracked 
| 215|0x00000000ed700000, 0x00000000ed700000, 0x00000000ed800000|  0%| F|  |TAMS 0x00000000ed700000, 0x00000000ed700000| Untracked 
| 216|0x00000000ed800000, 0x00000000ed800000, 0x00000000ed900000|  0%| F|  |TAMS 0x00000000ed800000, 0x00000000ed800000| Untracked 
| 217|0x00000000ed900000, 0x00000000ed900000, 0x00000000eda00000|  0%| F|  |TAMS 0x00000000ed900000, 0x00000000ed900000| Untracked 
| 218|0x00000000eda00000, 0x00000000eda00000, 0x00000000edb00000|  0%| F|  |TAMS 0x00000000eda00000, 0x00000000eda00000| Untracked 
| 219|0x00000000edb00000, 0x00000000edb00000, 0x00000000edc00000|  0%| F|  |TAMS 0x00000000edb00000, 0x00000000edb00000| Untracked 
| 220|0x00000000edc00000, 0x00000000edc00000, 0x00000000edd00000|  0%| F|  |TAMS 0x00000000edc00000, 0x00000000edc00000| Untracked 
| 221|0x00000000edd00000, 0x00000000edd00000, 0x00000000ede00000|  0%| F|  |TAMS 0x00000000edd00000, 0x00000000edd00000| Untracked 
| 222|0x00000000ede00000, 0x00000000ede00000, 0x00000000edf00000|  0%| F|  |TAMS 0x00000000ede00000, 0x00000000ede00000| Untracked 
| 223|0x00000000edf00000, 0x00000000edf00000, 0x00000000ee000000|  0%| F|  |TAMS 0x00000000edf00000, 0x00000000edf00000| Untracked 
| 224|0x00000000ee000000, 0x00000000ee000000, 0x00000000ee100000|  0%| F|  |TAMS 0x00000000ee000000, 0x00000000ee000000| Untracked 
| 225|0x00000000ee100000, 0x00000000ee100000, 0x00000000ee200000|  0%| F|  |TAMS 0x00000000ee100000, 0x00000000ee100000| Untracked 
| 226|0x00000000ee200000, 0x00000000ee200000, 0x00000000ee300000|  0%| F|  |TAMS 0x00000000ee200000, 0x00000000ee200000| Untracked 
| 227|0x00000000ee300000, 0x00000000ee400000, 0x00000000ee400000|100%| E|  |TAMS 0x00000000ee300000, 0x00000000ee300000| Complete 
| 228|0x00000000ee400000, 0x00000000ee500000, 0x00000000ee500000|100%| E|CS|TAMS 0x00000000ee400000, 0x00000000ee400000| Complete 
| 229|0x00000000ee500000, 0x00000000ee600000, 0x00000000ee600000|100%| E|CS|TAMS 0x00000000ee500000, 0x00000000ee500000| Complete 
| 230|0x00000000ee600000, 0x00000000ee700000, 0x00000000ee700000|100%| E|CS|TAMS 0x00000000ee600000, 0x00000000ee600000| Complete 
| 231|0x00000000ee700000, 0x00000000ee800000, 0x00000000ee800000|100%| E|CS|TAMS 0x00000000ee700000, 0x00000000ee700000| Complete 
| 232|0x00000000ee800000, 0x00000000ee900000, 0x00000000ee900000|100%| E|CS|TAMS 0x00000000ee800000, 0x00000000ee800000| Complete 
| 233|0x00000000ee900000, 0x00000000eea00000, 0x00000000eea00000|100%| E|CS|TAMS 0x00000000ee900000, 0x00000000ee900000| Complete 
| 234|0x00000000eea00000, 0x00000000eeb00000, 0x00000000eeb00000|100%| E|CS|TAMS 0x00000000eea00000, 0x00000000eea00000| Complete 
| 235|0x00000000eeb00000, 0x00000000eec00000, 0x00000000eec00000|100%| E|CS|TAMS 0x00000000eeb00000, 0x00000000eeb00000| Complete 
| 236|0x00000000eec00000, 0x00000000eed00000, 0x00000000eed00000|100%| E|CS|TAMS 0x00000000eec00000, 0x00000000eec00000| Complete 
| 237|0x00000000eed00000, 0x00000000eee00000, 0x00000000eee00000|100%| E|CS|TAMS 0x00000000eed00000, 0x00000000eed00000| Complete 
| 238|0x00000000eee00000, 0x00000000eef00000, 0x00000000eef00000|100%| E|CS|TAMS 0x00000000eee00000, 0x00000000eee00000| Complete 
| 239|0x00000000eef00000, 0x00000000ef000000, 0x00000000ef000000|100%| E|CS|TAMS 0x00000000eef00000, 0x00000000eef00000| Complete 
| 240|0x00000000ef000000, 0x00000000ef100000, 0x00000000ef100000|100%| E|CS|TAMS 0x00000000ef000000, 0x00000000ef000000| Complete 
| 241|0x00000000ef100000, 0x00000000ef200000, 0x00000000ef200000|100%| E|CS|TAMS 0x00000000ef100000, 0x00000000ef100000| Complete 
| 242|0x00000000ef200000, 0x00000000ef300000, 0x00000000ef300000|100%| E|CS|TAMS 0x00000000ef200000, 0x00000000ef200000| Complete 
| 243|0x00000000ef300000, 0x00000000ef400000, 0x00000000ef400000|100%| E|CS|TAMS 0x00000000ef300000, 0x00000000ef300000| Complete 
| 244|0x00000000ef400000, 0x00000000ef500000, 0x00000000ef500000|100%| E|CS|TAMS 0x00000000ef400000, 0x00000000ef400000| Complete 
| 245|0x00000000ef500000, 0x00000000ef600000, 0x00000000ef600000|100%| E|CS|TAMS 0x00000000ef500000, 0x00000000ef500000| Complete 
| 246|0x00000000ef600000, 0x00000000ef700000, 0x00000000ef700000|100%| E|CS|TAMS 0x00000000ef600000, 0x00000000ef600000| Complete 
| 247|0x00000000ef700000, 0x00000000ef800000, 0x00000000ef800000|100%| E|CS|TAMS 0x00000000ef700000, 0x00000000ef700000| Complete 
| 248|0x00000000ef800000, 0x00000000ef900000, 0x00000000ef900000|100%| E|CS|TAMS 0x00000000ef800000, 0x00000000ef800000| Complete 
| 249|0x00000000ef900000, 0x00000000efa00000, 0x00000000efa00000|100%| E|CS|TAMS 0x00000000ef900000, 0x00000000ef900000| Complete 
| 250|0x00000000efa00000, 0x00000000efb00000, 0x00000000efb00000|100%| E|CS|TAMS 0x00000000efa00000, 0x00000000efa00000| Complete 
| 251|0x00000000efb00000, 0x00000000efc00000, 0x00000000efc00000|100%| E|CS|TAMS 0x00000000efb00000, 0x00000000efb00000| Complete 
| 252|0x00000000efc00000, 0x00000000efd00000, 0x00000000efd00000|100%| E|CS|TAMS 0x00000000efc00000, 0x00000000efc00000| Complete 
| 253|0x00000000efd00000, 0x00000000efe00000, 0x00000000efe00000|100%| E|CS|TAMS 0x00000000efd00000, 0x00000000efd00000| Complete 
| 254|0x00000000efe00000, 0x00000000eff00000, 0x00000000eff00000|100%| E|CS|TAMS 0x00000000efe00000, 0x00000000efe00000| Complete 
| 255|0x00000000eff00000, 0x00000000f0000000, 0x00000000f0000000|100%| E|CS|TAMS 0x00000000eff00000, 0x00000000eff00000| Complete 

Card table byte_map: [0x000002107f1d0000,0x000002107f2d0000] _byte_map_base: 0x000002107ead0000

Marking Bits (Prev, Next): (CMBitMap*) 0x0000021076fdfe80, (CMBitMap*) 0x0000021076fdfec0
 Prev Bits: [0x000002107f3d0000, 0x000002107fbd0000)
 Next Bits: [0x000002100f000000, 0x000002100f800000)

Polling page: 0x0000021074f10000

Metaspace:

Usage:
  Non-class:     40.61 MB used.
      Class:      6.73 MB used.
       Both:     47.34 MB used.

Virtual space:
  Non-class space:       64.00 MB reserved,      40.94 MB ( 64%) committed,  1 nodes.
      Class space:      320.00 MB reserved,       7.00 MB (  2%) committed,  1 nodes.
             Both:      384.00 MB reserved,      47.94 MB ( 12%) committed. 

Chunk freelists:
   Non-Class:  6.16 MB
       Class:  8.89 MB
        Both:  15.05 MB

MaxMetaspaceSize: 384.00 MB
CompressedClassSpaceSize: 320.00 MB
Initial GC threshold: 21.00 MB
Current GC threshold: 58.75 MB
CDS: on
MetaspaceReclaimPolicy: balanced
 - commit_granule_bytes: 65536.
 - commit_granule_words: 8192.
 - virtual_space_node_default_size: 8388608.
 - enlarge_chunks_in_place: 1.
 - new_chunks_are_fully_committed: 0.
 - uncommit_free_chunks: 1.
 - use_allocation_guard: 0.
 - handle_deallocations: 1.


Internal statistics:

num_allocs_failed_limit: 6.
num_arena_births: 566.
num_arena_deaths: 0.
num_vsnodes_births: 2.
num_vsnodes_deaths: 0.
num_space_committed: 767.
num_space_uncommitted: 0.
num_chunks_returned_to_freelist: 6.
num_chunks_taken_from_freelist: 2434.
num_chunk_merges: 6.
num_chunk_splits: 1608.
num_chunks_enlarged: 1083.
num_purges: 0.
num_inconsistent_stats: 0.

CodeHeap 'non-profiled nmethods': size=119168Kb used=3256Kb max_used=3256Kb free=115912Kb
 bounds [0x0000021007ba0000, 0x0000021007ed0000, 0x000002100f000000]
CodeHeap 'profiled nmethods': size=119104Kb used=10995Kb max_used=10995Kb free=108109Kb
 bounds [0x0000021000000000, 0x0000021000ac0000, 0x0000021007450000]
CodeHeap 'non-nmethods': size=7488Kb used=4021Kb max_used=4078Kb free=3466Kb
 bounds [0x0000021007450000, 0x0000021007860000, 0x0000021007ba0000]
 total_blobs=6297 nmethods=5449 adapters=757
 compilation: enabled
              stopped_count=0, restarted_count=0
 full_count=0

Compilation events (20 events):
Event: 5.373 Thread 0x0000021012494bb0 nmethod 6188 0x0000021000a8c990 code [0x0000021000a8cb60, 0x0000021000a8cf78]
Event: 5.373 Thread 0x0000021012645690 6190       3       java.util.regex.Pattern$LastNode::match (45 bytes)
Event: 5.373 Thread 0x0000021012645690 nmethod 6190 0x0000021000a8d110 code [0x0000021000a8d2c0, 0x0000021000a8d4d8]
Event: 5.380 Thread 0x0000021012494bb0 6191       1       org.gradle.api.internal.DefaultMutationGuard::access$100 (5 bytes)
Event: 5.380 Thread 0x0000021012494bb0 nmethod 6191 0x0000021007ec6710 code [0x0000021007ec68a0, 0x0000021007ec6958]
Event: 5.385 Thread 0x0000021012494bb0 6192       3       java.util.LinkedHashMap::replacementTreeNode (37 bytes)
Event: 5.385 Thread 0x0000021012494bb0 nmethod 6192 0x0000021000a8d610 code [0x0000021000a8d7c0, 0x0000021000a8dad8]
Event: 5.388 Thread 0x0000021012645690 6194       3       org.gradle.internal.instantiation.generator.AbstractClassGenerator$ExtensibleTypePropertyHandler::applyTo (273 bytes)
Event: 5.388 Thread 0x0000021012644700 6195       3       com.google.common.collect.LinkedHashMultimap$ValueSet$1::next (43 bytes)
Event: 5.389 Thread 0x0000021012644700 nmethod 6195 0x0000021000a8dc10 code [0x0000021000a8de40, 0x0000021000a8e768]
Event: 5.389 Thread 0x0000021012645690 nmethod 6194 0x0000021000a8ea90 code [0x0000021000a8ee80, 0x0000021000a90e48]
Event: 5.392 Thread 0x0000021012645690 6196       1       org.gradle.api.internal.AbstractTask::getState (5 bytes)
Event: 5.392 Thread 0x0000021012645690 nmethod 6196 0x0000021007ec6a10 code [0x0000021007ec6ba0, 0x0000021007ec6c78]
Event: 5.398 Thread 0x0000021012494bb0 6198       3       jdk.internal.org.objectweb.asm.MethodVisitor::visitLdcInsn (87 bytes)
Event: 5.399 Thread 0x0000021012494bb0 nmethod 6198 0x0000021000a91790 code [0x0000021000a919a0, 0x0000021000a92368]
Event: 5.406 Thread 0x0000021012494bb0 6199       3       org.gradle.internal.logging.events.ProgressStartEvent::<init> (74 bytes)
Event: 5.406 Thread 0x0000021012494bb0 nmethod 6199 0x0000021000a92510 code [0x0000021000a926e0, 0x0000021000a92cf8]
Event: 5.409 Thread 0x0000021012494bb0 6200       3       org.gradle.api.internal.file.AbstractFileCollection::<init> (15 bytes)
Event: 5.410 Thread 0x0000021012494bb0 nmethod 6200 0x0000021000a92e90 code [0x0000021000a93040, 0x0000021000a93258]
Event: 5.412 Thread 0x0000021012494bb0 6201   !   3       java.util.concurrent.LinkedBlockingQueue::poll (128 bytes)

GC Heap History (12 events):
Event: 0.450 GC heap before
{Heap before GC invocations=0 (full 0):
 garbage-first heap   total 262144K, used 26624K [0x00000000e0000000, 0x0000000100000000)
  region size 1024K, 23 young (23552K), 0 survivors (0K)
 Metaspace       used 2922K, committed 3072K, reserved 393216K
  class space    used 366K, committed 448K, reserved 327680K
}
Event: 0.452 GC heap after
{Heap after GC invocations=1 (full 0):
 garbage-first heap   total 262144K, used 10629K [0x00000000e0000000, 0x0000000100000000)
  region size 1024K, 3 young (3072K), 3 survivors (3072K)
 Metaspace       used 2922K, committed 3072K, reserved 393216K
  class space    used 366K, committed 448K, reserved 327680K
}
Event: 0.759 GC heap before
{Heap before GC invocations=1 (full 0):
 garbage-first heap   total 262144K, used 38277K [0x00000000e0000000, 0x0000000100000000)
  region size 1024K, 30 young (30720K), 3 survivors (3072K)
 Metaspace       used 4088K, committed 4288K, reserved 393216K
  class space    used 495K, committed 576K, reserved 327680K
}
Event: 0.761 GC heap after
{Heap after GC invocations=2 (full 0):
 garbage-first heap   total 262144K, used 11609K [0x00000000e0000000, 0x0000000100000000)
  region size 1024K, 1 young (1024K), 1 survivors (1024K)
 Metaspace       used 4088K, committed 4288K, reserved 393216K
  class space    used 495K, committed 576K, reserved 327680K
}
Event: 2.394 GC heap before
{Heap before GC invocations=2 (full 0):
 garbage-first heap   total 262144K, used 117081K [0x00000000e0000000, 0x0000000100000000)
  region size 1024K, 103 young (105472K), 1 survivors (1024K)
 Metaspace       used 19627K, committed 19904K, reserved 393216K
  class space    used 2897K, committed 3072K, reserved 327680K
}
Event: 2.401 GC heap after
{Heap after GC invocations=3 (full 0):
 garbage-first heap   total 262144K, used 22147K [0x00000000e0000000, 0x0000000100000000)
  region size 1024K, 12 young (12288K), 12 survivors (12288K)
 Metaspace       used 19627K, committed 19904K, reserved 393216K
  class space    used 2897K, committed 3072K, reserved 327680K
}
Event: 2.524 GC heap before
{Heap before GC invocations=3 (full 0):
 garbage-first heap   total 262144K, used 36483K [0x00000000e0000000, 0x0000000100000000)
  region size 1024K, 27 young (27648K), 12 survivors (12288K)
 Metaspace       used 21252K, committed 21504K, reserved 393216K
  class space    used 3139K, committed 3264K, reserved 327680K
}
Event: 2.528 GC heap after
{Heap after GC invocations=4 (full 0):
 garbage-first heap   total 262144K, used 23454K [0x00000000e0000000, 0x0000000100000000)
  region size 1024K, 2 young (2048K), 2 survivors (2048K)
 Metaspace       used 21252K, committed 21504K, reserved 393216K
  class space    used 3139K, committed 3264K, reserved 327680K
}
Event: 3.717 GC heap before
{Heap before GC invocations=5 (full 0):
 garbage-first heap   total 262144K, used 142238K [0x00000000e0000000, 0x0000000100000000)
  region size 1024K, 115 young (117760K), 2 survivors (2048K)
 Metaspace       used 35578K, committed 35968K, reserved 393216K
  class space    used 4969K, committed 5184K, reserved 327680K
}
Event: 3.722 GC heap after
{Heap after GC invocations=6 (full 0):
 garbage-first heap   total 262144K, used 31840K [0x00000000e0000000, 0x0000000100000000)
  region size 1024K, 10 young (10240K), 10 survivors (10240K)
 Metaspace       used 35578K, committed 35968K, reserved 393216K
  class space    used 4969K, committed 5184K, reserved 327680K
}
Event: 5.101 GC heap before
{Heap before GC invocations=7 (full 0):
 garbage-first heap   total 262144K, used 179296K [0x00000000e0000000, 0x0000000100000000)
  region size 1024K, 153 young (156672K), 10 survivors (10240K)
 Metaspace       used 46666K, committed 47232K, reserved 393216K
  class space    used 6575K, committed 6848K, reserved 327680K
}
Event: 5.111 GC heap after
{Heap after GC invocations=8 (full 0):
 garbage-first heap   total 262144K, used 42632K [0x00000000e0000000, 0x0000000100000000)
  region size 1024K, 20 young (20480K), 20 survivors (20480K)
 Metaspace       used 46666K, committed 47232K, reserved 393216K
  class space    used 6575K, committed 6848K, reserved 327680K
}

Deoptimization events (20 events):
Event: 5.317 Thread 0x000002102d085b80 Uncommon trap: trap_request=0xffffffde fr.pc=0x0000021007d02960 relative=0x00000000000054e0
Event: 5.317 Thread 0x000002102d085b80 Uncommon trap: reason=class_check action=maybe_recompile pc=0x0000021007d02960 method=com.google.common.reflect.TypeVisitor.visit([Ljava/lang/reflect/Type;)V @ 99 c2
Event: 5.317 Thread 0x000002102d085b80 DEOPT PACKING pc=0x0000021007d02960 sp=0x0000009f948f9e60
Event: 5.317 Thread 0x000002102d085b80 DEOPT UNPACKING pc=0x00000210074a23a3 sp=0x0000009f948f9e80 mode 2
Event: 5.323 Thread 0x000002102d085b80 Uncommon trap: trap_request=0xffffff45 fr.pc=0x0000021007e56bd4 relative=0x0000000000000314
Event: 5.323 Thread 0x000002102d085b80 Uncommon trap: reason=unstable_if action=reinterpret pc=0x0000021007e56bd4 method=org.gradle.internal.reflect.PropertyAccessorType.isSetterName(Ljava/lang/String;)Z @ 14 c2
Event: 5.323 Thread 0x000002102d085b80 DEOPT PACKING pc=0x0000021007e56bd4 sp=0x0000009f948f91f0
Event: 5.323 Thread 0x000002102d085b80 DEOPT UNPACKING pc=0x00000210074a23a3 sp=0x0000009f948f9148 mode 2
Event: 5.337 Thread 0x000002102d085b80 Uncommon trap: trap_request=0xffffffde fr.pc=0x0000021007d02960 relative=0x00000000000054e0
Event: 5.337 Thread 0x000002102d085b80 Uncommon trap: reason=class_check action=maybe_recompile pc=0x0000021007d02960 method=com.google.common.reflect.TypeVisitor.visit([Ljava/lang/reflect/Type;)V @ 99 c2
Event: 5.337 Thread 0x000002102d085b80 DEOPT PACKING pc=0x0000021007d02960 sp=0x0000009f948f9820
Event: 5.337 Thread 0x000002102d085b80 DEOPT UNPACKING pc=0x00000210074a23a3 sp=0x0000009f948f9840 mode 2
Event: 5.338 Thread 0x000002102d085b80 Uncommon trap: trap_request=0xffffffde fr.pc=0x0000021007d02960 relative=0x00000000000054e0
Event: 5.338 Thread 0x000002102d085b80 Uncommon trap: reason=class_check action=maybe_recompile pc=0x0000021007d02960 method=com.google.common.reflect.TypeVisitor.visit([Ljava/lang/reflect/Type;)V @ 99 c2
Event: 5.338 Thread 0x000002102d085b80 DEOPT PACKING pc=0x0000021007d02960 sp=0x0000009f948f9920
Event: 5.338 Thread 0x000002102d085b80 DEOPT UNPACKING pc=0x00000210074a23a3 sp=0x0000009f948f9940 mode 2
Event: 5.338 Thread 0x000002102d085b80 Uncommon trap: trap_request=0xffffffde fr.pc=0x0000021007d02960 relative=0x00000000000054e0
Event: 5.338 Thread 0x000002102d085b80 Uncommon trap: reason=class_check action=maybe_recompile pc=0x0000021007d02960 method=com.google.common.reflect.TypeVisitor.visit([Ljava/lang/reflect/Type;)V @ 99 c2
Event: 5.338 Thread 0x000002102d085b80 DEOPT PACKING pc=0x0000021007d02960 sp=0x0000009f948f97c0
Event: 5.338 Thread 0x000002102d085b80 DEOPT UNPACKING pc=0x00000210074a23a3 sp=0x0000009f948f97e0 mode 2

Classes unloaded (0 events):
No events

Classes redefined (0 events):
No events

Internal exceptions (20 events):
Event: 5.163 Thread 0x000002102d085b80 Exception <a 'java/lang/ClassNotFoundException'{0x00000000ef861c20}: org/gradle/api/tasks/compile/CompileOptions_DecoratedCustomizer> (0x00000000ef861c20) 
thrown [s\open\src\hotspot\share\classfile\systemDictionary.cpp, line 256]
Event: 5.187 Thread 0x000002102d085b80 Exception <a 'java/lang/ClassNotFoundException'{0x00000000ef7c3af0}: org/gradle/api/plugins/ConventionBeanInfo> (0x00000000ef7c3af0) 
thrown [s\open\src\hotspot\share\classfile\systemDictionary.cpp, line 256]
Event: 5.187 Thread 0x000002102d085b80 Exception <a 'java/lang/ClassNotFoundException'{0x00000000ef7cf478}: org/gradle/api/plugins/ConventionCustomizer> (0x00000000ef7cf478) 
thrown [s\open\src\hotspot\share\classfile\systemDictionary.cpp, line 256]
Event: 5.188 Thread 0x000002102d085b80 Exception <a 'java/lang/ClassNotFoundException'{0x00000000ef7e97b0}: org/gradle/api/plugins/ExtensionContainerBeanInfo> (0x00000000ef7e97b0) 
thrown [s\open\src\hotspot\share\classfile\systemDictionary.cpp, line 256]
Event: 5.188 Thread 0x000002102d085b80 Exception <a 'java/lang/ClassNotFoundException'{0x00000000ef7f5230}: org/gradle/api/plugins/ExtensionContainerCustomizer> (0x00000000ef7f5230) 
thrown [s\open\src\hotspot\share\classfile\systemDictionary.cpp, line 256]
Event: 5.189 Thread 0x000002102d085b80 Exception <a 'java/lang/ClassNotFoundException'{0x00000000ef61f320}: org/gradle/api/internal/plugins/ExtensionContainerInternalBeanInfo> (0x00000000ef61f320) 
thrown [s\open\src\hotspot\share\classfile\systemDictionary.cpp, line 256]
Event: 5.189 Thread 0x000002102d085b80 Exception <a 'java/lang/ClassNotFoundException'{0x00000000ef62b0f8}: org/gradle/api/internal/plugins/ExtensionContainerInternalCustomizer> (0x00000000ef62b0f8) 
thrown [s\open\src\hotspot\share\classfile\systemDictionary.cpp, line 256]
Event: 5.192 Thread 0x000002102d085b80 Exception <a 'java/lang/ClassNotFoundException'{0x00000000ef659618}: java/io/FileBeanInfo> (0x00000000ef659618) 
thrown [s\open\src\hotspot\share\classfile\systemDictionary.cpp, line 256]
Event: 5.192 Thread 0x000002102d085b80 Exception <a 'java/lang/ClassNotFoundException'{0x00000000ef65fb70}: java/io/FileCustomizer> (0x00000000ef65fb70) 
thrown [s\open\src\hotspot\share\classfile\systemDictionary.cpp, line 256]
Event: 5.208 Thread 0x000002102d085b80 Exception <a 'java/lang/ClassNotFoundException'{0x00000000ef40b190}: java/util/ArrayListBeanInfo> (0x00000000ef40b190) 
thrown [s\open\src\hotspot\share\classfile\systemDictionary.cpp, line 256]
Event: 5.208 Thread 0x000002102d085b80 Exception <a 'java/lang/ClassNotFoundException'{0x00000000ef411858}: java/util/AbstractListBeanInfo> (0x00000000ef411858) 
thrown [s\open\src\hotspot\share\classfile\systemDictionary.cpp, line 256]
Event: 5.208 Thread 0x000002102d085b80 Exception <a 'java/lang/ClassNotFoundException'{0x00000000ef417f20}: java/util/AbstractListCustomizer> (0x00000000ef417f20) 
thrown [s\open\src\hotspot\share\classfile\systemDictionary.cpp, line 256]
Event: 5.209 Thread 0x000002102d085b80 Exception <a 'java/lang/ClassNotFoundException'{0x00000000ef429550}: java/util/ArrayListCustomizer> (0x00000000ef429550) 
thrown [s\open\src\hotspot\share\classfile\systemDictionary.cpp, line 256]
Event: 5.214 Thread 0x000002102d085b80 Implicit null exception at 0x0000021007e687a0 to 0x0000021007e69254
Event: 5.214 Thread 0x000002102d085b80 Implicit null exception at 0x0000021007de409a to 0x0000021007de4ae4
Event: 5.265 Thread 0x000002102d085b80 Exception <a 'java/lang/NoSuchMethodError'{0x00000000ef195df8}: 'int java.lang.invoke.DirectMethodHandle$Holder.invokeInterface(java.lang.Object, java.lang.Object, java.lang.Object, java.lang.Object)'> (0x00000000ef195df8) 
thrown [s\open\src\hotspot\share\interpreter\linkResolver.cpp, line 759]
Event: 5.301 Thread 0x000002102d085b80 Exception <a 'java/lang/NoSuchMethodError'{0x00000000eee710e0}: 'java.lang.Object java.lang.invoke.DirectMethodHandle$Holder.newInvokeSpecial(java.lang.Object, java.lang.Object, int)'> (0x00000000eee710e0) 
thrown [s\open\src\hotspot\share\interpreter\linkResolver.cpp, line 759]
Event: 5.328 Thread 0x000002102d085b80 Exception <a 'java/lang/NoSuchMethodError'{0x00000000eec291a8}: 'java.lang.Object java.lang.invoke.DirectMethodHandle$Holder.newInvokeSpecial(java.lang.Object, java.lang.Object, java.lang.Object, java.lang.Object, java.lang.Object, java.lang.Object, int)'> (0x00000000eec291a8) 
thrown [s\open\src\hotspot\share\interpreter\linkResolver.cpp, line 759]
Event: 5.329 Thread 0x000002102d085b80 Exception <a 'java/lang/NoSuchMethodError'{0x00000000eec2e9e0}: 'java.lang.Object java.lang.invoke.DirectMethodHandle$Holder.invokeSpecial(java.lang.Object, java.lang.Object, java.lang.Object, java.lang.Object, java.lang.Object, java.lang.Object, java.lang.Object, int)'> (0x00000000eec2e9e0) 
thrown [s\open\src\hotspot\share\interpreter\linkResolver.cpp, line 759]
Event: 5.329 Thread 0x000002102d085b80 Exception <a 'java/lang/NoSuchMethodError'{0x00000000eec33e00}: 'java.lang.Object java.lang.invoke.Invokers$Holder.linkToTargetMethod(java.lang.Object, java.lang.Object, java.lang.Object, java.lang.Object, java.lang.Object, int, java.lang.Object)'> (0x00000000eec33e00) 
thrown [s\open\src\hotspot\share\interpreter\linkResolver.cpp, line 759]

VM Operations (20 events):
Event: 4.261 Executing VM operation: HandshakeAllThreads
Event: 4.261 Executing VM operation: HandshakeAllThreads done
Event: 4.275 Executing VM operation: HandshakeAllThreads
Event: 4.275 Executing VM operation: HandshakeAllThreads done
Event: 4.353 Executing VM operation: ICBufferFull
Event: 4.353 Executing VM operation: ICBufferFull done
Event: 4.670 Executing VM operation: ICBufferFull
Event: 4.670 Executing VM operation: ICBufferFull done
Event: 5.029 Executing VM operation: ICBufferFull
Event: 5.029 Executing VM operation: ICBufferFull done
Event: 5.100 Executing VM operation: G1CollectForAllocation
Event: 5.111 Executing VM operation: G1CollectForAllocation done
Event: 5.179 Executing VM operation: HandshakeAllThreads
Event: 5.179 Executing VM operation: HandshakeAllThreads done
Event: 5.211 Executing VM operation: HandshakeAllThreads
Event: 5.211 Executing VM operation: HandshakeAllThreads done
Event: 5.257 Executing VM operation: HandshakeAllThreads
Event: 5.257 Executing VM operation: HandshakeAllThreads done
Event: 5.264 Executing VM operation: HandshakeAllThreads
Event: 5.264 Executing VM operation: HandshakeAllThreads done

Events (20 events):
Event: 5.192 loading class java/io/FileCustomizer
Event: 5.192 loading class java/io/FileCustomizer done
Event: 5.192 loading class java/io/FileCustomizer
Event: 5.192 loading class java/io/FileCustomizer done
Event: 5.207 loading class java/util/ArrayListBeanInfo
Event: 5.207 loading class java/util/ArrayListBeanInfo done
Event: 5.207 loading class java/util/ArrayListBeanInfo
Event: 5.207 loading class java/util/ArrayListBeanInfo done
Event: 5.208 loading class java/util/AbstractListBeanInfo
Event: 5.208 loading class java/util/AbstractListBeanInfo done
Event: 5.208 loading class java/util/AbstractListBeanInfo
Event: 5.208 loading class java/util/AbstractListBeanInfo done
Event: 5.208 loading class java/util/AbstractListCustomizer
Event: 5.208 loading class java/util/AbstractListCustomizer done
Event: 5.208 loading class java/util/AbstractListCustomizer
Event: 5.208 loading class java/util/AbstractListCustomizer done
Event: 5.209 loading class java/util/ArrayListCustomizer
Event: 5.209 loading class java/util/ArrayListCustomizer done
Event: 5.209 loading class java/util/ArrayListCustomizer
Event: 5.209 loading class java/util/ArrayListCustomizer done


Dynamic libraries:
0x00007ff66a7d0000 - 0x00007ff66a7e0000 	C:\Program Files\Java\jdk-17\bin\java.exe
0x00007ff8bbdf0000 - 0x00007ff8bc007000 	C:\WINDOWS\SYSTEM32\ntdll.dll
0x00007ff8ba2b0000 - 0x00007ff8ba374000 	C:\WINDOWS\System32\KERNEL32.DLL
0x00007ff8b9210000 - 0x00007ff8b95b6000 	C:\WINDOWS\System32\KERNELBASE.dll
0x00007ff8b9640000 - 0x00007ff8b9751000 	C:\WINDOWS\System32\ucrtbase.dll
0x00007ff898610000 - 0x00007ff898629000 	C:\Program Files\Java\jdk-17\bin\jli.dll
0x00007ff896420000 - 0x00007ff89643b000 	C:\Program Files\Java\jdk-17\bin\VCRUNTIME140.dll
0x00007ff8bae60000 - 0x00007ff8baf10000 	C:\WINDOWS\System32\ADVAPI32.dll
0x00007ff8bb8d0000 - 0x00007ff8bb977000 	C:\WINDOWS\System32\msvcrt.dll
0x00007ff8ba930000 - 0x00007ff8ba9d6000 	C:\WINDOWS\System32\sechost.dll
0x00007ff8baad0000 - 0x00007ff8babe7000 	C:\WINDOWS\System32\RPCRT4.dll
0x00007ff8ba100000 - 0x00007ff8ba2ad000 	C:\WINDOWS\System32\USER32.dll
0x00007ff8b9170000 - 0x00007ff8b9196000 	C:\WINDOWS\System32\win32u.dll
0x00007ff8b9fd0000 - 0x00007ff8b9ff9000 	C:\WINDOWS\System32\GDI32.dll
0x00007ff8b9a30000 - 0x00007ff8b9b48000 	C:\WINDOWS\System32\gdi32full.dll
0x00007ff8a4040000 - 0x00007ff8a42d3000 	C:\WINDOWS\WinSxS\amd64_microsoft.windows.common-controls_6595b64144ccf1df_6.0.22621.2361_none_2712ced57382f843\COMCTL32.dll
0x00007ff8b98d0000 - 0x00007ff8b996a000 	C:\WINDOWS\System32\msvcp_win.dll
0x00007ff8b1380000 - 0x00007ff8b138a000 	C:\WINDOWS\SYSTEM32\VERSION.dll
0x00007ff8bbd60000 - 0x00007ff8bbd91000 	C:\WINDOWS\System32\IMM32.DLL
0x00007ff8a7370000 - 0x00007ff8a737c000 	C:\Program Files\Java\jdk-17\bin\vcruntime140_1.dll
0x00007ff8906f0000 - 0x00007ff89077e000 	C:\Program Files\Java\jdk-17\bin\msvcp140.dll
0x00007ff84c6b0000 - 0x00007ff84d28e000 	C:\Program Files\Java\jdk-17\bin\server\jvm.dll
0x00007ff8ba000000 - 0x00007ff8ba008000 	C:\WINDOWS\System32\PSAPI.DLL
0x00007ff8b11d0000 - 0x00007ff8b1204000 	C:\WINDOWS\SYSTEM32\WINMM.dll
0x00007ff89a130000 - 0x00007ff89a139000 	C:\WINDOWS\SYSTEM32\WSOCK32.dll
0x00007ff8ba520000 - 0x00007ff8ba591000 	C:\WINDOWS\System32\WS2_32.dll
0x00007ff8b8110000 - 0x00007ff8b8128000 	C:\WINDOWS\SYSTEM32\kernel.appcore.dll
0x00007ff89a120000 - 0x00007ff89a12a000 	C:\Program Files\Java\jdk-17\bin\jimage.dll
0x00007ff8b6b70000 - 0x00007ff8b6d9e000 	C:\WINDOWS\SYSTEM32\DBGHELP.DLL
0x00007ff8ba5a0000 - 0x00007ff8ba92a000 	C:\WINDOWS\System32\combase.dll
0x00007ff8bb990000 - 0x00007ff8bba67000 	C:\WINDOWS\System32\OLEAUT32.dll
0x00007ff8ab300000 - 0x00007ff8ab332000 	C:\WINDOWS\SYSTEM32\dbgcore.DLL
0x00007ff8b95c0000 - 0x00007ff8b963a000 	C:\WINDOWS\System32\bcryptPrimitives.dll
0x00007ff8988a0000 - 0x00007ff8988ae000 	C:\Program Files\Java\jdk-17\bin\instrument.dll
0x00007ff88e8a0000 - 0x00007ff88e8c5000 	C:\Program Files\Java\jdk-17\bin\java.dll
0x00007ff876860000 - 0x00007ff876937000 	C:\Program Files\Java\jdk-17\bin\jsvml.dll
0x00007ff8bb070000 - 0x00007ff8bb8c8000 	C:\WINDOWS\System32\SHELL32.dll
0x00007ff8b7080000 - 0x00007ff8b7972000 	C:\WINDOWS\SYSTEM32\windows.storage.dll
0x00007ff8b6f40000 - 0x00007ff8b707e000 	C:\WINDOWS\SYSTEM32\wintypes.dll
0x00007ff8bbc40000 - 0x00007ff8bbd33000 	C:\WINDOWS\System32\SHCORE.dll
0x00007ff8ba9e0000 - 0x00007ff8baa3e000 	C:\WINDOWS\System32\shlwapi.dll
0x00007ff8b90a0000 - 0x00007ff8b90c6000 	C:\WINDOWS\SYSTEM32\profapi.dll
0x00007ff88b4a0000 - 0x00007ff88b4b8000 	C:\Program Files\Java\jdk-17\bin\zip.dll
0x00007ff88e880000 - 0x00007ff88e899000 	C:\Program Files\Java\jdk-17\bin\net.dll
0x00007ff8b29d0000 - 0x00007ff8b2b07000 	C:\WINDOWS\SYSTEM32\WINHTTP.dll
0x00007ff8b85e0000 - 0x00007ff8b8649000 	C:\WINDOWS\system32\mswsock.dll
0x00007ff88b540000 - 0x00007ff88b556000 	C:\Program Files\Java\jdk-17\bin\nio.dll
0x00007ff898b50000 - 0x00007ff898b60000 	C:\Program Files\Java\jdk-17\bin\verify.dll
0x00007ff84bb50000 - 0x00007ff84bb77000 	C:\Users\82108\.gradle\native\68d5fa5c4cc2d200863cafc0d521ce42e7d3e7ee720ec0a83991735586a16f82\windows-amd64\native-platform.dll
0x00007ff843480000 - 0x00007ff8435c4000 	C:\Users\82108\.gradle\native\e376f236ea51e6404a007f0833ffe2c6e607c4080706a723a18a27aeea778392\windows-amd64\native-platform-file-events.dll
0x00007ff898870000 - 0x00007ff89887a000 	C:\Program Files\Java\jdk-17\bin\management.dll
0x00007ff898600000 - 0x00007ff89860b000 	C:\Program Files\Java\jdk-17\bin\management_ext.dll
0x00007ff8b8900000 - 0x00007ff8b891b000 	C:\WINDOWS\SYSTEM32\CRYPTSP.dll
0x00007ff8b80d0000 - 0x00007ff8b8105000 	C:\WINDOWS\system32\rsaenh.dll
0x00007ff8b8680000 - 0x00007ff8b86ac000 	C:\WINDOWS\SYSTEM32\USERENV.dll
0x00007ff8b8a20000 - 0x00007ff8b8a48000 	C:\WINDOWS\SYSTEM32\bcrypt.dll
0x00007ff8b88e0000 - 0x00007ff8b88ec000 	C:\WINDOWS\SYSTEM32\CRYPTBASE.dll
0x00007ff8b7be0000 - 0x00007ff8b7c0d000 	C:\WINDOWS\SYSTEM32\IPHLPAPI.DLL
0x00007ff8baf10000 - 0x00007ff8baf19000 	C:\WINDOWS\System32\NSI.dll
0x00007ff8b1bd0000 - 0x00007ff8b1be9000 	C:\WINDOWS\SYSTEM32\dhcpcsvc6.DLL
0x00007ff8b1bb0000 - 0x00007ff8b1bcf000 	C:\WINDOWS\SYSTEM32\dhcpcsvc.DLL
0x00007ff8b7c50000 - 0x00007ff8b7d49000 	C:\WINDOWS\SYSTEM32\DNSAPI.dll
0x00007ff897960000 - 0x00007ff89796e000 	C:\Program Files\Java\jdk-17\bin\sunmscapi.dll
0x00007ff8b9760000 - 0x00007ff8b98c6000 	C:\WINDOWS\System32\CRYPT32.dll
0x00007ff8b89f0000 - 0x00007ff8b8a1d000 	C:\WINDOWS\SYSTEM32\ncrypt.dll
0x00007ff8b89b0000 - 0x00007ff8b89e7000 	C:\WINDOWS\SYSTEM32\NTASN1.dll
0x00007ff897880000 - 0x00007ff897888000 	C:\WINDOWS\system32\wshunix.dll

dbghelp: loaded successfully - version: 4.0.5 - missing functions: none
symbol engine: initialized successfully - sym options: 0x614 - pdb path: .;C:\Program Files\Java\jdk-17\bin;C:\WINDOWS\SYSTEM32;C:\WINDOWS\WinSxS\amd64_microsoft.windows.common-controls_6595b64144ccf1df_6.0.22621.2361_none_2712ced57382f843;C:\Program Files\Java\jdk-17\bin\server;C:\Users\82108\.gradle\native\68d5fa5c4cc2d200863cafc0d521ce42e7d3e7ee720ec0a83991735586a16f82\windows-amd64;C:\Users\82108\.gradle\native\e376f236ea51e6404a007f0833ffe2c6e607c4080706a723a18a27aeea778392\windows-amd64

VM Arguments:
jvm_args: --add-opens=java.base/java.util=ALL-UNNAMED --add-opens=java.base/java.lang=ALL-UNNAMED --add-opens=java.base/java.lang.invoke=ALL-UNNAMED --add-opens=java.prefs/java.util.prefs=ALL-UNNAMED --add-opens=java.base/java.nio.charset=ALL-UNNAMED --add-opens=java.base/java.net=ALL-UNNAMED --add-opens=java.base/java.util.concurrent.atomic=ALL-UNNAMED -XX:MaxMetaspaceSize=384m -XX:+HeapDumpOnOutOfMemoryError -Xms256m -Xmx512m -Dfile.encoding=x-windows-949 -Duser.country=KR -Duser.language=ko -Duser.variant -javaagent:C:\Users\82108\.gradle\wrapper\dists\gradle-8.2.1-bin\5hap6b9n41hkg4jeh2au2pllh\gradle-8.2.1\lib\agents\gradle-instrumentation-agent-8.2.1.jar 
java_command: org.gradle.launcher.daemon.bootstrap.GradleDaemon 8.2.1
java_class_path (initial): C:\Users\82108\.gradle\wrapper\dists\gradle-8.2.1-bin\5hap6b9n41hkg4jeh2au2pllh\gradle-8.2.1\lib\gradle-launcher-8.2.1.jar
Launcher Type: SUN_STANDARD

[Global flags]
     intx CICompilerCount                          = 12                                        {product} {ergonomic}
   size_t CompressedClassSpaceSize                 = 335544320                                 {product} {ergonomic}
     uint ConcGCThreads                            = 3                                         {product} {ergonomic}
     uint G1ConcRefinementThreads                  = 13                                        {product} {ergonomic}
   size_t G1HeapRegionSize                         = 1048576                                   {product} {ergonomic}
    uintx GCDrainStackTargetSize                   = 64                                        {product} {ergonomic}
     bool HeapDumpOnOutOfMemoryError               = true                                   {manageable} {command line}
   size_t InitialHeapSize                          = 268435456                                 {product} {command line}
   size_t MarkStackSize                            = 4194304                                   {product} {ergonomic}
   size_t MaxHeapSize                              = 536870912                                 {product} {command line}
   size_t MaxMetaspaceSize                         = 402653184                                 {product} {command line}
   size_t MaxNewSize                               = 321912832                                 {product} {ergonomic}
   size_t MinHeapDeltaBytes                        = 1048576                                   {product} {ergonomic}
   size_t MinHeapSize                              = 268435456                                 {product} {command line}
    uintx NonNMethodCodeHeapSize                   = 7602480                                {pd product} {ergonomic}
    uintx NonProfiledCodeHeapSize                  = 122027880                              {pd product} {ergonomic}
    uintx ProfiledCodeHeapSize                     = 122027880                              {pd product} {ergonomic}
    uintx ReservedCodeCacheSize                    = 251658240                              {pd product} {ergonomic}
     bool SegmentedCodeCache                       = true                                      {product} {ergonomic}
   size_t SoftMaxHeapSize                          = 536870912                              {manageable} {ergonomic}
     bool UseCompressedClassPointers               = true                           {product lp64_product} {ergonomic}
     bool UseCompressedOops                        = true                           {product lp64_product} {ergonomic}
     bool UseG1GC                                  = true                                      {product} {ergonomic}
     bool UseLargePagesIndividualAllocation        = false                                  {pd product} {ergonomic}

Logging:
Log output configuration:
 #0: stdout all=warning uptime,level,tags
 #1: stderr all=off uptime,level,tags

Environment Variables:
PATH=C:\Python312\Scripts\;C:\Python312\;C:\Program Files\Common Files\Oracle\Java\javapath;C:\Python311\Scripts\;C:\Python311\;C:\Program Files (x86)\Razer Chroma SDK\bin;C:\Program Files\Razer Chroma SDK\bin;C:\Program Files (x86)\Razer\ChromaBroadcast\bin;C:\Program Files\Razer\ChromaBroadcast\bin;C:\Windows\system32;C:\Windows;C:\Windows\System32\Wbem;C:\Windows\System32\WindowsPowerShell\v1.0\;C:\Windows\System32\OpenSSH\;C:\Program Files (x86)\NVIDIA Corporation\PhysX\Common;C:\WINDOWS\system32;C:\WINDOWS;C:\WINDOWS\System32\Wbem;C:\WINDOWS\System32\WindowsPowerShell\v1.0\;C:\WINDOWS\System32\OpenSSH\;C:\ProgramData\Anaconda3\Library;C:\Program Files\dotnet\;C:\WINDOWS\system32\config\systemprofile\AppData\Local\Microsoft\WindowsApps;C:\ProgramData\chocolatey\bin;C:\Program Files\MySQL\MySQL Server 8.0\bin;C:\Program Files\Git\cmd;C:\Users\82108\AppData\Local\Android\Sdk\platform-tools\adb;C:\Users\82108\Desktop\graduateProject\flutter\bin;C:\Program Files (x86)\Windows Kits\10\Windows Performance Toolkit\;C:\Program;C:\Program Files\Docker\Docker\resources\bin;C:\Program Files\nodejs;C:\Program Files\PuTTY\;C:\Program Files\nodejs\;C:\Users\82108\AppData\Local\Microsoft\WindowsApps;C:\Program Files\JetBrains\IntelliJ IDEA Community Edition 2022.1.3\bin;;C:\Program Files\JetBrains\IntelliJ IDEA 2022.1.3\bin;;C:\Users\82108\AppData\Local\Programs\Microsoft VS Code\bin;C:\Users\82108\AppData\Roaming\Python\Python311\Scripts;C:\Program Files\nodejs\node_modules\npm\bin;C:\Program Files\Multipass\bin;C:\Users\82108\AppData\Roaming\npm
USERNAME=ع
OS=Windows_NT
PROCESSOR_IDENTIFIER=AMD64 Family 25 Model 80 Stepping 0, AuthenticAMD



---------------  S Y S T E M  ---------------

OS:
 Windows 11 , 64 bit Build 22621 (10.0.22621.2428)
OS uptime: 0 days 1:32 hours
Hyper-V role detected

CPU: total 16 (initial active 16) (16 cores per cpu, 2 threads per core) family 25 model 80 stepping 0 microcode 0x0, cx8, cmov, fxsr, ht, mmx, 3dnowpref, sse, sse2, sse3, ssse3, sse4a, sse4.1, sse4.2, popcnt, lzcnt, tsc, tscinvbit, avx, avx2, aes, erms, clmul, bmi1, bmi2, adx, sha, fma, vzeroupper, clflush, clflushopt, hv

Memory: 4k page, system-wide physical 15776M (2244M free)
TotalPageFile size 18644M (AvailPageFile size 4M)
current process WorkingSet (physical memory assigned to process): 458M, peak: 461M
current process commit charge ("private bytes"): 572M, peak: 577M

vm_info: Java HotSpot(TM) 64-Bit Server VM (17.0.8+9-LTS-211) for windows-amd64 JRE (17.0.8+9-LTS-211), built on Jun 14 2023 10:34:31 by "mach5one" with MS VC++ 17.1 (VS2022)

END.
