#
# There is insufficient memory for the Java Runtime Environment to continue.
# Native memory allocation (mmap) failed to map 65536 bytes for Failed to commit metaspace.
# Possible reasons:
#   The system is out of physical RAM or swap space
#   The process is running with CompressedOops enabled, and the Java Heap may be blocking the growth of the native heap
# Possible solutions:
#   Reduce memory load on the system
#   Increase physical memory or swap space
#   Check if swap backing store is full
#   Decrease Java heap size (-Xmx/-Xms)
#   Decrease number of Java threads
#   Decrease Java thread stack sizes (-Xss)
#   Set larger code cache with -XX:ReservedCodeCacheSize=
#   JVM is running with Unscaled Compressed Oops mode in which the Java heap is
#     placed in the first 4GB address space. The Java Heap base address is the
#     maximum limit for the native heap growth. Please use -XX:HeapBaseMinAddress
#     to set the Java Heap base and to place the Java Heap above 4GB virtual address.
# This output file may be truncated or incomplete.
#
#  Out of Memory Error (virtualSpaceNode.cpp:110), pid=22376, tid=22416
#
# JRE version: OpenJDK Runtime Environment Temurin-17.0.8.1+1 (17.0.8.1+1) (build 17.0.8.1+1)
# Java VM: OpenJDK 64-Bit Server VM Temurin-17.0.8.1+1 (17.0.8.1+1, mixed mode, tiered, compressed oops, compressed class ptrs, parallel gc, windows-amd64)
# No core dump will be written. Minidumps are not enabled by default on client versions of Windows
#

---------------  S U M M A R Y ------------

Command Line: --add-modules=ALL-SYSTEM --add-opens=java.base/java.util=ALL-UNNAMED --add-opens=java.base/java.lang=ALL-UNNAMED --add-opens=java.base/sun.nio.fs=ALL-UNNAMED -Declipse.application=org.eclipse.jdt.ls.core.id1 -Dosgi.bundles.defaultStartLevel=4 -Declipse.product=org.eclipse.jdt.ls.core.product -Djava.import.generatesMetadataFilesAtProjectRoot=false -DDetectVMInstallationsJob.disabled=true -Dfile.encoding=utf8 -XX:+UseParallelGC -XX:GCTimeRatio=4 -XX:AdaptiveSizePolicyWeight=90 -Dsun.zip.disableMemoryMapping=true -Xmx1G -Xms100m -Xlog:disable -javaagent:c:\Users\82108\.vscode\extensions\redhat.java-1.24.0-win32-x64\lombok\lombok-1.18.30.jar c:\Users\82108\.vscode\extensions\redhat.java-1.24.0-win32-x64\server\plugins\org.eclipse.equinox.launcher_1.6.500.v20230717-2134.jar -configuration c:\Users\82108\AppData\Roaming\Code\User\globalStorage\redhat.java\1.24.0\config_ss_win -data c:\Users\82108\AppData\Roaming\Code\User\workspaceStorage\740c66f5cd50fe0a3edb6dcfc964f0d0\redhat.java\ss_ws --stdio

Host: AMD Ryzen 9 5900HS with Radeon Graphics        , 16 cores, 15G,  Windows 11 , 64 bit Build 22621 (10.0.22621.2428)
Time: Thu Nov 16 00:26:54 2023  Windows 11 , 64 bit Build 22621 (10.0.22621.2428) elapsed time: 1.456520 seconds (0d 0h 0m 1s)

---------------  T H R E A D  ---------------

Current thread (0x00000280f28f4170):  JavaThread "Start Level: Equinox Container: 009e8da8-a9e0-4b9e-a847-43432b174725" daemon [_thread_in_vm, id=22416, stack(0x000000f6d2d00000,0x000000f6d2e00000)]

Stack: [0x000000f6d2d00000,0x000000f6d2e00000]
Native frames: (J=compiled Java code, j=interpreted, Vv=VM code, C=native code)
V  [jvm.dll+0x678b0a]
V  [jvm.dll+0x835e84]
V  [jvm.dll+0x83762e]
V  [jvm.dll+0x837c93]
V  [jvm.dll+0x24746f]
V  [jvm.dll+0x831f1b]
V  [jvm.dll+0x61d3c6]
V  [jvm.dll+0x1c1aae]
V  [jvm.dll+0x61fd21]
V  [jvm.dll+0x61dd66]
V  [jvm.dll+0x36dea2]
V  [jvm.dll+0x1e35ab]
V  [jvm.dll+0x53fbc9]
V  [jvm.dll+0x7b1278]
V  [jvm.dll+0x7b1364]
V  [jvm.dll+0x40ecc5]
V  [jvm.dll+0x414e18]
C  [java.dll+0x17ec]

Java frames: (J=compiled Java code, j=interpreted, Vv=VM code)
J 1152  java.lang.ClassLoader.defineClass1(Ljava/lang/ClassLoader;Ljava/lang/String;[BIILjava/security/ProtectionDomain;Ljava/lang/String;)Ljava/lang/Class; java.base@17.0.8.1 (0 bytes) @ 0x00000280e0f3b55b [0x00000280e0f3b4a0+0x00000000000000bb]
J 1800 c1 java.lang.ClassLoader.defineClass(Ljava/lang/String;[BIILjava/security/ProtectionDomain;)Ljava/lang/Class; java.base@17.0.8.1 (43 bytes) @ 0x00000280d966ebd4 [0x00000280d966e880+0x0000000000000354]
J 1896 c1 org.eclipse.osgi.internal.loader.ModuleClassLoader.defineClass(Ljava/lang/String;[BLorg/eclipse/osgi/internal/loader/classpath/ClasspathEntry;)Lorg/eclipse/osgi/internal/loader/ModuleClassLoader$DefineClassResult; (138 bytes) @ 0x00000280d96b4bac [0x00000280d96b4940+0x000000000000026c]
J 2061 c1 org.eclipse.osgi.internal.loader.classpath.ClasspathManager.defineClass(Ljava/lang/String;[BLorg/eclipse/osgi/internal/loader/classpath/ClasspathEntry;Lorg/eclipse/osgi/storage/bundlefile/BundleEntry;Ljava/util/List;)Ljava/lang/Class; (636 bytes) @ 0x00000280d9705234 [0x00000280d9703860+0x00000000000019d4]
J 1845 c1 org.eclipse.osgi.internal.loader.classpath.ClasspathManager.findClassImpl(Ljava/lang/String;Lorg/eclipse/osgi/internal/loader/classpath/ClasspathEntry;Ljava/util/List;)Ljava/lang/Class; (308 bytes) @ 0x00000280d969ef4c [0x00000280d969c160+0x0000000000002dec]
J 1844 c1 org.eclipse.osgi.internal.loader.classpath.ClasspathManager.findLocalClassImpl(Ljava/lang/String;[Lorg/eclipse/osgi/internal/loader/classpath/ClasspathEntry;Ljava/util/List;)Ljava/lang/Class; (55 bytes) @ 0x00000280d9696f4c [0x00000280d9696dc0+0x000000000000018c]
J 2049 c1 org.eclipse.osgi.internal.loader.classpath.ClasspathManager.findLocalClassImpl(Ljava/lang/String;Ljava/util/List;)Ljava/lang/Class; (132 bytes) @ 0x00000280d96fc7d4 [0x00000280d96fc2c0+0x0000000000000514]
J 1836 c1 org.eclipse.osgi.internal.loader.classpath.ClasspathManager.findLocalClass(Ljava/lang/String;)Ljava/lang/Class; (210 bytes) @ 0x00000280d9689ebc [0x00000280d9689220+0x0000000000000c9c]
J 1834 c1 org.eclipse.osgi.internal.loader.BundleLoader.findLocalClass(Ljava/lang/String;)Ljava/lang/Class; (152 bytes) @ 0x00000280d968c1ec [0x00000280d968b9a0+0x000000000000084c]
J 1764 c1 org.eclipse.osgi.internal.loader.BundleLoader.findClass0(Ljava/lang/String;ZZ)Ljava/lang/Class; (466 bytes) @ 0x00000280d965d494 [0x00000280d965ada0+0x00000000000026f4]
J 1763 c1 org.eclipse.osgi.internal.loader.BundleLoader.findClass(Ljava/lang/String;)Ljava/lang/Class; (8 bytes) @ 0x00000280d965889c [0x00000280d9658820+0x000000000000007c]
J 1765 c1 org.eclipse.osgi.internal.loader.ModuleClassLoader.loadClass(Ljava/lang/String;Z)Ljava/lang/Class; (36 bytes) @ 0x00000280d96592bc [0x00000280d96590a0+0x000000000000021c]
J 827 c1 java.lang.ClassLoader.loadClass(Ljava/lang/String;)Ljava/lang/Class; java.base@17.0.8.1 (7 bytes) @ 0x00000280d948933c [0x00000280d9489240+0x00000000000000fc]
v  ~StubRoutines::call_stub
j  org.eclipse.jdt.internal.core.JavaModelManager.<init>()V+236
j  org.eclipse.jdt.internal.core.JavaModelManager.<clinit>()V+87
v  ~StubRoutines::call_stub
j  org.eclipse.jdt.core.JavaCore.start(Lorg/osgi/framework/BundleContext;)V+6
j  org.eclipse.osgi.internal.framework.BundleContextImpl$2.run()Ljava/lang/Void;+23
j  org.eclipse.osgi.internal.framework.BundleContextImpl$2.run()Ljava/lang/Object;+1
J 932 c1 java.security.AccessController.executePrivileged(Ljava/security/PrivilegedExceptionAction;Ljava/security/AccessControlContext;Ljava/lang/Class;)Ljava/lang/Object; java.base@17.0.8.1 (65 bytes) @ 0x00000280d94c21b4 [0x00000280d94c2060+0x0000000000000154]
j  java.security.AccessController.doPrivileged(Ljava/security/PrivilegedExceptionAction;)Ljava/lang/Object;+9 java.base@17.0.8.1
j  org.eclipse.osgi.internal.framework.BundleContextImpl.startActivator(Lorg/osgi/framework/BundleActivator;)V+9
j  org.eclipse.osgi.internal.framework.BundleContextImpl.start()V+134
j  org.eclipse.osgi.internal.framework.EquinoxBundle.startWorker0()V+35
j  org.eclipse.osgi.internal.framework.EquinoxBundle$EquinoxModule.startWorker()V+4
j  org.eclipse.osgi.container.Module.doStart([Lorg/eclipse/osgi/container/Module$StartOptions;)Lorg/eclipse/osgi/container/ModuleContainerAdaptor$ModuleEvent;+190
J 2193 c1 org.eclipse.osgi.container.Module.start([Lorg/eclipse/osgi/container/Module$StartOptions;)V (655 bytes) @ 0x00000280d9752654 [0x00000280d97502e0+0x0000000000002374]
j  org.eclipse.osgi.framework.util.SecureAction.start(Lorg/eclipse/osgi/container/Module;[Lorg/eclipse/osgi/container/Module$StartOptions;)V+8
J 1838 c1 org.eclipse.osgi.internal.hooks.EclipseLazyStarter.postFindLocalClass(Ljava/lang/String;Ljava/lang/Class;Lorg/eclipse/osgi/internal/loader/classpath/ClasspathManager;)V (394 bytes) @ 0x00000280d968f15c [0x00000280d968e1e0+0x0000000000000f7c]
J 1836 c1 org.eclipse.osgi.internal.loader.classpath.ClasspathManager.findLocalClass(Ljava/lang/String;)Ljava/lang/Class; (210 bytes) @ 0x00000280d968a1d4 [0x00000280d9689220+0x0000000000000fb4]
J 1834 c1 org.eclipse.osgi.internal.loader.BundleLoader.findLocalClass(Ljava/lang/String;)Ljava/lang/Class; (152 bytes) @ 0x00000280d968c1ec [0x00000280d968b9a0+0x000000000000084c]
J 2048 c1 org.eclipse.osgi.internal.loader.sources.SingleSourcePackage.loadClass(Ljava/lang/String;)Ljava/lang/Class; (9 bytes) @ 0x00000280d96fbebc [0x00000280d96fbdc0+0x00000000000000fc]
J 1764 c1 org.eclipse.osgi.internal.loader.BundleLoader.findClass0(Ljava/lang/String;ZZ)Ljava/lang/Class; (466 bytes) @ 0x00000280d965d39c [0x00000280d965ada0+0x00000000000025fc]
J 1763 c1 org.eclipse.osgi.internal.loader.BundleLoader.findClass(Ljava/lang/String;)Ljava/lang/Class; (8 bytes) @ 0x00000280d965889c [0x00000280d9658820+0x000000000000007c]
J 1765 c1 org.eclipse.osgi.internal.loader.ModuleClassLoader.loadClass(Ljava/lang/String;Z)Ljava/lang/Class; (36 bytes) @ 0x00000280d96592bc [0x00000280d96590a0+0x000000000000021c]
J 827 c1 java.lang.ClassLoader.loadClass(Ljava/lang/String;)Ljava/lang/Class; java.base@17.0.8.1 (7 bytes) @ 0x00000280d948933c [0x00000280d9489240+0x00000000000000fc]
v  ~StubRoutines::call_stub
j  java.lang.Class.getDeclaredConstructors0(Z)[Ljava/lang/reflect/Constructor;+0 java.base@17.0.8.1
j  java.lang.Class.privateGetDeclaredConstructors(Z)[Ljava/lang/reflect/Constructor;+52 java.base@17.0.8.1
j  java.lang.Class.getConstructor0([Ljava/lang/Class;I)Ljava/lang/reflect/Constructor;+14 java.base@17.0.8.1
j  java.lang.Class.getConstructor([Ljava/lang/Class;)Ljava/lang/reflect/Constructor;+24 java.base@17.0.8.1
j  org.eclipse.osgi.internal.framework.BundleContextImpl.loadBundleActivator()Lorg/osgi/framework/BundleActivator;+105
j  org.eclipse.osgi.internal.framework.BundleContextImpl.start()V+18
j  org.eclipse.osgi.internal.framework.EquinoxBundle.startWorker0()V+35
j  org.eclipse.osgi.internal.framework.EquinoxBundle$EquinoxModule.startWorker()V+4
j  org.eclipse.osgi.container.Module.doStart([Lorg/eclipse/osgi/container/Module$StartOptions;)Lorg/eclipse/osgi/container/ModuleContainerAdaptor$ModuleEvent;+190
j  org.eclipse.osgi.container.Module.start([Lorg/eclipse/osgi/container/Module$StartOptions;)V+460
j  org.eclipse.osgi.container.ModuleContainer$ContainerStartLevel$2.run()V+71
j  org.eclipse.osgi.internal.framework.EquinoxContainerAdaptor$1$1.execute(Ljava/lang/Runnable;)V+1
j  org.eclipse.osgi.container.ModuleContainer$ContainerStartLevel.incStartLevel(ILjava/util/List;Z)V+192
j  org.eclipse.osgi.container.ModuleContainer$ContainerStartLevel.incStartLevel(ILjava/util/List;Ljava/util/List;Ljava/util/List;Ljava/util/List;)V+19
j  org.eclipse.osgi.container.ModuleContainer$ContainerStartLevel.doContainerStartLevel(Lorg/eclipse/osgi/container/Module;I[Lorg/osgi/framework/FrameworkListener;)V+349
j  org.eclipse.osgi.container.ModuleContainer$ContainerStartLevel.dispatchEvent(Lorg/eclipse/osgi/container/Module;[Lorg/osgi/framework/FrameworkListener;ILjava/lang/Integer;)V+32
j  org.eclipse.osgi.container.ModuleContainer$ContainerStartLevel.dispatchEvent(Ljava/lang/Object;Ljava/lang/Object;ILjava/lang/Object;)V+15
j  org.eclipse.osgi.framework.eventmgr.EventManager.dispatchEvent(Ljava/util/Set;Lorg/eclipse/osgi/framework/eventmgr/EventDispatcher;ILjava/lang/Object;)V+48
j  org.eclipse.osgi.framework.eventmgr.EventManager$EventThread.run()V+26
v  ~StubRoutines::call_stub

---------------  P R O C E S S  ---------------

Threads class SMR info:
_java_thread_list=0x00000280f2cb4620, length=25, elements={
0x00000280d4eeda80, 0x00000280eaca4010, 0x00000280eaca5980, 0x00000280eacaa800,
0x00000280eacab2d0, 0x00000280eacac630, 0x00000280eacad790, 0x00000280efe19500,
0x00000280efe1a9c0, 0x00000280efe2c230, 0x00000280eff3c300, 0x00000280eff9dbf0,
0x00000280effa0120, 0x00000280effc87a0, 0x00000280effe71f0, 0x00000280f1f58b20,
0x00000280f2009460, 0x00000280f2967d20, 0x00000280f2975840, 0x00000280f28f4170,
0x00000280f2a2ce90, 0x00000280f29515b0, 0x00000280f28dfa90, 0x00000280f28e09c0,
0x00000280f28df070
}

Java Threads: ( => current thread )
  0x00000280d4eeda80 JavaThread "main" [_thread_blocked, id=24876, stack(0x000000f6d1200000,0x000000f6d1300000)]
  0x00000280eaca4010 JavaThread "Reference Handler" daemon [_thread_blocked, id=26184, stack(0x000000f6d1500000,0x000000f6d1600000)]
  0x00000280eaca5980 JavaThread "Finalizer" daemon [_thread_blocked, id=26240, stack(0x000000f6d1600000,0x000000f6d1700000)]
  0x00000280eacaa800 JavaThread "Signal Dispatcher" daemon [_thread_blocked, id=5544, stack(0x000000f6d1700000,0x000000f6d1800000)]
  0x00000280eacab2d0 JavaThread "Attach Listener" daemon [_thread_blocked, id=12008, stack(0x000000f6d1800000,0x000000f6d1900000)]
  0x00000280eacac630 JavaThread "Service Thread" daemon [_thread_blocked, id=22636, stack(0x000000f6d1900000,0x000000f6d1a00000)]
  0x00000280eacad790 JavaThread "Monitor Deflation Thread" daemon [_thread_blocked, id=11692, stack(0x000000f6d1a00000,0x000000f6d1b00000)]
  0x00000280efe19500 JavaThread "C2 CompilerThread0" daemon [_thread_blocked, id=4672, stack(0x000000f6d1b00000,0x000000f6d1c00000)]
  0x00000280efe1a9c0 JavaThread "C1 CompilerThread0" daemon [_thread_blocked, id=7240, stack(0x000000f6d1c00000,0x000000f6d1d00000)]
  0x00000280efe2c230 JavaThread "Sweeper thread" daemon [_thread_blocked, id=26388, stack(0x000000f6d1d00000,0x000000f6d1e00000)]
  0x00000280eff3c300 JavaThread "Common-Cleaner" daemon [_thread_blocked, id=23236, stack(0x000000f6d1e00000,0x000000f6d1f00000)]
  0x00000280eff9dbf0 JavaThread "C1 CompilerThread1" daemon [_thread_blocked, id=3784, stack(0x000000f6d1f00000,0x000000f6d2000000)]
  0x00000280effa0120 JavaThread "C1 CompilerThread2" daemon [_thread_blocked, id=11640, stack(0x000000f6d2000000,0x000000f6d2100000)]
  0x00000280effc87a0 JavaThread "C1 CompilerThread3" daemon [_thread_blocked, id=9464, stack(0x000000f6d2100000,0x000000f6d2200000)]
  0x00000280effe71f0 JavaThread "C2 CompilerThread1" daemon [_thread_blocked, id=26284, stack(0x000000f6d2200000,0x000000f6d2300000)]
  0x00000280f1f58b20 JavaThread "Notification Thread" daemon [_thread_blocked, id=21760, stack(0x000000f6d2300000,0x000000f6d2400000)]
  0x00000280f2009460 JavaThread "C2 CompilerThread2" daemon [_thread_blocked, id=15588, stack(0x000000f6d2500000,0x000000f6d2600000)]
  0x00000280f2967d20 JavaThread "Active Thread: Equinox Container: 009e8da8-a9e0-4b9e-a847-43432b174725" [_thread_blocked, id=23012, stack(0x000000f6d2b00000,0x000000f6d2c00000)]
  0x00000280f2975840 JavaThread "Framework Event Dispatcher: Equinox Container: 009e8da8-a9e0-4b9e-a847-43432b174725" daemon [_thread_blocked, id=20700, stack(0x000000f6d2c00000,0x000000f6d2d00000)]
=>0x00000280f28f4170 JavaThread "Start Level: Equinox Container: 009e8da8-a9e0-4b9e-a847-43432b174725" daemon [_thread_in_vm, id=22416, stack(0x000000f6d2d00000,0x000000f6d2e00000)]
  0x00000280f2a2ce90 JavaThread "SCR Component Actor" daemon [_thread_blocked, id=16820, stack(0x000000f6d2e00000,0x000000f6d2f00000)]
  0x00000280f29515b0 JavaThread "SCR Component Registry" daemon [_thread_blocked, id=23784, stack(0x000000f6d3100000,0x000000f6d3200000)]
  0x00000280f28dfa90 JavaThread "Worker-JM" [_thread_blocked, id=22664, stack(0x000000f6d3200000,0x000000f6d3300000)]
  0x00000280f28e09c0 JavaThread "Worker-0" [_thread_blocked, id=19292, stack(0x000000f6d3500000,0x000000f6d3600000)]
  0x00000280f28df070 JavaThread "Worker-1" [_thread_blocked, id=7752, stack(0x000000f6d3600000,0x000000f6d3700000)]

Other Threads:
  0x00000280eac92800 VMThread "VM Thread" [stack: 0x000000f6d1400000,0x000000f6d1500000] [id=6920]
  0x00000280f1ee2dc0 WatcherThread [stack: 0x000000f6d2400000,0x000000f6d2500000] [id=14952]
  0x00000280d4f00cd0 GCTaskThread "GC Thread#0" [stack: 0x000000f6d1300000,0x000000f6d1400000] [id=10960]
  0x00000280f1ffdfe0 GCTaskThread "GC Thread#1" [stack: 0x000000f6d2600000,0x000000f6d2700000] [id=26112]
  0x00000280f1ffe2a0 GCTaskThread "GC Thread#2" [stack: 0x000000f6d2700000,0x000000f6d2800000] [id=22308]
  0x00000280f1ffe560 GCTaskThread "GC Thread#3" [stack: 0x000000f6d2800000,0x000000f6d2900000] [id=24224]
  0x00000280f1ffe820 GCTaskThread "GC Thread#4" [stack: 0x000000f6d2900000,0x000000f6d2a00000] [id=12696]
  0x00000280f248cf90 GCTaskThread "GC Thread#5" [stack: 0x000000f6d2a00000,0x000000f6d2b00000] [id=24352]
  0x00000280f256a770 GCTaskThread "GC Thread#6" [stack: 0x000000f6d2f00000,0x000000f6d3000000] [id=8348]
  0x00000280f281b040 GCTaskThread "GC Thread#7" [stack: 0x000000f6d3000000,0x000000f6d3100000] [id=8904]
  0x00000280f2d76a40 GCTaskThread "GC Thread#8" [stack: 0x000000f6d3300000,0x000000f6d3400000] [id=12512]
  0x00000280f2d76d00 GCTaskThread "GC Thread#9" [stack: 0x000000f6d3400000,0x000000f6d3500000] [id=22612]
  0x00000280f2bf8c90 GCTaskThread "GC Thread#10" [stack: 0x000000f6d3700000,0x000000f6d3800000] [id=22788]

Threads with active compile tasks:

VM state: not at safepoint (normal execution)

VM Mutex/Monitor currently owned by a thread:  ([mutex/lock_event])
[0x00000280d4ee8560] Metaspace_lock - owner thread: 0x00000280f28f4170

Heap address: 0x00000000c0000000, size: 1024 MB, Compressed Oops mode: 32-bit

CDS archive(s) not mapped
Compressed class space mapped at: 0x0000000100000000-0x0000000140000000, reserved size: 1073741824
Narrow klass base: 0x0000000000000000, Narrow klass shift: 3, Narrow klass range: 0x140000000

GC Precious Log:
 CPUs: 16 total, 16 available
 Memory: 15776M
 Large Page Support: Disabled
 NUMA Support: Disabled
 Compressed Oops: Enabled (32-bit)
 Alignments: Space 512K, Generation 512K, Heap 2M
 Heap Min Capacity: 100M
 Heap Initial Capacity: 100M
 Heap Max Capacity: 1G
 Pre-touch: Disabled
 Parallel Workers: 13

Heap:
 PSYoungGen      total 29696K, used 6398K [0x00000000eab00000, 0x00000000ecc00000, 0x0000000100000000)
  eden space 25600K, 24% used [0x00000000eab00000,0x00000000eb13fb30,0x00000000ec400000)
  from space 4096K, 0% used [0x00000000ec800000,0x00000000ec800000,0x00000000ecc00000)
  to   space 4096K, 0% used [0x00000000ec400000,0x00000000ec400000,0x00000000ec800000)
 ParOldGen       total 68608K, used 6756K [0x00000000c0000000, 0x00000000c4300000, 0x00000000eab00000)
  object space 68608K, 9% used [0x00000000c0000000,0x00000000c0699378,0x00000000c4300000)
 Metaspace       used 22118K, committed 22528K, reserved 1114112K
  class space    used 2250K, committed 2432K, reserved 1048576K

Card table byte_map: [0x00000280e8520000,0x00000280e8730000] _byte_map_base: 0x00000280e7f20000

Marking Bits: (ParMarkBitMap*) 0x00007ff86d3483a0
 Begin Bits: [0x00000280e8890000, 0x00000280e9890000)
 End Bits:   [0x00000280e9890000, 0x00000280ea890000)

Polling page: 0x00000280d4fa0000

Metaspace:

Usage:
  Non-class:     19.40 MB used.
      Class:      2.20 MB used.
       Both:     21.60 MB used.

Virtual space:
  Non-class space:       64.00 MB reserved,      19.62 MB ( 31%) committed,  1 nodes.
      Class space:        1.00 GB reserved,       2.38 MB ( <1%) committed,  1 nodes.
             Both:        1.06 GB reserved,      22.00 MB (  2%) committed. 

Chunk freelists:
   Non-Class:  11.83 MB
       Class:  13.61 MB
        Both:  25.44 MB

MaxMetaspaceSize: unlimited
CompressedClassSpaceSize: 1.00 GB
Initial GC threshold: 21.00 MB
Current GC threshold: 35.00 MB
CDS: off
MetaspaceReclaimPolicy: balanced
 - commit_granule_bytes: 65536.
 - commit_granule_words: 8192.
 - virtual_space_node_default_size: 8388608.
 - enlarge_chunks_in_place: 1.
 - new_chunks_are_fully_committed: 0.
 - uncommit_free_chunks: 1.
 - use_allocation_guard: 0.
 - handle_deallocations: 1.


Internal statistics:

num_allocs_failed_limit: 3.
num_arena_births: 272.
num_arena_deaths: 14.
num_vsnodes_births: 2.
num_vsnodes_deaths: 0.
num_space_committed: 352.
num_space_uncommitted: 0.
num_chunks_returned_to_freelist: 17.
num_chunks_taken_from_freelist: 820.
num_chunk_merges: 4.
num_chunk_splits: 522.
num_chunks_enlarged: 355.
num_inconsistent_stats: 0.

CodeHeap 'non-profiled nmethods': size=119168Kb used=967Kb max_used=967Kb free=118200Kb
 bounds [0x00000280e0ed0000, 0x00000280e1140000, 0x00000280e8330000]
CodeHeap 'profiled nmethods': size=119104Kb used=4594Kb max_used=4594Kb free=114509Kb
 bounds [0x00000280d9330000, 0x00000280d97b0000, 0x00000280e0780000]
CodeHeap 'non-nmethods': size=7488Kb used=2882Kb max_used=2908Kb free=4605Kb
 bounds [0x00000280e0780000, 0x00000280e0a60000, 0x00000280e0ed0000]
 total_blobs=2846 nmethods=2352 adapters=405
 compilation: enabled
              stopped_count=0, restarted_count=0
 full_count=0

Compilation events (20 events):
Event: 1.432 Thread 0x00000280efe1a9c0 2344       3       org.lombokweb.asm.MethodVisitor::<init> (7 bytes)
Event: 1.432 Thread 0x00000280efe1a9c0 nmethod 2344 0x00000280d97a1910 code [0x00000280d97a1ac0, 0x00000280d97a1c08]
Event: 1.432 Thread 0x00000280efe1a9c0 2348       3       org.lombokweb.asm.MethodWriter::computeMethodInfoSize (571 bytes)
Event: 1.432 Thread 0x00000280effa0120 nmethod 2345 0x00000280d97a1c90 code [0x00000280d97a1ea0, 0x00000280d97a2558]
Event: 1.432 Thread 0x00000280effa0120 2346       3       org.lombokweb.asm.ClassVisitor::visitMethod (24 bytes)
Event: 1.432 Thread 0x00000280effc87a0 nmethod 2343 0x00000280d97a2790 code [0x00000280d97a2a00, 0x00000280d97a3578]
Event: 1.432 Thread 0x00000280effc87a0 2347       3       org.lombokweb.asm.MethodWriter::setMethodAttributesSource (17 bytes)
Event: 1.432 Thread 0x00000280effc87a0 nmethod 2347 0x00000280d97a3a90 code [0x00000280d97a3c20, 0x00000280d97a3d38]
Event: 1.432 Thread 0x00000280effc87a0 2349       3       org.lombokweb.asm.ByteVector::putByteArray (49 bytes)
Event: 1.432 Thread 0x00000280effa0120 nmethod 2346 0x00000280d97a3e10 code [0x00000280d97a3fc0, 0x00000280d97a41e8]
Event: 1.433 Thread 0x00000280effc87a0 nmethod 2349 0x00000280d97a4310 code [0x00000280d97a44c0, 0x00000280d97a4798]
Event: 1.433 Thread 0x00000280effe71f0 nmethod 2350 0x00000280e0fbf190 code [0x00000280e0fbf300, 0x00000280e0fbf3f8]
Event: 1.433 Thread 0x00000280effe71f0 2351       4       org.lombokweb.asm.Symbol::<init> (38 bytes)
Event: 1.433 Thread 0x00000280efe1a9c0 nmethod 2348 0x00000280d97a4890 code [0x00000280d97a4bc0, 0x00000280d97a5b68]
Event: 1.433 Thread 0x00000280effe71f0 nmethod 2351 0x00000280e0fbf510 code [0x00000280e0fbf680, 0x00000280e0fbf738]
Event: 1.435 Thread 0x00000280eff9dbf0 nmethod 2340 0x00000280d97a6210 code [0x00000280d97a6960, 0x00000280d97aaf28]
Event: 1.438 Thread 0x00000280f2009460 nmethod 2337 0x00000280e0fbf810 code [0x00000280e0fbf9c0, 0x00000280e0fc0318]
Event: 1.439 Thread 0x00000280effe71f0 2352       4       java.util.ArrayList$SubList$1::hasNext (20 bytes)
Event: 1.439 Thread 0x00000280effe71f0 nmethod 2352 0x00000280e0fc0890 code [0x00000280e0fc0a00, 0x00000280e0fc0a98]
Event: 1.440 Thread 0x00000280efe19500 nmethod 2338 0x00000280e0fc0b90 code [0x00000280e0fc0d40, 0x00000280e0fc1738]

GC Heap History (10 events):
Event: 0.588 GC heap before
{Heap before GC invocations=1 (full 0):
 PSYoungGen      total 29696K, used 25600K [0x00000000eab00000, 0x00000000ecc00000, 0x0000000100000000)
  eden space 25600K, 100% used [0x00000000eab00000,0x00000000ec400000,0x00000000ec400000)
  from space 4096K, 0% used [0x00000000ec800000,0x00000000ec800000,0x00000000ecc00000)
  to   space 4096K, 0% used [0x00000000ec400000,0x00000000ec400000,0x00000000ec800000)
 ParOldGen       total 68608K, used 0K [0x00000000c0000000, 0x00000000c4300000, 0x00000000eab00000)
  object space 68608K, 0% used [0x00000000c0000000,0x00000000c0000000,0x00000000c4300000)
 Metaspace       used 10627K, committed 10816K, reserved 1114112K
  class space    used 1060K, committed 1152K, reserved 1048576K
}
Event: 0.594 GC heap after
{Heap after GC invocations=1 (full 0):
 PSYoungGen      total 29696K, used 3221K [0x00000000eab00000, 0x00000000ecc00000, 0x0000000100000000)
  eden space 25600K, 0% used [0x00000000eab00000,0x00000000eab00000,0x00000000ec400000)
  from space 4096K, 78% used [0x00000000ec400000,0x00000000ec7256b0,0x00000000ec800000)
  to   space 4096K, 0% used [0x00000000ec800000,0x00000000ec800000,0x00000000ecc00000)
 ParOldGen       total 68608K, used 16K [0x00000000c0000000, 0x00000000c4300000, 0x00000000eab00000)
  object space 68608K, 0% used [0x00000000c0000000,0x00000000c0004000,0x00000000c4300000)
 Metaspace       used 10627K, committed 10816K, reserved 1114112K
  class space    used 1060K, committed 1152K, reserved 1048576K
}
Event: 1.000 GC heap before
{Heap before GC invocations=2 (full 0):
 PSYoungGen      total 29696K, used 28821K [0x00000000eab00000, 0x00000000ecc00000, 0x0000000100000000)
  eden space 25600K, 100% used [0x00000000eab00000,0x00000000ec400000,0x00000000ec400000)
  from space 4096K, 78% used [0x00000000ec400000,0x00000000ec7256b0,0x00000000ec800000)
  to   space 4096K, 0% used [0x00000000ec800000,0x00000000ec800000,0x00000000ecc00000)
 ParOldGen       total 68608K, used 16K [0x00000000c0000000, 0x00000000c4300000, 0x00000000eab00000)
  object space 68608K, 0% used [0x00000000c0000000,0x00000000c0004000,0x00000000c4300000)
 Metaspace       used 14546K, committed 14720K, reserved 1114112K
  class space    used 1459K, committed 1536K, reserved 1048576K
}
Event: 1.003 GC heap after
{Heap after GC invocations=2 (full 0):
 PSYoungGen      total 29696K, used 4066K [0x00000000eab00000, 0x00000000ecc00000, 0x0000000100000000)
  eden space 25600K, 0% used [0x00000000eab00000,0x00000000eab00000,0x00000000ec400000)
  from space 4096K, 99% used [0x00000000ec800000,0x00000000ecbf8a78,0x00000000ecc00000)
  to   space 4096K, 0% used [0x00000000ec400000,0x00000000ec400000,0x00000000ec800000)
 ParOldGen       total 68608K, used 812K [0x00000000c0000000, 0x00000000c4300000, 0x00000000eab00000)
  object space 68608K, 1% used [0x00000000c0000000,0x00000000c00cb020,0x00000000c4300000)
 Metaspace       used 14546K, committed 14720K, reserved 1114112K
  class space    used 1459K, committed 1536K, reserved 1048576K
}
Event: 1.285 GC heap before
{Heap before GC invocations=3 (full 0):
 PSYoungGen      total 29696K, used 29630K [0x00000000eab00000, 0x00000000ecc00000, 0x0000000100000000)
  eden space 25600K, 99% used [0x00000000eab00000,0x00000000ec3f6fe0,0x00000000ec400000)
  from space 4096K, 99% used [0x00000000ec800000,0x00000000ecbf8a78,0x00000000ecc00000)
  to   space 4096K, 0% used [0x00000000ec400000,0x00000000ec400000,0x00000000ec800000)
 ParOldGen       total 68608K, used 812K [0x00000000c0000000, 0x00000000c4300000, 0x00000000eab00000)
  object space 68608K, 1% used [0x00000000c0000000,0x00000000c00cb020,0x00000000c4300000)
 Metaspace       used 19698K, committed 20096K, reserved 1114112K
  class space    used 2006K, committed 2176K, reserved 1048576K
}
Event: 1.288 GC heap after
{Heap after GC invocations=3 (full 0):
 PSYoungGen      total 29696K, used 4065K [0x00000000eab00000, 0x00000000ecc00000, 0x0000000100000000)
  eden space 25600K, 0% used [0x00000000eab00000,0x00000000eab00000,0x00000000ec400000)
  from space 4096K, 99% used [0x00000000ec400000,0x00000000ec7f8498,0x00000000ec800000)
  to   space 4096K, 0% used [0x00000000ec800000,0x00000000ec800000,0x00000000ecc00000)
 ParOldGen       total 68608K, used 2643K [0x00000000c0000000, 0x00000000c4300000, 0x00000000eab00000)
  object space 68608K, 3% used [0x00000000c0000000,0x00000000c0294d48,0x00000000c4300000)
 Metaspace       used 19698K, committed 20096K, reserved 1114112K
  class space    used 2006K, committed 2176K, reserved 1048576K
}
Event: 1.385 GC heap before
{Heap before GC invocations=4 (full 0):
 PSYoungGen      total 29696K, used 12322K [0x00000000eab00000, 0x00000000ecc00000, 0x0000000100000000)
  eden space 25600K, 32% used [0x00000000eab00000,0x00000000eb310428,0x00000000ec400000)
  from space 4096K, 99% used [0x00000000ec400000,0x00000000ec7f8498,0x00000000ec800000)
  to   space 4096K, 0% used [0x00000000ec800000,0x00000000ec800000,0x00000000ecc00000)
 ParOldGen       total 68608K, used 2643K [0x00000000c0000000, 0x00000000c4300000, 0x00000000eab00000)
  object space 68608K, 3% used [0x00000000c0000000,0x00000000c0294d48,0x00000000c4300000)
 Metaspace       used 21066K, committed 21504K, reserved 1114112K
  class space    used 2155K, committed 2368K, reserved 1048576K
}
Event: 1.386 GC heap after
{Heap after GC invocations=4 (full 0):
 PSYoungGen      total 29696K, used 4087K [0x00000000eab00000, 0x00000000ecc00000, 0x0000000100000000)
  eden space 25600K, 0% used [0x00000000eab00000,0x00000000eab00000,0x00000000ec400000)
  from space 4096K, 99% used [0x00000000ec800000,0x00000000ecbfdc30,0x00000000ecc00000)
  to   space 4096K, 0% used [0x00000000ec400000,0x00000000ec400000,0x00000000ec800000)
 ParOldGen       total 68608K, used 2871K [0x00000000c0000000, 0x00000000c4300000, 0x00000000eab00000)
  object space 68608K, 4% used [0x00000000c0000000,0x00000000c02cdf38,0x00000000c4300000)
 Metaspace       used 21066K, committed 21504K, reserved 1114112K
  class space    used 2155K, committed 2368K, reserved 1048576K
}
Event: 1.387 GC heap before
{Heap before GC invocations=5 (full 1):
 PSYoungGen      total 29696K, used 4087K [0x00000000eab00000, 0x00000000ecc00000, 0x0000000100000000)
  eden space 25600K, 0% used [0x00000000eab00000,0x00000000eab00000,0x00000000ec400000)
  from space 4096K, 99% used [0x00000000ec800000,0x00000000ecbfdc30,0x00000000ecc00000)
  to   space 4096K, 0% used [0x00000000ec400000,0x00000000ec400000,0x00000000ec800000)
 ParOldGen       total 68608K, used 2871K [0x00000000c0000000, 0x00000000c4300000, 0x00000000eab00000)
  object space 68608K, 4% used [0x00000000c0000000,0x00000000c02cdf38,0x00000000c4300000)
 Metaspace       used 21066K, committed 21504K, reserved 1114112K
  class space    used 2155K, committed 2368K, reserved 1048576K
}
Event: 1.399 GC heap after
{Heap after GC invocations=5 (full 1):
 PSYoungGen      total 29696K, used 0K [0x00000000eab00000, 0x00000000ecc00000, 0x0000000100000000)
  eden space 25600K, 0% used [0x00000000eab00000,0x00000000eab00000,0x00000000ec400000)
  from space 4096K, 0% used [0x00000000ec800000,0x00000000ec800000,0x00000000ecc00000)
  to   space 4096K, 0% used [0x00000000ec400000,0x00000000ec400000,0x00000000ec800000)
 ParOldGen       total 68608K, used 6756K [0x00000000c0000000, 0x00000000c4300000, 0x00000000eab00000)
  object space 68608K, 9% used [0x00000000c0000000,0x00000000c0699378,0x00000000c4300000)
 Metaspace       used 21053K, committed 21504K, reserved 1114112K
  class space    used 2152K, committed 2368K, reserved 1048576K
}

Dll operation events (9 events):
Event: 0.009 Loaded shared library c:\Users\82108\.vscode\extensions\redhat.java-1.24.0-win32-x64\jre\17.0.8.1-win32-x86_64\bin\java.dll
Event: 0.100 Loaded shared library c:\Users\82108\.vscode\extensions\redhat.java-1.24.0-win32-x64\jre\17.0.8.1-win32-x86_64\bin\zip.dll
Event: 0.106 Loaded shared library C:\Users\82108\.vscode\extensions\redhat.java-1.24.0-win32-x64\jre\17.0.8.1-win32-x86_64\bin\instrument.dll
Event: 0.119 Loaded shared library C:\Users\82108\.vscode\extensions\redhat.java-1.24.0-win32-x64\jre\17.0.8.1-win32-x86_64\bin\net.dll
Event: 0.122 Loaded shared library C:\Users\82108\.vscode\extensions\redhat.java-1.24.0-win32-x64\jre\17.0.8.1-win32-x86_64\bin\nio.dll
Event: 0.128 Loaded shared library C:\Users\82108\.vscode\extensions\redhat.java-1.24.0-win32-x64\jre\17.0.8.1-win32-x86_64\bin\zip.dll
Event: 0.143 Loaded shared library C:\Users\82108\.vscode\extensions\redhat.java-1.24.0-win32-x64\jre\17.0.8.1-win32-x86_64\bin\jimage.dll
Event: 0.202 Loaded shared library c:\Users\82108\.vscode\extensions\redhat.java-1.24.0-win32-x64\jre\17.0.8.1-win32-x86_64\bin\verify.dll
Event: 0.952 Loaded shared library C:\Users\82108\AppData\Roaming\Code\User\globalStorage\redhat.java\1.24.0\config_ss_win\org.eclipse.equinox.launcher\org.eclipse.equinox.launcher.win32.win32.x86_64_1.2.700.v20221108-1024\eclipse_11801.dll

Deoptimization events (20 events):
Event: 1.307 Thread 0x00000280f28f4170 Uncommon trap: trap_request=0xffffffc6 fr.pc=0x00000280e0f9d524 relative=0x0000000000001c04
Event: 1.307 Thread 0x00000280f28f4170 Uncommon trap: reason=bimorphic_or_optimized_type_check action=maybe_recompile pc=0x00000280e0f9d524 method=java.io.DataInputStream.readUnsignedShort()I @ 4 c2
Event: 1.307 Thread 0x00000280f28f4170 DEOPT PACKING pc=0x00000280e0f9d524 sp=0x000000f6d2df9660
Event: 1.307 Thread 0x00000280f28f4170 DEOPT UNPACKING pc=0x00000280e07d66a3 sp=0x000000f6d2df95e8 mode 2
Event: 1.311 Thread 0x00000280f28f4170 Uncommon trap: trap_request=0xffffffc6 fr.pc=0x00000280e0f9d524 relative=0x0000000000001c04
Event: 1.311 Thread 0x00000280f28f4170 Uncommon trap: reason=bimorphic_or_optimized_type_check action=maybe_recompile pc=0x00000280e0f9d524 method=java.io.DataInputStream.readUnsignedShort()I @ 4 c2
Event: 1.311 Thread 0x00000280f28f4170 DEOPT PACKING pc=0x00000280e0f9d524 sp=0x000000f6d2df9320
Event: 1.311 Thread 0x00000280f28f4170 DEOPT UNPACKING pc=0x00000280e07d66a3 sp=0x000000f6d2df92a8 mode 2
Event: 1.311 Thread 0x00000280f28f4170 Uncommon trap: trap_request=0xffffffc6 fr.pc=0x00000280e0f9d524 relative=0x0000000000001c04
Event: 1.311 Thread 0x00000280f28f4170 Uncommon trap: reason=bimorphic_or_optimized_type_check action=maybe_recompile pc=0x00000280e0f9d524 method=java.io.DataInputStream.readUnsignedShort()I @ 4 c2
Event: 1.311 Thread 0x00000280f28f4170 DEOPT PACKING pc=0x00000280e0f9d524 sp=0x000000f6d2df9260
Event: 1.311 Thread 0x00000280f28f4170 DEOPT UNPACKING pc=0x00000280e07d66a3 sp=0x000000f6d2df91e8 mode 2
Event: 1.311 Thread 0x00000280f28f4170 Uncommon trap: trap_request=0xffffffc6 fr.pc=0x00000280e0f9d524 relative=0x0000000000001c04
Event: 1.311 Thread 0x00000280f28f4170 Uncommon trap: reason=bimorphic_or_optimized_type_check action=maybe_recompile pc=0x00000280e0f9d524 method=java.io.DataInputStream.readUnsignedShort()I @ 4 c2
Event: 1.311 Thread 0x00000280f28f4170 DEOPT PACKING pc=0x00000280e0f9d524 sp=0x000000f6d2df91b0
Event: 1.311 Thread 0x00000280f28f4170 DEOPT UNPACKING pc=0x00000280e07d66a3 sp=0x000000f6d2df9138 mode 2
Event: 1.340 Thread 0x00000280f28f4170 Uncommon trap: trap_request=0xffffff45 fr.pc=0x00000280e0f6d040 relative=0x0000000000000040
Event: 1.340 Thread 0x00000280f28f4170 Uncommon trap: reason=unstable_if action=reinterpret pc=0x00000280e0f6d040 method=sun.nio.fs.WindowsPathParser.isSlash(C)Z @ 9 c2
Event: 1.340 Thread 0x00000280f28f4170 DEOPT PACKING pc=0x00000280e0f6d040 sp=0x000000f6d2df9050
Event: 1.340 Thread 0x00000280f28f4170 DEOPT UNPACKING pc=0x00000280e07d66a3 sp=0x000000f6d2df8fd8 mode 2

Classes unloaded (7 events):
Event: 1.388 Thread 0x00000280eac92800 Unloading class 0x000000010021a000 'java/lang/invoke/LambdaForm$MH+0x000000010021a000'
Event: 1.388 Thread 0x00000280eac92800 Unloading class 0x0000000100219c00 'java/lang/invoke/LambdaForm$MH+0x0000000100219c00'
Event: 1.388 Thread 0x00000280eac92800 Unloading class 0x0000000100219800 'java/lang/invoke/LambdaForm$MH+0x0000000100219800'
Event: 1.388 Thread 0x00000280eac92800 Unloading class 0x0000000100219400 'java/lang/invoke/LambdaForm$MH+0x0000000100219400'
Event: 1.388 Thread 0x00000280eac92800 Unloading class 0x0000000100219000 'java/lang/invoke/LambdaForm$BMH+0x0000000100219000'
Event: 1.388 Thread 0x00000280eac92800 Unloading class 0x0000000100218c00 'java/lang/invoke/LambdaForm$DMH+0x0000000100218c00'
Event: 1.388 Thread 0x00000280eac92800 Unloading class 0x0000000100216000 'java/lang/invoke/LambdaForm$DMH+0x0000000100216000'

Classes redefined (0 events):
No events

Internal exceptions (20 events):
Event: 1.237 Thread 0x00000280f28f4170 Exception <a 'java/lang/NoSuchMethodError'{0x00000000ec0d3368}: 'int java.lang.invoke.DirectMethodHandle$Holder.invokeSpecial(java.lang.Object, java.lang.Object, java.lang.Object)'> (0x00000000ec0d3368) 
thrown [s\src\hotspot\share\interpreter\linkResolver.cpp, line 759]
Event: 1.238 Thread 0x00000280f28f4170 Exception <a 'java/lang/NoSuchMethodError'{0x00000000ec0e48c0}: 'int java.lang.invoke.DirectMethodHandle$Holder.invokeStatic(java.lang.Object, java.lang.Object, int)'> (0x00000000ec0e48c0) 
thrown [s\src\hotspot\share\interpreter\linkResolver.cpp, line 759]
Event: 1.238 Thread 0x00000280f28f4170 Exception <a 'java/lang/NoSuchMethodError'{0x00000000ec0e88e8}: 'int java.lang.invoke.DirectMethodHandle$Holder.invokeSpecial(java.lang.Object, java.lang.Object, java.lang.Object, int)'> (0x00000000ec0e88e8) 
thrown [s\src\hotspot\share\interpreter\linkResolver.cpp, line 759]
Event: 1.240 Thread 0x00000280f28f4170 Exception <a 'java/lang/NoSuchMethodError'{0x00000000ec1049b8}: 'java.lang.Object java.lang.invoke.DirectMethodHandle$Holder.invokeStatic(java.lang.Object, java.lang.Object, java.lang.Object, java.lang.Object, int)'> (0x00000000ec1049b8) 
thrown [s\src\hotspot\share\interpreter\linkResolver.cpp, line 759]
Event: 1.240 Thread 0x00000280f28f4170 Exception <a 'java/lang/NoSuchMethodError'{0x00000000ec1109b0}: 'java.lang.Object java.lang.invoke.DelegatingMethodHandle$Holder.reinvoke_L(java.lang.Object, java.lang.Object, java.lang.Object, java.lang.Object, int, int)'> (0x00000000ec1109b0) 
thrown [s\src\hotspot\share\interpreter\linkResolver.cpp, line 759]
Event: 1.241 Thread 0x00000280f28f4170 Exception <a 'java/lang/NoSuchMethodError'{0x00000000ec125018}: 'java.lang.Object java.lang.invoke.Invokers$Holder.invokeExact_MT(java.lang.Object, java.lang.Object, java.lang.Object, java.lang.Object)'> (0x00000000ec125018) 
thrown [s\src\hotspot\share\interpreter\linkResolver.cpp, line 759]
Event: 1.281 Thread 0x00000280f28f4170 Exception <a 'java/io/FileNotFoundException'{0x00000000ec398188}> (0x00000000ec398188) 
thrown [s\src\hotspot\share\prims\jni.cpp, line 516]
Event: 1.312 Thread 0x00000280f28f4170 Exception <a 'java/lang/NoSuchMethodError'{0x00000000ead44f70}: 'java.lang.Object java.lang.invoke.DirectMethodHandle$Holder.newInvokeSpecial(java.lang.Object, java.lang.Object, java.lang.Object, java.lang.Object, java.lang.Object)'> (0x00000000ead44f70) 
thrown [s\src\hotspot\share\interpreter\linkResolver.cpp, line 759]
Event: 1.360 Thread 0x00000280f28f4170 Exception <a 'java/lang/NoSuchMethodError'{0x00000000eb0cd870}: 'java.lang.Object java.lang.invoke.DirectMethodHandle$Holder.invokeSpecial(java.lang.Object, java.lang.Object, java.lang.Object, long, java.lang.Object)'> (0x00000000eb0cd870) 
thrown [s\src\hotspot\share\interpreter\linkResolver.cpp, line 759]
Event: 1.360 Thread 0x00000280f28f4170 Exception <a 'java/lang/NoSuchMethodError'{0x00000000eb0d5a28}: 'java.lang.Object java.lang.invoke.DirectMethodHandle$Holder.newInvokeSpecial(java.lang.Object, java.lang.Object, java.lang.Object, long)'> (0x00000000eb0d5a28) 
thrown [s\src\hotspot\share\interpreter\linkResolver.cpp, line 759]
Event: 1.361 Thread 0x00000280f28f4170 Exception <a 'java/lang/NoSuchMethodError'{0x00000000eb0d9fc8}: 'java.lang.Object java.lang.invoke.DirectMethodHandle$Holder.invokeSpecial(java.lang.Object, java.lang.Object, java.lang.Object, java.lang.Object, long)'> (0x00000000eb0d9fc8) 
thrown [s\src\hotspot\share\interpreter\linkResolver.cpp, line 759]
Event: 1.361 Thread 0x00000280f28f4170 Exception <a 'java/lang/NoSuchMethodError'{0x00000000eb0dde40}: 'java.lang.Object java.lang.invoke.Invokers$Holder.linkToTargetMethod(java.lang.Object, java.lang.Object, long, java.lang.Object)'> (0x00000000eb0dde40) 
thrown [s\src\hotspot\share\interpreter\linkResolver.cpp, line 759]
Event: 1.367 Thread 0x00000280f28f4170 Exception <a 'java/lang/NoSuchMethodError'{0x00000000eb16ae08}: 'int java.lang.invoke.DirectMethodHandle$Holder.invokeStaticInit(java.lang.Object, java.lang.Object, java.lang.Object)'> (0x00000000eb16ae08) 
thrown [s\src\hotspot\share\interpreter\linkResolver.cpp, line 759]
Event: 1.370 Thread 0x00000280f28f4170 Exception <a 'java/lang/IncompatibleClassChangeError'{0x00000000eb1d2b50}: Found class java.lang.Object, but interface was expected> (0x00000000eb1d2b50) 
thrown [s\src\hotspot\share\interpreter\linkResolver.cpp, line 826]
Event: 1.377 Thread 0x00000280f28f4170 Exception <a 'java/lang/NoSuchMethodError'{0x00000000eb1ecaf8}: 'java.lang.Object java.lang.invoke.DirectMethodHandle$Holder.invokeSpecial(java.lang.Object, java.lang.Object, java.lang.Object, int, java.lang.Object, java.lang.Object)'> (0x00000000eb1ecaf8) 
thrown [s\src\hotspot\share\interpreter\linkResolver.cpp, line 759]
Event: 1.377 Thread 0x00000280f28f4170 Exception <a 'java/lang/NoSuchMethodError'{0x00000000eb1f5280}: 'java.lang.Object java.lang.invoke.DirectMethodHandle$Holder.newInvokeSpecial(java.lang.Object, java.lang.Object, java.lang.Object, int, java.lang.Object)'> (0x00000000eb1f5280) 
thrown [s\src\hotspot\share\interpreter\linkResolver.cpp, line 759]
Event: 1.378 Thread 0x00000280f28f4170 Exception <a 'java/lang/NoSuchMethodError'{0x00000000eb1f96d8}: 'java.lang.Object java.lang.invoke.DirectMethodHandle$Holder.invokeSpecial(java.lang.Object, java.lang.Object, java.lang.Object, java.lang.Object, int, java.lang.Object)'> (0x00000000eb1f96d8) 
thrown [s\src\hotspot\share\interpreter\linkResolver.cpp, line 759]
Event: 1.378 Thread 0x00000280f28e09c0 Exception <a 'java/lang/NoSuchMethodError'{0x00000000eb119cc8}: 'java.lang.Object java.lang.invoke.DirectMethodHandle$Holder.invokeSpecial(java.lang.Object, java.lang.Object, int, java.lang.Object, java.lang.Object)'> (0x00000000eb119cc8) 
thrown [s\src\hotspot\share\interpreter\linkResolver.cpp, line 759]
Event: 1.378 Thread 0x00000280f28e09c0 Exception <a 'java/lang/NoSuchMethodError'{0x00000000eb121398}: 'java.lang.Object java.lang.invoke.DirectMethodHandle$Holder.newInvokeSpecial(java.lang.Object, java.lang.Object, int, java.lang.Object)'> (0x00000000eb121398) 
thrown [s\src\hotspot\share\interpreter\linkResolver.cpp, line 759]
Event: 1.379 Thread 0x00000280f28e09c0 Exception <a 'java/lang/NoSuchMethodError'{0x00000000eb124ea8}: 'java.lang.Object java.lang.invoke.DirectMethodHandle$Holder.invokeSpecial(java.lang.Object, java.lang.Object, java.lang.Object, int, java.lang.Object)'> (0x00000000eb124ea8) 
thrown [s\src\hotspot\share\interpreter\linkResolver.cpp, line 759]

VM Operations (20 events):
Event: 0.795 Executing VM operation: HandshakeAllThreads
Event: 0.795 Executing VM operation: HandshakeAllThreads done
Event: 0.799 Executing VM operation: HandshakeAllThreads
Event: 0.799 Executing VM operation: HandshakeAllThreads done
Event: 0.808 Executing VM operation: HandshakeAllThreads
Event: 0.808 Executing VM operation: HandshakeAllThreads done
Event: 0.998 Executing VM operation: HandshakeAllThreads
Event: 0.998 Executing VM operation: HandshakeAllThreads done
Event: 0.999 Executing VM operation: ParallelGCFailedAllocation
Event: 1.003 Executing VM operation: ParallelGCFailedAllocation done
Event: 1.180 Executing VM operation: HandshakeAllThreads
Event: 1.180 Executing VM operation: HandshakeAllThreads done
Event: 1.236 Executing VM operation: HandshakeAllThreads
Event: 1.236 Executing VM operation: HandshakeAllThreads done
Event: 1.285 Executing VM operation: ParallelGCFailedAllocation
Event: 1.288 Executing VM operation: ParallelGCFailedAllocation done
Event: 1.385 Executing VM operation: CollectForMetadataAllocation
Event: 1.399 Executing VM operation: CollectForMetadataAllocation done
Event: 1.400 Executing VM operation: HandshakeAllThreads
Event: 1.400 Executing VM operation: HandshakeAllThreads done

Events (20 events):
Event: 1.412 loading class java/nio/channels/AsynchronousByteChannel
Event: 1.412 loading class java/nio/channels/AsynchronousChannel
Event: 1.413 loading class java/nio/channels/AsynchronousChannel done
Event: 1.413 loading class java/nio/channels/AsynchronousByteChannel done
Event: 1.427 loading class java/util/zip/GZIPOutputStream
Event: 1.427 loading class java/util/zip/GZIPOutputStream done
Event: 1.441 loading class java/io/StringReader
Event: 1.441 loading class java/io/StringReader done
Event: 1.442 loading class java/util/zip/GZIPInputStream
Event: 1.442 loading class java/util/zip/GZIPInputStream done
Event: 1.444 loading class java/net/SocketTimeoutException
Event: 1.444 loading class java/io/InterruptedIOException
Event: 1.444 loading class java/io/InterruptedIOException done
Event: 1.444 loading class java/net/SocketTimeoutException done
Event: 1.444 loading class java/net/SocketException
Event: 1.444 loading class java/net/SocketException done
Event: 1.444 loading class java/net/UnknownHostException
Event: 1.444 loading class java/net/UnknownHostException done
Event: 1.444 loading class java/net/ProtocolException
Event: 1.444 loading class java/net/ProtocolException done


Dynamic libraries:
0x00007ff6f6f00000 - 0x00007ff6f6f0e000 	c:\Users\82108\.vscode\extensions\redhat.java-1.24.0-win32-x64\jre\17.0.8.1-win32-x86_64\bin\java.exe
0x00007ff8bbdf0000 - 0x00007ff8bc007000 	C:\WINDOWS\SYSTEM32\ntdll.dll
0x00007ff8ba2b0000 - 0x00007ff8ba374000 	C:\WINDOWS\System32\KERNEL32.DLL
0x00007ff8b9210000 - 0x00007ff8b95b6000 	C:\WINDOWS\System32\KERNELBASE.dll
0x00007ff8b9640000 - 0x00007ff8b9751000 	C:\WINDOWS\System32\ucrtbase.dll
0x00007ff8b4be0000 - 0x00007ff8b4bf7000 	c:\Users\82108\.vscode\extensions\redhat.java-1.24.0-win32-x64\jre\17.0.8.1-win32-x86_64\bin\jli.dll
0x00007ff8ba100000 - 0x00007ff8ba2ad000 	C:\WINDOWS\System32\USER32.dll
0x00007ff8b9170000 - 0x00007ff8b9196000 	C:\WINDOWS\System32\win32u.dll
0x00007ff8b9fd0000 - 0x00007ff8b9ff9000 	C:\WINDOWS\System32\GDI32.dll
0x00007ff8b9a30000 - 0x00007ff8b9b48000 	C:\WINDOWS\System32\gdi32full.dll
0x00007ff8b98d0000 - 0x00007ff8b996a000 	C:\WINDOWS\System32\msvcp_win.dll
0x00007ff8a4040000 - 0x00007ff8a42d3000 	C:\WINDOWS\WinSxS\amd64_microsoft.windows.common-controls_6595b64144ccf1df_6.0.22621.2361_none_2712ced57382f843\COMCTL32.dll
0x00007ff8bb8d0000 - 0x00007ff8bb977000 	C:\WINDOWS\System32\msvcrt.dll
0x00007ff8a6c80000 - 0x00007ff8a6c99000 	c:\Users\82108\.vscode\extensions\redhat.java-1.24.0-win32-x64\jre\17.0.8.1-win32-x86_64\bin\VCRUNTIME140.dll
0x00007ff8bbd60000 - 0x00007ff8bbd91000 	C:\WINDOWS\System32\IMM32.DLL
0x00007ff8a6cd0000 - 0x00007ff8a6cdc000 	c:\Users\82108\.vscode\extensions\redhat.java-1.24.0-win32-x64\jre\17.0.8.1-win32-x86_64\bin\vcruntime140_1.dll
0x00007ff8840b0000 - 0x00007ff884141000 	c:\Users\82108\.vscode\extensions\redhat.java-1.24.0-win32-x64\jre\17.0.8.1-win32-x86_64\bin\msvcp140.dll
0x00007ff86c7c0000 - 0x00007ff86d40c000 	c:\Users\82108\.vscode\extensions\redhat.java-1.24.0-win32-x64\jre\17.0.8.1-win32-x86_64\bin\server\jvm.dll
0x00007ff8bae60000 - 0x00007ff8baf10000 	C:\WINDOWS\System32\ADVAPI32.dll
0x00007ff8ba930000 - 0x00007ff8ba9d6000 	C:\WINDOWS\System32\sechost.dll
0x00007ff8baad0000 - 0x00007ff8babe7000 	C:\WINDOWS\System32\RPCRT4.dll
0x00007ff8b9040000 - 0x00007ff8b908d000 	C:\WINDOWS\SYSTEM32\POWRPROF.dll
0x00007ff8b11d0000 - 0x00007ff8b1204000 	C:\WINDOWS\SYSTEM32\WINMM.dll
0x00007ff89a130000 - 0x00007ff89a139000 	C:\WINDOWS\SYSTEM32\WSOCK32.dll
0x00007ff8ba520000 - 0x00007ff8ba591000 	C:\WINDOWS\System32\WS2_32.dll
0x00007ff8b1380000 - 0x00007ff8b138a000 	C:\WINDOWS\SYSTEM32\VERSION.dll
0x00007ff8b9020000 - 0x00007ff8b9033000 	C:\WINDOWS\SYSTEM32\UMPDC.dll
0x00007ff8b8110000 - 0x00007ff8b8128000 	C:\WINDOWS\SYSTEM32\kernel.appcore.dll
0x00007ff89d180000 - 0x00007ff89d18a000 	c:\Users\82108\.vscode\extensions\redhat.java-1.24.0-win32-x64\jre\17.0.8.1-win32-x86_64\bin\jimage.dll
0x00007ff8b6b70000 - 0x00007ff8b6d9e000 	C:\WINDOWS\SYSTEM32\DBGHELP.DLL
0x00007ff8ba5a0000 - 0x00007ff8ba92a000 	C:\WINDOWS\System32\combase.dll
0x00007ff8bb990000 - 0x00007ff8bba67000 	C:\WINDOWS\System32\OLEAUT32.dll
0x00007ff8ab300000 - 0x00007ff8ab332000 	C:\WINDOWS\SYSTEM32\dbgcore.DLL
0x00007ff8b95c0000 - 0x00007ff8b963a000 	C:\WINDOWS\System32\bcryptPrimitives.dll
0x00007ff89d160000 - 0x00007ff89d16e000 	c:\Users\82108\.vscode\extensions\redhat.java-1.24.0-win32-x64\jre\17.0.8.1-win32-x86_64\bin\instrument.dll
0x00007ff8978f0000 - 0x00007ff897915000 	c:\Users\82108\.vscode\extensions\redhat.java-1.24.0-win32-x64\jre\17.0.8.1-win32-x86_64\bin\java.dll
0x00007ff899640000 - 0x00007ff899658000 	c:\Users\82108\.vscode\extensions\redhat.java-1.24.0-win32-x64\jre\17.0.8.1-win32-x86_64\bin\zip.dll
0x00007ff8bb070000 - 0x00007ff8bb8c8000 	C:\WINDOWS\System32\SHELL32.dll
0x00007ff8b7080000 - 0x00007ff8b7972000 	C:\WINDOWS\SYSTEM32\windows.storage.dll
0x00007ff8b6f40000 - 0x00007ff8b707e000 	C:\WINDOWS\SYSTEM32\wintypes.dll
0x00007ff8bbc40000 - 0x00007ff8bbd33000 	C:\WINDOWS\System32\SHCORE.dll
0x00007ff8ba9e0000 - 0x00007ff8baa3e000 	C:\WINDOWS\System32\shlwapi.dll
0x00007ff8b90a0000 - 0x00007ff8b90c6000 	C:\WINDOWS\SYSTEM32\profapi.dll
0x00007ff897940000 - 0x00007ff897959000 	C:\Users\82108\.vscode\extensions\redhat.java-1.24.0-win32-x64\jre\17.0.8.1-win32-x86_64\bin\net.dll
0x00007ff8b29d0000 - 0x00007ff8b2b07000 	C:\WINDOWS\SYSTEM32\WINHTTP.dll
0x00007ff8b85e0000 - 0x00007ff8b8649000 	C:\WINDOWS\system32\mswsock.dll
0x00007ff8975f0000 - 0x00007ff897605000 	C:\Users\82108\.vscode\extensions\redhat.java-1.24.0-win32-x64\jre\17.0.8.1-win32-x86_64\bin\nio.dll
0x00007ff89b210000 - 0x00007ff89b220000 	c:\Users\82108\.vscode\extensions\redhat.java-1.24.0-win32-x64\jre\17.0.8.1-win32-x86_64\bin\verify.dll
0x00007ff896d10000 - 0x00007ff896d4e000 	C:\Users\82108\AppData\Roaming\Code\User\globalStorage\redhat.java\1.24.0\config_ss_win\org.eclipse.equinox.launcher\org.eclipse.equinox.launcher.win32.win32.x86_64_1.2.700.v20221108-1024\eclipse_11801.dll
0x00007ff8ba380000 - 0x00007ff8ba51f000 	C:\WINDOWS\System32\ole32.dll

dbghelp: loaded successfully - version: 4.0.5 - missing functions: none
symbol engine: initialized successfully - sym options: 0x614 - pdb path: .;c:\Users\82108\.vscode\extensions\redhat.java-1.24.0-win32-x64\jre\17.0.8.1-win32-x86_64\bin;C:\WINDOWS\SYSTEM32;C:\WINDOWS\WinSxS\amd64_microsoft.windows.common-controls_6595b64144ccf1df_6.0.22621.2361_none_2712ced57382f843;c:\Users\82108\.vscode\extensions\redhat.java-1.24.0-win32-x64\jre\17.0.8.1-win32-x86_64\bin\server;C:\Users\82108\AppData\Roaming\Code\User\globalStorage\redhat.java\1.24.0\config_ss_win\org.eclipse.equinox.launcher\org.eclipse.equinox.launcher.win32.win32.x86_64_1.2.700.v20221108-1024

VM Arguments:
jvm_args: --add-modules=ALL-SYSTEM --add-opens=java.base/java.util=ALL-UNNAMED --add-opens=java.base/java.lang=ALL-UNNAMED --add-opens=java.base/sun.nio.fs=ALL-UNNAMED -Declipse.application=org.eclipse.jdt.ls.core.id1 -Dosgi.bundles.defaultStartLevel=4 -Declipse.product=org.eclipse.jdt.ls.core.product -Djava.import.generatesMetadataFilesAtProjectRoot=false -DDetectVMInstallationsJob.disabled=true -Dfile.encoding=utf8 -XX:+UseParallelGC -XX:GCTimeRatio=4 -XX:AdaptiveSizePolicyWeight=90 -Dsun.zip.disableMemoryMapping=true -Xmx1G -Xms100m -Xlog:disable -javaagent:c:\Users\82108\.vscode\extensions\redhat.java-1.24.0-win32-x64\lombok\lombok-1.18.30.jar 
java_command: c:\Users\82108\.vscode\extensions\redhat.java-1.24.0-win32-x64\server\plugins\org.eclipse.equinox.launcher_1.6.500.v20230717-2134.jar -configuration c:\Users\82108\AppData\Roaming\Code\User\globalStorage\redhat.java\1.24.0\config_ss_win -data c:\Users\82108\AppData\Roaming\Code\User\workspaceStorage\740c66f5cd50fe0a3edb6dcfc964f0d0\redhat.java\ss_ws --stdio
java_class_path (initial): c:\Users\82108\.vscode\extensions\redhat.java-1.24.0-win32-x64\server\plugins\org.eclipse.equinox.launcher_1.6.500.v20230717-2134.jar
Launcher Type: SUN_STANDARD

[Global flags]
    uintx AdaptiveSizePolicyWeight                 = 90                                        {product} {command line}
     intx CICompilerCount                          = 12                                        {product} {ergonomic}
    uintx GCTimeRatio                              = 4                                         {product} {command line}
   size_t InitialHeapSize                          = 104857600                                 {product} {command line}
   size_t MaxHeapSize                              = 1073741824                                {product} {command line}
   size_t MaxNewSize                               = 357564416                                 {product} {ergonomic}
   size_t MinHeapDeltaBytes                        = 524288                                    {product} {ergonomic}
   size_t MinHeapSize                              = 104857600                                 {product} {command line}
   size_t NewSize                                  = 34603008                                  {product} {ergonomic}
    uintx NonNMethodCodeHeapSize                   = 7602480                                {pd product} {ergonomic}
    uintx NonProfiledCodeHeapSize                  = 122027880                              {pd product} {ergonomic}
   size_t OldSize                                  = 70254592                                  {product} {ergonomic}
    uintx ProfiledCodeHeapSize                     = 122027880                              {pd product} {ergonomic}
    uintx ReservedCodeCacheSize                    = 251658240                              {pd product} {ergonomic}
     bool SegmentedCodeCache                       = true                                      {product} {ergonomic}
   size_t SoftMaxHeapSize                          = 1073741824                             {manageable} {ergonomic}
     bool UseCompressedClassPointers               = true                           {product lp64_product} {ergonomic}
     bool UseCompressedOops                        = true                           {product lp64_product} {ergonomic}
     bool UseLargePagesIndividualAllocation        = false                                  {pd product} {ergonomic}
     bool UseParallelGC                            = true                                      {product} {command line}

Logging:
Log output configuration:
 #0: stdout all=off uptime,level,tags
 #1: stderr all=off uptime,level,tags

Environment Variables:
PATH=C:\Python312\Scripts\;C:\Python312\;C:\Program Files\Common Files\Oracle\Java\javapath;C:\Python311\Scripts\;C:\Python311\;C:\Program Files (x86)\Razer Chroma SDK\bin;C:\Program Files\Razer Chroma SDK\bin;C:\Program Files (x86)\Razer\ChromaBroadcast\bin;C:\Program Files\Razer\ChromaBroadcast\bin;C:\Windows\system32;C:\Windows;C:\Windows\System32\Wbem;C:\Windows\System32\WindowsPowerShell\v1.0\;C:\Windows\System32\OpenSSH\;C:\Program Files (x86)\NVIDIA Corporation\PhysX\Common;C:\WINDOWS\system32;C:\WINDOWS;C:\WINDOWS\System32\Wbem;C:\WINDOWS\System32\WindowsPowerShell\v1.0\;C:\WINDOWS\System32\OpenSSH\;C:\ProgramData\Anaconda3\Library;C:\Program Files\dotnet\;C:\WINDOWS\system32\config\systemprofile\AppData\Local\Microsoft\WindowsApps;C:\ProgramData\chocolatey\bin;C:\Program Files\MySQL\MySQL Server 8.0\bin;C:\Program Files\Git\cmd;C:\Users\82108\AppData\Local\Android\Sdk\platform-tools\adb;C:\Users\82108\Desktop\graduateProject\flutter\bin;C:\Program Files (x86)\Windows Kits\10\Windows Performance Toolkit\;C:\Program;C:\Program Files\Docker\Docker\resources\bin;C:\Program Files\nodejs;C:\Program Files\PuTTY\;C:\Program Files\nodejs\;C:\Users\82108\AppData\Local\Microsoft\WindowsApps;C:\Program Files\JetBrains\IntelliJ IDEA Community Edition 2022.1.3\bin;;C:\Program Files\JetBrains\IntelliJ IDEA 2022.1.3\bin;;C:\Users\82108\AppData\Local\Programs\Microsoft VS Code\bin;C:\Users\82108\AppData\Roaming\Python\Python311\Scripts;C:\Program Files\nodejs\node_modules\npm\bin;C:\Program Files\Multipass\bin;C:\Users\82108\AppData\Roaming\npm
USERNAME=
OS=Windows_NT
PROCESSOR_IDENTIFIER=AMD64 Family 25 Model 80 Stepping 0, AuthenticAMD
TMP=C:\Users\82108\AppData\Local\Temp
TEMP=C:\Users\82108\AppData\Local\Temp



---------------  S Y S T E M  ---------------

OS:
 Windows 11 , 64 bit Build 22621 (10.0.22621.2428)
OS uptime: 0 days 0:32 hours
Hyper-V role detected

CPU: total 16 (initial active 16) (16 cores per cpu, 2 threads per core) family 25 model 80 stepping 0 microcode 0x0, cx8, cmov, fxsr, ht, mmx, 3dnowpref, sse, sse2, sse3, ssse3, sse4a, sse4.1, sse4.2, popcnt, lzcnt, tsc, tscinvbit, avx, avx2, aes, erms, clmul, bmi1, bmi2, adx, sha, fma, vzeroupper, clflush, clflushopt, hv
Processor Information for all 16 processors :
  Max Mhz: 3301, Current Mhz: 3301, Mhz Limit: 3301

Memory: 4k page, system-wide physical 15776M (1213M free)
TotalPageFile size 18644M (AvailPageFile size 0M)
current process WorkingSet (physical memory assigned to process): 115M, peak: 115M
current process commit charge ("private bytes"): 238M, peak: 238M

vm_info: OpenJDK 64-Bit Server VM (17.0.8.1+1) for windows-amd64 JRE (17.0.8.1+1), built on Aug 23 2023 15:29:17 by "admin" with MS VC++ 16.7 (VS2019)

END.
