#
# There is insufficient memory for the Java Runtime Environment to continue.
# Native memory allocation (malloc) failed to allocate 1983184 bytes for Chunk::new
# Possible reasons:
#   The system is out of physical RAM or swap space
#   The process is running with CompressedOops enabled, and the Java Heap may be blocking the growth of the native heap
# Possible solutions:
#   Reduce memory load on the system
#   Increase physical memory or swap space
#   Check if swap backing store is full
#   Decrease Java heap size (-Xmx/-Xms)
#   Decrease number of Java threads
#   Decrease Java thread stack sizes (-Xss)
#   Set larger code cache with -XX:ReservedCodeCacheSize=
#   JVM is running with Unscaled Compressed Oops mode in which the Java heap is
#     placed in the first 4GB address space. The Java Heap base address is the
#     maximum limit for the native heap growth. Please use -XX:HeapBaseMinAddress
#     to set the Java Heap base and to place the Java Heap above 4GB virtual address.
# This output file may be truncated or incomplete.
#
#  Out of Memory Error (arena.cpp:189), pid=14656, tid=16128
#
# JRE version: Java(TM) SE Runtime Environment (17.0.8+9) (build 17.0.8+9-LTS-211)
# Java VM: Java HotSpot(TM) 64-Bit Server VM (17.0.8+9-LTS-211, mixed mode, sharing, tiered, compressed oops, compressed class ptrs, g1 gc, windows-amd64)
# No core dump will be written. Minidumps are not enabled by default on client versions of Windows
#

---------------  S U M M A R Y ------------

Command Line: --add-opens=java.base/java.util=ALL-UNNAMED --add-opens=java.base/java.lang=ALL-UNNAMED --add-opens=java.base/java.lang.invoke=ALL-UNNAMED --add-opens=java.prefs/java.util.prefs=ALL-UNNAMED --add-opens=java.base/java.nio.charset=ALL-UNNAMED --add-opens=java.base/java.net=ALL-UNNAMED --add-opens=java.base/java.util.concurrent.atomic=ALL-UNNAMED -XX:MaxMetaspaceSize=384m -XX:+HeapDumpOnOutOfMemoryError -Xms256m -Xmx512m -Dfile.encoding=x-windows-949 -Duser.country=KR -Duser.language=ko -Duser.variant -javaagent:C:\Users\82108\.gradle\wrapper\dists\gradle-8.2.1-bin\5hap6b9n41hkg4jeh2au2pllh\gradle-8.2.1\lib\agents\gradle-instrumentation-agent-8.2.1.jar org.gradle.launcher.daemon.bootstrap.GradleDaemon 8.2.1

Host: AMD Ryzen 9 5900HS with Radeon Graphics        , 16 cores, 15G,  Windows 11 , 64 bit Build 22621 (10.0.22621.2428)
Time: Thu Nov 16 01:26:35 2023  Windows 11 , 64 bit Build 22621 (10.0.22621.2428) elapsed time: 4.605866 seconds (0d 0h 0m 4s)

---------------  T H R E A D  ---------------

Current thread (0x000001db21681430):  JavaThread "C2 CompilerThread0" daemon [_thread_in_native, id=16128, stack(0x000000538ea00000,0x000000538eb00000)]


Current CompileTask:
C2:   4605 5777   !   4       java.net.URLClassLoader$1::run (81 bytes)

Stack: [0x000000538ea00000,0x000000538eb00000]
Native frames: (J=compiled Java code, j=interpreted, Vv=VM code, C=native code)
V  [jvm.dll+0x677d0a]
V  [jvm.dll+0x7d8c54]
V  [jvm.dll+0x7da3fe]
V  [jvm.dll+0x7daa63]
V  [jvm.dll+0x245c5f]
V  [jvm.dll+0xaaa6b]
V  [jvm.dll+0xab00c]
V  [jvm.dll+0x361e8e]
V  [jvm.dll+0x1bba6a]
V  [jvm.dll+0x218157]
V  [jvm.dll+0x217431]
V  [jvm.dll+0x1a3af0]
V  [jvm.dll+0x2270be]
V  [jvm.dll+0x22535b]
V  [jvm.dll+0x78e7bc]
V  [jvm.dll+0x788bba]
V  [jvm.dll+0x676b35]
C  [ucrtbase.dll+0x29363]
C  [KERNEL32.DLL+0x1257d]
C  [ntdll.dll+0x5aa78]


---------------  P R O C E S S  ---------------

Threads class SMR info:
_java_thread_list=0x000001db3cf62000, length=77, elements={
0x000001db062aec70, 0x000001db2165a310, 0x000001db2165b180, 0x000001db2167c630,
0x000001db2167d1e0, 0x000001db2167dd90, 0x000001db21680750, 0x000001db21681430,
0x000001db2168dbf0, 0x000001db216905f0, 0x000001db21648b10, 0x000001db21830d60,
0x000001db21831680, 0x000001db21831dd0, 0x000001db2197a8c0, 0x000001db3c7a5fc0,
0x000001db3bcc82d0, 0x000001db3c7059b0, 0x000001db3d2cebf0, 0x000001db3ca34050,
0x000001db3c930ab0, 0x000001db3c986770, 0x000001db3b6f3410, 0x000001db3c31a7b0,
0x000001db3d1d3a20, 0x000001db3d1d0ed0, 0x000001db3d1d0060, 0x000001db3d1d26e0,
0x000001db3d1d1d40, 0x000001db3cae7240, 0x000001db3d1d1870, 0x000001db3d1d13a0,
0x000001db3d1d3550, 0x000001db3d1d0a00, 0x000001db3d1d2bb0, 0x000001db3d1d2210,
0x000001db3d1d3080, 0x000001db3e37e580, 0x000001db3e37c3d0, 0x000001db3e379d50,
0x000001db3da721a0, 0x000001db40615010, 0x000001db3e37cd70, 0x000001db3e37d240,
0x000001db3e378a10, 0x000001db3e378ee0, 0x000001db3e37ea50, 0x000001db3e3793b0,
0x000001db3e37a220, 0x000001db3e379880, 0x000001db3e37f3f0, 0x000001db3e37ef20,
0x000001db3e37dbe0, 0x000001db3e37ba30, 0x000001db3e37bf00, 0x000001db3e37d710,
0x000001db3e37a6f0, 0x000001db3e37abc0, 0x000001db3e37f8c0, 0x000001db3e378540,
0x000001db3e37b090, 0x000001db3e37e0b0, 0x000001db410f8d10, 0x000001db410fbd30,
0x000001db410fb860, 0x000001db410f7500, 0x000001db410f5820, 0x000001db410fc200,
0x000001db410f96b0, 0x000001db410f79d0, 0x000001db410f49b0, 0x000001db410f8370,
0x000001db410fa9f0, 0x000001db410fa520, 0x000001db4092e5c0, 0x000001db4092dba0,
0x000001db3ee1fdb0
}

Java Threads: ( => current thread )
  0x000001db062aec70 JavaThread "main" [_thread_blocked, id=18064, stack(0x000000538dd00000,0x000000538de00000)]
  0x000001db2165a310 JavaThread "Reference Handler" daemon [_thread_blocked, id=17076, stack(0x000000538e400000,0x000000538e500000)]
  0x000001db2165b180 JavaThread "Finalizer" daemon [_thread_blocked, id=19796, stack(0x000000538e500000,0x000000538e600000)]
  0x000001db2167c630 JavaThread "Signal Dispatcher" daemon [_thread_blocked, id=15004, stack(0x000000538e600000,0x000000538e700000)]
  0x000001db2167d1e0 JavaThread "Attach Listener" daemon [_thread_blocked, id=20448, stack(0x000000538e700000,0x000000538e800000)]
  0x000001db2167dd90 JavaThread "Service Thread" daemon [_thread_blocked, id=9992, stack(0x000000538e800000,0x000000538e900000)]
  0x000001db21680750 JavaThread "Monitor Deflation Thread" daemon [_thread_blocked, id=5480, stack(0x000000538e900000,0x000000538ea00000)]
=>0x000001db21681430 JavaThread "C2 CompilerThread0" daemon [_thread_in_native, id=16128, stack(0x000000538ea00000,0x000000538eb00000)]
  0x000001db2168dbf0 JavaThread "C1 CompilerThread0" daemon [_thread_blocked, id=18280, stack(0x000000538eb00000,0x000000538ec00000)]
  0x000001db216905f0 JavaThread "Sweeper thread" daemon [_thread_blocked, id=6292, stack(0x000000538ec00000,0x000000538ed00000)]
  0x000001db21648b10 JavaThread "Common-Cleaner" daemon [_thread_blocked, id=24740, stack(0x000000538ed00000,0x000000538ee00000)]
  0x000001db21830d60 JavaThread "C1 CompilerThread1" daemon [_thread_blocked, id=17244, stack(0x000000538ee00000,0x000000538ef00000)]
  0x000001db21831680 JavaThread "C1 CompilerThread2" daemon [_thread_blocked, id=4308, stack(0x000000538ef00000,0x000000538f000000)]
  0x000001db21831dd0 JavaThread "C1 CompilerThread3" daemon [_thread_blocked, id=18992, stack(0x000000538f000000,0x000000538f100000)]
  0x000001db2197a8c0 JavaThread "Notification Thread" daemon [_thread_blocked, id=384, stack(0x000000538f200000,0x000000538f300000)]
  0x000001db3c7a5fc0 JavaThread "Daemon health stats" [_thread_blocked, id=11576, stack(0x000000538fb00000,0x000000538fc00000)]
  0x000001db3bcc82d0 JavaThread "Incoming local TCP Connector on port 61757" [_thread_in_native, id=20696, stack(0x000000538f100000,0x000000538f200000)]
  0x000001db3c7059b0 JavaThread "Daemon periodic checks" [_thread_blocked, id=23700, stack(0x000000538f400000,0x000000538f500000)]
  0x000001db3d2cebf0 JavaThread "C2 CompilerThread1" daemon [_thread_in_native, id=24544, stack(0x000000538f500000,0x000000538f600000)]
  0x000001db3ca34050 JavaThread "Daemon" [_thread_blocked, id=18844, stack(0x000000538fc00000,0x000000538fd00000)]
  0x000001db3c930ab0 JavaThread "Handler for socket connection from /127.0.0.1:61757 to /127.0.0.1:61758" [_thread_in_native, id=12876, stack(0x000000538fd00000,0x000000538fe00000)]
  0x000001db3c986770 JavaThread "Cancel handler" [_thread_blocked, id=16948, stack(0x000000538fe00000,0x000000538ff00000)]
  0x000001db3b6f3410 JavaThread "Daemon worker" [_thread_in_vm, id=15164, stack(0x000000538ff00000,0x0000005390000000)]
  0x000001db3c31a7b0 JavaThread "Asynchronous log dispatcher for DefaultDaemonConnection: socket connection from /127.0.0.1:61757 to /127.0.0.1:61758" [_thread_blocked, id=368, stack(0x0000005390000000,0x0000005390100000)]
  0x000001db3d1d3a20 JavaThread "Stdin handler" [_thread_blocked, id=6820, stack(0x0000005390100000,0x0000005390200000)]
  0x000001db3d1d0ed0 JavaThread "Daemon client event forwarder" [_thread_blocked, id=16680, stack(0x0000005390200000,0x0000005390300000)]
  0x000001db3d1d0060 JavaThread "Cache worker for journal cache (C:\Users\82108\.gradle\caches\journal-1)" [_thread_blocked, id=25736, stack(0x0000005390300000,0x0000005390400000)]
  0x000001db3d1d26e0 JavaThread "File lock request listener" [_thread_in_native, id=8876, stack(0x0000005390400000,0x0000005390500000)]
  0x000001db3d1d1d40 JavaThread "Cache worker for file hash cache (C:\Users\82108\.gradle\caches\8.2.1\fileHashes)" [_thread_blocked, id=17768, stack(0x0000005390500000,0x0000005390600000)]
  0x000001db3cae7240 JavaThread "C2 CompilerThread2" daemon [_thread_in_native, id=20300, stack(0x0000005390600000,0x0000005390700000)]
  0x000001db3d1d1870 JavaThread "File watcher server" daemon [_thread_in_native, id=25464, stack(0x0000005390700000,0x0000005390800000)]
  0x000001db3d1d13a0 JavaThread "File watcher consumer" daemon [_thread_blocked, id=25928, stack(0x0000005390800000,0x0000005390900000)]
  0x000001db3d1d3550 JavaThread "Cache worker for checksums cache (C:\Users\82108\Desktop\23년 2학기\시스템 아키텍쳐\architecture_teamproject\lesserpanda-main\lesserpanda-backend\.gradle\8.2.1\checksums)" [_thread_blocked, id=20100, stack(0x0000005390900000,0x0000005390a00000)]
  0x000001db3d1d0a00 JavaThread "Cache worker for cache directory md-rule (C:\Users\82108\.gradle\caches\8.2.1\md-rule)" [_thread_blocked, id=12092, stack(0x0000005390a00000,0x0000005390b00000)]
  0x000001db3d1d2bb0 JavaThread "Cache worker for file content cache (C:\Users\82108\.gradle\caches\8.2.1\fileContent)" [_thread_blocked, id=4976, stack(0x0000005390b00000,0x0000005390c00000)]
  0x000001db3d1d2210 JavaThread "Cache worker for file hash cache (C:\Users\82108\Desktop\23년 2학기\시스템 아키텍쳐\architecture_teamproject\lesserpanda-main\lesserpanda-backend\.gradle\8.2.1\fileHashes)" [_thread_blocked, id=8932, stack(0x0000005391500000,0x0000005391600000)]
  0x000001db3d1d3080 JavaThread "Cache worker for cache directory md-supplier (C:\Users\82108\.gradle\caches\8.2.1\md-supplier)" [_thread_blocked, id=26072, stack(0x0000005391600000,0x0000005391700000)]
  0x000001db3e37e580 JavaThread "Cache worker for execution history cache (C:\Users\82108\.gradle\caches\8.2.1\executionHistory)" [_thread_blocked, id=23968, stack(0x0000005391700000,0x0000005391800000)]
  0x000001db3e37c3d0 JavaThread "jar transforms" [_thread_blocked, id=26336, stack(0x0000005391800000,0x0000005391900000)]
  0x000001db3e379d50 JavaThread "jar transforms Thread 2" [_thread_blocked, id=24884, stack(0x0000005391900000,0x0000005391a00000)]
  0x000001db3da721a0 JavaThread "C2 CompilerThread3" daemon [_thread_in_native, id=23336, stack(0x0000005391a00000,0x0000005391b00000)]
  0x000001db40615010 JavaThread "C2 CompilerThread4" daemon [_thread_in_native, id=7040, stack(0x0000005391b00000,0x0000005391c00000)]
  0x000001db3e37cd70 JavaThread "jar transforms Thread 3" [_thread_blocked, id=12724, stack(0x0000005391c00000,0x0000005391d00000)]
  0x000001db3e37d240 JavaThread "jar transforms Thread 4" [_thread_blocked, id=15828, stack(0x0000005391d00000,0x0000005391e00000)]
  0x000001db3e378a10 JavaThread "jar transforms Thread 5" [_thread_blocked, id=4012, stack(0x0000005391e00000,0x0000005391f00000)]
  0x000001db3e378ee0 JavaThread "jar transforms Thread 6" [_thread_blocked, id=12140, stack(0x0000005391f00000,0x0000005392000000)]
  0x000001db3e37ea50 JavaThread "jar transforms Thread 7" [_thread_blocked, id=7220, stack(0x0000005392000000,0x0000005392100000)]
  0x000001db3e3793b0 JavaThread "jar transforms Thread 8" [_thread_blocked, id=6576, stack(0x0000005392100000,0x0000005392200000)]
  0x000001db3e37a220 JavaThread "jar transforms Thread 9" [_thread_blocked, id=24192, stack(0x0000005392200000,0x0000005392300000)]
  0x000001db3e379880 JavaThread "jar transforms Thread 10" [_thread_blocked, id=18404, stack(0x0000005392300000,0x0000005392400000)]
  0x000001db3e37f3f0 JavaThread "Cache worker for dependencies-accessors (C:\Users\82108\Desktop\23년 2학기\시스템 아키텍쳐\architecture_teamproject\lesserpanda-main\lesserpanda-backend\.gradle\8.2.1\dependencies-accessors)" [_thread_blocked, id=14912, stack(0x0000005392400000,0x0000005392500000)]
  0x000001db3e37ef20 JavaThread "jar transforms Thread 11" [_thread_blocked, id=22788, stack(0x0000005392500000,0x0000005392600000)]
  0x000001db3e37dbe0 JavaThread "Cache worker for Build Output Cleanup Cache (C:\Users\82108\Desktop\23년 2학기\시스템 아키텍쳐\architecture_teamproject\lesserpanda-main\lesserpanda-backend\.gradle\buildOutputCleanup)" [_thread_blocked, id=19804, stack(0x0000005392600000,0x0000005392700000)]
  0x000001db3e37ba30 JavaThread "Unconstrained build operations" [_thread_blocked, id=13284, stack(0x0000005392700000,0x0000005392800000)]
  0x000001db3e37bf00 JavaThread "Unconstrained build operations Thread 2" [_thread_blocked, id=18924, stack(0x0000005392800000,0x0000005392900000)]
  0x000001db3e37d710 JavaThread "Unconstrained build operations Thread 3" [_thread_blocked, id=6756, stack(0x0000005392900000,0x0000005392a00000)]
  0x000001db3e37a6f0 JavaThread "Unconstrained build operations Thread 4" [_thread_blocked, id=16176, stack(0x0000005392a00000,0x0000005392b00000)]
  0x000001db3e37abc0 JavaThread "Unconstrained build operations Thread 5" [_thread_blocked, id=24256, stack(0x0000005392b00000,0x0000005392c00000)]
  0x000001db3e37f8c0 JavaThread "Unconstrained build operations Thread 6" [_thread_blocked, id=15572, stack(0x0000005392c00000,0x0000005392d00000)]
  0x000001db3e378540 JavaThread "Unconstrained build operations Thread 7" [_thread_blocked, id=17032, stack(0x0000005392d00000,0x0000005392e00000)]
  0x000001db3e37b090 JavaThread "Unconstrained build operations Thread 8" [_thread_blocked, id=25884, stack(0x0000005392e00000,0x0000005392f00000)]
  0x000001db3e37e0b0 JavaThread "Unconstrained build operations Thread 9" [_thread_blocked, id=23004, stack(0x0000005392f00000,0x0000005393000000)]
  0x000001db410f8d10 JavaThread "Unconstrained build operations Thread 10" [_thread_blocked, id=20012, stack(0x0000005393000000,0x0000005393100000)]
  0x000001db410fbd30 JavaThread "Unconstrained build operations Thread 11" [_thread_blocked, id=5276, stack(0x0000005393100000,0x0000005393200000)]
  0x000001db410fb860 JavaThread "Unconstrained build operations Thread 12" [_thread_blocked, id=23628, stack(0x0000005393200000,0x0000005393300000)]
  0x000001db410f7500 JavaThread "Unconstrained build operations Thread 13" [_thread_blocked, id=2032, stack(0x0000005393300000,0x0000005393400000)]
  0x000001db410f5820 JavaThread "Unconstrained build operations Thread 14" [_thread_blocked, id=2068, stack(0x0000005393400000,0x0000005393500000)]
  0x000001db410fc200 JavaThread "Unconstrained build operations Thread 15" [_thread_blocked, id=21856, stack(0x0000005393500000,0x0000005393600000)]
  0x000001db410f96b0 JavaThread "jar transforms Thread 12" [_thread_blocked, id=18072, stack(0x0000005393600000,0x0000005393700000)]
  0x000001db410f79d0 JavaThread "jar transforms Thread 13" [_thread_blocked, id=18868, stack(0x0000005393700000,0x0000005393800000)]
  0x000001db410f49b0 JavaThread "jar transforms Thread 14" [_thread_blocked, id=13992, stack(0x0000005393800000,0x0000005393900000)]
  0x000001db410f8370 JavaThread "jar transforms Thread 15" [_thread_blocked, id=4460, stack(0x0000005393900000,0x0000005393a00000)]
  0x000001db410fa9f0 JavaThread "jar transforms Thread 16" [_thread_blocked, id=6932, stack(0x0000005393a00000,0x0000005393b00000)]
  0x000001db410fa520 JavaThread "Memory manager" [_thread_blocked, id=20076, stack(0x0000005393b00000,0x0000005393c00000)]
  0x000001db4092e5c0 JavaThread "C2 CompilerThread5" daemon [_thread_in_native, id=12636, stack(0x0000005393c00000,0x0000005393d00000)]
  0x000001db4092dba0 JavaThread "C2 CompilerThread6" daemon [_thread_in_native, id=332, stack(0x0000005393d00000,0x0000005393e00000)]
  0x000001db3ee1fdb0 JavaThread "C2 CompilerThread7" daemon [_thread_in_native, id=9792, stack(0x0000005393e00000,0x0000005393f00000)]

Other Threads:
  0x000001db21655710 VMThread "VM Thread" [stack: 0x000000538e300000,0x000000538e400000] [id=15040]
  0x000001db062f8850 WatcherThread [stack: 0x000000538f300000,0x000000538f400000] [id=14092]
  0x000001db062df050 GCTaskThread "GC Thread#0" [stack: 0x000000538de00000,0x000000538df00000] [id=5980]
  0x000001db3b011ce0 GCTaskThread "GC Thread#1" [stack: 0x000000538f600000,0x000000538f700000] [id=1520]
  0x000001db3c2867d0 GCTaskThread "GC Thread#2" [stack: 0x000000538f700000,0x000000538f800000] [id=24048]
  0x000001db3be73a60 GCTaskThread "GC Thread#3" [stack: 0x000000538f800000,0x000000538f900000] [id=11628]
  0x000001db3be73d10 GCTaskThread "GC Thread#4" [stack: 0x000000538f900000,0x000000538fa00000] [id=9140]
  0x000001db3be74390 GCTaskThread "GC Thread#5" [stack: 0x000000538fa00000,0x000000538fb00000] [id=23444]
  0x000001db3d42faa0 GCTaskThread "GC Thread#6" [stack: 0x0000005390c00000,0x0000005390d00000] [id=336]
  0x000001db3d430560 GCTaskThread "GC Thread#7" [stack: 0x0000005390d00000,0x0000005390e00000] [id=6396]
  0x000001db3d4302b0 GCTaskThread "GC Thread#8" [stack: 0x0000005390e00000,0x0000005390f00000] [id=19532]
  0x000001db3d430000 GCTaskThread "GC Thread#9" [stack: 0x0000005390f00000,0x0000005391000000] [id=19584]
  0x000001db3d42ed30 GCTaskThread "GC Thread#10" [stack: 0x0000005391000000,0x0000005391100000] [id=6824]
  0x000001db3d42fd50 GCTaskThread "GC Thread#11" [stack: 0x0000005391100000,0x0000005391200000] [id=5684]
  0x000001db3fa21b10 GCTaskThread "GC Thread#12" [stack: 0x0000005391200000,0x0000005391300000] [id=15472]
  0x000001db062e3f90 ConcurrentGCThread "G1 Main Marker" [stack: 0x000000538df00000,0x000000538e000000] [id=23016]
  0x000001db062e5140 ConcurrentGCThread "G1 Conc#0" [stack: 0x000000538e000000,0x000000538e100000] [id=2288]
  0x000001db3fa20da0 ConcurrentGCThread "G1 Conc#1" [stack: 0x0000005391300000,0x0000005391400000] [id=7688]
  0x000001db3fa22070 ConcurrentGCThread "G1 Conc#2" [stack: 0x0000005391400000,0x0000005391500000] [id=4544]
  0x000001db0637ec20 ConcurrentGCThread "G1 Refine#0" [stack: 0x000000538e100000,0x000000538e200000] [id=7868]
  0x000001db21518840 ConcurrentGCThread "G1 Service" [stack: 0x000000538e200000,0x000000538e300000] [id=12680]

Threads with active compile tasks:
C2 CompilerThread0     4633 5777   !   4       java.net.URLClassLoader$1::run (81 bytes)
C2 CompilerThread1     4633 5775   !   4       java.net.URLClassLoader::findClass (47 bytes)
C2 CompilerThread2     4633 5776       4       java.net.URLClassLoader$1::run (5 bytes)
C2 CompilerThread3     4633 5819       4       java.lang.Class::getMethodsRecursive (99 bytes)
C2 CompilerThread4     4633 5900 %     4       groovy.lang.MetaClassImpl::inheritInterfaceNewMetaMethods @ 100 (195 bytes)
C2 CompilerThread5     4633 5790       4       groovy.lang.MetaClassImpl::isGenericGetMethod (44 bytes)
C2 CompilerThread6     4634 5926       4       java.lang.reflect.Method::getGenericInfo (27 bytes)
C2 CompilerThread7     4634 5925       4       java.lang.Class::getAnnotation (22 bytes)

VM state: not at safepoint (normal execution)

VM Mutex/Monitor currently owned by a thread: None

Heap address: 0x00000000e0000000, size: 512 MB, Compressed Oops mode: 32-bit

CDS archive(s) mapped at: [0x000001db22000000-0x000001db22bd0000-0x000001db22bd0000), size 12386304, SharedBaseAddress: 0x000001db22000000, ArchiveRelocationMode: 1.
Compressed class space mapped at: 0x000001db23000000-0x000001db37000000, reserved size: 335544320
Narrow klass base: 0x000001db22000000, Narrow klass shift: 0, Narrow klass range: 0x100000000

GC Precious Log:
 CPUs: 16 total, 16 available
 Memory: 15776M
 Large Page Support: Disabled
 NUMA Support: Disabled
 Compressed Oops: Enabled (32-bit)
 Heap Region Size: 1M
 Heap Min Capacity: 256M
 Heap Initial Capacity: 256M
 Heap Max Capacity: 512M
 Pre-touch: Disabled
 Parallel Workers: 13
 Concurrent Workers: 3
 Concurrent Refinement Workers: 13
 Periodic GC: Disabled

Heap:
 garbage-first heap   total 262144K, used 55971K [0x00000000e0000000, 0x0000000100000000)
  region size 1024K, 33 young (33792K), 18 survivors (18432K)
 Metaspace       used 46754K, committed 47232K, reserved 393216K
  class space    used 6587K, committed 6848K, reserved 327680K

Heap Regions: E=young(eden), S=young(survivor), O=old, HS=humongous(starts), HC=humongous(continues), CS=collection set, F=free, OA=open archive, CA=closed archive, TAMS=top-at-mark-start (previous, next)
|   0|0x00000000e0000000, 0x00000000e0100000, 0x00000000e0100000|100%|HS|  |TAMS 0x00000000e0100000, 0x00000000e0000000| Complete 
|   1|0x00000000e0100000, 0x00000000e0200000, 0x00000000e0200000|100%|HC|  |TAMS 0x00000000e0200000, 0x00000000e0100000| Complete 
|   2|0x00000000e0200000, 0x00000000e0300000, 0x00000000e0300000|100%|HC|  |TAMS 0x00000000e0300000, 0x00000000e0200000| Complete 
|   3|0x00000000e0300000, 0x00000000e0400000, 0x00000000e0400000|100%|HC|  |TAMS 0x00000000e0400000, 0x00000000e0300000| Complete 
|   4|0x00000000e0400000, 0x00000000e0500000, 0x00000000e0500000|100%| O|  |TAMS 0x00000000e0500000, 0x00000000e0400000| Untracked 
|   5|0x00000000e0500000, 0x00000000e0600000, 0x00000000e0600000|100%| O|  |TAMS 0x00000000e0600000, 0x00000000e0500000| Untracked 
|   6|0x00000000e0600000, 0x00000000e0700000, 0x00000000e0700000|100%| O|  |TAMS 0x00000000e0700000, 0x00000000e0600000| Untracked 
|   7|0x00000000e0700000, 0x00000000e0800000, 0x00000000e0800000|100%| O|  |TAMS 0x00000000e0800000, 0x00000000e0700000| Untracked 
|   8|0x00000000e0800000, 0x00000000e0900000, 0x00000000e0900000|100%| O|  |TAMS 0x00000000e0900000, 0x00000000e0800000| Untracked 
|   9|0x00000000e0900000, 0x00000000e0a00000, 0x00000000e0a00000|100%| O|  |TAMS 0x00000000e0a00000, 0x00000000e0900000| Untracked 
|  10|0x00000000e0a00000, 0x00000000e0b00000, 0x00000000e0b00000|100%| O|  |TAMS 0x00000000e0aace00, 0x00000000e0a00000| Untracked 
|  11|0x00000000e0b00000, 0x00000000e0b00000, 0x00000000e0c00000|  0%| F|  |TAMS 0x00000000e0b00000, 0x00000000e0b00000| Untracked 
|  12|0x00000000e0c00000, 0x00000000e0c00000, 0x00000000e0d00000|  0%| F|  |TAMS 0x00000000e0c00000, 0x00000000e0c00000| Untracked 
|  13|0x00000000e0d00000, 0x00000000e0d00000, 0x00000000e0e00000|  0%| F|  |TAMS 0x00000000e0d00000, 0x00000000e0d00000| Untracked 
|  14|0x00000000e0e00000, 0x00000000e0e00000, 0x00000000e0f00000|  0%| F|  |TAMS 0x00000000e0e00000, 0x00000000e0e00000| Untracked 
|  15|0x00000000e0f00000, 0x00000000e0f00000, 0x00000000e1000000|  0%| F|  |TAMS 0x00000000e0f00000, 0x00000000e0f00000| Untracked 
|  16|0x00000000e1000000, 0x00000000e1100000, 0x00000000e1100000|100%| O|  |TAMS 0x00000000e1000000, 0x00000000e1000000| Untracked 
|  17|0x00000000e1100000, 0x00000000e1200000, 0x00000000e1200000|100%| O|  |TAMS 0x00000000e1100000, 0x00000000e1100000| Untracked 
|  18|0x00000000e1200000, 0x00000000e1300000, 0x00000000e1300000|100%| O|  |TAMS 0x00000000e1200000, 0x00000000e1200000| Untracked 
|  19|0x00000000e1300000, 0x00000000e1400000, 0x00000000e1400000|100%| O|  |TAMS 0x00000000e1300000, 0x00000000e1300000| Untracked 
|  20|0x00000000e1400000, 0x00000000e1500000, 0x00000000e1500000|100%| O|  |TAMS 0x00000000e1400000, 0x00000000e1400000| Untracked 
|  21|0x00000000e1500000, 0x00000000e1600000, 0x00000000e1600000|100%| O|  |TAMS 0x00000000e1500000, 0x00000000e1500000| Untracked 
|  22|0x00000000e1600000, 0x00000000e1700000, 0x00000000e1700000|100%| O|  |TAMS 0x00000000e1600000, 0x00000000e1600000| Untracked 
|  23|0x00000000e1700000, 0x00000000e1800000, 0x00000000e1800000|100%| O|  |TAMS 0x00000000e1700000, 0x00000000e1700000| Untracked 
|  24|0x00000000e1800000, 0x00000000e1900000, 0x00000000e1900000|100%| O|  |TAMS 0x00000000e1800000, 0x00000000e1800000| Untracked 
|  25|0x00000000e1900000, 0x00000000e1a00000, 0x00000000e1a00000|100%| O|  |TAMS 0x00000000e1900000, 0x00000000e1900000| Untracked 
|  26|0x00000000e1a00000, 0x00000000e1b00000, 0x00000000e1b00000|100%| O|  |TAMS 0x00000000e1a00000, 0x00000000e1a00000| Untracked 
|  27|0x00000000e1b00000, 0x00000000e1ba8e00, 0x00000000e1c00000| 65%| O|  |TAMS 0x00000000e1b00000, 0x00000000e1b00000| Untracked 
|  28|0x00000000e1c00000, 0x00000000e1c00000, 0x00000000e1d00000|  0%| F|  |TAMS 0x00000000e1c00000, 0x00000000e1c00000| Untracked 
|  29|0x00000000e1d00000, 0x00000000e1d00000, 0x00000000e1e00000|  0%| F|  |TAMS 0x00000000e1d00000, 0x00000000e1d00000| Untracked 
|  30|0x00000000e1e00000, 0x00000000e1e00000, 0x00000000e1f00000|  0%| F|  |TAMS 0x00000000e1e00000, 0x00000000e1e00000| Untracked 
|  31|0x00000000e1f00000, 0x00000000e1f00000, 0x00000000e2000000|  0%| F|  |TAMS 0x00000000e1f00000, 0x00000000e1f00000| Untracked 
|  32|0x00000000e2000000, 0x00000000e2000000, 0x00000000e2100000|  0%| F|  |TAMS 0x00000000e2000000, 0x00000000e2000000| Untracked 
|  33|0x00000000e2100000, 0x00000000e2100000, 0x00000000e2200000|  0%| F|  |TAMS 0x00000000e2100000, 0x00000000e2100000| Untracked 
|  34|0x00000000e2200000, 0x00000000e2200000, 0x00000000e2300000|  0%| F|  |TAMS 0x00000000e2200000, 0x00000000e2200000| Untracked 
|  35|0x00000000e2300000, 0x00000000e2300000, 0x00000000e2400000|  0%| F|  |TAMS 0x00000000e2300000, 0x00000000e2300000| Untracked 
|  36|0x00000000e2400000, 0x00000000e2400000, 0x00000000e2500000|  0%| F|  |TAMS 0x00000000e2400000, 0x00000000e2400000| Untracked 
|  37|0x00000000e2500000, 0x00000000e2500000, 0x00000000e2600000|  0%| F|  |TAMS 0x00000000e2500000, 0x00000000e2500000| Untracked 
|  38|0x00000000e2600000, 0x00000000e2600000, 0x00000000e2700000|  0%| F|  |TAMS 0x00000000e2600000, 0x00000000e2600000| Untracked 
|  39|0x00000000e2700000, 0x00000000e2700000, 0x00000000e2800000|  0%| F|  |TAMS 0x00000000e2700000, 0x00000000e2700000| Untracked 
|  40|0x00000000e2800000, 0x00000000e2800000, 0x00000000e2900000|  0%| F|  |TAMS 0x00000000e2800000, 0x00000000e2800000| Untracked 
|  41|0x00000000e2900000, 0x00000000e2900000, 0x00000000e2a00000|  0%| F|  |TAMS 0x00000000e2900000, 0x00000000e2900000| Untracked 
|  42|0x00000000e2a00000, 0x00000000e2a00000, 0x00000000e2b00000|  0%| F|  |TAMS 0x00000000e2a00000, 0x00000000e2a00000| Untracked 
|  43|0x00000000e2b00000, 0x00000000e2b00000, 0x00000000e2c00000|  0%| F|  |TAMS 0x00000000e2b00000, 0x00000000e2b00000| Untracked 
|  44|0x00000000e2c00000, 0x00000000e2c00000, 0x00000000e2d00000|  0%| F|  |TAMS 0x00000000e2c00000, 0x00000000e2c00000| Untracked 
|  45|0x00000000e2d00000, 0x00000000e2d00000, 0x00000000e2e00000|  0%| F|  |TAMS 0x00000000e2d00000, 0x00000000e2d00000| Untracked 
|  46|0x00000000e2e00000, 0x00000000e2e00000, 0x00000000e2f00000|  0%| F|  |TAMS 0x00000000e2e00000, 0x00000000e2e00000| Untracked 
|  47|0x00000000e2f00000, 0x00000000e2f00000, 0x00000000e3000000|  0%| F|  |TAMS 0x00000000e2f00000, 0x00000000e2f00000| Untracked 
|  48|0x00000000e3000000, 0x00000000e3000000, 0x00000000e3100000|  0%| F|  |TAMS 0x00000000e3000000, 0x00000000e3000000| Untracked 
|  49|0x00000000e3100000, 0x00000000e3100000, 0x00000000e3200000|  0%| F|  |TAMS 0x00000000e3100000, 0x00000000e3100000| Untracked 
|  50|0x00000000e3200000, 0x00000000e3200000, 0x00000000e3300000|  0%| F|  |TAMS 0x00000000e3200000, 0x00000000e3200000| Untracked 
|  51|0x00000000e3300000, 0x00000000e3300000, 0x00000000e3400000|  0%| F|  |TAMS 0x00000000e3300000, 0x00000000e3300000| Untracked 
|  52|0x00000000e3400000, 0x00000000e3400000, 0x00000000e3500000|  0%| F|  |TAMS 0x00000000e3400000, 0x00000000e3400000| Untracked 
|  53|0x00000000e3500000, 0x00000000e3500000, 0x00000000e3600000|  0%| F|  |TAMS 0x00000000e3500000, 0x00000000e3500000| Untracked 
|  54|0x00000000e3600000, 0x00000000e3600000, 0x00000000e3700000|  0%| F|  |TAMS 0x00000000e3600000, 0x00000000e3600000| Untracked 
|  55|0x00000000e3700000, 0x00000000e3700000, 0x00000000e3800000|  0%| F|  |TAMS 0x00000000e3700000, 0x00000000e3700000| Untracked 
|  56|0x00000000e3800000, 0x00000000e3800000, 0x00000000e3900000|  0%| F|  |TAMS 0x00000000e3800000, 0x00000000e3800000| Untracked 
|  57|0x00000000e3900000, 0x00000000e3900000, 0x00000000e3a00000|  0%| F|  |TAMS 0x00000000e3900000, 0x00000000e3900000| Untracked 
|  58|0x00000000e3a00000, 0x00000000e3a00000, 0x00000000e3b00000|  0%| F|  |TAMS 0x00000000e3a00000, 0x00000000e3a00000| Untracked 
|  59|0x00000000e3b00000, 0x00000000e3b00000, 0x00000000e3c00000|  0%| F|  |TAMS 0x00000000e3b00000, 0x00000000e3b00000| Untracked 
|  60|0x00000000e3c00000, 0x00000000e3c00000, 0x00000000e3d00000|  0%| F|  |TAMS 0x00000000e3c00000, 0x00000000e3c00000| Untracked 
|  61|0x00000000e3d00000, 0x00000000e3d00000, 0x00000000e3e00000|  0%| F|  |TAMS 0x00000000e3d00000, 0x00000000e3d00000| Untracked 
|  62|0x00000000e3e00000, 0x00000000e3e00000, 0x00000000e3f00000|  0%| F|  |TAMS 0x00000000e3e00000, 0x00000000e3e00000| Untracked 
|  63|0x00000000e3f00000, 0x00000000e3f00000, 0x00000000e4000000|  0%| F|  |TAMS 0x00000000e3f00000, 0x00000000e3f00000| Untracked 
|  64|0x00000000e4000000, 0x00000000e4000000, 0x00000000e4100000|  0%| F|  |TAMS 0x00000000e4000000, 0x00000000e4000000| Untracked 
|  65|0x00000000e4100000, 0x00000000e4100000, 0x00000000e4200000|  0%| F|  |TAMS 0x00000000e4100000, 0x00000000e4100000| Untracked 
|  66|0x00000000e4200000, 0x00000000e4200000, 0x00000000e4300000|  0%| F|  |TAMS 0x00000000e4200000, 0x00000000e4200000| Untracked 
|  67|0x00000000e4300000, 0x00000000e4300000, 0x00000000e4400000|  0%| F|  |TAMS 0x00000000e4300000, 0x00000000e4300000| Untracked 
|  68|0x00000000e4400000, 0x00000000e4400000, 0x00000000e4500000|  0%| F|  |TAMS 0x00000000e4400000, 0x00000000e4400000| Untracked 
|  69|0x00000000e4500000, 0x00000000e4500000, 0x00000000e4600000|  0%| F|  |TAMS 0x00000000e4500000, 0x00000000e4500000| Untracked 
|  70|0x00000000e4600000, 0x00000000e4600000, 0x00000000e4700000|  0%| F|  |TAMS 0x00000000e4600000, 0x00000000e4600000| Untracked 
|  71|0x00000000e4700000, 0x00000000e4700000, 0x00000000e4800000|  0%| F|  |TAMS 0x00000000e4700000, 0x00000000e4700000| Untracked 
|  72|0x00000000e4800000, 0x00000000e4800000, 0x00000000e4900000|  0%| F|  |TAMS 0x00000000e4800000, 0x00000000e4800000| Untracked 
|  73|0x00000000e4900000, 0x00000000e4900000, 0x00000000e4a00000|  0%| F|  |TAMS 0x00000000e4900000, 0x00000000e4900000| Untracked 
|  74|0x00000000e4a00000, 0x00000000e4a00000, 0x00000000e4b00000|  0%| F|  |TAMS 0x00000000e4a00000, 0x00000000e4a00000| Untracked 
|  75|0x00000000e4b00000, 0x00000000e4b00000, 0x00000000e4c00000|  0%| F|  |TAMS 0x00000000e4b00000, 0x00000000e4b00000| Untracked 
|  76|0x00000000e4c00000, 0x00000000e4c00000, 0x00000000e4d00000|  0%| F|  |TAMS 0x00000000e4c00000, 0x00000000e4c00000| Untracked 
|  77|0x00000000e4d00000, 0x00000000e4d00000, 0x00000000e4e00000|  0%| F|  |TAMS 0x00000000e4d00000, 0x00000000e4d00000| Untracked 
|  78|0x00000000e4e00000, 0x00000000e4e00000, 0x00000000e4f00000|  0%| F|  |TAMS 0x00000000e4e00000, 0x00000000e4e00000| Untracked 
|  79|0x00000000e4f00000, 0x00000000e4f00000, 0x00000000e5000000|  0%| F|  |TAMS 0x00000000e4f00000, 0x00000000e4f00000| Untracked 
|  80|0x00000000e5000000, 0x00000000e5000000, 0x00000000e5100000|  0%| F|  |TAMS 0x00000000e5000000, 0x00000000e5000000| Untracked 
|  81|0x00000000e5100000, 0x00000000e5100000, 0x00000000e5200000|  0%| F|  |TAMS 0x00000000e5100000, 0x00000000e5100000| Untracked 
|  82|0x00000000e5200000, 0x00000000e5200000, 0x00000000e5300000|  0%| F|  |TAMS 0x00000000e5200000, 0x00000000e5200000| Untracked 
|  83|0x00000000e5300000, 0x00000000e5300000, 0x00000000e5400000|  0%| F|  |TAMS 0x00000000e5300000, 0x00000000e5300000| Untracked 
|  84|0x00000000e5400000, 0x00000000e5400000, 0x00000000e5500000|  0%| F|  |TAMS 0x00000000e5400000, 0x00000000e5400000| Untracked 
|  85|0x00000000e5500000, 0x00000000e5500000, 0x00000000e5600000|  0%| F|  |TAMS 0x00000000e5500000, 0x00000000e5500000| Untracked 
|  86|0x00000000e5600000, 0x00000000e5600000, 0x00000000e5700000|  0%| F|  |TAMS 0x00000000e5600000, 0x00000000e5600000| Untracked 
|  87|0x00000000e5700000, 0x00000000e5700000, 0x00000000e5800000|  0%| F|  |TAMS 0x00000000e5700000, 0x00000000e5700000| Untracked 
|  88|0x00000000e5800000, 0x00000000e5800000, 0x00000000e5900000|  0%| F|  |TAMS 0x00000000e5800000, 0x00000000e5800000| Untracked 
|  89|0x00000000e5900000, 0x00000000e5900000, 0x00000000e5a00000|  0%| F|  |TAMS 0x00000000e5900000, 0x00000000e5900000| Untracked 
|  90|0x00000000e5a00000, 0x00000000e5a00000, 0x00000000e5b00000|  0%| F|  |TAMS 0x00000000e5a00000, 0x00000000e5a00000| Untracked 
|  91|0x00000000e5b00000, 0x00000000e5b00000, 0x00000000e5c00000|  0%| F|  |TAMS 0x00000000e5b00000, 0x00000000e5b00000| Untracked 
|  92|0x00000000e5c00000, 0x00000000e5c00000, 0x00000000e5d00000|  0%| F|  |TAMS 0x00000000e5c00000, 0x00000000e5c00000| Untracked 
|  93|0x00000000e5d00000, 0x00000000e5d00000, 0x00000000e5e00000|  0%| F|  |TAMS 0x00000000e5d00000, 0x00000000e5d00000| Untracked 
|  94|0x00000000e5e00000, 0x00000000e5f00000, 0x00000000e5f00000|100%| S|CS|TAMS 0x00000000e5e00000, 0x00000000e5e00000| Complete 
|  95|0x00000000e5f00000, 0x00000000e6000000, 0x00000000e6000000|100%| S|CS|TAMS 0x00000000e5f00000, 0x00000000e5f00000| Complete 
|  96|0x00000000e6000000, 0x00000000e6100000, 0x00000000e6100000|100%| S|CS|TAMS 0x00000000e6000000, 0x00000000e6000000| Complete 
|  97|0x00000000e6100000, 0x00000000e6200000, 0x00000000e6200000|100%| S|CS|TAMS 0x00000000e6100000, 0x00000000e6100000| Complete 
|  98|0x00000000e6200000, 0x00000000e6300000, 0x00000000e6300000|100%| S|CS|TAMS 0x00000000e6200000, 0x00000000e6200000| Complete 
|  99|0x00000000e6300000, 0x00000000e6400000, 0x00000000e6400000|100%| S|CS|TAMS 0x00000000e6300000, 0x00000000e6300000| Complete 
| 100|0x00000000e6400000, 0x00000000e6500000, 0x00000000e6500000|100%| S|CS|TAMS 0x00000000e6400000, 0x00000000e6400000| Complete 
| 101|0x00000000e6500000, 0x00000000e6600000, 0x00000000e6600000|100%| S|CS|TAMS 0x00000000e6500000, 0x00000000e6500000| Complete 
| 102|0x00000000e6600000, 0x00000000e6700000, 0x00000000e6700000|100%| S|CS|TAMS 0x00000000e6600000, 0x00000000e6600000| Complete 
| 103|0x00000000e6700000, 0x00000000e6800000, 0x00000000e6800000|100%| S|CS|TAMS 0x00000000e6700000, 0x00000000e6700000| Complete 
| 104|0x00000000e6800000, 0x00000000e6900000, 0x00000000e6900000|100%| S|CS|TAMS 0x00000000e6800000, 0x00000000e6800000| Complete 
| 105|0x00000000e6900000, 0x00000000e6a00000, 0x00000000e6a00000|100%| S|CS|TAMS 0x00000000e6900000, 0x00000000e6900000| Complete 
| 106|0x00000000e6a00000, 0x00000000e6b00000, 0x00000000e6b00000|100%| S|CS|TAMS 0x00000000e6a00000, 0x00000000e6a00000| Complete 
| 107|0x00000000e6b00000, 0x00000000e6c00000, 0x00000000e6c00000|100%| S|CS|TAMS 0x00000000e6b00000, 0x00000000e6b00000| Complete 
| 108|0x00000000e6c00000, 0x00000000e6d00000, 0x00000000e6d00000|100%| S|CS|TAMS 0x00000000e6c00000, 0x00000000e6c00000| Complete 
| 109|0x00000000e6d00000, 0x00000000e6e00000, 0x00000000e6e00000|100%| S|CS|TAMS 0x00000000e6d00000, 0x00000000e6d00000| Complete 
| 110|0x00000000e6e00000, 0x00000000e6f00000, 0x00000000e6f00000|100%| S|CS|TAMS 0x00000000e6e00000, 0x00000000e6e00000| Complete 
| 111|0x00000000e6f00000, 0x00000000e7000000, 0x00000000e7000000|100%| S|CS|TAMS 0x00000000e6f00000, 0x00000000e6f00000| Complete 
| 112|0x00000000e7000000, 0x00000000e7000000, 0x00000000e7100000|  0%| F|  |TAMS 0x00000000e7000000, 0x00000000e7000000| Untracked 
| 113|0x00000000e7100000, 0x00000000e7100000, 0x00000000e7200000|  0%| F|  |TAMS 0x00000000e7100000, 0x00000000e7100000| Untracked 
| 114|0x00000000e7200000, 0x00000000e7200000, 0x00000000e7300000|  0%| F|  |TAMS 0x00000000e7200000, 0x00000000e7200000| Untracked 
| 115|0x00000000e7300000, 0x00000000e7300000, 0x00000000e7400000|  0%| F|  |TAMS 0x00000000e7300000, 0x00000000e7300000| Untracked 
| 116|0x00000000e7400000, 0x00000000e7400000, 0x00000000e7500000|  0%| F|  |TAMS 0x00000000e7400000, 0x00000000e7400000| Untracked 
| 117|0x00000000e7500000, 0x00000000e7500000, 0x00000000e7600000|  0%| F|  |TAMS 0x00000000e7500000, 0x00000000e7500000| Untracked 
| 118|0x00000000e7600000, 0x00000000e7600000, 0x00000000e7700000|  0%| F|  |TAMS 0x00000000e7600000, 0x00000000e7600000| Untracked 
| 119|0x00000000e7700000, 0x00000000e7700000, 0x00000000e7800000|  0%| F|  |TAMS 0x00000000e7700000, 0x00000000e7700000| Untracked 
| 120|0x00000000e7800000, 0x00000000e7800000, 0x00000000e7900000|  0%| F|  |TAMS 0x00000000e7800000, 0x00000000e7800000| Untracked 
| 121|0x00000000e7900000, 0x00000000e7900000, 0x00000000e7a00000|  0%| F|  |TAMS 0x00000000e7900000, 0x00000000e7900000| Untracked 
| 122|0x00000000e7a00000, 0x00000000e7a00000, 0x00000000e7b00000|  0%| F|  |TAMS 0x00000000e7a00000, 0x00000000e7a00000| Untracked 
| 123|0x00000000e7b00000, 0x00000000e7b00000, 0x00000000e7c00000|  0%| F|  |TAMS 0x00000000e7b00000, 0x00000000e7b00000| Untracked 
| 124|0x00000000e7c00000, 0x00000000e7c00000, 0x00000000e7d00000|  0%| F|  |TAMS 0x00000000e7c00000, 0x00000000e7c00000| Untracked 
| 125|0x00000000e7d00000, 0x00000000e7d00000, 0x00000000e7e00000|  0%| F|  |TAMS 0x00000000e7d00000, 0x00000000e7d00000| Untracked 
| 126|0x00000000e7e00000, 0x00000000e7e00000, 0x00000000e7f00000|  0%| F|  |TAMS 0x00000000e7e00000, 0x00000000e7e00000| Untracked 
| 127|0x00000000e7f00000, 0x00000000e7f00000, 0x00000000e8000000|  0%| F|  |TAMS 0x00000000e7f00000, 0x00000000e7f00000| Untracked 
| 128|0x00000000e8000000, 0x00000000e8000000, 0x00000000e8100000|  0%| F|  |TAMS 0x00000000e8000000, 0x00000000e8000000| Untracked 
| 129|0x00000000e8100000, 0x00000000e8100000, 0x00000000e8200000|  0%| F|  |TAMS 0x00000000e8100000, 0x00000000e8100000| Untracked 
| 130|0x00000000e8200000, 0x00000000e8200000, 0x00000000e8300000|  0%| F|  |TAMS 0x00000000e8200000, 0x00000000e8200000| Untracked 
| 131|0x00000000e8300000, 0x00000000e8300000, 0x00000000e8400000|  0%| F|  |TAMS 0x00000000e8300000, 0x00000000e8300000| Untracked 
| 132|0x00000000e8400000, 0x00000000e8400000, 0x00000000e8500000|  0%| F|  |TAMS 0x00000000e8400000, 0x00000000e8400000| Untracked 
| 133|0x00000000e8500000, 0x00000000e8500000, 0x00000000e8600000|  0%| F|  |TAMS 0x00000000e8500000, 0x00000000e8500000| Untracked 
| 134|0x00000000e8600000, 0x00000000e8600000, 0x00000000e8700000|  0%| F|  |TAMS 0x00000000e8600000, 0x00000000e8600000| Untracked 
| 135|0x00000000e8700000, 0x00000000e8700000, 0x00000000e8800000|  0%| F|  |TAMS 0x00000000e8700000, 0x00000000e8700000| Untracked 
| 136|0x00000000e8800000, 0x00000000e8800000, 0x00000000e8900000|  0%| F|  |TAMS 0x00000000e8800000, 0x00000000e8800000| Untracked 
| 137|0x00000000e8900000, 0x00000000e8900000, 0x00000000e8a00000|  0%| F|  |TAMS 0x00000000e8900000, 0x00000000e8900000| Untracked 
| 138|0x00000000e8a00000, 0x00000000e8a00000, 0x00000000e8b00000|  0%| F|  |TAMS 0x00000000e8a00000, 0x00000000e8a00000| Untracked 
| 139|0x00000000e8b00000, 0x00000000e8b00000, 0x00000000e8c00000|  0%| F|  |TAMS 0x00000000e8b00000, 0x00000000e8b00000| Untracked 
| 140|0x00000000e8c00000, 0x00000000e8c00000, 0x00000000e8d00000|  0%| F|  |TAMS 0x00000000e8c00000, 0x00000000e8c00000| Untracked 
| 141|0x00000000e8d00000, 0x00000000e8d00000, 0x00000000e8e00000|  0%| F|  |TAMS 0x00000000e8d00000, 0x00000000e8d00000| Untracked 
| 142|0x00000000e8e00000, 0x00000000e8e00000, 0x00000000e8f00000|  0%| F|  |TAMS 0x00000000e8e00000, 0x00000000e8e00000| Untracked 
| 143|0x00000000e8f00000, 0x00000000e8f00000, 0x00000000e9000000|  0%| F|  |TAMS 0x00000000e8f00000, 0x00000000e8f00000| Untracked 
| 144|0x00000000e9000000, 0x00000000e9000000, 0x00000000e9100000|  0%| F|  |TAMS 0x00000000e9000000, 0x00000000e9000000| Untracked 
| 145|0x00000000e9100000, 0x00000000e9100000, 0x00000000e9200000|  0%| F|  |TAMS 0x00000000e9100000, 0x00000000e9100000| Untracked 
| 146|0x00000000e9200000, 0x00000000e9200000, 0x00000000e9300000|  0%| F|  |TAMS 0x00000000e9200000, 0x00000000e9200000| Untracked 
| 147|0x00000000e9300000, 0x00000000e9300000, 0x00000000e9400000|  0%| F|  |TAMS 0x00000000e9300000, 0x00000000e9300000| Untracked 
| 148|0x00000000e9400000, 0x00000000e9400000, 0x00000000e9500000|  0%| F|  |TAMS 0x00000000e9400000, 0x00000000e9400000| Untracked 
| 149|0x00000000e9500000, 0x00000000e9500000, 0x00000000e9600000|  0%| F|  |TAMS 0x00000000e9500000, 0x00000000e9500000| Untracked 
| 150|0x00000000e9600000, 0x00000000e9600000, 0x00000000e9700000|  0%| F|  |TAMS 0x00000000e9600000, 0x00000000e9600000| Untracked 
| 151|0x00000000e9700000, 0x00000000e9700000, 0x00000000e9800000|  0%| F|  |TAMS 0x00000000e9700000, 0x00000000e9700000| Untracked 
| 152|0x00000000e9800000, 0x00000000e9800000, 0x00000000e9900000|  0%| F|  |TAMS 0x00000000e9800000, 0x00000000e9800000| Untracked 
| 153|0x00000000e9900000, 0x00000000e9900000, 0x00000000e9a00000|  0%| F|  |TAMS 0x00000000e9900000, 0x00000000e9900000| Untracked 
| 154|0x00000000e9a00000, 0x00000000e9a00000, 0x00000000e9b00000|  0%| F|  |TAMS 0x00000000e9a00000, 0x00000000e9a00000| Untracked 
| 155|0x00000000e9b00000, 0x00000000e9b00000, 0x00000000e9c00000|  0%| F|  |TAMS 0x00000000e9b00000, 0x00000000e9b00000| Untracked 
| 156|0x00000000e9c00000, 0x00000000e9c00000, 0x00000000e9d00000|  0%| F|  |TAMS 0x00000000e9c00000, 0x00000000e9c00000| Untracked 
| 157|0x00000000e9d00000, 0x00000000e9d00000, 0x00000000e9e00000|  0%| F|  |TAMS 0x00000000e9d00000, 0x00000000e9d00000| Untracked 
| 158|0x00000000e9e00000, 0x00000000e9e00000, 0x00000000e9f00000|  0%| F|  |TAMS 0x00000000e9e00000, 0x00000000e9e00000| Untracked 
| 159|0x00000000e9f00000, 0x00000000e9f00000, 0x00000000ea000000|  0%| F|  |TAMS 0x00000000e9f00000, 0x00000000e9f00000| Untracked 
| 160|0x00000000ea000000, 0x00000000ea000000, 0x00000000ea100000|  0%| F|  |TAMS 0x00000000ea000000, 0x00000000ea000000| Untracked 
| 161|0x00000000ea100000, 0x00000000ea100000, 0x00000000ea200000|  0%| F|  |TAMS 0x00000000ea100000, 0x00000000ea100000| Untracked 
| 162|0x00000000ea200000, 0x00000000ea200000, 0x00000000ea300000|  0%| F|  |TAMS 0x00000000ea200000, 0x00000000ea200000| Untracked 
| 163|0x00000000ea300000, 0x00000000ea300000, 0x00000000ea400000|  0%| F|  |TAMS 0x00000000ea300000, 0x00000000ea300000| Untracked 
| 164|0x00000000ea400000, 0x00000000ea400000, 0x00000000ea500000|  0%| F|  |TAMS 0x00000000ea400000, 0x00000000ea400000| Untracked 
| 165|0x00000000ea500000, 0x00000000ea500000, 0x00000000ea600000|  0%| F|  |TAMS 0x00000000ea500000, 0x00000000ea500000| Untracked 
| 166|0x00000000ea600000, 0x00000000ea600000, 0x00000000ea700000|  0%| F|  |TAMS 0x00000000ea600000, 0x00000000ea600000| Untracked 
| 167|0x00000000ea700000, 0x00000000ea700000, 0x00000000ea800000|  0%| F|  |TAMS 0x00000000ea700000, 0x00000000ea700000| Untracked 
| 168|0x00000000ea800000, 0x00000000ea800000, 0x00000000ea900000|  0%| F|  |TAMS 0x00000000ea800000, 0x00000000ea800000| Untracked 
| 169|0x00000000ea900000, 0x00000000ea900000, 0x00000000eaa00000|  0%| F|  |TAMS 0x00000000ea900000, 0x00000000ea900000| Untracked 
| 170|0x00000000eaa00000, 0x00000000eaa00000, 0x00000000eab00000|  0%| F|  |TAMS 0x00000000eaa00000, 0x00000000eaa00000| Untracked 
| 171|0x00000000eab00000, 0x00000000eab00000, 0x00000000eac00000|  0%| F|  |TAMS 0x00000000eab00000, 0x00000000eab00000| Untracked 
| 172|0x00000000eac00000, 0x00000000eac00000, 0x00000000ead00000|  0%| F|  |TAMS 0x00000000eac00000, 0x00000000eac00000| Untracked 
| 173|0x00000000ead00000, 0x00000000ead00000, 0x00000000eae00000|  0%| F|  |TAMS 0x00000000ead00000, 0x00000000ead00000| Untracked 
| 174|0x00000000eae00000, 0x00000000eae00000, 0x00000000eaf00000|  0%| F|  |TAMS 0x00000000eae00000, 0x00000000eae00000| Untracked 
| 175|0x00000000eaf00000, 0x00000000eaf00000, 0x00000000eb000000|  0%| F|  |TAMS 0x00000000eaf00000, 0x00000000eaf00000| Untracked 
| 176|0x00000000eb000000, 0x00000000eb000000, 0x00000000eb100000|  0%| F|  |TAMS 0x00000000eb000000, 0x00000000eb000000| Untracked 
| 177|0x00000000eb100000, 0x00000000eb100000, 0x00000000eb200000|  0%| F|  |TAMS 0x00000000eb100000, 0x00000000eb100000| Untracked 
| 178|0x00000000eb200000, 0x00000000eb200000, 0x00000000eb300000|  0%| F|  |TAMS 0x00000000eb200000, 0x00000000eb200000| Untracked 
| 179|0x00000000eb300000, 0x00000000eb300000, 0x00000000eb400000|  0%| F|  |TAMS 0x00000000eb300000, 0x00000000eb300000| Untracked 
| 180|0x00000000eb400000, 0x00000000eb400000, 0x00000000eb500000|  0%| F|  |TAMS 0x00000000eb400000, 0x00000000eb400000| Untracked 
| 181|0x00000000eb500000, 0x00000000eb500000, 0x00000000eb600000|  0%| F|  |TAMS 0x00000000eb500000, 0x00000000eb500000| Untracked 
| 182|0x00000000eb600000, 0x00000000eb600000, 0x00000000eb700000|  0%| F|  |TAMS 0x00000000eb600000, 0x00000000eb600000| Untracked 
| 183|0x00000000eb700000, 0x00000000eb700000, 0x00000000eb800000|  0%| F|  |TAMS 0x00000000eb700000, 0x00000000eb700000| Untracked 
| 184|0x00000000eb800000, 0x00000000eb800000, 0x00000000eb900000|  0%| F|  |TAMS 0x00000000eb800000, 0x00000000eb800000| Untracked 
| 185|0x00000000eb900000, 0x00000000eb900000, 0x00000000eba00000|  0%| F|  |TAMS 0x00000000eb900000, 0x00000000eb900000| Untracked 
| 186|0x00000000eba00000, 0x00000000eba00000, 0x00000000ebb00000|  0%| F|  |TAMS 0x00000000eba00000, 0x00000000eba00000| Untracked 
| 187|0x00000000ebb00000, 0x00000000ebb00000, 0x00000000ebc00000|  0%| F|  |TAMS 0x00000000ebb00000, 0x00000000ebb00000| Untracked 
| 188|0x00000000ebc00000, 0x00000000ebc00000, 0x00000000ebd00000|  0%| F|  |TAMS 0x00000000ebc00000, 0x00000000ebc00000| Untracked 
| 189|0x00000000ebd00000, 0x00000000ebd00000, 0x00000000ebe00000|  0%| F|  |TAMS 0x00000000ebd00000, 0x00000000ebd00000| Untracked 
| 190|0x00000000ebe00000, 0x00000000ebe00000, 0x00000000ebf00000|  0%| F|  |TAMS 0x00000000ebe00000, 0x00000000ebe00000| Untracked 
| 191|0x00000000ebf00000, 0x00000000ebf00000, 0x00000000ec000000|  0%| F|  |TAMS 0x00000000ebf00000, 0x00000000ebf00000| Untracked 
| 192|0x00000000ec000000, 0x00000000ec000000, 0x00000000ec100000|  0%| F|  |TAMS 0x00000000ec000000, 0x00000000ec000000| Untracked 
| 193|0x00000000ec100000, 0x00000000ec100000, 0x00000000ec200000|  0%| F|  |TAMS 0x00000000ec100000, 0x00000000ec100000| Untracked 
| 194|0x00000000ec200000, 0x00000000ec200000, 0x00000000ec300000|  0%| F|  |TAMS 0x00000000ec200000, 0x00000000ec200000| Untracked 
| 195|0x00000000ec300000, 0x00000000ec300000, 0x00000000ec400000|  0%| F|  |TAMS 0x00000000ec300000, 0x00000000ec300000| Untracked 
| 196|0x00000000ec400000, 0x00000000ec400000, 0x00000000ec500000|  0%| F|  |TAMS 0x00000000ec400000, 0x00000000ec400000| Untracked 
| 197|0x00000000ec500000, 0x00000000ec500000, 0x00000000ec600000|  0%| F|  |TAMS 0x00000000ec500000, 0x00000000ec500000| Untracked 
| 198|0x00000000ec600000, 0x00000000ec600000, 0x00000000ec700000|  0%| F|  |TAMS 0x00000000ec600000, 0x00000000ec600000| Untracked 
| 199|0x00000000ec700000, 0x00000000ec700000, 0x00000000ec800000|  0%| F|  |TAMS 0x00000000ec700000, 0x00000000ec700000| Untracked 
| 200|0x00000000ec800000, 0x00000000ec800000, 0x00000000ec900000|  0%| F|  |TAMS 0x00000000ec800000, 0x00000000ec800000| Untracked 
| 201|0x00000000ec900000, 0x00000000ec900000, 0x00000000eca00000|  0%| F|  |TAMS 0x00000000ec900000, 0x00000000ec900000| Untracked 
| 202|0x00000000eca00000, 0x00000000eca00000, 0x00000000ecb00000|  0%| F|  |TAMS 0x00000000eca00000, 0x00000000eca00000| Untracked 
| 203|0x00000000ecb00000, 0x00000000ecb00000, 0x00000000ecc00000|  0%| F|  |TAMS 0x00000000ecb00000, 0x00000000ecb00000| Untracked 
| 204|0x00000000ecc00000, 0x00000000ecc00000, 0x00000000ecd00000|  0%| F|  |TAMS 0x00000000ecc00000, 0x00000000ecc00000| Untracked 
| 205|0x00000000ecd00000, 0x00000000ecd00000, 0x00000000ece00000|  0%| F|  |TAMS 0x00000000ecd00000, 0x00000000ecd00000| Untracked 
| 206|0x00000000ece00000, 0x00000000ece00000, 0x00000000ecf00000|  0%| F|  |TAMS 0x00000000ece00000, 0x00000000ece00000| Untracked 
| 207|0x00000000ecf00000, 0x00000000ecf00000, 0x00000000ed000000|  0%| F|  |TAMS 0x00000000ecf00000, 0x00000000ecf00000| Untracked 
| 208|0x00000000ed000000, 0x00000000ed000000, 0x00000000ed100000|  0%| F|  |TAMS 0x00000000ed000000, 0x00000000ed000000| Untracked 
| 209|0x00000000ed100000, 0x00000000ed100000, 0x00000000ed200000|  0%| F|  |TAMS 0x00000000ed100000, 0x00000000ed100000| Untracked 
| 210|0x00000000ed200000, 0x00000000ed200000, 0x00000000ed300000|  0%| F|  |TAMS 0x00000000ed200000, 0x00000000ed200000| Untracked 
| 211|0x00000000ed300000, 0x00000000ed300000, 0x00000000ed400000|  0%| F|  |TAMS 0x00000000ed300000, 0x00000000ed300000| Untracked 
| 212|0x00000000ed400000, 0x00000000ed400000, 0x00000000ed500000|  0%| F|  |TAMS 0x00000000ed400000, 0x00000000ed400000| Untracked 
| 213|0x00000000ed500000, 0x00000000ed500000, 0x00000000ed600000|  0%| F|  |TAMS 0x00000000ed500000, 0x00000000ed500000| Untracked 
| 214|0x00000000ed600000, 0x00000000ed600000, 0x00000000ed700000|  0%| F|  |TAMS 0x00000000ed600000, 0x00000000ed600000| Untracked 
| 215|0x00000000ed700000, 0x00000000ed700000, 0x00000000ed800000|  0%| F|  |TAMS 0x00000000ed700000, 0x00000000ed700000| Untracked 
| 216|0x00000000ed800000, 0x00000000ed800000, 0x00000000ed900000|  0%| F|  |TAMS 0x00000000ed800000, 0x00000000ed800000| Untracked 
| 217|0x00000000ed900000, 0x00000000ed900000, 0x00000000eda00000|  0%| F|  |TAMS 0x00000000ed900000, 0x00000000ed900000| Untracked 
| 218|0x00000000eda00000, 0x00000000eda00000, 0x00000000edb00000|  0%| F|  |TAMS 0x00000000eda00000, 0x00000000eda00000| Untracked 
| 219|0x00000000edb00000, 0x00000000edb00000, 0x00000000edc00000|  0%| F|  |TAMS 0x00000000edb00000, 0x00000000edb00000| Untracked 
| 220|0x00000000edc00000, 0x00000000edc00000, 0x00000000edd00000|  0%| F|  |TAMS 0x00000000edc00000, 0x00000000edc00000| Untracked 
| 221|0x00000000edd00000, 0x00000000edd00000, 0x00000000ede00000|  0%| F|  |TAMS 0x00000000edd00000, 0x00000000edd00000| Untracked 
| 222|0x00000000ede00000, 0x00000000ede00000, 0x00000000edf00000|  0%| F|  |TAMS 0x00000000ede00000, 0x00000000ede00000| Untracked 
| 223|0x00000000edf00000, 0x00000000edf00000, 0x00000000ee000000|  0%| F|  |TAMS 0x00000000edf00000, 0x00000000edf00000| Untracked 
| 224|0x00000000ee000000, 0x00000000ee000000, 0x00000000ee100000|  0%| F|  |TAMS 0x00000000ee000000, 0x00000000ee000000| Untracked 
| 225|0x00000000ee100000, 0x00000000ee100000, 0x00000000ee200000|  0%| F|  |TAMS 0x00000000ee100000, 0x00000000ee100000| Untracked 
| 226|0x00000000ee200000, 0x00000000ee200000, 0x00000000ee300000|  0%| F|  |TAMS 0x00000000ee200000, 0x00000000ee200000| Untracked 
| 227|0x00000000ee300000, 0x00000000ee300000, 0x00000000ee400000|  0%| F|  |TAMS 0x00000000ee300000, 0x00000000ee300000| Untracked 
| 228|0x00000000ee400000, 0x00000000ee400000, 0x00000000ee500000|  0%| F|  |TAMS 0x00000000ee400000, 0x00000000ee400000| Untracked 
| 229|0x00000000ee500000, 0x00000000ee500000, 0x00000000ee600000|  0%| F|  |TAMS 0x00000000ee500000, 0x00000000ee500000| Untracked 
| 230|0x00000000ee600000, 0x00000000ee600000, 0x00000000ee700000|  0%| F|  |TAMS 0x00000000ee600000, 0x00000000ee600000| Untracked 
| 231|0x00000000ee700000, 0x00000000ee700000, 0x00000000ee800000|  0%| F|  |TAMS 0x00000000ee700000, 0x00000000ee700000| Untracked 
| 232|0x00000000ee800000, 0x00000000ee800000, 0x00000000ee900000|  0%| F|  |TAMS 0x00000000ee800000, 0x00000000ee800000| Untracked 
| 233|0x00000000ee900000, 0x00000000ee900000, 0x00000000eea00000|  0%| F|  |TAMS 0x00000000ee900000, 0x00000000ee900000| Untracked 
| 234|0x00000000eea00000, 0x00000000eea00000, 0x00000000eeb00000|  0%| F|  |TAMS 0x00000000eea00000, 0x00000000eea00000| Untracked 
| 235|0x00000000eeb00000, 0x00000000eeb00000, 0x00000000eec00000|  0%| F|  |TAMS 0x00000000eeb00000, 0x00000000eeb00000| Untracked 
| 236|0x00000000eec00000, 0x00000000eec00000, 0x00000000eed00000|  0%| F|  |TAMS 0x00000000eec00000, 0x00000000eec00000| Untracked 
| 237|0x00000000eed00000, 0x00000000eed00000, 0x00000000eee00000|  0%| F|  |TAMS 0x00000000eed00000, 0x00000000eed00000| Untracked 
| 238|0x00000000eee00000, 0x00000000eee00000, 0x00000000eef00000|  0%| F|  |TAMS 0x00000000eee00000, 0x00000000eee00000| Untracked 
| 239|0x00000000eef00000, 0x00000000eef00000, 0x00000000ef000000|  0%| F|  |TAMS 0x00000000eef00000, 0x00000000eef00000| Untracked 
| 240|0x00000000ef000000, 0x00000000ef080800, 0x00000000ef100000| 50%| E|  |TAMS 0x00000000ef000000, 0x00000000ef000000| Complete 
| 241|0x00000000ef100000, 0x00000000ef200000, 0x00000000ef200000|100%| E|CS|TAMS 0x00000000ef100000, 0x00000000ef100000| Complete 
| 242|0x00000000ef200000, 0x00000000ef300000, 0x00000000ef300000|100%| E|CS|TAMS 0x00000000ef200000, 0x00000000ef200000| Complete 
| 243|0x00000000ef300000, 0x00000000ef400000, 0x00000000ef400000|100%| E|CS|TAMS 0x00000000ef300000, 0x00000000ef300000| Complete 
| 244|0x00000000ef400000, 0x00000000ef500000, 0x00000000ef500000|100%| E|CS|TAMS 0x00000000ef400000, 0x00000000ef400000| Complete 
| 245|0x00000000ef500000, 0x00000000ef600000, 0x00000000ef600000|100%| E|CS|TAMS 0x00000000ef500000, 0x00000000ef500000| Complete 
| 246|0x00000000ef600000, 0x00000000ef700000, 0x00000000ef700000|100%| E|CS|TAMS 0x00000000ef600000, 0x00000000ef600000| Complete 
| 247|0x00000000ef700000, 0x00000000ef800000, 0x00000000ef800000|100%| E|CS|TAMS 0x00000000ef700000, 0x00000000ef700000| Complete 
| 248|0x00000000ef800000, 0x00000000ef900000, 0x00000000ef900000|100%| E|CS|TAMS 0x00000000ef800000, 0x00000000ef800000| Complete 
| 249|0x00000000ef900000, 0x00000000efa00000, 0x00000000efa00000|100%| E|CS|TAMS 0x00000000ef900000, 0x00000000ef900000| Complete 
| 250|0x00000000efa00000, 0x00000000efb00000, 0x00000000efb00000|100%| E|CS|TAMS 0x00000000efa00000, 0x00000000efa00000| Complete 
| 251|0x00000000efb00000, 0x00000000efc00000, 0x00000000efc00000|100%| E|CS|TAMS 0x00000000efb00000, 0x00000000efb00000| Complete 
| 252|0x00000000efc00000, 0x00000000efd00000, 0x00000000efd00000|100%| E|CS|TAMS 0x00000000efc00000, 0x00000000efc00000| Complete 
| 253|0x00000000efd00000, 0x00000000efe00000, 0x00000000efe00000|100%| E|CS|TAMS 0x00000000efd00000, 0x00000000efd00000| Complete 
| 254|0x00000000efe00000, 0x00000000eff00000, 0x00000000eff00000|100%| E|CS|TAMS 0x00000000efe00000, 0x00000000efe00000| Complete 
| 255|0x00000000eff00000, 0x00000000f0000000, 0x00000000f0000000|100%| E|CS|TAMS 0x00000000eff00000, 0x00000000eff00000| Complete 

Card table byte_map: [0x000001db1d4e0000,0x000001db1d5e0000] _byte_map_base: 0x000001db1cde0000

Marking Bits (Prev, Next): (CMBitMap*) 0x000001db062df660, (CMBitMap*) 0x000001db062df6a0
 Prev Bits: [0x000001db1d6e0000, 0x000001db1dee0000)
 Next Bits: [0x000001db1dee0000, 0x000001db1e6e0000)

Polling page: 0x000001db05a80000

Metaspace:

Usage:
  Non-class:     39.25 MB used.
      Class:      6.44 MB used.
       Both:     45.69 MB used.

Virtual space:
  Non-class space:       64.00 MB reserved,      39.50 MB ( 62%) committed,  1 nodes.
      Class space:      320.00 MB reserved,       6.69 MB (  2%) committed,  1 nodes.
             Both:      384.00 MB reserved,      46.19 MB ( 12%) committed. 

Chunk freelists:
   Non-Class:  8.03 MB
       Class:  9.22 MB
        Both:  17.25 MB

MaxMetaspaceSize: 384.00 MB
CompressedClassSpaceSize: 320.00 MB
Initial GC threshold: 21.00 MB
Current GC threshold: 58.75 MB
CDS: on
MetaspaceReclaimPolicy: balanced
 - commit_granule_bytes: 65536.
 - commit_granule_words: 8192.
 - virtual_space_node_default_size: 8388608.
 - enlarge_chunks_in_place: 1.
 - new_chunks_are_fully_committed: 0.
 - uncommit_free_chunks: 1.
 - use_allocation_guard: 0.
 - handle_deallocations: 1.


Internal statistics:

num_allocs_failed_limit: 6.
num_arena_births: 546.
num_arena_deaths: 0.
num_vsnodes_births: 2.
num_vsnodes_deaths: 0.
num_space_committed: 739.
num_space_uncommitted: 0.
num_chunks_returned_to_freelist: 6.
num_chunks_taken_from_freelist: 2350.
num_chunk_merges: 6.
num_chunk_splits: 1547.
num_chunks_enlarged: 1027.
num_purges: 0.
num_inconsistent_stats: 0.

CodeHeap 'non-profiled nmethods': size=119168Kb used=3069Kb max_used=3170Kb free=116098Kb
 bounds [0x000001db156f0000, 0x000001db15a10000, 0x000001db1cb50000]
CodeHeap 'profiled nmethods': size=119104Kb used=10240Kb max_used=10722Kb free=108863Kb
 bounds [0x000001db0db50000, 0x000001db0e5f0000, 0x000001db14fa0000]
CodeHeap 'non-nmethods': size=7488Kb used=4049Kb max_used=4095Kb free=3438Kb
 bounds [0x000001db14fa0000, 0x000001db153b0000, 0x000001db156f0000]
 total_blobs=5959 nmethods=5110 adapters=756
 compilation: enabled
              stopped_count=0, restarted_count=0
 full_count=0

Compilation events (20 events):
Event: 4.585 Thread 0x000001db4092dba0 5913       4       org.codehaus.groovy.runtime.metaclass.MetaMethodIndex::copyNonPrivateMethods (149 bytes)
Event: 4.588 Thread 0x000001db4092e5c0 nmethod 5851 0x000001db15930310 code [0x000001db159304c0, 0x000001db15930fe8]
Event: 4.589 Thread 0x000001db4092e5c0 5915       4       java.util.zip.ZipCoder$UTF8ZipCoder::toString (12 bytes)
Event: 4.589 Thread 0x000001db3ee1fdb0 5916       4       java.util.zip.ZipFile::getZipEntry (322 bytes)
Event: 4.590 Thread 0x000001db4092e5c0 nmethod 5915 0x000001db15930010 code [0x000001db159301a0, 0x000001db15930248]
Event: 4.590 Thread 0x000001db4092e5c0 5917       4       java.util.zip.ZipEntry::<init> (84 bytes)
Event: 4.590 Thread 0x000001db21831680 5921       3       com.sun.beans.util.Cache$Kind$Soft::isStale (14 bytes)
Event: 4.590 Thread 0x000001db21831680 nmethod 5921 0x000001db0dec2810 code [0x000001db0dec29c0, 0x000001db0dec2be8]
Event: 4.591 Thread 0x000001db21831680 5922       3       groovy.lang.MetaClassImpl::filterPropertyMethod (305 bytes)
Event: 4.591 Thread 0x000001db4092dba0 nmethod 5913 0x000001db15798d90 code [0x000001db15798f60, 0x000001db15799470]
Event: 4.591 Thread 0x000001db4092e5c0 nmethod 5917 0x000001db1592fb10 code [0x000001db1592fc80, 0x000001db1592fe38]
Event: 4.591 Thread 0x000001db4092e5c0 5918       4       java.util.zip.ZipFile$ZipEntryIterator::hasMoreElements (5 bytes)
Event: 4.592 Thread 0x000001db4092dba0 5919       4       java.util.zip.ZipFile$ZipEntryIterator::nextElement (5 bytes)
Event: 4.592 Thread 0x000001db21831dd0 5923       3       org.gradle.api.internal.artifacts.ivyservice.moduleconverter.DefaultRootComponentMetadataBuilder$MetadataHolder::validateMutation (52 bytes)
Event: 4.592 Thread 0x000001db4092e5c0 nmethod 5918 0x000001db15798a90 code [0x000001db15798c00, 0x000001db15798c98]
Event: 4.592 Thread 0x000001db4092e5c0 5920   !   4       java.util.zip.ZipFile$ZipEntryIterator::next (71 bytes)
Event: 4.592 Thread 0x000001db21831dd0 nmethod 5923 0x000001db0dec1d90 code [0x000001db0dec1f80, 0x000001db0dec25d8]
Event: 4.592 Thread 0x000001db21831680 nmethod 5922 0x000001db0e0ed690 code [0x000001db0e0ed9c0, 0x000001db0e0ef488]
Event: 4.594 Thread 0x000001db21831680 5924       3       groovyjarjarasm.asm.Frame::<init> (10 bytes)
Event: 4.595 Thread 0x000001db21831680 nmethod 5924 0x000001db0dc57c10 code [0x000001db0dc57da0, 0x000001db0dc57f58]

GC Heap History (10 events):
Event: 0.422 GC heap before
{Heap before GC invocations=0 (full 0):
 garbage-first heap   total 262144K, used 26624K [0x00000000e0000000, 0x0000000100000000)
  region size 1024K, 23 young (23552K), 0 survivors (0K)
 Metaspace       used 2823K, committed 2944K, reserved 393216K
  class space    used 342K, committed 384K, reserved 327680K
}
Event: 0.424 GC heap after
{Heap after GC invocations=1 (full 0):
 garbage-first heap   total 262144K, used 10629K [0x00000000e0000000, 0x0000000100000000)
  region size 1024K, 3 young (3072K), 3 survivors (3072K)
 Metaspace       used 2823K, committed 2944K, reserved 393216K
  class space    used 342K, committed 384K, reserved 327680K
}
Event: 0.719 GC heap before
{Heap before GC invocations=1 (full 0):
 garbage-first heap   total 262144K, used 38277K [0x00000000e0000000, 0x0000000100000000)
  region size 1024K, 30 young (30720K), 3 survivors (3072K)
 Metaspace       used 4085K, committed 4224K, reserved 393216K
  class space    used 495K, committed 576K, reserved 327680K
}
Event: 0.721 GC heap after
{Heap after GC invocations=2 (full 0):
 garbage-first heap   total 262144K, used 11832K [0x00000000e0000000, 0x0000000100000000)
  region size 1024K, 1 young (1024K), 1 survivors (1024K)
 Metaspace       used 4085K, committed 4224K, reserved 393216K
  class space    used 495K, committed 576K, reserved 327680K
}
Event: 2.243 GC heap before
{Heap before GC invocations=2 (full 0):
 garbage-first heap   total 262144K, used 130616K [0x00000000e0000000, 0x0000000100000000)
  region size 1024K, 118 young (120832K), 1 survivors (1024K)
 Metaspace       used 21177K, committed 21504K, reserved 393216K
  class space    used 3123K, committed 3328K, reserved 327680K
}
Event: 2.249 GC heap after
{Heap after GC invocations=3 (full 0):
 garbage-first heap   total 262144K, used 22904K [0x00000000e0000000, 0x0000000100000000)
  region size 1024K, 12 young (12288K), 12 survivors (12288K)
 Metaspace       used 21177K, committed 21504K, reserved 393216K
  class space    used 3123K, committed 3328K, reserved 327680K
}
Event: 3.328 GC heap before
{Heap before GC invocations=4 (full 0):
 garbage-first heap   total 262144K, used 139640K [0x00000000e0000000, 0x0000000100000000)
  region size 1024K, 123 young (125952K), 12 survivors (12288K)
 Metaspace       used 35649K, committed 35968K, reserved 393216K
  class space    used 4978K, committed 5120K, reserved 327680K
}
Event: 3.335 GC heap after
{Heap after GC invocations=5 (full 0):
 garbage-first heap   total 262144K, used 32285K [0x00000000e0000000, 0x0000000100000000)
  region size 1024K, 10 young (10240K), 10 survivors (10240K)
 Metaspace       used 35649K, committed 35968K, reserved 393216K
  class space    used 4978K, committed 5120K, reserved 327680K
}
Event: 4.546 GC heap before
{Heap before GC invocations=6 (full 0):
 garbage-first heap   total 262144K, used 170525K [0x00000000e0000000, 0x0000000100000000)
  region size 1024K, 144 young (147456K), 10 survivors (10240K)
 Metaspace       used 46627K, committed 47104K, reserved 393216K
  class space    used 6569K, committed 6784K, reserved 327680K
}
Event: 4.556 GC heap after
{Heap after GC invocations=7 (full 0):
 garbage-first heap   total 262144K, used 41635K [0x00000000e0000000, 0x0000000100000000)
  region size 1024K, 18 young (18432K), 18 survivors (18432K)
 Metaspace       used 46627K, committed 47104K, reserved 393216K
  class space    used 6569K, committed 6784K, reserved 327680K
}

Deoptimization events (20 events):
Event: 4.330 Thread 0x000001db3b6f3410 Uncommon trap: trap_request=0xffffff45 fr.pc=0x000001db156fde8c relative=0x00000000000009cc
Event: 4.330 Thread 0x000001db3b6f3410 Uncommon trap: reason=unstable_if action=reinterpret pc=0x000001db156fde8c method=java.util.WeakHashMap.put(Ljava/lang/Object;Ljava/lang/Object;)Ljava/lang/Object; @ 57 c2
Event: 4.330 Thread 0x000001db3b6f3410 DEOPT PACKING pc=0x000001db156fde8c sp=0x000000538fff7ec0
Event: 4.330 Thread 0x000001db3b6f3410 DEOPT UNPACKING pc=0x000001db14ff23a3 sp=0x000000538fff7ea0 mode 2
Event: 4.333 Thread 0x000001db3b6f3410 Uncommon trap: trap_request=0xffffffbe fr.pc=0x000001db1580242c relative=0x000000000000026c
Event: 4.333 Thread 0x000001db3b6f3410 Uncommon trap: reason=profile_predicate action=maybe_recompile pc=0x000001db1580242c method=sun.instrument.TransformerManager.transform(Ljava/lang/Module;Ljava/lang/ClassLoader;Ljava/lang/String;Ljava/lang/Class;Ljava/security/ProtectionDomain;[B)[B @ 21 
Event: 4.333 Thread 0x000001db3b6f3410 DEOPT PACKING pc=0x000001db1580242c sp=0x000000538fff74e0
Event: 4.333 Thread 0x000001db3b6f3410 DEOPT UNPACKING pc=0x000001db14ff23a3 sp=0x000000538fff7498 mode 2
Event: 4.370 Thread 0x000001db3b6f3410 Uncommon trap: trap_request=0xffffffc6 fr.pc=0x000001db15924cac relative=0x000000000000250c
Event: 4.370 Thread 0x000001db3b6f3410 Uncommon trap: reason=bimorphic_or_optimized_type_check action=maybe_recompile pc=0x000001db15924cac method=org.codehaus.groovy.runtime.metaclass.MetaMethodIndex.isOverridden(Lgroovy/lang/MetaMethod;Lgroovy/lang/MetaMethod;)Z @ 56 c2
Event: 4.370 Thread 0x000001db3b6f3410 DEOPT PACKING pc=0x000001db15924cac sp=0x000000538fff87d0
Event: 4.370 Thread 0x000001db3b6f3410 DEOPT UNPACKING pc=0x000001db14ff23a3 sp=0x000000538fff8788 mode 2
Event: 4.373 Thread 0x000001db3b6f3410 Uncommon trap: trap_request=0xffffffc6 fr.pc=0x000001db15924cac relative=0x000000000000250c
Event: 4.373 Thread 0x000001db3b6f3410 Uncommon trap: reason=bimorphic_or_optimized_type_check action=maybe_recompile pc=0x000001db15924cac method=org.codehaus.groovy.runtime.metaclass.MetaMethodIndex.isOverridden(Lgroovy/lang/MetaMethod;Lgroovy/lang/MetaMethod;)Z @ 56 c2
Event: 4.373 Thread 0x000001db3b6f3410 DEOPT PACKING pc=0x000001db15924cac sp=0x000000538fff8890
Event: 4.373 Thread 0x000001db3b6f3410 DEOPT UNPACKING pc=0x000001db14ff23a3 sp=0x000000538fff8848 mode 2
Event: 4.591 Thread 0x000001db3b6f3410 Uncommon trap: trap_request=0xffffff45 fr.pc=0x000001db157b87e4 relative=0x0000000000001884
Event: 4.591 Thread 0x000001db3b6f3410 Uncommon trap: reason=unstable_if action=reinterpret pc=0x000001db157b87e4 method=groovy.lang.MetaClassImpl.filterPropertyMethod(Ljava/lang/Object;ZZ)Ljava/lang/Object; @ 187 c2
Event: 4.591 Thread 0x000001db3b6f3410 DEOPT PACKING pc=0x000001db157b87e4 sp=0x000000538fff77b0
Event: 4.591 Thread 0x000001db3b6f3410 DEOPT UNPACKING pc=0x000001db14ff23a3 sp=0x000000538fff77b8 mode 2

Classes unloaded (0 events):
No events

Classes redefined (0 events):
No events

Internal exceptions (20 events):
Event: 4.543 Thread 0x000001db3b6f3410 Exception <a 'java/lang/ClassNotFoundException'{0x00000000e70a1e80}: org/gradle/api/internal/artifacts/dsl/DefaultRepositoryHandler_DecoratedBeanInfo> (0x00000000e70a1e80) 
thrown [s\open\src\hotspot\share\classfile\systemDictionary.cpp, line 256]
Event: 4.544 Thread 0x000001db3b6f3410 Exception <a 'java/lang/ClassNotFoundException'{0x00000000e70b8608}: org/gradle/api/internal/artifacts/dsl/DefaultRepositoryHandlerBeanInfo> (0x00000000e70b8608) 
thrown [s\open\src\hotspot\share\classfile\systemDictionary.cpp, line 256]
Event: 4.544 Thread 0x000001db3b6f3410 Exception <a 'java/lang/ClassNotFoundException'{0x00000000e70cef88}: org/gradle/api/internal/artifacts/DefaultArtifactRepositoryContainerBeanInfo> (0x00000000e70cef88) 
thrown [s\open\src\hotspot\share\classfile\systemDictionary.cpp, line 256]
Event: 4.545 Thread 0x000001db3b6f3410 Exception <a 'java/lang/ClassNotFoundException'{0x00000000e70e2a90}: org/gradle/api/internal/DefaultNamedDomainObjectListBeanInfo> (0x00000000e70e2a90) 
thrown [s\open\src\hotspot\share\classfile\systemDictionary.cpp, line 256]
Event: 4.546 Thread 0x000001db3b6f3410 Exception <a 'java/lang/ClassNotFoundException'{0x00000000e70f6590}: org/gradle/api/internal/DefaultNamedDomainObjectListCustomizer> (0x00000000e70f6590) 
thrown [s\open\src\hotspot\share\classfile\systemDictionary.cpp, line 256]
Event: 4.557 Thread 0x000001db3b6f3410 Exception <a 'java/lang/ClassNotFoundException'{0x00000000eff285c8}: org/gradle/api/internal/artifacts/DefaultArtifactRepositoryContainerCustomizer> (0x00000000eff285c8) 
thrown [s\open\src\hotspot\share\classfile\systemDictionary.cpp, line 256]
Event: 4.558 Thread 0x000001db3b6f3410 Exception <a 'java/lang/ClassNotFoundException'{0x00000000eff51788}: org/gradle/api/internal/artifacts/dsl/DefaultRepositoryHandlerCustomizer> (0x00000000eff51788) 
thrown [s\open\src\hotspot\share\classfile\systemDictionary.cpp, line 256]
Event: 4.559 Thread 0x000001db3b6f3410 Exception <a 'java/lang/ClassNotFoundException'{0x00000000eff88a18}: org/gradle/api/internal/artifacts/dsl/DefaultRepositoryHandler_DecoratedCustomizer> (0x00000000eff88a18) 
thrown [s\open\src\hotspot\share\classfile\systemDictionary.cpp, line 256]
Event: 4.564 Thread 0x000001db3b6f3410 Exception <a 'java/lang/ClassNotFoundException'{0x00000000efe1e1a0}: org/gradle/api/internal/artifacts/dsl/dependencies/DefaultDependencyHandler_DecoratedBeanInfo> (0x00000000efe1e1a0) 
thrown [s\open\src\hotspot\share\classfile\systemDictionary.cpp, line 256]
Event: 4.564 Thread 0x000001db3b6f3410 Exception <a 'java/lang/ClassNotFoundException'{0x00000000efe35208}: org/gradle/api/internal/artifacts/dsl/dependencies/DefaultDependencyHandlerBeanInfo> (0x00000000efe35208) 
thrown [s\open\src\hotspot\share\classfile\systemDictionary.cpp, line 256]
Event: 4.565 Thread 0x000001db3b6f3410 Exception <a 'java/lang/ClassNotFoundException'{0x00000000efe4c230}: org/gradle/api/internal/artifacts/dsl/dependencies/DefaultDependencyHandlerCustomizer> (0x00000000efe4c230) 
thrown [s\open\src\hotspot\share\classfile\systemDictionary.cpp, line 256]
Event: 4.566 Thread 0x000001db3b6f3410 Exception <a 'java/lang/ClassNotFoundException'{0x00000000efe8acf8}: org/gradle/api/internal/artifacts/dsl/dependencies/DefaultDependencyHandler_DecoratedCustomizer> (0x00000000efe8acf8) 
thrown [s\open\src\hotspot\share\classfile\systemDictionary.cpp, line 256]
Event: 4.578 Thread 0x000001db3b6f3410 Exception <a 'java/lang/ClassNotFoundException'{0x00000000efdf7470}: groovy/lang/GString$1BeanInfo> (0x00000000efdf7470) 
thrown [s\open\src\hotspot\share\classfile\systemDictionary.cpp, line 256]
Event: 4.579 Thread 0x000001db3b6f3410 Exception <a 'java/lang/ClassNotFoundException'{0x00000000efc1f330}: groovy/lang/GStringBeanInfo> (0x00000000efc1f330) 
thrown [s\open\src\hotspot\share\classfile\systemDictionary.cpp, line 256]
Event: 4.579 Thread 0x000001db3b6f3410 Exception <a 'java/lang/ClassNotFoundException'{0x00000000efc46ca8}: groovy/lang/GStringCustomizer> (0x00000000efc46ca8) 
thrown [s\open\src\hotspot\share\classfile\systemDictionary.cpp, line 256]
Event: 4.581 Thread 0x000001db3b6f3410 Exception <a 'java/lang/ClassNotFoundException'{0x00000000efc78bf0}: groovy/lang/GString$1Customizer> (0x00000000efc78bf0) 
thrown [s\open\src\hotspot\share\classfile\systemDictionary.cpp, line 256]
Event: 4.587 Thread 0x000001db3b6f3410 Exception <a 'java/lang/ClassNotFoundException'{0x00000000ef80eca0}: org/codehaus/groovy/runtime/GStringImplBeanInfo> (0x00000000ef80eca0) 
thrown [s\open\src\hotspot\share\classfile\systemDictionary.cpp, line 256]
Event: 4.590 Thread 0x000001db3b6f3410 Exception <a 'java/lang/ClassNotFoundException'{0x00000000ef6aef80}: org/codehaus/groovy/runtime/GStringImplCustomizer> (0x00000000ef6aef80) 
thrown [s\open\src\hotspot\share\classfile\systemDictionary.cpp, line 256]
Event: 4.603 Thread 0x000001db3b6f3410 Exception <a 'java/lang/ClassNotFoundException'{0x00000000ef4364c8}: org/gradle/api/internal/file/DefaultSourceDirectorySet_DecoratedBeanInfo> (0x00000000ef4364c8) 
thrown [s\open\src\hotspot\share\classfile\systemDictionary.cpp, line 256]
Event: 4.604 Thread 0x000001db3b6f3410 Exception <a 'java/lang/ClassNotFoundException'{0x00000000ef44a1e0}: org/gradle/api/internal/file/DefaultSourceDirectorySetBeanInfo> (0x00000000ef44a1e0) 
thrown [s\open\src\hotspot\share\classfile\systemDictionary.cpp, line 256]

VM Operations (20 events):
Event: 3.339 Executing VM operation: G1Concurrent
Event: 3.340 Executing VM operation: G1Concurrent done
Event: 3.343 Executing VM operation: G1Concurrent
Event: 3.343 Executing VM operation: G1Concurrent done
Event: 3.662 Executing VM operation: ICBufferFull
Event: 3.662 Executing VM operation: ICBufferFull done
Event: 3.916 Executing VM operation: HandshakeAllThreads
Event: 3.916 Executing VM operation: HandshakeAllThreads done
Event: 3.922 Executing VM operation: ICBufferFull
Event: 3.922 Executing VM operation: ICBufferFull done
Event: 3.925 Executing VM operation: HandshakeAllThreads
Event: 3.925 Executing VM operation: HandshakeAllThreads done
Event: 3.934 Executing VM operation: HandshakeAllThreads
Event: 3.934 Executing VM operation: HandshakeAllThreads done
Event: 4.199 Executing VM operation: ICBufferFull
Event: 4.199 Executing VM operation: ICBufferFull done
Event: 4.523 Executing VM operation: ICBufferFull
Event: 4.523 Executing VM operation: ICBufferFull done
Event: 4.546 Executing VM operation: G1CollectForAllocation
Event: 4.556 Executing VM operation: G1CollectForAllocation done

Events (20 events):
Event: 4.049 loading class sun/reflect/misc/MethodUtil$1
Event: 4.049 loading class sun/reflect/misc/MethodUtil$1 done
Event: 4.052 Thread 0x000001db410fa520 Thread added: 0x000001db410fa520
Event: 4.055 loading class java/lang/Byte$ByteCache
Event: 4.055 loading class java/lang/Byte$ByteCache done
Event: 4.254 loading class sun/misc/SharedSecrets
Event: 4.254 loading class sun/misc/SharedSecrets done
Event: 4.328 loading class java/util/AbstractCollectionBeanInfo
Event: 4.328 loading class java/util/AbstractCollectionBeanInfo done
Event: 4.328 loading class java/util/AbstractCollectionBeanInfo
Event: 4.328 loading class java/util/AbstractCollectionBeanInfo done
Event: 4.328 loading class java/util/AbstractCollectionCustomizer
Event: 4.328 loading class java/util/AbstractCollectionCustomizer done
Event: 4.328 loading class java/util/AbstractCollectionCustomizer
Event: 4.328 loading class java/util/AbstractCollectionCustomizer done
Event: 4.328 loading class sun/reflect/generics/reflectiveObjects/GenericArrayTypeImpl
Event: 4.328 loading class sun/reflect/generics/reflectiveObjects/GenericArrayTypeImpl done
Event: 4.571 Thread 0x000001db4092e5c0 Thread added: 0x000001db4092e5c0
Event: 4.584 Thread 0x000001db4092dba0 Thread added: 0x000001db4092dba0
Event: 4.589 Thread 0x000001db3ee1fdb0 Thread added: 0x000001db3ee1fdb0


Dynamic libraries:
0x00007ff66a7d0000 - 0x00007ff66a7e0000 	C:\Program Files\Java\jdk-17\bin\java.exe
0x00007ff8bbdf0000 - 0x00007ff8bc007000 	C:\WINDOWS\SYSTEM32\ntdll.dll
0x00007ff8ba2b0000 - 0x00007ff8ba374000 	C:\WINDOWS\System32\KERNEL32.DLL
0x00007ff8b9210000 - 0x00007ff8b95b6000 	C:\WINDOWS\System32\KERNELBASE.dll
0x00007ff8b9640000 - 0x00007ff8b9751000 	C:\WINDOWS\System32\ucrtbase.dll
0x00007ff898610000 - 0x00007ff898629000 	C:\Program Files\Java\jdk-17\bin\jli.dll
0x00007ff896420000 - 0x00007ff89643b000 	C:\Program Files\Java\jdk-17\bin\VCRUNTIME140.dll
0x00007ff8bae60000 - 0x00007ff8baf10000 	C:\WINDOWS\System32\ADVAPI32.dll
0x00007ff8bb8d0000 - 0x00007ff8bb977000 	C:\WINDOWS\System32\msvcrt.dll
0x00007ff8ba930000 - 0x00007ff8ba9d6000 	C:\WINDOWS\System32\sechost.dll
0x00007ff8baad0000 - 0x00007ff8babe7000 	C:\WINDOWS\System32\RPCRT4.dll
0x00007ff8ba100000 - 0x00007ff8ba2ad000 	C:\WINDOWS\System32\USER32.dll
0x00007ff8b9170000 - 0x00007ff8b9196000 	C:\WINDOWS\System32\win32u.dll
0x00007ff8b9fd0000 - 0x00007ff8b9ff9000 	C:\WINDOWS\System32\GDI32.dll
0x00007ff8b9a30000 - 0x00007ff8b9b48000 	C:\WINDOWS\System32\gdi32full.dll
0x00007ff8a4040000 - 0x00007ff8a42d3000 	C:\WINDOWS\WinSxS\amd64_microsoft.windows.common-controls_6595b64144ccf1df_6.0.22621.2361_none_2712ced57382f843\COMCTL32.dll
0x00007ff8b98d0000 - 0x00007ff8b996a000 	C:\WINDOWS\System32\msvcp_win.dll
0x00007ff8b1380000 - 0x00007ff8b138a000 	C:\WINDOWS\SYSTEM32\VERSION.dll
0x00007ff8bbd60000 - 0x00007ff8bbd91000 	C:\WINDOWS\System32\IMM32.DLL
0x00007ff8a7370000 - 0x00007ff8a737c000 	C:\Program Files\Java\jdk-17\bin\vcruntime140_1.dll
0x00007ff8906f0000 - 0x00007ff89077e000 	C:\Program Files\Java\jdk-17\bin\msvcp140.dll
0x00007ff84c6b0000 - 0x00007ff84d28e000 	C:\Program Files\Java\jdk-17\bin\server\jvm.dll
0x00007ff8ba000000 - 0x00007ff8ba008000 	C:\WINDOWS\System32\PSAPI.DLL
0x00007ff8b11d0000 - 0x00007ff8b1204000 	C:\WINDOWS\SYSTEM32\WINMM.dll
0x00007ff89a130000 - 0x00007ff89a139000 	C:\WINDOWS\SYSTEM32\WSOCK32.dll
0x00007ff8ba520000 - 0x00007ff8ba591000 	C:\WINDOWS\System32\WS2_32.dll
0x00007ff8b8110000 - 0x00007ff8b8128000 	C:\WINDOWS\SYSTEM32\kernel.appcore.dll
0x00007ff89a120000 - 0x00007ff89a12a000 	C:\Program Files\Java\jdk-17\bin\jimage.dll
0x00007ff8b6b70000 - 0x00007ff8b6d9e000 	C:\WINDOWS\SYSTEM32\DBGHELP.DLL
0x00007ff8ba5a0000 - 0x00007ff8ba92a000 	C:\WINDOWS\System32\combase.dll
0x00007ff8bb990000 - 0x00007ff8bba67000 	C:\WINDOWS\System32\OLEAUT32.dll
0x00007ff8ab300000 - 0x00007ff8ab332000 	C:\WINDOWS\SYSTEM32\dbgcore.DLL
0x00007ff8b95c0000 - 0x00007ff8b963a000 	C:\WINDOWS\System32\bcryptPrimitives.dll
0x00007ff8988a0000 - 0x00007ff8988ae000 	C:\Program Files\Java\jdk-17\bin\instrument.dll
0x00007ff88e8a0000 - 0x00007ff88e8c5000 	C:\Program Files\Java\jdk-17\bin\java.dll
0x00007ff876860000 - 0x00007ff876937000 	C:\Program Files\Java\jdk-17\bin\jsvml.dll
0x00007ff8bb070000 - 0x00007ff8bb8c8000 	C:\WINDOWS\System32\SHELL32.dll
0x00007ff8b7080000 - 0x00007ff8b7972000 	C:\WINDOWS\SYSTEM32\windows.storage.dll
0x00007ff8b6f40000 - 0x00007ff8b707e000 	C:\WINDOWS\SYSTEM32\wintypes.dll
0x00007ff8bbc40000 - 0x00007ff8bbd33000 	C:\WINDOWS\System32\SHCORE.dll
0x00007ff8ba9e0000 - 0x00007ff8baa3e000 	C:\WINDOWS\System32\shlwapi.dll
0x00007ff8b90a0000 - 0x00007ff8b90c6000 	C:\WINDOWS\SYSTEM32\profapi.dll
0x00007ff88b4a0000 - 0x00007ff88b4b8000 	C:\Program Files\Java\jdk-17\bin\zip.dll
0x00007ff88e880000 - 0x00007ff88e899000 	C:\Program Files\Java\jdk-17\bin\net.dll
0x00007ff8b29d0000 - 0x00007ff8b2b07000 	C:\WINDOWS\SYSTEM32\WINHTTP.dll
0x00007ff8b85e0000 - 0x00007ff8b8649000 	C:\WINDOWS\system32\mswsock.dll
0x00007ff88b540000 - 0x00007ff88b556000 	C:\Program Files\Java\jdk-17\bin\nio.dll
0x00007ff898b50000 - 0x00007ff898b60000 	C:\Program Files\Java\jdk-17\bin\verify.dll
0x00007ff84bb50000 - 0x00007ff84bb77000 	C:\Users\82108\.gradle\native\68d5fa5c4cc2d200863cafc0d521ce42e7d3e7ee720ec0a83991735586a16f82\windows-amd64\native-platform.dll
0x00007ff843480000 - 0x00007ff8435c4000 	C:\Users\82108\.gradle\native\e376f236ea51e6404a007f0833ffe2c6e607c4080706a723a18a27aeea778392\windows-amd64\native-platform-file-events.dll
0x00007ff898870000 - 0x00007ff89887a000 	C:\Program Files\Java\jdk-17\bin\management.dll
0x00007ff898600000 - 0x00007ff89860b000 	C:\Program Files\Java\jdk-17\bin\management_ext.dll
0x00007ff8b8900000 - 0x00007ff8b891b000 	C:\WINDOWS\SYSTEM32\CRYPTSP.dll
0x00007ff8b80d0000 - 0x00007ff8b8105000 	C:\WINDOWS\system32\rsaenh.dll
0x00007ff8b8680000 - 0x00007ff8b86ac000 	C:\WINDOWS\SYSTEM32\USERENV.dll
0x00007ff8b8a20000 - 0x00007ff8b8a48000 	C:\WINDOWS\SYSTEM32\bcrypt.dll
0x00007ff8b88e0000 - 0x00007ff8b88ec000 	C:\WINDOWS\SYSTEM32\CRYPTBASE.dll
0x00007ff8b7be0000 - 0x00007ff8b7c0d000 	C:\WINDOWS\SYSTEM32\IPHLPAPI.DLL
0x00007ff8baf10000 - 0x00007ff8baf19000 	C:\WINDOWS\System32\NSI.dll
0x00007ff8b1bd0000 - 0x00007ff8b1be9000 	C:\WINDOWS\SYSTEM32\dhcpcsvc6.DLL
0x00007ff8b1bb0000 - 0x00007ff8b1bcf000 	C:\WINDOWS\SYSTEM32\dhcpcsvc.DLL
0x00007ff8b7c50000 - 0x00007ff8b7d49000 	C:\WINDOWS\SYSTEM32\DNSAPI.dll
0x00007ff897960000 - 0x00007ff89796e000 	C:\Program Files\Java\jdk-17\bin\sunmscapi.dll
0x00007ff8b9760000 - 0x00007ff8b98c6000 	C:\WINDOWS\System32\CRYPT32.dll
0x00007ff8b89f0000 - 0x00007ff8b8a1d000 	C:\WINDOWS\SYSTEM32\ncrypt.dll
0x00007ff8b89b0000 - 0x00007ff8b89e7000 	C:\WINDOWS\SYSTEM32\NTASN1.dll
0x00007ff897880000 - 0x00007ff897888000 	C:\WINDOWS\system32\wshunix.dll

dbghelp: loaded successfully - version: 4.0.5 - missing functions: none
symbol engine: initialized successfully - sym options: 0x614 - pdb path: .;C:\Program Files\Java\jdk-17\bin;C:\WINDOWS\SYSTEM32;C:\WINDOWS\WinSxS\amd64_microsoft.windows.common-controls_6595b64144ccf1df_6.0.22621.2361_none_2712ced57382f843;C:\Program Files\Java\jdk-17\bin\server;C:\Users\82108\.gradle\native\68d5fa5c4cc2d200863cafc0d521ce42e7d3e7ee720ec0a83991735586a16f82\windows-amd64;C:\Users\82108\.gradle\native\e376f236ea51e6404a007f0833ffe2c6e607c4080706a723a18a27aeea778392\windows-amd64

VM Arguments:
jvm_args: --add-opens=java.base/java.util=ALL-UNNAMED --add-opens=java.base/java.lang=ALL-UNNAMED --add-opens=java.base/java.lang.invoke=ALL-UNNAMED --add-opens=java.prefs/java.util.prefs=ALL-UNNAMED --add-opens=java.base/java.nio.charset=ALL-UNNAMED --add-opens=java.base/java.net=ALL-UNNAMED --add-opens=java.base/java.util.concurrent.atomic=ALL-UNNAMED -XX:MaxMetaspaceSize=384m -XX:+HeapDumpOnOutOfMemoryError -Xms256m -Xmx512m -Dfile.encoding=x-windows-949 -Duser.country=KR -Duser.language=ko -Duser.variant -javaagent:C:\Users\82108\.gradle\wrapper\dists\gradle-8.2.1-bin\5hap6b9n41hkg4jeh2au2pllh\gradle-8.2.1\lib\agents\gradle-instrumentation-agent-8.2.1.jar 
java_command: org.gradle.launcher.daemon.bootstrap.GradleDaemon 8.2.1
java_class_path (initial): C:\Users\82108\.gradle\wrapper\dists\gradle-8.2.1-bin\5hap6b9n41hkg4jeh2au2pllh\gradle-8.2.1\lib\gradle-launcher-8.2.1.jar
Launcher Type: SUN_STANDARD

[Global flags]
     intx CICompilerCount                          = 12                                        {product} {ergonomic}
   size_t CompressedClassSpaceSize                 = 335544320                                 {product} {ergonomic}
     uint ConcGCThreads                            = 3                                         {product} {ergonomic}
     uint G1ConcRefinementThreads                  = 13                                        {product} {ergonomic}
   size_t G1HeapRegionSize                         = 1048576                                   {product} {ergonomic}
    uintx GCDrainStackTargetSize                   = 64                                        {product} {ergonomic}
     bool HeapDumpOnOutOfMemoryError               = true                                   {manageable} {command line}
   size_t InitialHeapSize                          = 268435456                                 {product} {command line}
   size_t MarkStackSize                            = 4194304                                   {product} {ergonomic}
   size_t MaxHeapSize                              = 536870912                                 {product} {command line}
   size_t MaxMetaspaceSize                         = 402653184                                 {product} {command line}
   size_t MaxNewSize                               = 321912832                                 {product} {ergonomic}
   size_t MinHeapDeltaBytes                        = 1048576                                   {product} {ergonomic}
   size_t MinHeapSize                              = 268435456                                 {product} {command line}
    uintx NonNMethodCodeHeapSize                   = 7602480                                {pd product} {ergonomic}
    uintx NonProfiledCodeHeapSize                  = 122027880                              {pd product} {ergonomic}
    uintx ProfiledCodeHeapSize                     = 122027880                              {pd product} {ergonomic}
    uintx ReservedCodeCacheSize                    = 251658240                              {pd product} {ergonomic}
     bool SegmentedCodeCache                       = true                                      {product} {ergonomic}
   size_t SoftMaxHeapSize                          = 536870912                              {manageable} {ergonomic}
     bool UseCompressedClassPointers               = true                           {product lp64_product} {ergonomic}
     bool UseCompressedOops                        = true                           {product lp64_product} {ergonomic}
     bool UseG1GC                                  = true                                      {product} {ergonomic}
     bool UseLargePagesIndividualAllocation        = false                                  {pd product} {ergonomic}

Logging:
Log output configuration:
 #0: stdout all=warning uptime,level,tags
 #1: stderr all=off uptime,level,tags

Environment Variables:
PATH=C:\Python312\Scripts\;C:\Python312\;C:\Program Files\Common Files\Oracle\Java\javapath;C:\Python311\Scripts\;C:\Python311\;C:\Program Files (x86)\Razer Chroma SDK\bin;C:\Program Files\Razer Chroma SDK\bin;C:\Program Files (x86)\Razer\ChromaBroadcast\bin;C:\Program Files\Razer\ChromaBroadcast\bin;C:\Windows\system32;C:\Windows;C:\Windows\System32\Wbem;C:\Windows\System32\WindowsPowerShell\v1.0\;C:\Windows\System32\OpenSSH\;C:\Program Files (x86)\NVIDIA Corporation\PhysX\Common;C:\WINDOWS\system32;C:\WINDOWS;C:\WINDOWS\System32\Wbem;C:\WINDOWS\System32\WindowsPowerShell\v1.0\;C:\WINDOWS\System32\OpenSSH\;C:\ProgramData\Anaconda3\Library;C:\Program Files\dotnet\;C:\WINDOWS\system32\config\systemprofile\AppData\Local\Microsoft\WindowsApps;C:\ProgramData\chocolatey\bin;C:\Program Files\MySQL\MySQL Server 8.0\bin;C:\Program Files\Git\cmd;C:\Users\82108\AppData\Local\Android\Sdk\platform-tools\adb;C:\Users\82108\Desktop\graduateProject\flutter\bin;C:\Program Files (x86)\Windows Kits\10\Windows Performance Toolkit\;C:\Program;C:\Program Files\Docker\Docker\resources\bin;C:\Program Files\nodejs;C:\Program Files\PuTTY\;C:\Program Files\nodejs\;C:\Users\82108\AppData\Local\Microsoft\WindowsApps;C:\Program Files\JetBrains\IntelliJ IDEA Community Edition 2022.1.3\bin;;C:\Program Files\JetBrains\IntelliJ IDEA 2022.1.3\bin;;C:\Users\82108\AppData\Local\Programs\Microsoft VS Code\bin;C:\Users\82108\AppData\Roaming\Python\Python311\Scripts;C:\Program Files\nodejs\node_modules\npm\bin;C:\Program Files\Multipass\bin;C:\Users\82108\AppData\Roaming\npm
USERNAME=ع
OS=Windows_NT
PROCESSOR_IDENTIFIER=AMD64 Family 25 Model 80 Stepping 0, AuthenticAMD



---------------  S Y S T E M  ---------------

OS:
 Windows 11 , 64 bit Build 22621 (10.0.22621.2428)
OS uptime: 0 days 1:32 hours
Hyper-V role detected

CPU: total 16 (initial active 16) (16 cores per cpu, 2 threads per core) family 25 model 80 stepping 0 microcode 0x0, cx8, cmov, fxsr, ht, mmx, 3dnowpref, sse, sse2, sse3, ssse3, sse4a, sse4.1, sse4.2, popcnt, lzcnt, tsc, tscinvbit, avx, avx2, aes, erms, clmul, bmi1, bmi2, adx, sha, fma, vzeroupper, clflush, clflushopt, hv

Memory: 4k page, system-wide physical 15776M (2315M free)
TotalPageFile size 18644M (AvailPageFile size 5M)
current process WorkingSet (physical memory assigned to process): 430M, peak: 430M
current process commit charge ("private bytes"): 553M, peak: 554M

vm_info: Java HotSpot(TM) 64-Bit Server VM (17.0.8+9-LTS-211) for windows-amd64 JRE (17.0.8+9-LTS-211), built on Jun 14 2023 10:34:31 by "mach5one" with MS VC++ 17.1 (VS2022)

END.
