#
# There is insufficient memory for the Java Runtime Environment to continue.
# Native memory allocation (mmap) failed to map 65536 bytes for Failed to commit metaspace.
# Possible reasons:
#   The system is out of physical RAM or swap space
#   The process is running with CompressedOops enabled, and the Java Heap may be blocking the growth of the native heap
# Possible solutions:
#   Reduce memory load on the system
#   Increase physical memory or swap space
#   Check if swap backing store is full
#   Decrease Java heap size (-Xmx/-Xms)
#   Decrease number of Java threads
#   Decrease Java thread stack sizes (-Xss)
#   Set larger code cache with -XX:ReservedCodeCacheSize=
#   JVM is running with Unscaled Compressed Oops mode in which the Java heap is
#     placed in the first 4GB address space. The Java Heap base address is the
#     maximum limit for the native heap growth. Please use -XX:HeapBaseMinAddress
#     to set the Java Heap base and to place the Java Heap above 4GB virtual address.
# This output file may be truncated or incomplete.
#
#  Out of Memory Error (virtualSpaceNode.cpp:110), pid=19964, tid=18420
#
# JRE version: OpenJDK Runtime Environment Temurin-17.0.8.1+1 (17.0.8.1+1) (build 17.0.8.1+1)
# Java VM: OpenJDK 64-Bit Server VM Temurin-17.0.8.1+1 (17.0.8.1+1, mixed mode, tiered, compressed oops, compressed class ptrs, parallel gc, windows-amd64)
# No core dump will be written. Minidumps are not enabled by default on client versions of Windows
#

---------------  S U M M A R Y ------------

Command Line: --add-modules=ALL-SYSTEM --add-opens=java.base/java.util=ALL-UNNAMED --add-opens=java.base/java.lang=ALL-UNNAMED --add-opens=java.base/sun.nio.fs=ALL-UNNAMED -Declipse.application=org.eclipse.jdt.ls.core.id1 -Dosgi.bundles.defaultStartLevel=4 -Declipse.product=org.eclipse.jdt.ls.core.product -Djava.import.generatesMetadataFilesAtProjectRoot=false -DDetectVMInstallationsJob.disabled=true -Dfile.encoding=utf8 -XX:+UseParallelGC -XX:GCTimeRatio=4 -XX:AdaptiveSizePolicyWeight=90 -Dsun.zip.disableMemoryMapping=true -Xmx1G -Xms100m -Xlog:disable -javaagent:c:\Users\82108\.vscode\extensions\redhat.java-1.24.0-win32-x64\lombok\lombok-1.18.30.jar -XX:+HeapDumpOnOutOfMemoryError -XX:HeapDumpPath=c:\Users\82108\AppData\Roaming\Code\User\workspaceStorage\740c66f5cd50fe0a3edb6dcfc964f0d0\redhat.java -Daether.dependencyCollector.impl=bf c:\Users\82108\.vscode\extensions\redhat.java-1.24.0-win32-x64\server\plugins\org.eclipse.equinox.launcher_1.6.500.v20230717-2134.jar -configuration c:\Users\82108\AppData\Roaming\Code\User\globalStorage\redhat.java\1.24.0\config_win -data c:\Users\82108\AppData\Roaming\Code\User\workspaceStorage\740c66f5cd50fe0a3edb6dcfc964f0d0\redhat.java\jdt_ws --stdio

Host: AMD Ryzen 9 5900HS with Radeon Graphics        , 16 cores, 15G,  Windows 11 , 64 bit Build 22621 (10.0.22621.2428)
Time: Thu Nov 16 03:08:41 2023  Windows 11 , 64 bit Build 22621 (10.0.22621.2428) elapsed time: 1.328000 seconds (0d 0h 0m 1s)

---------------  T H R E A D  ---------------

Current thread (0x0000021b75fe8e40):  JavaThread "Start Level: Equinox Container: cb49a39a-de68-4f0e-8cde-0d761caef080" daemon [_thread_in_vm, id=18420, stack(0x000000c023800000,0x000000c023900000)]

Stack: [0x000000c023800000,0x000000c023900000]
Native frames: (J=compiled Java code, j=interpreted, Vv=VM code, C=native code)
V  [jvm.dll+0x678b0a]
V  [jvm.dll+0x835e84]
V  [jvm.dll+0x83762e]
V  [jvm.dll+0x837c93]
V  [jvm.dll+0x24746f]
V  [jvm.dll+0x831f1b]
V  [jvm.dll+0x61d3c6]
V  [jvm.dll+0x1c1aae]
V  [jvm.dll+0x61fd21]
V  [jvm.dll+0x61dd66]
V  [jvm.dll+0x23ce06]
V  [jvm.dll+0x1ec2ed]
V  [jvm.dll+0x1e1d21]
V  [jvm.dll+0x53fba0]
V  [jvm.dll+0x7b1278]
V  [jvm.dll+0x7b1364]
V  [jvm.dll+0x40ecc5]
V  [jvm.dll+0x414e18]
C  [java.dll+0x17ec]

Java frames: (J=compiled Java code, j=interpreted, Vv=VM code)
J 1170  java.lang.ClassLoader.defineClass1(Ljava/lang/ClassLoader;Ljava/lang/String;[BIILjava/security/ProtectionDomain;Ljava/lang/String;)Ljava/lang/Class; java.base@17.0.8.1 (0 bytes) @ 0x0000021b6483215b [0x0000021b648320a0+0x00000000000000bb]
J 1693 c1 java.lang.ClassLoader.defineClass(Ljava/lang/String;[BIILjava/security/ProtectionDomain;)Ljava/lang/Class; java.base@17.0.8.1 (43 bytes) @ 0x0000021b5cf3e8d4 [0x0000021b5cf3e580+0x0000000000000354]
j  org.eclipse.osgi.internal.loader.ModuleClassLoader.defineClass(Ljava/lang/String;[BLorg/eclipse/osgi/internal/loader/classpath/ClasspathEntry;)Lorg/eclipse/osgi/internal/loader/ModuleClassLoader$DefineClassResult;+42
j  org.eclipse.osgi.internal.loader.classpath.ClasspathManager.defineClass(Ljava/lang/String;[BLorg/eclipse/osgi/internal/loader/classpath/ClasspathEntry;Lorg/eclipse/osgi/storage/bundlefile/BundleEntry;Ljava/util/List;)Ljava/lang/Class;+424
j  org.eclipse.osgi.internal.loader.classpath.ClasspathManager.findClassImpl(Ljava/lang/String;Lorg/eclipse/osgi/internal/loader/classpath/ClasspathEntry;Ljava/util/List;)Ljava/lang/Class;+269
j  org.eclipse.osgi.internal.loader.classpath.ClasspathManager.findLocalClassImpl(Ljava/lang/String;[Lorg/eclipse/osgi/internal/loader/classpath/ClasspathEntry;Ljava/util/List;)Ljava/lang/Class;+30
j  org.eclipse.osgi.internal.loader.classpath.ClasspathManager.findLocalClassImpl(Ljava/lang/String;Ljava/util/List;)Ljava/lang/Class;+69
j  org.eclipse.osgi.internal.loader.classpath.ClasspathManager.findLocalClass(Ljava/lang/String;)Ljava/lang/Class;+113
j  org.eclipse.osgi.internal.loader.ModuleClassLoader.findLocalClass(Ljava/lang/String;)Ljava/lang/Class;+5
j  org.eclipse.osgi.internal.loader.BundleLoader.findLocalClass(Ljava/lang/String;)Ljava/lang/Class;+57
j  org.eclipse.osgi.internal.loader.sources.SingleSourcePackage.loadClass(Ljava/lang/String;)Ljava/lang/Class;+5
J 2229 c1 org.eclipse.osgi.internal.loader.BundleLoader.findClass0(Ljava/lang/String;ZZ)Ljava/lang/Class; (466 bytes) @ 0x0000021b5d05d2bc [0x0000021b5d05b9a0+0x000000000000191c]
J 2228 c1 org.eclipse.osgi.internal.loader.BundleLoader.findClass(Ljava/lang/String;)Ljava/lang/Class; (8 bytes) @ 0x0000021b5d05161c [0x0000021b5d0515a0+0x000000000000007c]
J 2230 c1 org.eclipse.osgi.internal.loader.ModuleClassLoader.loadClass(Ljava/lang/String;Z)Ljava/lang/Class; (36 bytes) @ 0x0000021b5d05a73c [0x0000021b5d05a520+0x000000000000021c]
J 822 c1 java.lang.ClassLoader.loadClass(Ljava/lang/String;)Ljava/lang/Class; java.base@17.0.8.1 (7 bytes) @ 0x0000021b5cd7aa3c [0x0000021b5cd7a940+0x00000000000000fc]
v  ~StubRoutines::call_stub
j  org.apache.felix.scr.impl.manager.ConfigurableComponentHolder.<init>(Lorg/apache/felix/scr/impl/manager/ComponentActivator;Lorg/apache/felix/scr/impl/metadata/ComponentMetadata;Lorg/apache/felix/scr/impl/logger/ComponentLogger;)V+50
j  org.apache.felix.scr.impl.ComponentRegistry$DefaultConfigurableComponentHolder.<init>(Lorg/apache/felix/scr/impl/manager/ComponentActivator;Lorg/apache/felix/scr/impl/metadata/ComponentMetadata;Lorg/apache/felix/scr/impl/logger/ComponentLogger;)V+4
j  org.apache.felix.scr.impl.ComponentRegistry.createComponentHolder(Lorg/apache/felix/scr/impl/manager/ComponentActivator;Lorg/apache/felix/scr/impl/metadata/ComponentMetadata;Lorg/apache/felix/scr/impl/logger/ComponentLogger;)Lorg/apache/felix/scr/impl/manager/ComponentHolder;+7
j  org.apache.felix.scr.impl.BundleComponentActivator.validateAndRegister(Lorg/apache/felix/scr/impl/metadata/ComponentMetadata;)V+51
j  org.apache.felix.scr.impl.BundleComponentActivator.loadDescriptor(Ljava/net/URL;)V+114
j  org.apache.felix.scr.impl.BundleComponentActivator.initialize(Ljava/util/List;)V+195
j  org.apache.felix.scr.impl.BundleComponentActivator.<init>(Lorg/apache/felix/scr/impl/logger/ScrLogger;Lorg/apache/felix/scr/impl/ComponentRegistry;Lorg/apache/felix/scr/impl/ComponentActorThread;Lorg/osgi/framework/BundleContext;Lorg/apache/felix/scr/impl/manager/ScrConfiguration;Ljava/util/List;Lorg/osgi/framework/ServiceReference;)V+124
j  org.apache.felix.scr.impl.Activator.loadComponents(Lorg/osgi/framework/Bundle;)V+373
j  org.apache.felix.scr.impl.Activator.access$200(Lorg/apache/felix/scr/impl/Activator;Lorg/osgi/framework/Bundle;)V+2
j  org.apache.felix.scr.impl.Activator$ScrExtension.start()V+72
j  org.apache.felix.scr.impl.AbstractExtender.createExtension(Lorg/osgi/framework/Bundle;)V+71
j  org.apache.felix.scr.impl.AbstractExtender.modifiedBundle(Lorg/osgi/framework/Bundle;Lorg/osgi/framework/BundleEvent;Lorg/osgi/framework/Bundle;)V+115
j  org.apache.felix.scr.impl.AbstractExtender.addingBundle(Lorg/osgi/framework/Bundle;Lorg/osgi/framework/BundleEvent;)Lorg/osgi/framework/Bundle;+4
j  org.apache.felix.scr.impl.AbstractExtender.addingBundle(Lorg/osgi/framework/Bundle;Lorg/osgi/framework/BundleEvent;)Ljava/lang/Object;+3
j  org.osgi.util.tracker.BundleTracker$Tracked.customizerAdding(Lorg/osgi/framework/Bundle;Lorg/osgi/framework/BundleEvent;)Ljava/lang/Object;+9
j  org.osgi.util.tracker.BundleTracker$Tracked.customizerAdding(Ljava/lang/Object;Ljava/lang/Object;)Ljava/lang/Object;+9
j  org.osgi.util.tracker.AbstractTracked.trackAdding(Ljava/lang/Object;Ljava/lang/Object;)V+8
j  org.osgi.util.tracker.AbstractTracked.track(Ljava/lang/Object;Ljava/lang/Object;)V+83
j  org.osgi.util.tracker.BundleTracker$Tracked.bundleChanged(Lorg/osgi/framework/BundleEvent;)V+35
J 2222 c1 org.eclipse.osgi.internal.framework.BundleContextImpl.dispatchEvent(Ljava/lang/Object;Ljava/lang/Object;ILjava/lang/Object;)V (558 bytes) @ 0x0000021b5d05333c [0x0000021b5d052120+0x000000000000121c]
j  org.eclipse.osgi.framework.eventmgr.EventManager.dispatchEvent(Ljava/util/Set;Lorg/eclipse/osgi/framework/eventmgr/EventDispatcher;ILjava/lang/Object;)V+48
j  org.eclipse.osgi.framework.eventmgr.ListenerQueue.dispatchEventSynchronous(ILjava/lang/Object;)V+67
j  org.eclipse.osgi.internal.framework.EquinoxEventPublisher.publishBundleEventPrivileged(Lorg/osgi/framework/BundleEvent;)V+547
j  org.eclipse.osgi.internal.framework.EquinoxEventPublisher.publishBundleEvent(Lorg/osgi/framework/BundleEvent;)V+8
j  org.eclipse.osgi.internal.framework.EquinoxEventPublisher.publishBundleEvent(ILorg/osgi/framework/Bundle;Lorg/osgi/framework/Bundle;)V+15
j  org.eclipse.osgi.internal.framework.EquinoxContainerAdaptor.publishModuleEvent(Lorg/eclipse/osgi/container/ModuleContainerAdaptor$ModuleEvent;Lorg/eclipse/osgi/container/Module;Lorg/eclipse/osgi/container/Module;)V+29
j  org.eclipse.osgi.container.Module.publishEvent(Lorg/eclipse/osgi/container/ModuleContainerAdaptor$ModuleEvent;)V+13
j  org.eclipse.osgi.container.Module.start([Lorg/eclipse/osgi/container/Module$StartOptions;)V+588
j  org.eclipse.osgi.container.ModuleContainer$ContainerStartLevel$2.run()V+71
j  org.eclipse.osgi.internal.framework.EquinoxContainerAdaptor$1$1.execute(Ljava/lang/Runnable;)V+1
j  org.eclipse.osgi.container.ModuleContainer$ContainerStartLevel.incStartLevel(ILjava/util/List;Z)V+192
j  org.eclipse.osgi.container.ModuleContainer$ContainerStartLevel.incStartLevel(ILjava/util/List;Ljava/util/List;Ljava/util/List;Ljava/util/List;)V+4
j  org.eclipse.osgi.container.ModuleContainer$ContainerStartLevel.doContainerStartLevel(Lorg/eclipse/osgi/container/Module;I[Lorg/osgi/framework/FrameworkListener;)V+349
j  org.eclipse.osgi.container.ModuleContainer$ContainerStartLevel.dispatchEvent(Lorg/eclipse/osgi/container/Module;[Lorg/osgi/framework/FrameworkListener;ILjava/lang/Integer;)V+32
j  org.eclipse.osgi.container.ModuleContainer$ContainerStartLevel.dispatchEvent(Ljava/lang/Object;Ljava/lang/Object;ILjava/lang/Object;)V+15
j  org.eclipse.osgi.framework.eventmgr.EventManager.dispatchEvent(Ljava/util/Set;Lorg/eclipse/osgi/framework/eventmgr/EventDispatcher;ILjava/lang/Object;)V+48
j  org.eclipse.osgi.framework.eventmgr.EventManager$EventThread.run()V+26
v  ~StubRoutines::call_stub

---------------  P R O C E S S  ---------------

Threads class SMR info:
_java_thread_list=0x0000021b7567d2e0, length=23, elements={
0x0000021b59faf970, 0x0000021b6de14010, 0x0000021b5a057b70, 0x0000021b6de1df80,
0x0000021b6de1ea50, 0x0000021b5a05e540, 0x0000021b72ffabe0, 0x0000021b72fff570,
0x0000021b730010c0, 0x0000021b7300d260, 0x0000021b73083e90, 0x0000021b73189830,
0x0000021b731d1ed0, 0x0000021b731d97e0, 0x0000021b74fd50c0, 0x0000021b74fd55e0,
0x0000021b7329cdb0, 0x0000021b759ae530, 0x0000021b757cd7e0, 0x0000021b75b499c0,
0x0000021b75fe8e40, 0x0000021b75ba8450, 0x0000021b76360500
}

Java Threads: ( => current thread )
  0x0000021b59faf970 JavaThread "main" [_thread_blocked, id=20032, stack(0x000000c021b00000,0x000000c021c00000)]
  0x0000021b6de14010 JavaThread "Reference Handler" daemon [_thread_blocked, id=25804, stack(0x000000c021e00000,0x000000c021f00000)]
  0x0000021b5a057b70 JavaThread "Finalizer" daemon [_thread_blocked, id=22936, stack(0x000000c021f00000,0x000000c022000000)]
  0x0000021b6de1df80 JavaThread "Signal Dispatcher" daemon [_thread_blocked, id=13616, stack(0x000000c022000000,0x000000c022100000)]
  0x0000021b6de1ea50 JavaThread "Attach Listener" daemon [_thread_blocked, id=15480, stack(0x000000c022100000,0x000000c022200000)]
  0x0000021b5a05e540 JavaThread "Service Thread" daemon [_thread_blocked, id=24376, stack(0x000000c022200000,0x000000c022300000)]
  0x0000021b72ffabe0 JavaThread "Monitor Deflation Thread" daemon [_thread_blocked, id=1604, stack(0x000000c022300000,0x000000c022400000)]
  0x0000021b72fff570 JavaThread "C2 CompilerThread0" daemon [_thread_blocked, id=21188, stack(0x000000c022400000,0x000000c022500000)]
  0x0000021b730010c0 JavaThread "C1 CompilerThread0" daemon [_thread_blocked, id=25872, stack(0x000000c022500000,0x000000c022600000)]
  0x0000021b7300d260 JavaThread "Sweeper thread" daemon [_thread_blocked, id=19616, stack(0x000000c022600000,0x000000c022700000)]
  0x0000021b73083e90 JavaThread "Common-Cleaner" daemon [_thread_blocked, id=10804, stack(0x000000c022700000,0x000000c022800000)]
  0x0000021b73189830 JavaThread "C1 CompilerThread1" daemon [_thread_blocked, id=23968, stack(0x000000c022800000,0x000000c022900000)]
  0x0000021b731d1ed0 JavaThread "C2 CompilerThread1" daemon [_thread_blocked, id=8892, stack(0x000000c022900000,0x000000c022a00000)]
  0x0000021b731d97e0 JavaThread "C2 CompilerThread2" daemon [_thread_blocked, id=19572, stack(0x000000c022a00000,0x000000c022b00000)]
  0x0000021b74fd50c0 JavaThread "C1 CompilerThread2" daemon [_thread_blocked, id=14568, stack(0x000000c022b00000,0x000000c022c00000)]
  0x0000021b74fd55e0 JavaThread "C1 CompilerThread3" daemon [_thread_blocked, id=21888, stack(0x000000c022c00000,0x000000c022d00000)]
  0x0000021b7329cdb0 JavaThread "Notification Thread" daemon [_thread_blocked, id=16076, stack(0x000000c022d00000,0x000000c022e00000)]
  0x0000021b759ae530 JavaThread "C2 CompilerThread3" daemon [_thread_blocked, id=22868, stack(0x000000c022f00000,0x000000c023000000)]
  0x0000021b757cd7e0 JavaThread "Active Thread: Equinox Container: cb49a39a-de68-4f0e-8cde-0d761caef080" [_thread_blocked, id=25624, stack(0x000000c023100000,0x000000c023200000)]
  0x0000021b75b499c0 JavaThread "Framework Event Dispatcher: Equinox Container: cb49a39a-de68-4f0e-8cde-0d761caef080" daemon [_thread_blocked, id=24652, stack(0x000000c023700000,0x000000c023800000)]
=>0x0000021b75fe8e40 JavaThread "Start Level: Equinox Container: cb49a39a-de68-4f0e-8cde-0d761caef080" daemon [_thread_in_vm, id=18420, stack(0x000000c023800000,0x000000c023900000)]
  0x0000021b75ba8450 JavaThread "Bundle File Closer" daemon [_thread_blocked, id=6588, stack(0x000000c023b00000,0x000000c023c00000)]
  0x0000021b76360500 JavaThread "SCR Component Actor" daemon [_thread_blocked, id=25704, stack(0x000000c023c00000,0x000000c023d00000)]

Other Threads:
  0x0000021b6de02600 VMThread "VM Thread" [stack: 0x000000c021d00000,0x000000c021e00000] [id=12408]
  0x0000021b7507b470 WatcherThread [stack: 0x000000c022e00000,0x000000c022f00000] [id=24736]
  0x0000021b59fc6680 GCTaskThread "GC Thread#0" [stack: 0x000000c021c00000,0x000000c021d00000] [id=6948]
  0x0000021b759ad460 GCTaskThread "GC Thread#1" [stack: 0x000000c023200000,0x000000c023300000] [id=2796]
  0x0000021b75585800 GCTaskThread "GC Thread#2" [stack: 0x000000c023300000,0x000000c023400000] [id=22836]
  0x0000021b75585ac0 GCTaskThread "GC Thread#3" [stack: 0x000000c023400000,0x000000c023500000] [id=19620]
  0x0000021b75294d50 GCTaskThread "GC Thread#4" [stack: 0x000000c023500000,0x000000c023600000] [id=16796]
  0x0000021b755d59d0 GCTaskThread "GC Thread#5" [stack: 0x000000c023600000,0x000000c023700000] [id=23192]
  0x0000021b75a96a10 GCTaskThread "GC Thread#6" [stack: 0x000000c023900000,0x000000c023a00000] [id=14496]
  0x0000021b75d74910 GCTaskThread "GC Thread#7" [stack: 0x000000c023a00000,0x000000c023b00000] [id=10072]
  0x0000021b76557010 GCTaskThread "GC Thread#8" [stack: 0x000000c023d00000,0x000000c023e00000] [id=24600]

Threads with active compile tasks:

VM state: not at safepoint (normal execution)

VM Mutex/Monitor currently owned by a thread:  ([mutex/lock_event])
[0x0000021b59faade0] Metaspace_lock - owner thread: 0x0000021b75fe8e40

Heap address: 0x00000000c0000000, size: 1024 MB, Compressed Oops mode: 32-bit

CDS archive(s) not mapped
Compressed class space mapped at: 0x0000000100000000-0x0000000140000000, reserved size: 1073741824
Narrow klass base: 0x0000000000000000, Narrow klass shift: 3, Narrow klass range: 0x140000000

GC Precious Log:
 CPUs: 16 total, 16 available
 Memory: 15776M
 Large Page Support: Disabled
 NUMA Support: Disabled
 Compressed Oops: Enabled (32-bit)
 Alignments: Space 512K, Generation 512K, Heap 2M
 Heap Min Capacity: 100M
 Heap Initial Capacity: 100M
 Heap Max Capacity: 1G
 Pre-touch: Disabled
 Parallel Workers: 13

Heap:
 PSYoungGen      total 29696K, used 10184K [0x00000000eab00000, 0x00000000ecc00000, 0x0000000100000000)
  eden space 25600K, 23% used [0x00000000eab00000,0x00000000eb0f51d8,0x00000000ec400000)
  from space 4096K, 99% used [0x00000000ec400000,0x00000000ec7fd170,0x00000000ec800000)
  to   space 4096K, 0% used [0x00000000ec800000,0x00000000ec800000,0x00000000ecc00000)
 ParOldGen       total 68608K, used 5290K [0x00000000c0000000, 0x00000000c4300000, 0x00000000eab00000)
  object space 68608K, 7% used [0x00000000c0000000,0x00000000c052aa20,0x00000000c4300000)
 Metaspace       used 17458K, committed 17728K, reserved 1114112K
  class space    used 1765K, committed 1920K, reserved 1048576K

Card table byte_map: [0x0000021b59970000,0x0000021b59b80000] _byte_map_base: 0x0000021b59370000

Marking Bits: (ParMarkBitMap*) 0x00007ffa999583a0
 Begin Bits: [0x0000021b6bc20000, 0x0000021b6cc20000)
 End Bits:   [0x0000021b6cc20000, 0x0000021b6dc20000)

Polling page: 0x0000021b59760000

Metaspace:

Usage:
  Non-class:     15.33 MB used.
      Class:      1.72 MB used.
       Both:     17.05 MB used.

Virtual space:
  Non-class space:       64.00 MB reserved,      15.44 MB ( 24%) committed,  1 nodes.
      Class space:        1.00 GB reserved,       1.88 MB ( <1%) committed,  1 nodes.
             Both:        1.06 GB reserved,      17.31 MB (  2%) committed. 

Chunk freelists:
   Non-Class:  316.00 KB
       Class:  14.02 MB
        Both:  14.33 MB

MaxMetaspaceSize: unlimited
CompressedClassSpaceSize: 1.00 GB
Initial GC threshold: 21.00 MB
Current GC threshold: 21.00 MB
CDS: off
MetaspaceReclaimPolicy: balanced
 - commit_granule_bytes: 65536.
 - commit_granule_words: 8192.
 - virtual_space_node_default_size: 8388608.
 - enlarge_chunks_in_place: 1.
 - new_chunks_are_fully_committed: 0.
 - uncommit_free_chunks: 1.
 - use_allocation_guard: 0.
 - handle_deallocations: 1.


Internal statistics:

num_allocs_failed_limit: 0.
num_arena_births: 128.
num_arena_deaths: 0.
num_vsnodes_births: 2.
num_vsnodes_deaths: 0.
num_space_committed: 277.
num_space_uncommitted: 0.
num_chunks_returned_to_freelist: 0.
num_chunks_taken_from_freelist: 400.
num_chunk_merges: 0.
num_chunk_splits: 251.
num_chunks_enlarged: 173.
num_inconsistent_stats: 0.

CodeHeap 'non-profiled nmethods': size=119168Kb used=1011Kb max_used=1011Kb free=118156Kb
 bounds [0x0000021b647c0000, 0x0000021b64a30000, 0x0000021b6bc20000]
CodeHeap 'profiled nmethods': size=119104Kb used=4498Kb max_used=4498Kb free=114605Kb
 bounds [0x0000021b5cc20000, 0x0000021b5d090000, 0x0000021b64070000]
CodeHeap 'non-nmethods': size=7488Kb used=2864Kb max_used=2889Kb free=4623Kb
 bounds [0x0000021b64070000, 0x0000021b64350000, 0x0000021b647c0000]
 total_blobs=2774 nmethods=2306 adapters=379
 compilation: enabled
              stopped_count=0, restarted_count=0
 full_count=0

Compilation events (20 events):
Event: 1.323 Thread 0x0000021b730010c0 2297       3       java.util.LinkedList::checkPositionIndex (22 bytes)
Event: 1.323 Thread 0x0000021b74fd50c0 2298       3       java.util.LinkedList::isPositionIndex (18 bytes)
Event: 1.323 Thread 0x0000021b74fd55e0 2299       3       java.util.LinkedList$Node::<init> (20 bytes)
Event: 1.323 Thread 0x0000021b74fd55e0 nmethod 2299 0x0000021b5d082610 code [0x0000021b5d0827a0, 0x0000021b5d082958]
Event: 1.323 Thread 0x0000021b74fd50c0 nmethod 2298 0x0000021b5d082a10 code [0x0000021b5d082ba0, 0x0000021b5d082d38]
Event: 1.323 Thread 0x0000021b730010c0 nmethod 2297 0x0000021b5d082e10 code [0x0000021b5d083060, 0x0000021b5d0837a8]
Event: 1.325 Thread 0x0000021b73189830 2300       1       org.eclipse.osgi.container.ModuleRevision::getVersion (5 bytes)
Event: 1.325 Thread 0x0000021b73189830 nmethod 2300 0x0000021b648bc590 code [0x0000021b648bc720, 0x0000021b648bc7f8]
Event: 1.325 Thread 0x0000021b730010c0 2301       3       java.lang.AbstractStringBuilder::append (60 bytes)
Event: 1.325 Thread 0x0000021b73189830 2302       1       org.eclipse.osgi.internal.loader.classpath.ClasspathManager::getGeneration (5 bytes)
Event: 1.325 Thread 0x0000021b74fd55e0 2303       3       org.eclipse.osgi.internal.hookregistry.ClassLoaderHook::preFindLocalClass (1 bytes)
Event: 1.325 Thread 0x0000021b730010c0 nmethod 2301 0x0000021b5d083a90 code [0x0000021b5d083c60, 0x0000021b5d083f98]
Event: 1.325 Thread 0x0000021b73189830 nmethod 2302 0x0000021b648bc890 code [0x0000021b648bca20, 0x0000021b648bcaf8]
Event: 1.325 Thread 0x0000021b74fd55e0 nmethod 2303 0x0000021b5d084110 code [0x0000021b5d0842a0, 0x0000021b5d0843b8]
Event: 1.326 Thread 0x0000021b74fd50c0 2304       3       org.eclipse.osgi.internal.hookregistry.ClassLoaderHook::postFindLocalClass (1 bytes)
Event: 1.326 Thread 0x0000021b74fd50c0 nmethod 2304 0x0000021b5d084490 code [0x0000021b5d084620, 0x0000021b5d084738]
Event: 1.326 Thread 0x0000021b730010c0 2305       3       java.lang.StringBuilder::append (8 bytes)
Event: 1.326 Thread 0x0000021b730010c0 nmethod 2305 0x0000021b5d084810 code [0x0000021b5d0849a0, 0x0000021b5d084ae8]
Event: 1.326 Thread 0x0000021b74fd55e0 2306       1       org.eclipse.osgi.internal.hookregistry.HookRegistry::getContainer (5 bytes)
Event: 1.326 Thread 0x0000021b74fd55e0 nmethod 2306 0x0000021b648bcb90 code [0x0000021b648bcd20, 0x0000021b648bcdf8]

GC Heap History (6 events):
Event: 0.550 GC heap before
{Heap before GC invocations=1 (full 0):
 PSYoungGen      total 29696K, used 25600K [0x00000000eab00000, 0x00000000ecc00000, 0x0000000100000000)
  eden space 25600K, 100% used [0x00000000eab00000,0x00000000ec400000,0x00000000ec400000)
  from space 4096K, 0% used [0x00000000ec800000,0x00000000ec800000,0x00000000ecc00000)
  to   space 4096K, 0% used [0x00000000ec400000,0x00000000ec400000,0x00000000ec800000)
 ParOldGen       total 68608K, used 0K [0x00000000c0000000, 0x00000000c4300000, 0x00000000eab00000)
  object space 68608K, 0% used [0x00000000c0000000,0x00000000c0000000,0x00000000c4300000)
 Metaspace       used 10601K, committed 10752K, reserved 1114112K
  class space    used 1054K, committed 1088K, reserved 1048576K
}
Event: 0.554 GC heap after
{Heap after GC invocations=1 (full 0):
 PSYoungGen      total 29696K, used 3075K [0x00000000eab00000, 0x00000000ecc00000, 0x0000000100000000)
  eden space 25600K, 0% used [0x00000000eab00000,0x00000000eab00000,0x00000000ec400000)
  from space 4096K, 75% used [0x00000000ec400000,0x00000000ec700c28,0x00000000ec800000)
  to   space 4096K, 0% used [0x00000000ec800000,0x00000000ec800000,0x00000000ecc00000)
 ParOldGen       total 68608K, used 16K [0x00000000c0000000, 0x00000000c4300000, 0x00000000eab00000)
  object space 68608K, 0% used [0x00000000c0000000,0x00000000c0004000,0x00000000c4300000)
 Metaspace       used 10601K, committed 10752K, reserved 1114112K
  class space    used 1054K, committed 1088K, reserved 1048576K
}
Event: 0.988 GC heap before
{Heap before GC invocations=2 (full 0):
 PSYoungGen      total 29696K, used 28675K [0x00000000eab00000, 0x00000000ecc00000, 0x0000000100000000)
  eden space 25600K, 100% used [0x00000000eab00000,0x00000000ec400000,0x00000000ec400000)
  from space 4096K, 75% used [0x00000000ec400000,0x00000000ec700c28,0x00000000ec800000)
  to   space 4096K, 0% used [0x00000000ec800000,0x00000000ec800000,0x00000000ecc00000)
 ParOldGen       total 68608K, used 16K [0x00000000c0000000, 0x00000000c4300000, 0x00000000eab00000)
  object space 68608K, 0% used [0x00000000c0000000,0x00000000c0004000,0x00000000c4300000)
 Metaspace       used 14300K, committed 14464K, reserved 1114112K
  class space    used 1416K, committed 1472K, reserved 1048576K
}
Event: 0.991 GC heap after
{Heap after GC invocations=2 (full 0):
 PSYoungGen      total 29696K, used 4092K [0x00000000eab00000, 0x00000000ecc00000, 0x0000000100000000)
  eden space 25600K, 0% used [0x00000000eab00000,0x00000000eab00000,0x00000000ec400000)
  from space 4096K, 99% used [0x00000000ec800000,0x00000000ecbff090,0x00000000ecc00000)
  to   space 4096K, 0% used [0x00000000ec400000,0x00000000ec400000,0x00000000ec800000)
 ParOldGen       total 68608K, used 1352K [0x00000000c0000000, 0x00000000c4300000, 0x00000000eab00000)
  object space 68608K, 1% used [0x00000000c0000000,0x00000000c0152050,0x00000000c4300000)
 Metaspace       used 14300K, committed 14464K, reserved 1114112K
  class space    used 1416K, committed 1472K, reserved 1048576K
}
Event: 1.270 GC heap before
{Heap before GC invocations=3 (full 0):
 PSYoungGen      total 29696K, used 29688K [0x00000000eab00000, 0x00000000ecc00000, 0x0000000100000000)
  eden space 25600K, 99% used [0x00000000eab00000,0x00000000ec3ff218,0x00000000ec400000)
  from space 4096K, 99% used [0x00000000ec800000,0x00000000ecbff090,0x00000000ecc00000)
  to   space 4096K, 0% used [0x00000000ec400000,0x00000000ec400000,0x00000000ec800000)
 ParOldGen       total 68608K, used 1352K [0x00000000c0000000, 0x00000000c4300000, 0x00000000eab00000)
  object space 68608K, 1% used [0x00000000c0000000,0x00000000c0152050,0x00000000c4300000)
 Metaspace       used 16174K, committed 16448K, reserved 1114112K
  class space    used 1614K, committed 1728K, reserved 1048576K
}
Event: 1.275 GC heap after
{Heap after GC invocations=3 (full 0):
 PSYoungGen      total 29696K, used 4084K [0x00000000eab00000, 0x00000000ecc00000, 0x0000000100000000)
  eden space 25600K, 0% used [0x00000000eab00000,0x00000000eab00000,0x00000000ec400000)
  from space 4096K, 99% used [0x00000000ec400000,0x00000000ec7fd170,0x00000000ec800000)
  to   space 4096K, 0% used [0x00000000ec800000,0x00000000ec800000,0x00000000ecc00000)
 ParOldGen       total 68608K, used 5290K [0x00000000c0000000, 0x00000000c4300000, 0x00000000eab00000)
  object space 68608K, 7% used [0x00000000c0000000,0x00000000c052aa20,0x00000000c4300000)
 Metaspace       used 16174K, committed 16448K, reserved 1114112K
  class space    used 1614K, committed 1728K, reserved 1048576K
}

Dll operation events (9 events):
Event: 0.009 Loaded shared library c:\Users\82108\.vscode\extensions\redhat.java-1.24.0-win32-x64\jre\17.0.8.1-win32-x86_64\bin\java.dll
Event: 0.109 Loaded shared library c:\Users\82108\.vscode\extensions\redhat.java-1.24.0-win32-x64\jre\17.0.8.1-win32-x86_64\bin\zip.dll
Event: 0.112 Loaded shared library C:\Users\82108\.vscode\extensions\redhat.java-1.24.0-win32-x64\jre\17.0.8.1-win32-x86_64\bin\instrument.dll
Event: 0.120 Loaded shared library C:\Users\82108\.vscode\extensions\redhat.java-1.24.0-win32-x64\jre\17.0.8.1-win32-x86_64\bin\net.dll
Event: 0.122 Loaded shared library C:\Users\82108\.vscode\extensions\redhat.java-1.24.0-win32-x64\jre\17.0.8.1-win32-x86_64\bin\nio.dll
Event: 0.128 Loaded shared library C:\Users\82108\.vscode\extensions\redhat.java-1.24.0-win32-x64\jre\17.0.8.1-win32-x86_64\bin\zip.dll
Event: 0.141 Loaded shared library C:\Users\82108\.vscode\extensions\redhat.java-1.24.0-win32-x64\jre\17.0.8.1-win32-x86_64\bin\jimage.dll
Event: 0.195 Loaded shared library c:\Users\82108\.vscode\extensions\redhat.java-1.24.0-win32-x64\jre\17.0.8.1-win32-x86_64\bin\verify.dll
Event: 0.968 Loaded shared library C:\Users\82108\AppData\Roaming\Code\User\globalStorage\redhat.java\1.24.0\config_win\org.eclipse.equinox.launcher\org.eclipse.equinox.launcher.win32.win32.x86_64_1.2.700.v20221108-1024\eclipse_11801.dll

Deoptimization events (20 events):
Event: 1.124 Thread 0x0000021b75fe8e40 DEOPT PACKING pc=0x0000021b5cf8d540 sp=0x000000c0238fdfa0
Event: 1.124 Thread 0x0000021b75fe8e40 DEOPT UNPACKING pc=0x0000021b640c6e43 sp=0x000000c0238fd480 mode 0
Event: 1.150 Thread 0x0000021b75fe8e40 Uncommon trap: trap_request=0xffffff45 fr.pc=0x0000021b64805d20 relative=0x0000000000000460
Event: 1.150 Thread 0x0000021b75fe8e40 Uncommon trap: reason=unstable_if action=reinterpret pc=0x0000021b64805d20 method=java.util.jar.Manifest$FastInputStream.readLine([BII)I @ 106 c2
Event: 1.150 Thread 0x0000021b75fe8e40 DEOPT PACKING pc=0x0000021b64805d20 sp=0x000000c0238fd580
Event: 1.150 Thread 0x0000021b75fe8e40 DEOPT UNPACKING pc=0x0000021b640c66a3 sp=0x000000c0238fd510 mode 2
Event: 1.186 Thread 0x0000021b75fe8e40 Uncommon trap: trap_request=0xffffff45 fr.pc=0x0000021b648aabb8 relative=0x0000000000001f98
Event: 1.186 Thread 0x0000021b75fe8e40 Uncommon trap: reason=unstable_if action=reinterpret pc=0x0000021b648aabb8 method=java.util.jar.Manifest$FastInputStream.peek()B @ 23 c2
Event: 1.186 Thread 0x0000021b75fe8e40 DEOPT PACKING pc=0x0000021b648aabb8 sp=0x000000c0238fd6c0
Event: 1.186 Thread 0x0000021b75fe8e40 DEOPT UNPACKING pc=0x0000021b640c66a3 sp=0x000000c0238fd668 mode 2
Event: 1.192 Thread 0x0000021b75fe8e40 DEOPT PACKING pc=0x0000021b5cd9109e sp=0x000000c0238fdf40
Event: 1.192 Thread 0x0000021b75fe8e40 DEOPT UNPACKING pc=0x0000021b640c6e43 sp=0x000000c0238fd438 mode 0
Event: 1.198 Thread 0x0000021b75fe8e40 Uncommon trap: trap_request=0xffffff45 fr.pc=0x0000021b64817360 relative=0x00000000000005a0
Event: 1.198 Thread 0x0000021b75fe8e40 Uncommon trap: reason=unstable_if action=reinterpret pc=0x0000021b64817360 method=java.util.jar.Manifest$FastInputStream.readLine([BII)I @ 130 c2
Event: 1.198 Thread 0x0000021b75fe8e40 DEOPT PACKING pc=0x0000021b64817360 sp=0x000000c0238fd6f0
Event: 1.198 Thread 0x0000021b75fe8e40 DEOPT UNPACKING pc=0x0000021b640c66a3 sp=0x000000c0238fd628 mode 2
Event: 1.259 Thread 0x0000021b75fe8e40 Uncommon trap: trap_request=0xffffff45 fr.pc=0x0000021b648b57fc relative=0x0000000000000b1c
Event: 1.259 Thread 0x0000021b75fe8e40 Uncommon trap: reason=unstable_if action=reinterpret pc=0x0000021b648b57fc method=org.eclipse.osgi.framework.util.CaseInsensitiveDictionaryMap.findCommonKeyIndex(Ljava/lang/String;)Lorg/eclipse/osgi/framework/util/CaseInsensitiveDictionaryMap$CaseInsensit
Event: 1.259 Thread 0x0000021b75fe8e40 DEOPT PACKING pc=0x0000021b648b57fc sp=0x000000c0238fe3e0
Event: 1.259 Thread 0x0000021b75fe8e40 DEOPT UNPACKING pc=0x0000021b640c66a3 sp=0x000000c0238fe380 mode 2

Classes unloaded (0 events):
No events

Classes redefined (0 events):
No events

Internal exceptions (20 events):
Event: 0.508 Thread 0x0000021b59faf970 Exception <a 'java/lang/ClassNotFoundException'{0x00000000ec22f888}: sun/net/www/protocol/c/Handler> (0x00000000ec22f888) 
thrown [s\src\hotspot\share\classfile\systemDictionary.cpp, line 256]
Event: 0.509 Thread 0x0000021b59faf970 Exception <a 'java/lang/ClassNotFoundException'{0x00000000ec230f10}: sun/net/www/protocol/c/Handler> (0x00000000ec230f10) 
thrown [s\src\hotspot\share\classfile\systemDictionary.cpp, line 256]
Event: 0.519 Thread 0x0000021b59faf970 Exception <a 'java/io/FileNotFoundException'{0x00000000ec257b38}> (0x00000000ec257b38) 
thrown [s\src\hotspot\share\prims\jni.cpp, line 516]
Event: 0.540 Thread 0x0000021b59faf970 Implicit null exception at 0x0000021b648195fb to 0x0000021b64819f98
Event: 0.540 Thread 0x0000021b59faf970 Implicit null exception at 0x0000021b6481096c to 0x0000021b64810b48
Event: 0.540 Thread 0x0000021b59faf970 Implicit null exception at 0x0000021b6480ffec to 0x0000021b648101cc
Event: 0.540 Thread 0x0000021b59faf970 Implicit null exception at 0x0000021b64808e0f to 0x0000021b64808e85
Event: 0.574 Thread 0x0000021b59faf970 Exception <a 'java/lang/NoSuchMethodError'{0x00000000eaca8108}: 'int java.lang.invoke.DirectMethodHandle$Holder.invokeStaticInit(java.lang.Object, java.lang.Object, java.lang.Object, java.lang.Object)'> (0x00000000eaca8108) 
thrown [s\src\hotspot\share\interpreter\linkResolver.cpp, line 759]
Event: 0.576 Thread 0x0000021b59faf970 Exception <a 'java/lang/NoSuchMethodError'{0x00000000eacb2880}: 'java.lang.Object java.lang.invoke.DirectMethodHandle$Holder.invokeInterface(java.lang.Object, java.lang.Object)'> (0x00000000eacb2880) 
thrown [s\src\hotspot\share\interpreter\linkResolver.cpp, line 759]
Event: 0.576 Thread 0x0000021b59faf970 Exception <a 'java/lang/IncompatibleClassChangeError'{0x00000000eacb6078}: Found class java.lang.Object, but interface was expected> (0x00000000eacb6078) 
thrown [s\src\hotspot\share\interpreter\linkResolver.cpp, line 826]
Event: 0.577 Thread 0x0000021b59faf970 Exception <a 'java/lang/NoSuchMethodError'{0x00000000eacba570}: 'void java.lang.invoke.DirectMethodHandle$Holder.invokeStatic(java.lang.Object, java.lang.Object)'> (0x00000000eacba570) 
thrown [s\src\hotspot\share\interpreter\linkResolver.cpp, line 759]
Event: 0.578 Thread 0x0000021b59faf970 Exception <a 'java/lang/NoSuchMethodError'{0x00000000eacbdd70}: 'void java.lang.invoke.DirectMethodHandle$Holder.invokeStaticInit(java.lang.Object, java.lang.Object)'> (0x00000000eacbdd70) 
thrown [s\src\hotspot\share\interpreter\linkResolver.cpp, line 759]
Event: 0.579 Thread 0x0000021b59faf970 Exception <a 'java/lang/NoSuchMethodError'{0x00000000eacc52a8}: 'int java.lang.invoke.DirectMethodHandle$Holder.invokeStaticInit(java.lang.Object, java.lang.Object)'> (0x00000000eacc52a8) 
thrown [s\src\hotspot\share\interpreter\linkResolver.cpp, line 759]
Event: 0.615 Thread 0x0000021b59faf970 Exception <a 'java/lang/NoSuchMethodError'{0x00000000eae8faf0}: 'void java.lang.invoke.DirectMethodHandle$Holder.invokeSpecial(java.lang.Object, java.lang.Object, java.lang.Object)'> (0x00000000eae8faf0) 
thrown [s\src\hotspot\share\interpreter\linkResolver.cpp, line 759]
Event: 0.856 Thread 0x0000021b59faf970 Exception <a 'java/lang/NoSuchMethodError'{0x00000000ebbd8370}: 'java.lang.Object java.lang.invoke.DirectMethodHandle$Holder.newInvokeSpecial(java.lang.Object, int, java.lang.Object)'> (0x00000000ebbd8370) 
thrown [s\src\hotspot\share\interpreter\linkResolver.cpp, line 759]
Event: 0.966 Thread 0x0000021b59faf970 Exception <a 'java/lang/UnsatisfiedLinkError'{0x00000000ec1926f8}: 'void org.eclipse.equinox.launcher.JNIBridge._update_splash()'> (0x00000000ec1926f8) 
thrown [s\src\hotspot\share\prims\nativeLookup.cpp, line 543]
Event: 1.005 Thread 0x0000021b75fe8e40 Exception <a 'java/lang/NoSuchMethodError'{0x00000000eabe67c0}: 'java.lang.Object java.lang.invoke.DirectMethodHandle$Holder.invokeStaticInit(java.lang.Object)'> (0x00000000eabe67c0) 
thrown [s\src\hotspot\share\interpreter\linkResolver.cpp, line 759]
Event: 1.017 Thread 0x0000021b75fe8e40 Exception <a 'java/lang/NoSuchMethodError'{0x00000000eacadd00}: 'java.lang.Object java.lang.invoke.DirectMethodHandle$Holder.newInvokeSpecial(java.lang.Object, java.lang.Object, int, java.lang.Object)'> (0x00000000eacadd00) 
thrown [s\src\hotspot\share\interpreter\linkResolver.cpp, line 759]
Event: 1.017 Thread 0x0000021b75fe8e40 Exception <a 'java/lang/NoSuchMethodError'{0x00000000eacb1fe8}: 'java.lang.Object java.lang.invoke.DirectMethodHandle$Holder.invokeSpecial(java.lang.Object, java.lang.Object, java.lang.Object, int, java.lang.Object)'> (0x00000000eacb1fe8) 
thrown [s\src\hotspot\share\interpreter\linkResolver.cpp, line 759]
Event: 1.045 Thread 0x0000021b75fe8e40 Exception <a 'java/lang/ClassNotFoundException'{0x00000000eafcc7b0}: sun/util/logging/resources/spi/loggingProvider> (0x00000000eafcc7b0) 
thrown [s\src\hotspot\share\classfile\systemDictionary.cpp, line 256]

VM Operations (20 events):
Event: 0.853 Executing VM operation: HandshakeAllThreads
Event: 0.853 Executing VM operation: HandshakeAllThreads done
Event: 0.973 Executing VM operation: ICBufferFull
Event: 0.973 Executing VM operation: ICBufferFull done
Event: 0.988 Executing VM operation: ParallelGCFailedAllocation
Event: 0.991 Executing VM operation: ParallelGCFailedAllocation done
Event: 0.998 Executing VM operation: HandshakeAllThreads
Event: 0.998 Executing VM operation: HandshakeAllThreads done
Event: 1.033 Executing VM operation: HandshakeAllThreads
Event: 1.033 Executing VM operation: HandshakeAllThreads done
Event: 1.046 Executing VM operation: HandshakeAllThreads
Event: 1.046 Executing VM operation: HandshakeAllThreads done
Event: 1.053 Executing VM operation: HandshakeAllThreads
Event: 1.053 Executing VM operation: HandshakeAllThreads done
Event: 1.066 Executing VM operation: HandshakeAllThreads
Event: 1.066 Executing VM operation: HandshakeAllThreads done
Event: 1.270 Executing VM operation: ParallelGCFailedAllocation
Event: 1.275 Executing VM operation: ParallelGCFailedAllocation done
Event: 1.282 Executing VM operation: HandshakeAllThreads
Event: 1.282 Executing VM operation: HandshakeAllThreads done

Events (20 events):
Event: 1.313 loading class com/sun/org/apache/xerces/internal/util/XMLChar done
Event: 1.314 Thread 0x0000021b759aea50 Thread exited: 0x0000021b759aea50
Event: 1.315 loading class com/sun/org/apache/xerces/internal/util/XMLSymbols
Event: 1.315 loading class com/sun/org/apache/xerces/internal/util/XMLSymbols done
Event: 1.315 loading class com/sun/org/apache/xerces/internal/parsers/AbstractSAXParser$LocatorProxy
Event: 1.315 loading class org/xml/sax/ext/Locator2
Event: 1.315 loading class org/xml/sax/Locator
Event: 1.315 loading class org/xml/sax/Locator done
Event: 1.315 loading class org/xml/sax/ext/Locator2 done
Event: 1.315 loading class com/sun/org/apache/xerces/internal/parsers/AbstractSAXParser$LocatorProxy done
Event: 1.315 loading class com/sun/org/apache/xerces/internal/impl/XMLScanner$NameType
Event: 1.315 loading class com/sun/org/apache/xerces/internal/impl/XMLScanner$NameType done
Event: 1.316 loading class com/sun/org/apache/xerces/internal/impl/Constants
Event: 1.316 loading class com/sun/org/apache/xerces/internal/impl/Constants done
Event: 1.316 loading class com/sun/org/apache/xerces/internal/impl/Constants$ArrayEnumeration
Event: 1.316 loading class com/sun/org/apache/xerces/internal/impl/Constants$ArrayEnumeration done
Event: 1.322 loading class com/sun/org/apache/xerces/internal/impl/io/MalformedByteSequenceException
Event: 1.322 loading class java/io/CharConversionException
Event: 1.322 loading class java/io/CharConversionException done
Event: 1.322 loading class com/sun/org/apache/xerces/internal/impl/io/MalformedByteSequenceException done


Dynamic libraries:
0x00007ff761290000 - 0x00007ff76129e000 	c:\Users\82108\.vscode\extensions\redhat.java-1.24.0-win32-x64\jre\17.0.8.1-win32-x86_64\bin\java.exe
0x00007ffb00110000 - 0x00007ffb00327000 	C:\WINDOWS\SYSTEM32\ntdll.dll
0x00007ffafefa0000 - 0x00007ffaff064000 	C:\WINDOWS\System32\KERNEL32.DLL
0x00007ffafd510000 - 0x00007ffafd8b6000 	C:\WINDOWS\System32\KERNELBASE.dll
0x00007ffafdb20000 - 0x00007ffafdc31000 	C:\WINDOWS\System32\ucrtbase.dll
0x00007ffaeb4d0000 - 0x00007ffaeb4e9000 	c:\Users\82108\.vscode\extensions\redhat.java-1.24.0-win32-x64\jre\17.0.8.1-win32-x86_64\bin\VCRUNTIME140.dll
0x00007ffaedd70000 - 0x00007ffaedd87000 	c:\Users\82108\.vscode\extensions\redhat.java-1.24.0-win32-x64\jre\17.0.8.1-win32-x86_64\bin\jli.dll
0x00007ffafe590000 - 0x00007ffafe73d000 	C:\WINDOWS\System32\USER32.dll
0x00007ffafd9d0000 - 0x00007ffafd9f6000 	C:\WINDOWS\System32\win32u.dll
0x00007ffaff930000 - 0x00007ffaff959000 	C:\WINDOWS\System32\GDI32.dll
0x00007ffae8330000 - 0x00007ffae85c3000 	C:\WINDOWS\WinSxS\amd64_microsoft.windows.common-controls_6595b64144ccf1df_6.0.22621.2361_none_2712ced57382f843\COMCTL32.dll
0x00007ffafda00000 - 0x00007ffafdb18000 	C:\WINDOWS\System32\gdi32full.dll
0x00007ffaff340000 - 0x00007ffaff3e7000 	C:\WINDOWS\System32\msvcrt.dll
0x00007ffafd930000 - 0x00007ffafd9ca000 	C:\WINDOWS\System32\msvcp_win.dll
0x00007ffafffe0000 - 0x00007ffb00011000 	C:\WINDOWS\System32\IMM32.DLL
0x00007ffaf40a0000 - 0x00007ffaf40ac000 	c:\Users\82108\.vscode\extensions\redhat.java-1.24.0-win32-x64\jre\17.0.8.1-win32-x86_64\bin\vcruntime140_1.dll
0x00007ffad75b0000 - 0x00007ffad7641000 	c:\Users\82108\.vscode\extensions\redhat.java-1.24.0-win32-x64\jre\17.0.8.1-win32-x86_64\bin\msvcp140.dll
0x00007ffa98dd0000 - 0x00007ffa99a1c000 	c:\Users\82108\.vscode\extensions\redhat.java-1.24.0-win32-x64\jre\17.0.8.1-win32-x86_64\bin\server\jvm.dll
0x00007ffafded0000 - 0x00007ffafdf80000 	C:\WINDOWS\System32\ADVAPI32.dll
0x00007ffb00020000 - 0x00007ffb000c6000 	C:\WINDOWS\System32\sechost.dll
0x00007ffafe1b0000 - 0x00007ffafe2c7000 	C:\WINDOWS\System32\RPCRT4.dll
0x00007ffafd1b0000 - 0x00007ffafd1fd000 	C:\WINDOWS\SYSTEM32\POWRPROF.dll
0x00007ffaf3f70000 - 0x00007ffaf3fa4000 	C:\WINDOWS\SYSTEM32\WINMM.dll
0x00007ffaf3ab0000 - 0x00007ffaf3aba000 	C:\WINDOWS\SYSTEM32\VERSION.dll
0x00007ffab9570000 - 0x00007ffab9579000 	C:\WINDOWS\SYSTEM32\WSOCK32.dll
0x00007ffaff8b0000 - 0x00007ffaff921000 	C:\WINDOWS\System32\WS2_32.dll
0x00007ffafd190000 - 0x00007ffafd1a3000 	C:\WINDOWS\SYSTEM32\UMPDC.dll
0x00007ffafc430000 - 0x00007ffafc448000 	C:\WINDOWS\SYSTEM32\kernel.appcore.dll
0x00007ffaedb30000 - 0x00007ffaedb3a000 	c:\Users\82108\.vscode\extensions\redhat.java-1.24.0-win32-x64\jre\17.0.8.1-win32-x86_64\bin\jimage.dll
0x00007ffaface0000 - 0x00007ffafaf0e000 	C:\WINDOWS\SYSTEM32\DBGHELP.DLL
0x00007ffaff3f0000 - 0x00007ffaff77a000 	C:\WINDOWS\System32\combase.dll
0x00007ffaff7d0000 - 0x00007ffaff8a7000 	C:\WINDOWS\System32\OLEAUT32.dll
0x00007ffaf1c90000 - 0x00007ffaf1cc2000 	C:\WINDOWS\SYSTEM32\dbgcore.DLL
0x00007ffafd490000 - 0x00007ffafd50a000 	C:\WINDOWS\System32\bcryptPrimitives.dll
0x00007ffaeb5a0000 - 0x00007ffaeb5ae000 	c:\Users\82108\.vscode\extensions\redhat.java-1.24.0-win32-x64\jre\17.0.8.1-win32-x86_64\bin\instrument.dll
0x00007ffae3220000 - 0x00007ffae3245000 	c:\Users\82108\.vscode\extensions\redhat.java-1.24.0-win32-x64\jre\17.0.8.1-win32-x86_64\bin\java.dll
0x00007ffaeaeb0000 - 0x00007ffaeaec8000 	c:\Users\82108\.vscode\extensions\redhat.java-1.24.0-win32-x64\jre\17.0.8.1-win32-x86_64\bin\zip.dll
0x00007ffafe740000 - 0x00007ffafef98000 	C:\WINDOWS\System32\SHELL32.dll
0x00007ffafb3a0000 - 0x00007ffafbc92000 	C:\WINDOWS\SYSTEM32\windows.storage.dll
0x00007ffafb260000 - 0x00007ffafb39e000 	C:\WINDOWS\SYSTEM32\wintypes.dll
0x00007ffaff070000 - 0x00007ffaff163000 	C:\WINDOWS\System32\SHCORE.dll
0x00007ffaff170000 - 0x00007ffaff1ce000 	C:\WINDOWS\System32\shlwapi.dll
0x00007ffafd3c0000 - 0x00007ffafd3e6000 	C:\WINDOWS\SYSTEM32\profapi.dll
0x00007ffae3200000 - 0x00007ffae3219000 	C:\Users\82108\.vscode\extensions\redhat.java-1.24.0-win32-x64\jre\17.0.8.1-win32-x86_64\bin\net.dll
0x00007ffaf6d50000 - 0x00007ffaf6e87000 	C:\WINDOWS\SYSTEM32\WINHTTP.dll
0x00007ffafc900000 - 0x00007ffafc969000 	C:\WINDOWS\system32\mswsock.dll
0x00007ffadec80000 - 0x00007ffadec95000 	C:\Users\82108\.vscode\extensions\redhat.java-1.24.0-win32-x64\jre\17.0.8.1-win32-x86_64\bin\nio.dll
0x00007ffae7d20000 - 0x00007ffae7d30000 	c:\Users\82108\.vscode\extensions\redhat.java-1.24.0-win32-x64\jre\17.0.8.1-win32-x86_64\bin\verify.dll
0x00007ffaded50000 - 0x00007ffaded8e000 	C:\Users\82108\AppData\Roaming\Code\User\globalStorage\redhat.java\1.24.0\config_win\org.eclipse.equinox.launcher\org.eclipse.equinox.launcher.win32.win32.x86_64_1.2.700.v20221108-1024\eclipse_11801.dll
0x00007ffafe010000 - 0x00007ffafe1af000 	C:\WINDOWS\System32\ole32.dll

dbghelp: loaded successfully - version: 4.0.5 - missing functions: none
symbol engine: initialized successfully - sym options: 0x614 - pdb path: .;c:\Users\82108\.vscode\extensions\redhat.java-1.24.0-win32-x64\jre\17.0.8.1-win32-x86_64\bin;C:\WINDOWS\SYSTEM32;C:\WINDOWS\WinSxS\amd64_microsoft.windows.common-controls_6595b64144ccf1df_6.0.22621.2361_none_2712ced57382f843;c:\Users\82108\.vscode\extensions\redhat.java-1.24.0-win32-x64\jre\17.0.8.1-win32-x86_64\bin\server;C:\Users\82108\AppData\Roaming\Code\User\globalStorage\redhat.java\1.24.0\config_win\org.eclipse.equinox.launcher\org.eclipse.equinox.launcher.win32.win32.x86_64_1.2.700.v20221108-1024

VM Arguments:
jvm_args: --add-modules=ALL-SYSTEM --add-opens=java.base/java.util=ALL-UNNAMED --add-opens=java.base/java.lang=ALL-UNNAMED --add-opens=java.base/sun.nio.fs=ALL-UNNAMED -Declipse.application=org.eclipse.jdt.ls.core.id1 -Dosgi.bundles.defaultStartLevel=4 -Declipse.product=org.eclipse.jdt.ls.core.product -Djava.import.generatesMetadataFilesAtProjectRoot=false -DDetectVMInstallationsJob.disabled=true -Dfile.encoding=utf8 -XX:+UseParallelGC -XX:GCTimeRatio=4 -XX:AdaptiveSizePolicyWeight=90 -Dsun.zip.disableMemoryMapping=true -Xmx1G -Xms100m -Xlog:disable -javaagent:c:\Users\82108\.vscode\extensions\redhat.java-1.24.0-win32-x64\lombok\lombok-1.18.30.jar -XX:+HeapDumpOnOutOfMemoryError -XX:HeapDumpPath=c:\Users\82108\AppData\Roaming\Code\User\workspaceStorage\740c66f5cd50fe0a3edb6dcfc964f0d0\redhat.java -Daether.dependencyCollector.impl=bf 
java_command: c:\Users\82108\.vscode\extensions\redhat.java-1.24.0-win32-x64\server\plugins\org.eclipse.equinox.launcher_1.6.500.v20230717-2134.jar -configuration c:\Users\82108\AppData\Roaming\Code\User\globalStorage\redhat.java\1.24.0\config_win -data c:\Users\82108\AppData\Roaming\Code\User\workspaceStorage\740c66f5cd50fe0a3edb6dcfc964f0d0\redhat.java\jdt_ws --stdio
java_class_path (initial): c:\Users\82108\.vscode\extensions\redhat.java-1.24.0-win32-x64\server\plugins\org.eclipse.equinox.launcher_1.6.500.v20230717-2134.jar
Launcher Type: SUN_STANDARD

[Global flags]
    uintx AdaptiveSizePolicyWeight                 = 90                                        {product} {command line}
     intx CICompilerCount                          = 12                                        {product} {ergonomic}
    uintx GCTimeRatio                              = 4                                         {product} {command line}
     bool HeapDumpOnOutOfMemoryError               = true                                   {manageable} {command line}
    ccstr HeapDumpPath                             = c:\Users\82108\AppData\Roaming\Code\User\workspaceStorage\740c66f5cd50fe0a3edb6dcfc964f0d0\redhat.java         {manageable} {command line}
   size_t InitialHeapSize                          = 104857600                                 {product} {command line}
   size_t MaxHeapSize                              = 1073741824                                {product} {command line}
   size_t MaxNewSize                               = 357564416                                 {product} {ergonomic}
   size_t MinHeapDeltaBytes                        = 524288                                    {product} {ergonomic}
   size_t MinHeapSize                              = 104857600                                 {product} {command line}
   size_t NewSize                                  = 34603008                                  {product} {ergonomic}
    uintx NonNMethodCodeHeapSize                   = 7602480                                {pd product} {ergonomic}
    uintx NonProfiledCodeHeapSize                  = 122027880                              {pd product} {ergonomic}
   size_t OldSize                                  = 70254592                                  {product} {ergonomic}
    uintx ProfiledCodeHeapSize                     = 122027880                              {pd product} {ergonomic}
    uintx ReservedCodeCacheSize                    = 251658240                              {pd product} {ergonomic}
     bool SegmentedCodeCache                       = true                                      {product} {ergonomic}
   size_t SoftMaxHeapSize                          = 1073741824                             {manageable} {ergonomic}
     bool UseCompressedClassPointers               = true                           {product lp64_product} {ergonomic}
     bool UseCompressedOops                        = true                           {product lp64_product} {ergonomic}
     bool UseLargePagesIndividualAllocation        = false                                  {pd product} {ergonomic}
     bool UseParallelGC                            = true                                      {product} {command line}

Logging:
Log output configuration:
 #0: stdout all=off uptime,level,tags
 #1: stderr all=off uptime,level,tags

Environment Variables:
PATH=C:\Python312\Scripts\;C:\Python312\;C:\Program Files\Common Files\Oracle\Java\javapath;C:\Python311\Scripts\;C:\Python311\;C:\Program Files (x86)\Razer Chroma SDK\bin;C:\Program Files\Razer Chroma SDK\bin;C:\Program Files (x86)\Razer\ChromaBroadcast\bin;C:\Program Files\Razer\ChromaBroadcast\bin;C:\Windows\system32;C:\Windows;C:\Windows\System32\Wbem;C:\Windows\System32\WindowsPowerShell\v1.0\;C:\Windows\System32\OpenSSH\;C:\Program Files (x86)\NVIDIA Corporation\PhysX\Common;C:\WINDOWS\system32;C:\WINDOWS;C:\WINDOWS\System32\Wbem;C:\WINDOWS\System32\WindowsPowerShell\v1.0\;C:\WINDOWS\System32\OpenSSH\;C:\ProgramData\Anaconda3\Library;C:\Program Files\dotnet\;C:\WINDOWS\system32\config\systemprofile\AppData\Local\Microsoft\WindowsApps;C:\ProgramData\chocolatey\bin;C:\Program Files\MySQL\MySQL Server 8.0\bin;C:\Program Files\Git\cmd;C:\Users\82108\AppData\Local\Android\Sdk\platform-tools\adb;C:\Users\82108\Desktop\graduateProject\flutter\bin;C:\Program Files (x86)\Windows Kits\10\Windows Performance Toolkit\;C:\Program;C:\Program Files\Docker\Docker\resources\bin;C:\Program Files\nodejs;C:\Program Files\PuTTY\;C:\Program Files\nodejs\;C:\Users\82108\AppData\Local\Microsoft\WindowsApps;C:\Program Files\JetBrains\IntelliJ IDEA Community Edition 2022.1.3\bin;;C:\Program Files\JetBrains\IntelliJ IDEA 2022.1.3\bin;;C:\Users\82108\AppData\Local\Programs\Microsoft VS Code\bin;C:\Users\82108\AppData\Roaming\Python\Python311\Scripts;C:\Program Files\nodejs\node_modules\npm\bin;C:\Program Files\Multipass\bin;C:\Users\82108\AppData\Roaming\npm
USERNAME=
OS=Windows_NT
PROCESSOR_IDENTIFIER=AMD64 Family 25 Model 80 Stepping 0, AuthenticAMD
TMP=C:\Users\82108\AppData\Local\Temp
TEMP=C:\Users\82108\AppData\Local\Temp



---------------  S Y S T E M  ---------------

OS:
 Windows 11 , 64 bit Build 22621 (10.0.22621.2428)
OS uptime: 0 days 0:51 hours
Hyper-V role detected

CPU: total 16 (initial active 16) (16 cores per cpu, 2 threads per core) family 25 model 80 stepping 0 microcode 0x0, cx8, cmov, fxsr, ht, mmx, 3dnowpref, sse, sse2, sse3, ssse3, sse4a, sse4.1, sse4.2, popcnt, lzcnt, tsc, tscinvbit, avx, avx2, aes, erms, clmul, bmi1, bmi2, adx, sha, fma, vzeroupper, clflush, clflushopt, hv
Processor Information for all 16 processors :
  Max Mhz: 3301, Current Mhz: 3301, Mhz Limit: 3301

Memory: 4k page, system-wide physical 15776M (1845M free)
TotalPageFile size 18644M (AvailPageFile size 11M)
current process WorkingSet (physical memory assigned to process): 112M, peak: 112M
current process commit charge ("private bytes"): 237M, peak: 237M

vm_info: OpenJDK 64-Bit Server VM (17.0.8.1+1) for windows-amd64 JRE (17.0.8.1+1), built on Aug 23 2023 15:29:17 by "admin" with MS VC++ 16.7 (VS2019)

END.
