#
# There is insufficient memory for the Java Runtime Environment to continue.
# Native memory allocation (malloc) failed to allocate 1048576 bytes for AllocateHeap
# Possible reasons:
#   The system is out of physical RAM or swap space
#   The process is running with CompressedOops enabled, and the Java Heap may be blocking the growth of the native heap
# Possible solutions:
#   Reduce memory load on the system
#   Increase physical memory or swap space
#   Check if swap backing store is full
#   Decrease Java heap size (-Xmx/-Xms)
#   Decrease number of Java threads
#   Decrease Java thread stack sizes (-Xss)
#   Set larger code cache with -XX:ReservedCodeCacheSize=
#   JVM is running with Unscaled Compressed Oops mode in which the Java heap is
#     placed in the first 4GB address space. The Java Heap base address is the
#     maximum limit for the native heap growth. Please use -XX:HeapBaseMinAddress
#     to set the Java Heap base and to place the Java Heap above 4GB virtual address.
# This output file may be truncated or incomplete.
#
#  Out of Memory Error (allocation.cpp:44), pid=25476, tid=16152
#
# JRE version: OpenJDK Runtime Environment Temurin-17.0.8.1+1 (17.0.8.1+1) (build 17.0.8.1+1)
# Java VM: OpenJDK 64-Bit Server VM Temurin-17.0.8.1+1 (17.0.8.1+1, mixed mode, emulated-client, tiered, compressed oops, compressed class ptrs, g1 gc, windows-amd64)
# No core dump will be written. Minidumps are not enabled by default on client versions of Windows
#

---------------  S U M M A R Y ------------

Command Line: -XX:+HeapDumpOnOutOfMemoryError -Xmx1024m -Dsts.lsp.client=vscode -Dsts.log.file=/dev/null -XX:TieredStopAtLevel=1 -Xlog:jni+resolve=off -Dspring.config.location=file:c:\Users\82108\.vscode\extensions\vmware.vscode-spring-boot-1.50.0\language-server\BOOT-INF\classes\application.properties org.springframework.ide.vscode.boot.app.BootLanguageServerBootApp

Host: AMD Ryzen 9 5900HS with Radeon Graphics        , 16 cores, 15G,  Windows 11 , 64 bit Build 22621 (10.0.22621.2428)
Time: Thu Nov 16 04:24:02 2023  Windows 11 , 64 bit Build 22621 (10.0.22621.2428) elapsed time: 4452.533596 seconds (0d 1h 14m 12s)

---------------  T H R E A D  ---------------

Current thread (0x0000020e2f1f5c60):  VMThread "VM Thread" [stack: 0x0000007b36900000,0x0000007b36a00000] [id=16152]

Stack: [0x0000007b36900000,0x0000007b36a00000]
Native frames: (J=compiled Java code, j=interpreted, Vv=VM code, C=native code)
V  [jvm.dll+0x678b0a]
V  [jvm.dll+0x835e84]
V  [jvm.dll+0x83762e]
V  [jvm.dll+0x837c93]
V  [jvm.dll+0x24746f]
V  [jvm.dll+0xa697b]
V  [jvm.dll+0x2f7eb3]
V  [jvm.dll+0x2f3b80]
V  [jvm.dll+0x2dc1c7]
V  [jvm.dll+0x31f227]
V  [jvm.dll+0x83c15b]
V  [jvm.dll+0x83ce94]
V  [jvm.dll+0x83d3ac]
V  [jvm.dll+0x83d784]
V  [jvm.dll+0x83d850]
V  [jvm.dll+0x7e64ca]
V  [jvm.dll+0x677955]
C  [ucrtbase.dll+0x29363]
C  [KERNEL32.DLL+0x1257d]
C  [ntdll.dll+0x5aa78]

VM_Operation (0x0000007b38dfeee0): G1CollectFull, mode: safepoint, requested by thread 0x0000020e34c0a820


---------------  P R O C E S S  ---------------

Threads class SMR info:
_java_thread_list=0x0000020e34da0760, length=19, elements={
0x0000020e2f248260, 0x0000020e2f248d30, 0x0000020e2f2784f0, 0x0000020e2f278fc0,
0x0000020e2f27bca0, 0x0000020e2f2889b0, 0x0000020e2f28e840, 0x0000020e2f28f150,
0x0000020e2f487c30, 0x0000020e2f492fc0, 0x0000020e34d46060, 0x0000020e34c0a820,
0x0000020e34bca3d0, 0x0000020e238f31f0, 0x0000020e34dd4460, 0x0000020e34dfde00,
0x0000020e34df7cd0, 0x0000020e34df5450, 0x0000020e34df5e70
}

Java Threads: ( => current thread )
  0x0000020e2f248260 JavaThread "Reference Handler" daemon [_thread_blocked, id=25788, stack(0x0000007b36a00000,0x0000007b36b00000)]
  0x0000020e2f248d30 JavaThread "Finalizer" daemon [_thread_blocked, id=26168, stack(0x0000007b36b00000,0x0000007b36c00000)]
  0x0000020e2f2784f0 JavaThread "Signal Dispatcher" daemon [_thread_blocked, id=18360, stack(0x0000007b36c00000,0x0000007b36d00000)]
  0x0000020e2f278fc0 JavaThread "Attach Listener" daemon [_thread_blocked, id=5504, stack(0x0000007b36d00000,0x0000007b36e00000)]
  0x0000020e2f27bca0 JavaThread "Service Thread" daemon [_thread_blocked, id=10212, stack(0x0000007b36e00000,0x0000007b36f00000)]
  0x0000020e2f2889b0 JavaThread "Monitor Deflation Thread" daemon [_thread_blocked, id=20384, stack(0x0000007b36f00000,0x0000007b37000000)]
  0x0000020e2f28e840 JavaThread "C1 CompilerThread0" daemon [_thread_blocked, id=14856, stack(0x0000007b37000000,0x0000007b37100000)]
  0x0000020e2f28f150 JavaThread "Sweeper thread" daemon [_thread_blocked, id=17260, stack(0x0000007b37100000,0x0000007b37200000)]
  0x0000020e2f487c30 JavaThread "Notification Thread" daemon [_thread_blocked, id=10040, stack(0x0000007b37400000,0x0000007b37500000)]
  0x0000020e2f492fc0 JavaThread "Common-Cleaner" daemon [_thread_blocked, id=21768, stack(0x0000007b37600000,0x0000007b37700000)]
  0x0000020e34d46060 JavaThread "boundedElastic-evictor-1" daemon [_thread_blocked, id=16112, stack(0x0000007b38c00000,0x0000007b38d00000)]
  0x0000020e34c0a820 JavaThread "pool-11-thread-1" [_thread_blocked, id=21248, stack(0x0000007b38d00000,0x0000007b38e00000)]
  0x0000020e34bca3d0 JavaThread "LanguageServerApp-lifecycle" [_thread_blocked, id=14124, stack(0x0000007b38e00000,0x0000007b38f00000)]
  0x0000020e238f31f0 JavaThread "DestroyJavaVM" [_thread_blocked, id=7708, stack(0x0000007b36300000,0x0000007b36400000)]
  0x0000020e34dd4460 JavaThread "pool-12-thread-1" [_thread_in_native, id=26016, stack(0x0000007b38f00000,0x0000007b39000000)]
  0x0000020e34dfde00 JavaThread "Simple-Language-Server main thread" daemon [_thread_blocked, id=3324, stack(0x0000007b39000000,0x0000007b39100000)]
  0x0000020e34df7cd0 JavaThread "parallel-1" daemon [_thread_blocked, id=16208, stack(0x0000007b39400000,0x0000007b39500000)]
  0x0000020e34df5450 JavaThread "pool-5-thread-1" [_thread_blocked, id=16144, stack(0x0000007b39500000,0x0000007b39600000)]
  0x0000020e34df5e70 JavaThread "parallel-2" daemon [_thread_blocked, id=23740, stack(0x0000007b39600000,0x0000007b39700000)]

Other Threads:
=>0x0000020e2f1f5c60 VMThread "VM Thread" [stack: 0x0000007b36900000,0x0000007b36a00000] [id=16152]
  0x0000020e2394f0c0 WatcherThread [stack: 0x0000007b37500000,0x0000007b37600000] [id=6692]
  0x0000020e239323a0 GCTaskThread "GC Thread#0" [stack: 0x0000007b36400000,0x0000007b36500000] [id=26508]
  0x0000020e34170460 GCTaskThread "GC Thread#1" [stack: 0x0000007b37800000,0x0000007b37900000] [id=9584]
  0x0000020e34170720 GCTaskThread "GC Thread#2" [stack: 0x0000007b37900000,0x0000007b37a00000] [id=25724]
  0x0000020e341709e0 GCTaskThread "GC Thread#3" [stack: 0x0000007b37a00000,0x0000007b37b00000] [id=15284]
  0x0000020e34170ca0 GCTaskThread "GC Thread#4" [stack: 0x0000007b37b00000,0x0000007b37c00000] [id=23908]
  0x0000020e343e1bb0 GCTaskThread "GC Thread#5" [stack: 0x0000007b37c00000,0x0000007b37d00000] [id=19996]
  0x0000020e343e1e70 GCTaskThread "GC Thread#6" [stack: 0x0000007b37d00000,0x0000007b37e00000] [id=3092]
  0x0000020e343e2130 GCTaskThread "GC Thread#7" [stack: 0x0000007b37e00000,0x0000007b37f00000] [id=12636]
  0x0000020e34614ff0 GCTaskThread "GC Thread#8" [stack: 0x0000007b38600000,0x0000007b38700000] [id=25172]
  0x0000020e346cec20 GCTaskThread "GC Thread#9" [stack: 0x0000007b38700000,0x0000007b38800000] [id=17868]
  0x0000020e34613080 GCTaskThread "GC Thread#10" [stack: 0x0000007b38800000,0x0000007b38900000] [id=4600]
  0x0000020e34660de0 GCTaskThread "GC Thread#11" [stack: 0x0000007b37f00000,0x0000007b38000000] [id=24828]
  0x0000020e346618e0 GCTaskThread "GC Thread#12" [stack: 0x0000007b38b00000,0x0000007b38c00000] [id=24788]
  0x0000020e2393b200 ConcurrentGCThread "G1 Main Marker" [stack: 0x0000007b36500000,0x0000007b36600000] [id=25676]
  0x0000020e2393bb20 ConcurrentGCThread "G1 Conc#0" [stack: 0x0000007b36600000,0x0000007b36700000] [id=3080]
  0x0000020e346a0610 ConcurrentGCThread "G1 Conc#1" [stack: 0x0000007b38900000,0x0000007b38a00000] [id=25856]
  0x0000020e343d8090 ConcurrentGCThread "G1 Conc#2" [stack: 0x0000007b38a00000,0x0000007b38b00000] [id=24952]
  0x0000020e2f092570 ConcurrentGCThread "G1 Refine#0" [stack: 0x0000007b36700000,0x0000007b36800000] [id=24216]
  0x0000020e2399e490 ConcurrentGCThread "G1 Service" [stack: 0x0000007b36800000,0x0000007b36900000] [id=20568]

Threads with active compile tasks:
C1 CompilerThread0  4452548 4707       1       java.math.BigDecimal::checkScale (62 bytes)

VM state: at safepoint (normal execution)

VM Mutex/Monitor currently owned by a thread:  ([mutex/lock_event])
[0x0000020e2171e6c0] Threads_lock - owner thread: 0x0000020e2f1f5c60
[0x0000020e238efce0] Heap_lock - owner thread: 0x0000020e34c0a820

Heap address: 0x00000000c0000000, size: 1024 MB, Compressed Oops mode: 32-bit

CDS archive(s) not mapped
Compressed class space mapped at: 0x0000000100000000-0x0000000140000000, reserved size: 1073741824
Narrow klass base: 0x0000000000000000, Narrow klass shift: 3, Narrow klass range: 0x140000000

GC Precious Log:
 CPUs: 16 total, 16 available
 Memory: 15776M
 Large Page Support: Disabled
 NUMA Support: Disabled
 Compressed Oops: Enabled (32-bit)
 Heap Region Size: 1M
 Heap Min Capacity: 8M
 Heap Initial Capacity: 248M
 Heap Max Capacity: 1G
 Pre-touch: Disabled
 Parallel Workers: 13
 Concurrent Workers: 3
 Concurrent Refinement Workers: 13
 Periodic GC: Disabled

Heap:
 garbage-first heap   total 68608K, used 20006K [0x00000000c0000000, 0x0000000100000000)
  region size 1024K, 1 young (1024K), 0 survivors (0K)
 Metaspace       used 47313K, committed 48000K, reserved 1114112K
  class space    used 6089K, committed 6336K, reserved 1048576K

Heap Regions: E=young(eden), S=young(survivor), O=old, HS=humongous(starts), HC=humongous(continues), CS=collection set, F=free, OA=open archive, CA=closed archive, TAMS=top-at-mark-start (previous, next)
|   0|0x00000000c0000000, 0x00000000c0100000, 0x00000000c0100000|100%| O|  |TAMS 0x00000000c0100000, 0x00000000c0000000| Untracked 
|   1|0x00000000c0100000, 0x00000000c01fffd0, 0x00000000c0200000| 99%| O|  |TAMS 0x00000000c01fffd0, 0x00000000c0100000| Untracked 
|   2|0x00000000c0200000, 0x00000000c02ffff0, 0x00000000c0300000| 99%| O|  |TAMS 0x00000000c02ffff0, 0x00000000c0200000| Untracked 
|   3|0x00000000c0300000, 0x00000000c0400000, 0x00000000c0400000|100%| O|  |TAMS 0x00000000c0400000, 0x00000000c0300000| Untracked 
|   4|0x00000000c0400000, 0x00000000c0500000, 0x00000000c0500000|100%| O|  |TAMS 0x00000000c0500000, 0x00000000c0400000| Untracked 
|   5|0x00000000c0500000, 0x00000000c0600000, 0x00000000c0600000|100%| O|  |TAMS 0x00000000c0600000, 0x00000000c0500000| Untracked 
|   6|0x00000000c0600000, 0x00000000c06ffff8, 0x00000000c0700000| 99%| O|  |TAMS 0x00000000c06ffff8, 0x00000000c0600000| Untracked 
|   7|0x00000000c0700000, 0x00000000c07ffff8, 0x00000000c0800000| 99%| O|  |TAMS 0x00000000c07ffff8, 0x00000000c0700000| Untracked 
|   8|0x00000000c0800000, 0x00000000c08ffd98, 0x00000000c0900000| 99%| O|  |TAMS 0x00000000c08ffd98, 0x00000000c0800000| Untracked 
|   9|0x00000000c0900000, 0x00000000c09fff70, 0x00000000c0a00000| 99%| O|  |TAMS 0x00000000c09fff70, 0x00000000c0900000| Untracked 
|  10|0x00000000c0a00000, 0x00000000c0afffe0, 0x00000000c0b00000| 99%| O|  |TAMS 0x00000000c0afffe0, 0x00000000c0a00000| Untracked 
|  11|0x00000000c0b00000, 0x00000000c0bfffe0, 0x00000000c0c00000| 99%| O|  |TAMS 0x00000000c0bfffe0, 0x00000000c0b00000| Untracked 
|  12|0x00000000c0c00000, 0x00000000c0cfffd8, 0x00000000c0d00000| 99%| O|  |TAMS 0x00000000c0cfffd8, 0x00000000c0c00000| Untracked 
|  13|0x00000000c0d00000, 0x00000000c0dffff8, 0x00000000c0e00000| 99%| O|  |TAMS 0x00000000c0dffff8, 0x00000000c0d00000| Untracked 
|  14|0x00000000c0e00000, 0x00000000c0f00000, 0x00000000c0f00000|100%| O|  |TAMS 0x00000000c0f00000, 0x00000000c0e00000| Untracked 
|  15|0x00000000c0f00000, 0x00000000c0fffff8, 0x00000000c1000000| 99%| O|  |TAMS 0x00000000c0fffff8, 0x00000000c0f00000| Untracked 
|  16|0x00000000c1000000, 0x00000000c10fffe8, 0x00000000c1100000| 99%| O|  |TAMS 0x00000000c10fffe8, 0x00000000c1000000| Untracked 
|  17|0x00000000c1100000, 0x00000000c11ffff0, 0x00000000c1200000| 99%| O|  |TAMS 0x00000000c11ffff0, 0x00000000c1100000| Untracked 
|  18|0x00000000c1200000, 0x00000000c12be798, 0x00000000c1300000| 74%| O|  |TAMS 0x00000000c1200000, 0x00000000c1200000| Untracked 
|  19|0x00000000c1300000, 0x00000000c13cb4b0, 0x00000000c1400000| 79%| O|  |TAMS 0x00000000c1300000, 0x00000000c1300000| Untracked 
|  20|0x00000000c1400000, 0x00000000c1400000, 0x00000000c1500000|  0%| F|  |TAMS 0x00000000c1400000, 0x00000000c1400000| Untracked 
|  21|0x00000000c1500000, 0x00000000c1500000, 0x00000000c1600000|  0%| F|  |TAMS 0x00000000c1500000, 0x00000000c1500000| Untracked 
|  22|0x00000000c1600000, 0x00000000c1600000, 0x00000000c1700000|  0%| F|  |TAMS 0x00000000c1600000, 0x00000000c1600000| Untracked 
|  23|0x00000000c1700000, 0x00000000c1700000, 0x00000000c1800000|  0%| F|  |TAMS 0x00000000c1700000, 0x00000000c1700000| Untracked 
|  24|0x00000000c1800000, 0x00000000c1800000, 0x00000000c1900000|  0%| F|  |TAMS 0x00000000c1800000, 0x00000000c1800000| Untracked 
|  25|0x00000000c1900000, 0x00000000c1900000, 0x00000000c1a00000|  0%| F|  |TAMS 0x00000000c1900000, 0x00000000c1900000| Untracked 
|  26|0x00000000c1a00000, 0x00000000c1a00000, 0x00000000c1b00000|  0%| F|  |TAMS 0x00000000c1a00000, 0x00000000c1a00000| Untracked 
|  27|0x00000000c1b00000, 0x00000000c1b00000, 0x00000000c1c00000|  0%| F|  |TAMS 0x00000000c1b00000, 0x00000000c1b00000| Untracked 
|  28|0x00000000c1c00000, 0x00000000c1c00000, 0x00000000c1d00000|  0%| F|  |TAMS 0x00000000c1c00000, 0x00000000c1c00000| Untracked 
|  29|0x00000000c1d00000, 0x00000000c1d00000, 0x00000000c1e00000|  0%| F|  |TAMS 0x00000000c1d00000, 0x00000000c1d00000| Untracked 
|  30|0x00000000c1e00000, 0x00000000c1e00000, 0x00000000c1f00000|  0%| F|  |TAMS 0x00000000c1e00000, 0x00000000c1e00000| Untracked 
|  31|0x00000000c1f00000, 0x00000000c1f00000, 0x00000000c2000000|  0%| F|  |TAMS 0x00000000c1f00000, 0x00000000c1f00000| Untracked 
|  32|0x00000000c2000000, 0x00000000c2000000, 0x00000000c2100000|  0%| F|  |TAMS 0x00000000c2000000, 0x00000000c2000000| Untracked 
|  33|0x00000000c2100000, 0x00000000c2100000, 0x00000000c2200000|  0%| F|  |TAMS 0x00000000c2100000, 0x00000000c2100000| Untracked 
|  34|0x00000000c2200000, 0x00000000c2200000, 0x00000000c2300000|  0%| F|  |TAMS 0x00000000c2200000, 0x00000000c2200000| Untracked 
|  35|0x00000000c2300000, 0x00000000c2300000, 0x00000000c2400000|  0%| F|  |TAMS 0x00000000c2300000, 0x00000000c2300000| Untracked 
|  36|0x00000000c2400000, 0x00000000c2400000, 0x00000000c2500000|  0%| F|  |TAMS 0x00000000c2400000, 0x00000000c2400000| Untracked 
|  37|0x00000000c2500000, 0x00000000c2500000, 0x00000000c2600000|  0%| F|  |TAMS 0x00000000c2500000, 0x00000000c2500000| Untracked 
|  38|0x00000000c2600000, 0x00000000c2600000, 0x00000000c2700000|  0%| F|  |TAMS 0x00000000c2600000, 0x00000000c2600000| Untracked 
|  39|0x00000000c2700000, 0x00000000c2700000, 0x00000000c2800000|  0%| F|  |TAMS 0x00000000c2700000, 0x00000000c2700000| Untracked 
|  40|0x00000000c2800000, 0x00000000c2800000, 0x00000000c2900000|  0%| F|  |TAMS 0x00000000c2800000, 0x00000000c2800000| Untracked 
|  41|0x00000000c2900000, 0x00000000c2900000, 0x00000000c2a00000|  0%| F|  |TAMS 0x00000000c2900000, 0x00000000c2900000| Untracked 
|  42|0x00000000c2a00000, 0x00000000c2a00000, 0x00000000c2b00000|  0%| F|  |TAMS 0x00000000c2a00000, 0x00000000c2a00000| Untracked 
|  43|0x00000000c2b00000, 0x00000000c2b00000, 0x00000000c2c00000|  0%| F|  |TAMS 0x00000000c2b00000, 0x00000000c2b00000| Untracked 
|  44|0x00000000c2c00000, 0x00000000c2c00000, 0x00000000c2d00000|  0%| F|  |TAMS 0x00000000c2c00000, 0x00000000c2c00000| Untracked 
|  45|0x00000000c2d00000, 0x00000000c2d00000, 0x00000000c2e00000|  0%| F|  |TAMS 0x00000000c2d00000, 0x00000000c2d00000| Untracked 
|  46|0x00000000c2e00000, 0x00000000c2e00000, 0x00000000c2f00000|  0%| F|  |TAMS 0x00000000c2e00000, 0x00000000c2e00000| Untracked 
|  47|0x00000000c2f00000, 0x00000000c2f00000, 0x00000000c3000000|  0%| F|  |TAMS 0x00000000c2f00000, 0x00000000c2f00000| Untracked 
|  48|0x00000000c3000000, 0x00000000c3000000, 0x00000000c3100000|  0%| F|  |TAMS 0x00000000c3000000, 0x00000000c3000000| Untracked 
|  49|0x00000000c3100000, 0x00000000c3100000, 0x00000000c3200000|  0%| F|  |TAMS 0x00000000c3100000, 0x00000000c3100000| Untracked 
|  50|0x00000000c3200000, 0x00000000c3200000, 0x00000000c3300000|  0%| F|  |TAMS 0x00000000c3200000, 0x00000000c3200000| Untracked 
|  51|0x00000000c3300000, 0x00000000c3300000, 0x00000000c3400000|  0%| F|  |TAMS 0x00000000c3300000, 0x00000000c3300000| Untracked 
|  52|0x00000000c3400000, 0x00000000c3400000, 0x00000000c3500000|  0%| F|  |TAMS 0x00000000c3400000, 0x00000000c3400000| Untracked 
|  53|0x00000000c3500000, 0x00000000c3500000, 0x00000000c3600000|  0%| F|  |TAMS 0x00000000c3500000, 0x00000000c3500000| Untracked 
|  54|0x00000000c3600000, 0x00000000c3600000, 0x00000000c3700000|  0%| F|  |TAMS 0x00000000c3600000, 0x00000000c3600000| Untracked 
|  55|0x00000000c3700000, 0x00000000c3700000, 0x00000000c3800000|  0%| F|  |TAMS 0x00000000c3700000, 0x00000000c3700000| Untracked 
|  56|0x00000000c3800000, 0x00000000c3800000, 0x00000000c3900000|  0%| F|  |TAMS 0x00000000c3800000, 0x00000000c3800000| Untracked 
|  57|0x00000000c3900000, 0x00000000c3900000, 0x00000000c3a00000|  0%| F|  |TAMS 0x00000000c3900000, 0x00000000c3900000| Untracked 
|  58|0x00000000c3a00000, 0x00000000c3a00000, 0x00000000c3b00000|  0%| F|  |TAMS 0x00000000c3a00000, 0x00000000c3a00000| Untracked 
|  59|0x00000000c3b00000, 0x00000000c3b00000, 0x00000000c3c00000|  0%| F|  |TAMS 0x00000000c3b00000, 0x00000000c3b00000| Untracked 
|  60|0x00000000c3c00000, 0x00000000c3c00000, 0x00000000c3d00000|  0%| F|  |TAMS 0x00000000c3c00000, 0x00000000c3c00000| Untracked 
|  61|0x00000000c3d00000, 0x00000000c3d00000, 0x00000000c3e00000|  0%| F|  |TAMS 0x00000000c3d00000, 0x00000000c3d00000| Untracked 
|  62|0x00000000c3e00000, 0x00000000c3e00000, 0x00000000c3f00000|  0%| F|  |TAMS 0x00000000c3e00000, 0x00000000c3e00000| Untracked 
|  63|0x00000000c3f00000, 0x00000000c3f00000, 0x00000000c4000000|  0%| F|  |TAMS 0x00000000c3f00000, 0x00000000c3f00000| Untracked 
|  64|0x00000000c4000000, 0x00000000c4000000, 0x00000000c4100000|  0%| F|  |TAMS 0x00000000c4000000, 0x00000000c4000000| Untracked 
|  65|0x00000000c4100000, 0x00000000c4100000, 0x00000000c4200000|  0%| F|  |TAMS 0x00000000c4100000, 0x00000000c4100000| Untracked 
|  66|0x00000000c4200000, 0x00000000c4234210, 0x00000000c4300000| 20%| E|  |TAMS 0x00000000c4200000, 0x00000000c4200000| Complete 

Card table byte_map: [0x0000020e29dc0000,0x0000020e29fc0000] _byte_map_base: 0x0000020e297c0000

Marking Bits (Prev, Next): (CMBitMap*) 0x0000020e239328d0, (CMBitMap*) 0x0000020e23932910
 Prev Bits: [0x0000020e2a1c0000, 0x0000020e2b1c0000)
 Next Bits: [0x0000020e2b1c0000, 0x0000020e2c1c0000)

Polling page: 0x0000020e230a0000

Metaspace:

Usage:
  Non-class:     40.26 MB used.
      Class:      5.95 MB used.
       Both:     46.20 MB used.

Virtual space:
  Non-class space:       64.00 MB reserved,      40.69 MB ( 64%) committed,  1 nodes.
      Class space:        1.00 GB reserved,       6.19 MB ( <1%) committed,  1 nodes.
             Both:        1.06 GB reserved,      46.88 MB (  4%) committed. 

Chunk freelists:
   Non-Class:  7.52 MB
       Class:  9.91 MB
        Both:  17.44 MB

MaxMetaspaceSize: unlimited
CompressedClassSpaceSize: 1.00 GB
Initial GC threshold: 21.00 MB
Current GC threshold: 78.12 MB
CDS: off
MetaspaceReclaimPolicy: balanced
 - commit_granule_bytes: 65536.
 - commit_granule_words: 8192.
 - virtual_space_node_default_size: 8388608.
 - enlarge_chunks_in_place: 1.
 - new_chunks_are_fully_committed: 0.
 - uncommit_free_chunks: 1.
 - use_allocation_guard: 0.
 - handle_deallocations: 1.


Internal statistics:

num_allocs_failed_limit: 6.
num_arena_births: 578.
num_arena_deaths: 200.
num_vsnodes_births: 2.
num_vsnodes_deaths: 0.
num_space_committed: 750.
num_space_uncommitted: 0.
num_chunks_returned_to_freelist: 248.
num_chunks_taken_from_freelist: 1981.
num_chunk_merges: 77.
num_chunk_splits: 1358.
num_chunks_enlarged: 1017.
num_inconsistent_stats: 0.

CodeCache: size=49152Kb used=8505Kb max_used=13027Kb free=40646Kb
 bounds [0x0000020e26560000, 0x0000020e27220000, 0x0000020e29560000]
 total_blobs=5323 nmethods=4706 adapters=543
 compilation: enabled
              stopped_count=0, restarted_count=0
 full_count=0

Compilation events (20 events):
Event: 4112.493 Thread 0x0000020e355c8570 nmethod 4694 0x0000020e26e14910 code [0x0000020e26e14b00, 0x0000020e26e14d48]
Event: 4112.493 Thread 0x0000020e355b3120 nmethod 4684 0x0000020e26e13690 code [0x0000020e26e13900, 0x0000020e26e14188]
Event: 4112.493 Thread 0x0000020e355c8570 4696       1       reactor.core.scheduler.BoundedElasticScheduler$$Lambda$635/0x00000001004b8228::run (8 bytes)
Event: 4112.494 Thread 0x0000020e355b3120 4698       1       java.util.concurrent.ConcurrentLinkedDeque::toArray (6 bytes)
Event: 4112.494 Thread 0x0000020e355c8570 nmethod 4696 0x0000020e26e13390 code [0x0000020e26e13520, 0x0000020e26e13608]
Event: 4112.494 Thread 0x0000020e355b3120 nmethod 4698 0x0000020e26e13090 code [0x0000020e26e13220, 0x0000020e26e13308]
Event: 4112.494 Thread 0x0000020e216eb800 nmethod 4697 0x0000020e26e12890 code [0x0000020e26e12a80, 0x0000020e26e12e08]
Event: 4112.494 Thread 0x0000020e2f46d9c0 nmethod 4695 0x0000020e26e11e90 code [0x0000020e26e12080, 0x0000020e26e12578]
Event: 4112.494 Thread 0x0000020e2f28e840 nmethod 4692 0x0000020e26e10e10 code [0x0000020e26e11080, 0x0000020e26e119b8]
Event: 4158.092 Thread 0x0000020e2f28e840 4700       1       org.springframework.ide.vscode.commons.languageserver.util.ParentProcessWatcher::isWindows (30 bytes)
Event: 4158.093 Thread 0x0000020e2f28e840 nmethod 4700 0x0000020e26e10610 code [0x0000020e26e10840, 0x0000020e26e10bc8]
Event: 4158.306 Thread 0x0000020e2f28e840 4701   !   1       com.google.common.io.Closeables::close (37 bytes)
Event: 4158.343 Thread 0x0000020e2f28e840 nmethod 4701 0x0000020e26e0fe90 code [0x0000020e26e10080, 0x0000020e26e103b8]
Event: 4320.854 Thread 0x0000020e2f28e840 4703       1       java.util.concurrent.locks.LockSupport::parkNanos (29 bytes)
Event: 4320.854 Thread 0x0000020e2f28e840 nmethod 4703 0x0000020e26e0f690 code [0x0000020e26e0f840, 0x0000020e26e0fa28]
Event: 4330.857 Thread 0x0000020e2f28e840 4704   !   1       java.lang.ProcessBuilder::start (430 bytes)
Event: 4330.859 Thread 0x0000020e2f28e840 nmethod 4704 0x0000020e26e0d910 code [0x0000020e26e0dca0, 0x0000020e26e0eca8]
Event: 4351.142 Thread 0x0000020e2f28e840 4705       1       java.util.StringTokenizer::countTokens (46 bytes)
Event: 4351.143 Thread 0x0000020e2f28e840 nmethod 4705 0x0000020e26e0d510 code [0x0000020e26e0d6c0, 0x0000020e26e0d818]
Event: 4452.531 Thread 0x0000020e2f28e840 4707       1       java.math.BigDecimal::checkScale (62 bytes)

GC Heap History (20 events):
Event: 4351.244 GC heap before
{Heap before GC invocations=115 (full 104):
 garbage-first heap   total 68608K, used 20006K [0x00000000c0000000, 0x0000000100000000)
  region size 1024K, 1 young (1024K), 0 survivors (0K)
 Metaspace       used 47313K, committed 48000K, reserved 1114112K
  class space    used 6089K, committed 6336K, reserved 1048576K
}
Event: 4351.259 GC heap after
{Heap after GC invocations=116 (full 105):
 garbage-first heap   total 68608K, used 20006K [0x00000000c0000000, 0x0000000100000000)
  region size 1024K, 0 young (0K), 0 survivors (0K)
 Metaspace       used 47313K, committed 48000K, reserved 1114112K
  class space    used 6089K, committed 6336K, reserved 1048576K
}
Event: 4361.373 GC heap before
{Heap before GC invocations=116 (full 105):
 garbage-first heap   total 68608K, used 20006K [0x00000000c0000000, 0x0000000100000000)
  region size 1024K, 1 young (1024K), 0 survivors (0K)
 Metaspace       used 47313K, committed 48000K, reserved 1114112K
  class space    used 6089K, committed 6336K, reserved 1048576K
}
Event: 4361.388 GC heap after
{Heap after GC invocations=117 (full 106):
 garbage-first heap   total 68608K, used 20006K [0x00000000c0000000, 0x0000000100000000)
  region size 1024K, 0 young (0K), 0 survivors (0K)
 Metaspace       used 47313K, committed 48000K, reserved 1114112K
  class space    used 6089K, committed 6336K, reserved 1048576K
}
Event: 4371.506 GC heap before
{Heap before GC invocations=117 (full 106):
 garbage-first heap   total 68608K, used 20006K [0x00000000c0000000, 0x0000000100000000)
  region size 1024K, 1 young (1024K), 0 survivors (0K)
 Metaspace       used 47313K, committed 48000K, reserved 1114112K
  class space    used 6089K, committed 6336K, reserved 1048576K
}
Event: 4371.522 GC heap after
{Heap after GC invocations=118 (full 107):
 garbage-first heap   total 68608K, used 20006K [0x00000000c0000000, 0x0000000100000000)
  region size 1024K, 0 young (0K), 0 survivors (0K)
 Metaspace       used 47313K, committed 48000K, reserved 1114112K
  class space    used 6089K, committed 6336K, reserved 1048576K
}
Event: 4381.640 GC heap before
{Heap before GC invocations=118 (full 107):
 garbage-first heap   total 68608K, used 20006K [0x00000000c0000000, 0x0000000100000000)
  region size 1024K, 1 young (1024K), 0 survivors (0K)
 Metaspace       used 47313K, committed 48000K, reserved 1114112K
  class space    used 6089K, committed 6336K, reserved 1048576K
}
Event: 4381.656 GC heap after
{Heap after GC invocations=119 (full 108):
 garbage-first heap   total 68608K, used 20006K [0x00000000c0000000, 0x0000000100000000)
  region size 1024K, 0 young (0K), 0 survivors (0K)
 Metaspace       used 47313K, committed 48000K, reserved 1114112K
  class space    used 6089K, committed 6336K, reserved 1048576K
}
Event: 4391.766 GC heap before
{Heap before GC invocations=119 (full 108):
 garbage-first heap   total 68608K, used 20006K [0x00000000c0000000, 0x0000000100000000)
  region size 1024K, 1 young (1024K), 0 survivors (0K)
 Metaspace       used 47313K, committed 48000K, reserved 1114112K
  class space    used 6089K, committed 6336K, reserved 1048576K
}
Event: 4391.781 GC heap after
{Heap after GC invocations=120 (full 109):
 garbage-first heap   total 68608K, used 20006K [0x00000000c0000000, 0x0000000100000000)
  region size 1024K, 0 young (0K), 0 survivors (0K)
 Metaspace       used 47313K, committed 48000K, reserved 1114112K
  class space    used 6089K, committed 6336K, reserved 1048576K
}
Event: 4401.904 GC heap before
{Heap before GC invocations=120 (full 109):
 garbage-first heap   total 68608K, used 20006K [0x00000000c0000000, 0x0000000100000000)
  region size 1024K, 1 young (1024K), 0 survivors (0K)
 Metaspace       used 47313K, committed 48000K, reserved 1114112K
  class space    used 6089K, committed 6336K, reserved 1048576K
}
Event: 4401.921 GC heap after
{Heap after GC invocations=121 (full 110):
 garbage-first heap   total 68608K, used 20006K [0x00000000c0000000, 0x0000000100000000)
  region size 1024K, 0 young (0K), 0 survivors (0K)
 Metaspace       used 47313K, committed 48000K, reserved 1114112K
  class space    used 6089K, committed 6336K, reserved 1048576K
}
Event: 4412.035 GC heap before
{Heap before GC invocations=121 (full 110):
 garbage-first heap   total 68608K, used 20006K [0x00000000c0000000, 0x0000000100000000)
  region size 1024K, 1 young (1024K), 0 survivors (0K)
 Metaspace       used 47313K, committed 48000K, reserved 1114112K
  class space    used 6089K, committed 6336K, reserved 1048576K
}
Event: 4412.050 GC heap after
{Heap after GC invocations=122 (full 111):
 garbage-first heap   total 68608K, used 20006K [0x00000000c0000000, 0x0000000100000000)
  region size 1024K, 0 young (0K), 0 survivors (0K)
 Metaspace       used 47313K, committed 48000K, reserved 1114112K
  class space    used 6089K, committed 6336K, reserved 1048576K
}
Event: 4422.193 GC heap before
{Heap before GC invocations=122 (full 111):
 garbage-first heap   total 68608K, used 20006K [0x00000000c0000000, 0x0000000100000000)
  region size 1024K, 1 young (1024K), 0 survivors (0K)
 Metaspace       used 47313K, committed 48000K, reserved 1114112K
  class space    used 6089K, committed 6336K, reserved 1048576K
}
Event: 4422.214 GC heap after
{Heap after GC invocations=123 (full 112):
 garbage-first heap   total 68608K, used 20006K [0x00000000c0000000, 0x0000000100000000)
  region size 1024K, 0 young (0K), 0 survivors (0K)
 Metaspace       used 47313K, committed 48000K, reserved 1114112K
  class space    used 6089K, committed 6336K, reserved 1048576K
}
Event: 4432.337 GC heap before
{Heap before GC invocations=123 (full 112):
 garbage-first heap   total 68608K, used 20006K [0x00000000c0000000, 0x0000000100000000)
  region size 1024K, 1 young (1024K), 0 survivors (0K)
 Metaspace       used 47313K, committed 48000K, reserved 1114112K
  class space    used 6089K, committed 6336K, reserved 1048576K
}
Event: 4432.352 GC heap after
{Heap after GC invocations=124 (full 113):
 garbage-first heap   total 68608K, used 20006K [0x00000000c0000000, 0x0000000100000000)
  region size 1024K, 0 young (0K), 0 survivors (0K)
 Metaspace       used 47313K, committed 48000K, reserved 1114112K
  class space    used 6089K, committed 6336K, reserved 1048576K
}
Event: 4442.468 GC heap before
{Heap before GC invocations=124 (full 113):
 garbage-first heap   total 68608K, used 20006K [0x00000000c0000000, 0x0000000100000000)
  region size 1024K, 1 young (1024K), 0 survivors (0K)
 Metaspace       used 47313K, committed 48000K, reserved 1114112K
  class space    used 6089K, committed 6336K, reserved 1048576K
}
Event: 4442.483 GC heap after
{Heap after GC invocations=125 (full 114):
 garbage-first heap   total 68608K, used 20006K [0x00000000c0000000, 0x0000000100000000)
  region size 1024K, 0 young (0K), 0 survivors (0K)
 Metaspace       used 47313K, committed 48000K, reserved 1114112K
  class space    used 6089K, committed 6336K, reserved 1048576K
}

Dll operation events (9 events):
Event: 0.009 Loaded shared library c:\Users\82108\.vscode\extensions\redhat.java-1.24.0-win32-x64\jre\17.0.8.1-win32-x86_64\bin\java.dll
Event: 0.177 Loaded shared library C:\Users\82108\.vscode\extensions\redhat.java-1.24.0-win32-x64\jre\17.0.8.1-win32-x86_64\bin\net.dll
Event: 0.179 Loaded shared library C:\Users\82108\.vscode\extensions\redhat.java-1.24.0-win32-x64\jre\17.0.8.1-win32-x86_64\bin\nio.dll
Event: 0.184 Loaded shared library C:\Users\82108\.vscode\extensions\redhat.java-1.24.0-win32-x64\jre\17.0.8.1-win32-x86_64\bin\zip.dll
Event: 0.330 Loaded shared library C:\Users\82108\.vscode\extensions\redhat.java-1.24.0-win32-x64\jre\17.0.8.1-win32-x86_64\bin\jimage.dll
Event: 1.881 Loaded shared library c:\Users\82108\.vscode\extensions\redhat.java-1.24.0-win32-x64\jre\17.0.8.1-win32-x86_64\bin\verify.dll
Event: 2.161 Loaded shared library C:\Users\82108\.vscode\extensions\redhat.java-1.24.0-win32-x64\jre\17.0.8.1-win32-x86_64\bin\management.dll
Event: 2.166 Loaded shared library C:\Users\82108\.vscode\extensions\redhat.java-1.24.0-win32-x64\jre\17.0.8.1-win32-x86_64\bin\management_ext.dll
Event: 3.038 Loaded shared library C:\Users\82108\.vscode\extensions\redhat.java-1.24.0-win32-x64\jre\17.0.8.1-win32-x86_64\bin\sunmscapi.dll

Deoptimization events (14 events):
Event: 1.307 Thread 0x0000020e238f31f0 DEOPT PACKING pc=0x0000020e26ec3399 sp=0x0000007b363fd2a0
Event: 1.307 Thread 0x0000020e238f31f0 DEOPT UNPACKING pc=0x0000020e265b7143 sp=0x0000007b363fc780 mode 3
Event: 1.484 Thread 0x0000020e238f31f0 DEOPT PACKING pc=0x0000020e26f3aed5 sp=0x0000007b363fe8b0
Event: 1.484 Thread 0x0000020e238f31f0 DEOPT UNPACKING pc=0x0000020e265b7143 sp=0x0000007b363fdd58 mode 3
Event: 2.315 Thread 0x0000020e34dfde00 DEOPT PACKING pc=0x0000020e270cd135 sp=0x0000007b390fd6b0
Event: 2.315 Thread 0x0000020e34dfde00 DEOPT UNPACKING pc=0x0000020e265b7143 sp=0x0000007b390fcbd8 mode 3
Event: 2.387 Thread 0x0000020e34dd4460 DEOPT PACKING pc=0x0000020e26e75181 sp=0x0000007b38ffdbb0
Event: 2.387 Thread 0x0000020e34dd4460 DEOPT UNPACKING pc=0x0000020e265b7143 sp=0x0000007b38ffd040 mode 3
Event: 2.405 Thread 0x0000020e34dfde00 DEOPT PACKING pc=0x0000020e26e56917 sp=0x0000007b390fec80
Event: 2.405 Thread 0x0000020e34dfde00 DEOPT UNPACKING pc=0x0000020e265b7143 sp=0x0000007b390fe0d8 mode 3
Event: 2.506 Thread 0x0000020e34df5450 DEOPT PACKING pc=0x0000020e2712337d sp=0x0000007b395fe8d0
Event: 2.506 Thread 0x0000020e34df5450 DEOPT UNPACKING pc=0x0000020e265b7143 sp=0x0000007b395fde50 mode 3
Event: 3.071 Thread 0x0000020e34df72b0 DEOPT PACKING pc=0x0000020e267db20c sp=0x0000007b397fafd0
Event: 3.071 Thread 0x0000020e34df72b0 DEOPT UNPACKING pc=0x0000020e265b7143 sp=0x0000007b397fa498 mode 0

Classes unloaded (20 events):
Event: 72.716 Thread 0x0000020e2f1f5c60 Unloading class 0x00000001000d4800 'java/lang/invoke/LambdaForm$MH+0x00000001000d4800'
Event: 72.716 Thread 0x0000020e2f1f5c60 Unloading class 0x00000001000d4400 'java/lang/invoke/LambdaForm$MH+0x00000001000d4400'
Event: 72.716 Thread 0x0000020e2f1f5c60 Unloading class 0x00000001000ce800 'java/lang/invoke/LambdaForm$MH+0x00000001000ce800'
Event: 72.716 Thread 0x0000020e2f1f5c60 Unloading class 0x00000001000ce400 'java/lang/invoke/LambdaForm$MH+0x00000001000ce400'
Event: 72.716 Thread 0x0000020e2f1f5c60 Unloading class 0x00000001000ce000 'java/lang/invoke/LambdaForm$MH+0x00000001000ce000'
Event: 72.716 Thread 0x0000020e2f1f5c60 Unloading class 0x00000001000cdc00 'java/lang/invoke/LambdaForm$MH+0x00000001000cdc00'
Event: 72.716 Thread 0x0000020e2f1f5c60 Unloading class 0x00000001000cd800 'java/lang/invoke/LambdaForm$MH+0x00000001000cd800'
Event: 72.716 Thread 0x0000020e2f1f5c60 Unloading class 0x00000001000cd400 'java/lang/invoke/LambdaForm$MH+0x00000001000cd400'
Event: 72.716 Thread 0x0000020e2f1f5c60 Unloading class 0x00000001000ccc00 'java/lang/invoke/LambdaForm$MH+0x00000001000ccc00'
Event: 72.716 Thread 0x0000020e2f1f5c60 Unloading class 0x00000001000cc800 'java/lang/invoke/LambdaForm$MH+0x00000001000cc800'
Event: 72.716 Thread 0x0000020e2f1f5c60 Unloading class 0x00000001000cc000 'java/lang/invoke/LambdaForm$MH+0x00000001000cc000'
Event: 72.716 Thread 0x0000020e2f1f5c60 Unloading class 0x00000001000cbc00 'java/lang/invoke/LambdaForm$MH+0x00000001000cbc00'
Event: 72.716 Thread 0x0000020e2f1f5c60 Unloading class 0x00000001000cac00 'java/lang/invoke/LambdaForm$MH+0x00000001000cac00'
Event: 72.716 Thread 0x0000020e2f1f5c60 Unloading class 0x00000001000ca400 'java/lang/invoke/LambdaForm$MH+0x00000001000ca400'
Event: 72.716 Thread 0x0000020e2f1f5c60 Unloading class 0x00000001000ca000 'java/lang/invoke/LambdaForm$MH+0x00000001000ca000'
Event: 72.716 Thread 0x0000020e2f1f5c60 Unloading class 0x00000001000c9c00 'java/lang/invoke/LambdaForm$MH+0x00000001000c9c00'
Event: 72.716 Thread 0x0000020e2f1f5c60 Unloading class 0x00000001000c9800 'java/lang/invoke/LambdaForm$MH+0x00000001000c9800'
Event: 72.716 Thread 0x0000020e2f1f5c60 Unloading class 0x00000001000c9400 'java/lang/invoke/LambdaForm$MH+0x00000001000c9400'
Event: 72.716 Thread 0x0000020e2f1f5c60 Unloading class 0x00000001000c8c00 'java/lang/invoke/LambdaForm$MH+0x00000001000c8c00'
Event: 72.716 Thread 0x0000020e2f1f5c60 Unloading class 0x00000001000c8400 'java/lang/invoke/LambdaForm$MH+0x00000001000c8400'

Classes redefined (0 events):
No events

Internal exceptions (20 events):
Event: 2.547 Thread 0x0000020e34df5450 Exception <a 'sun/nio/fs/WindowsException'{0x00000000c335cc08}> (0x00000000c335cc08) 
thrown [s\src\hotspot\share\prims\jni.cpp, line 516]
Event: 2.547 Thread 0x0000020e34df5450 Exception <a 'sun/nio/fs/WindowsException'{0x00000000c335e1f8}> (0x00000000c335e1f8) 
thrown [s\src\hotspot\share\prims\jni.cpp, line 516]
Event: 2.547 Thread 0x0000020e34df5450 Exception <a 'sun/nio/fs/WindowsException'{0x00000000c335f738}> (0x00000000c335f738) 
thrown [s\src\hotspot\share\prims\jni.cpp, line 516]
Event: 2.547 Thread 0x0000020e34df5450 Exception <a 'sun/nio/fs/WindowsException'{0x00000000c3360bf8}> (0x00000000c3360bf8) 
thrown [s\src\hotspot\share\prims\jni.cpp, line 516]
Event: 2.547 Thread 0x0000020e34df5450 Exception <a 'sun/nio/fs/WindowsException'{0x00000000c33622d0}> (0x00000000c33622d0) 
thrown [s\src\hotspot\share\prims\jni.cpp, line 516]
Event: 2.547 Thread 0x0000020e34df5450 Exception <a 'sun/nio/fs/WindowsException'{0x00000000c3363a48}> (0x00000000c3363a48) 
thrown [s\src\hotspot\share\prims\jni.cpp, line 516]
Event: 2.548 Thread 0x0000020e34df5450 Exception <a 'sun/nio/fs/WindowsException'{0x00000000c336b608}> (0x00000000c336b608) 
thrown [s\src\hotspot\share\prims\jni.cpp, line 516]
Event: 2.548 Thread 0x0000020e34df5450 Exception <a 'sun/nio/fs/WindowsException'{0x00000000c336cbf8}> (0x00000000c336cbf8) 
thrown [s\src\hotspot\share\prims\jni.cpp, line 516]
Event: 2.548 Thread 0x0000020e34df5450 Exception <a 'sun/nio/fs/WindowsException'{0x00000000c336e138}> (0x00000000c336e138) 
thrown [s\src\hotspot\share\prims\jni.cpp, line 516]
Event: 2.548 Thread 0x0000020e34df5450 Exception <a 'sun/nio/fs/WindowsException'{0x00000000c336f5f8}> (0x00000000c336f5f8) 
thrown [s\src\hotspot\share\prims\jni.cpp, line 516]
Event: 2.549 Thread 0x0000020e34df5450 Exception <a 'sun/nio/fs/WindowsException'{0x00000000c3370ce8}> (0x00000000c3370ce8) 
thrown [s\src\hotspot\share\prims\jni.cpp, line 516]
Event: 2.549 Thread 0x0000020e34df5450 Exception <a 'sun/nio/fs/WindowsException'{0x00000000c3372460}> (0x00000000c3372460) 
thrown [s\src\hotspot\share\prims\jni.cpp, line 516]
Event: 2.955 Thread 0x0000020e34df72b0 Exception <a 'java/lang/NoSuchMethodError'{0x00000000c3296a08}: 'void java.lang.invoke.DirectMethodHandle$Holder.invokeVirtual(java.lang.Object, java.lang.Object, java.lang.Object, java.lang.Object)'> (0x00000000c3296a08) 
thrown [s\src\hotspot\share\interpreter\linkResolver.cpp, line 759]
Event: 3.004 Thread 0x0000020e34df72b0 Exception <a 'java/lang/NoSuchMethodError'{0x00000000c2d2a200}: 'java.lang.Object java.lang.invoke.DirectMethodHandle$Holder.invokeStatic(java.lang.Object, java.lang.Object, int, java.lang.Object)'> (0x00000000c2d2a200) 
thrown [s\src\hotspot\share\interpreter\linkResolver.cpp, line 759]
Event: 3.004 Thread 0x0000020e34df72b0 Exception <a 'java/lang/NoSuchMethodError'{0x00000000c2d305e0}: 'java.lang.Object java.lang.invoke.DirectMethodHandle$Holder.newInvokeSpecial(java.lang.Object, java.lang.Object, int)'> (0x00000000c2d305e0) 
thrown [s\src\hotspot\share\interpreter\linkResolver.cpp, line 759]
Event: 3.068 Thread 0x0000020e34df72b0 Exception <a 'sun/nio/fs/WindowsException'{0x00000000c253f688}> (0x00000000c253f688) 
thrown [s\src\hotspot\share\prims\jni.cpp, line 516]
Event: 42.188 Thread 0x0000020e34c0a820 Exception <a 'java/lang/NoSuchMethodError'{0x00000000c42f00e8}: 'void java.lang.invoke.DirectMethodHandle$Holder.invokeStatic(java.lang.Object, long)'> (0x00000000c42f00e8) 
thrown [s\src\hotspot\share\interpreter\linkResolver.cpp, line 759]
Event: 42.188 Thread 0x0000020e34c0a820 Exception <a 'java/lang/NoSuchMethodError'{0x00000000c42f5490}: 'java.lang.Object java.lang.invoke.DirectMethodHandle$Holder.newInvokeSpecial(java.lang.Object, long)'> (0x00000000c42f5490) 
thrown [s\src\hotspot\share\interpreter\linkResolver.cpp, line 759]
Event: 304.498 Thread 0x0000020e34df4f40 Exception <a 'java/io/IOException'{0x00000000c498bd40}> (0x00000000c498bd40) 
thrown [s\src\hotspot\share\prims\jni.cpp, line 516]
Event: 304.951 Thread 0x0000020e34df86f0 Exception <a 'java/io/IOException'{0x00000000c4998d70}> (0x00000000c4998d70) 
thrown [s\src\hotspot\share\prims\jni.cpp, line 516]

VM Operations (20 events):
Event: 4351.259 Executing VM operation: G1CollectFull done
Event: 4361.373 Executing VM operation: G1CollectFull
Event: 4361.388 Executing VM operation: G1CollectFull done
Event: 4371.506 Executing VM operation: G1CollectFull
Event: 4371.522 Executing VM operation: G1CollectFull done
Event: 4381.640 Executing VM operation: G1CollectFull
Event: 4381.656 Executing VM operation: G1CollectFull done
Event: 4391.766 Executing VM operation: G1CollectFull
Event: 4391.782 Executing VM operation: G1CollectFull done
Event: 4401.904 Executing VM operation: G1CollectFull
Event: 4401.921 Executing VM operation: G1CollectFull done
Event: 4412.035 Executing VM operation: G1CollectFull
Event: 4412.051 Executing VM operation: G1CollectFull done
Event: 4422.193 Executing VM operation: G1CollectFull
Event: 4422.214 Executing VM operation: G1CollectFull done
Event: 4432.337 Executing VM operation: G1CollectFull
Event: 4432.352 Executing VM operation: G1CollectFull done
Event: 4442.468 Executing VM operation: G1CollectFull
Event: 4442.483 Executing VM operation: G1CollectFull done
Event: 4452.531 Executing VM operation: G1CollectFull

Events (20 events):
Event: 63.334 Thread 0x0000020e34df6890 Thread exited: 0x0000020e34df6890
Event: 65.377 Thread 0x0000020e34df5960 Thread exited: 0x0000020e34df5960
Event: 66.159 Thread 0x0000020e34df81e0 Thread exited: 0x0000020e34df81e0
Event: 66.159 Thread 0x0000020e355d5be0 Thread exited: 0x0000020e355d5be0
Event: 117.881 Thread 0x0000020e355d4cb0 Thread exited: 0x0000020e355d4cb0
Event: 304.497 Thread 0x0000020e355d0ff0 Thread added: 0x0000020e355d0ff0
Event: 304.498 loading class sun/net/ConnectionResetException
Event: 304.498 loading class sun/net/ConnectionResetException done
Event: 364.499 Thread 0x0000020e355d8460 Thread exited: 0x0000020e355d8460
Event: 364.953 Thread 0x0000020e355d0ff0 Thread exited: 0x0000020e355d0ff0
Event: 364.953 Thread 0x0000020e34df86f0 Thread exited: 0x0000020e34df86f0
Event: 366.175 Thread 0x0000020e34df4f40 Thread exited: 0x0000020e34df4f40
Event: 4112.492 Thread 0x0000020e2f46d9c0 Thread added: 0x0000020e2f46d9c0
Event: 4112.492 Thread 0x0000020e355c8570 Thread added: 0x0000020e355c8570
Event: 4112.492 Thread 0x0000020e216eb800 Thread added: 0x0000020e216eb800
Event: 4112.492 Thread 0x0000020e355b3120 Thread added: 0x0000020e355b3120
Event: 4117.506 Thread 0x0000020e355b3120 Thread exited: 0x0000020e355b3120
Event: 4122.518 Thread 0x0000020e216eb800 Thread exited: 0x0000020e216eb800
Event: 4122.518 Thread 0x0000020e355c8570 Thread exited: 0x0000020e355c8570
Event: 4127.529 Thread 0x0000020e2f46d9c0 Thread exited: 0x0000020e2f46d9c0


Dynamic libraries:
0x00007ff761290000 - 0x00007ff76129e000 	c:\Users\82108\.vscode\extensions\redhat.java-1.24.0-win32-x64\jre\17.0.8.1-win32-x86_64\bin\java.exe
0x00007ffb00110000 - 0x00007ffb00327000 	C:\WINDOWS\SYSTEM32\ntdll.dll
0x00007ffafefa0000 - 0x00007ffaff064000 	C:\WINDOWS\System32\KERNEL32.DLL
0x00007ffafd510000 - 0x00007ffafd8b6000 	C:\WINDOWS\System32\KERNELBASE.dll
0x00007ffafdb20000 - 0x00007ffafdc31000 	C:\WINDOWS\System32\ucrtbase.dll
0x00007ffaedd70000 - 0x00007ffaedd87000 	c:\Users\82108\.vscode\extensions\redhat.java-1.24.0-win32-x64\jre\17.0.8.1-win32-x86_64\bin\jli.dll
0x00007ffaeb4d0000 - 0x00007ffaeb4e9000 	c:\Users\82108\.vscode\extensions\redhat.java-1.24.0-win32-x64\jre\17.0.8.1-win32-x86_64\bin\VCRUNTIME140.dll
0x00007ffafe590000 - 0x00007ffafe73d000 	C:\WINDOWS\System32\USER32.dll
0x00007ffafd9d0000 - 0x00007ffafd9f6000 	C:\WINDOWS\System32\win32u.dll
0x00007ffaff930000 - 0x00007ffaff959000 	C:\WINDOWS\System32\GDI32.dll
0x00007ffafda00000 - 0x00007ffafdb18000 	C:\WINDOWS\System32\gdi32full.dll
0x00007ffae8330000 - 0x00007ffae85c3000 	C:\WINDOWS\WinSxS\amd64_microsoft.windows.common-controls_6595b64144ccf1df_6.0.22621.2361_none_2712ced57382f843\COMCTL32.dll
0x00007ffafd930000 - 0x00007ffafd9ca000 	C:\WINDOWS\System32\msvcp_win.dll
0x00007ffaff340000 - 0x00007ffaff3e7000 	C:\WINDOWS\System32\msvcrt.dll
0x00007ffafffe0000 - 0x00007ffb00011000 	C:\WINDOWS\System32\IMM32.DLL
0x00007ffaf40a0000 - 0x00007ffaf40ac000 	c:\Users\82108\.vscode\extensions\redhat.java-1.24.0-win32-x64\jre\17.0.8.1-win32-x86_64\bin\vcruntime140_1.dll
0x00007ffad75b0000 - 0x00007ffad7641000 	c:\Users\82108\.vscode\extensions\redhat.java-1.24.0-win32-x64\jre\17.0.8.1-win32-x86_64\bin\msvcp140.dll
0x00007ffa98dd0000 - 0x00007ffa99a1c000 	c:\Users\82108\.vscode\extensions\redhat.java-1.24.0-win32-x64\jre\17.0.8.1-win32-x86_64\bin\server\jvm.dll
0x00007ffafded0000 - 0x00007ffafdf80000 	C:\WINDOWS\System32\ADVAPI32.dll
0x00007ffb00020000 - 0x00007ffb000c6000 	C:\WINDOWS\System32\sechost.dll
0x00007ffafe1b0000 - 0x00007ffafe2c7000 	C:\WINDOWS\System32\RPCRT4.dll
0x00007ffafd1b0000 - 0x00007ffafd1fd000 	C:\WINDOWS\SYSTEM32\POWRPROF.dll
0x00007ffaf3f70000 - 0x00007ffaf3fa4000 	C:\WINDOWS\SYSTEM32\WINMM.dll
0x00007ffab9570000 - 0x00007ffab9579000 	C:\WINDOWS\SYSTEM32\WSOCK32.dll
0x00007ffaff8b0000 - 0x00007ffaff921000 	C:\WINDOWS\System32\WS2_32.dll
0x00007ffaf3ab0000 - 0x00007ffaf3aba000 	C:\WINDOWS\SYSTEM32\VERSION.dll
0x00007ffafd190000 - 0x00007ffafd1a3000 	C:\WINDOWS\SYSTEM32\UMPDC.dll
0x00007ffafc430000 - 0x00007ffafc448000 	C:\WINDOWS\SYSTEM32\kernel.appcore.dll
0x00007ffaedb30000 - 0x00007ffaedb3a000 	c:\Users\82108\.vscode\extensions\redhat.java-1.24.0-win32-x64\jre\17.0.8.1-win32-x86_64\bin\jimage.dll
0x00007ffaface0000 - 0x00007ffafaf0e000 	C:\WINDOWS\SYSTEM32\DBGHELP.DLL
0x00007ffaff3f0000 - 0x00007ffaff77a000 	C:\WINDOWS\System32\combase.dll
0x00007ffaff7d0000 - 0x00007ffaff8a7000 	C:\WINDOWS\System32\OLEAUT32.dll
0x00007ffaf1c90000 - 0x00007ffaf1cc2000 	C:\WINDOWS\SYSTEM32\dbgcore.DLL
0x00007ffafd490000 - 0x00007ffafd50a000 	C:\WINDOWS\System32\bcryptPrimitives.dll
0x00007ffae3220000 - 0x00007ffae3245000 	c:\Users\82108\.vscode\extensions\redhat.java-1.24.0-win32-x64\jre\17.0.8.1-win32-x86_64\bin\java.dll
0x00007ffaeaeb0000 - 0x00007ffaeaec8000 	c:\Users\82108\.vscode\extensions\redhat.java-1.24.0-win32-x64\jre\17.0.8.1-win32-x86_64\bin\zip.dll
0x00007ffafe740000 - 0x00007ffafef98000 	C:\WINDOWS\System32\SHELL32.dll
0x00007ffafb3a0000 - 0x00007ffafbc92000 	C:\WINDOWS\SYSTEM32\windows.storage.dll
0x00007ffafb260000 - 0x00007ffafb39e000 	C:\WINDOWS\SYSTEM32\wintypes.dll
0x00007ffaff070000 - 0x00007ffaff163000 	C:\WINDOWS\System32\SHCORE.dll
0x00007ffaff170000 - 0x00007ffaff1ce000 	C:\WINDOWS\System32\shlwapi.dll
0x00007ffafd3c0000 - 0x00007ffafd3e6000 	C:\WINDOWS\SYSTEM32\profapi.dll
0x00007ffae3200000 - 0x00007ffae3219000 	C:\Users\82108\.vscode\extensions\redhat.java-1.24.0-win32-x64\jre\17.0.8.1-win32-x86_64\bin\net.dll
0x00007ffaf6d50000 - 0x00007ffaf6e87000 	C:\WINDOWS\SYSTEM32\WINHTTP.dll
0x00007ffafc900000 - 0x00007ffafc969000 	C:\WINDOWS\system32\mswsock.dll
0x00007ffadec80000 - 0x00007ffadec95000 	C:\Users\82108\.vscode\extensions\redhat.java-1.24.0-win32-x64\jre\17.0.8.1-win32-x86_64\bin\nio.dll
0x00007ffafcc20000 - 0x00007ffafcc3b000 	C:\WINDOWS\SYSTEM32\CRYPTSP.dll
0x00007ffafc3f0000 - 0x00007ffafc425000 	C:\WINDOWS\system32\rsaenh.dll
0x00007ffafc9a0000 - 0x00007ffafc9cc000 	C:\WINDOWS\SYSTEM32\USERENV.dll
0x00007ffafcdb0000 - 0x00007ffafcdd8000 	C:\WINDOWS\SYSTEM32\bcrypt.dll
0x00007ffafcc00000 - 0x00007ffafcc0c000 	C:\WINDOWS\SYSTEM32\CRYPTBASE.dll
0x00007ffafbf40000 - 0x00007ffafbf6d000 	C:\WINDOWS\SYSTEM32\IPHLPAPI.DLL
0x00007ffafe000000 - 0x00007ffafe009000 	C:\WINDOWS\System32\NSI.dll
0x00007ffaf5f00000 - 0x00007ffaf5f19000 	C:\WINDOWS\SYSTEM32\dhcpcsvc6.DLL
0x00007ffaf5ed0000 - 0x00007ffaf5eef000 	C:\WINDOWS\SYSTEM32\dhcpcsvc.DLL
0x00007ffafbf70000 - 0x00007ffafc069000 	C:\WINDOWS\SYSTEM32\DNSAPI.dll
0x00007ffae7d20000 - 0x00007ffae7d30000 	c:\Users\82108\.vscode\extensions\redhat.java-1.24.0-win32-x64\jre\17.0.8.1-win32-x86_64\bin\verify.dll
0x00007ffaf8f20000 - 0x00007ffaf8f29000 	C:\Users\82108\.vscode\extensions\redhat.java-1.24.0-win32-x64\jre\17.0.8.1-win32-x86_64\bin\management.dll
0x00007ffaf8f00000 - 0x00007ffaf8f0b000 	C:\Users\82108\.vscode\extensions\redhat.java-1.24.0-win32-x64\jre\17.0.8.1-win32-x86_64\bin\management_ext.dll
0x00007ffaffb40000 - 0x00007ffaffb48000 	C:\WINDOWS\System32\PSAPI.DLL
0x00007ffaeb4f0000 - 0x00007ffaeb4fe000 	C:\Users\82108\.vscode\extensions\redhat.java-1.24.0-win32-x64\jre\17.0.8.1-win32-x86_64\bin\sunmscapi.dll
0x00007ffafdc40000 - 0x00007ffafdda6000 	C:\WINDOWS\System32\CRYPT32.dll
0x00007ffafcd80000 - 0x00007ffafcdad000 	C:\WINDOWS\SYSTEM32\ncrypt.dll
0x00007ffafcd40000 - 0x00007ffafcd77000 	C:\WINDOWS\SYSTEM32\NTASN1.dll
0x00007ffaf5e20000 - 0x00007ffaf5e2a000 	C:\Windows\System32\rasadhlp.dll
0x00007ffaf5770000 - 0x00007ffaf57f4000 	C:\WINDOWS\System32\fwpuclnt.dll

dbghelp: loaded successfully - version: 4.0.5 - missing functions: none
symbol engine: initialized successfully - sym options: 0x614 - pdb path: .;c:\Users\82108\.vscode\extensions\redhat.java-1.24.0-win32-x64\jre\17.0.8.1-win32-x86_64\bin;C:\WINDOWS\SYSTEM32;C:\WINDOWS\WinSxS\amd64_microsoft.windows.common-controls_6595b64144ccf1df_6.0.22621.2361_none_2712ced57382f843;c:\Users\82108\.vscode\extensions\redhat.java-1.24.0-win32-x64\jre\17.0.8.1-win32-x86_64\bin\server

VM Arguments:
jvm_args: -XX:+HeapDumpOnOutOfMemoryError -Xmx1024m -Dsts.lsp.client=vscode -Dsts.log.file=/dev/null -XX:TieredStopAtLevel=1 -Xlog:jni+resolve=off -Dspring.config.location=file:c:\Users\82108\.vscode\extensions\vmware.vscode-spring-boot-1.50.0\language-server\BOOT-INF\classes\application.properties 
java_command: org.springframework.ide.vscode.boot.app.BootLanguageServerBootApp
java_class_path (initial): c:\Users\82108\.vscode\extensions\vmware.vscode-spring-boot-1.50.0\language-server\BOOT-INF\classes;c:\Users\82108\.vscode\extensions\vmware.vscode-spring-boot-1.50.0\language-server\BOOT-INF\lib\annotations-24.0.1.jar;c:\Users\82108\.vscode\extensions\vmware.vscode-spring-boot-1.50.0\language-server\BOOT-INF\lib\antlr-runtime-3.5.3.jar;c:\Users\82108\.vscode\extensions\vmware.vscode-spring-boot-1.50.0\language-server\BOOT-INF\lib\antlr4-4.11.1.jar;c:\Users\82108\.vscode\extensions\vmware.vscode-spring-boot-1.50.0\language-server\BOOT-INF\lib\antlr4-runtime-4.11.1.jar;c:\Users\82108\.vscode\extensions\vmware.vscode-spring-boot-1.50.0\language-server\BOOT-INF\lib\archunit-1.1.0.jar;c:\Users\82108\.vscode\extensions\vmware.vscode-spring-boot-1.50.0\language-server\BOOT-INF\lib\asm-9.5.jar;c:\Users\82108\.vscode\extensions\vmware.vscode-spring-boot-1.50.0\language-server\BOOT-INF\lib\asm-analysis-9.5.jar;c:\Users\82108\.vscode\extensions\vmware.vscode-spring-boot-1.50.0\language-server\BOOT-INF\lib\asm-tree-9.5.jar;c:\Users\82108\.vscode\extensions\vmware.vscode-spring-boot-1.50.0\language-server\BOOT-INF\lib\asm-util-9.5.jar;c:\Users\82108\.vscode\extensions\vmware.vscode-spring-boot-1.50.0\language-server\BOOT-INF\lib\bosh-language-server-1.50.0-SNAPSHOT.jar;c:\Users\82108\.vscode\extensions\vmware.vscode-spring-boot-1.50.0\language-server\BOOT-INF\lib\caffeine-3.1.8.jar;c:\Users\82108\.vscode\extensions\vmware.vscode-spring-boot-1.50.0\language-server\BOOT-INF\lib\checker-qual-3.12.0.jar;c:\Users\82108\.vscode\extensions\vmware.vscode-spring-boot-1.50.0\language-server\BOOT-INF\lib\classgraph-4.8.149.jar;c:\Users\82108\.vscode\extensions\vmware.vscode-spring-boot-1.50.0\language-server\BOOT-INF\lib\commons-codec-1.15.jar;c:\Users\82108\.vscode\extensions\vmware.vscode-spring-boot-1.50.0\language-server\BOOT-INF\lib\commons-compress-1.24.0.jar;c:\Users\82108\.vscode\extensions\vmware.vscode-spring-boot-1.50.0\language-server\BOOT-INF\lib\
Launcher Type: SUN_STANDARD

[Global flags]
     intx CICompilerCount                          = 12                                        {product} {ergonomic}
     uint ConcGCThreads                            = 3                                         {product} {ergonomic}
     uint G1ConcRefinementThreads                  = 13                                        {product} {ergonomic}
   size_t G1HeapRegionSize                         = 1048576                                   {product} {ergonomic}
    uintx GCDrainStackTargetSize                   = 64                                        {product} {ergonomic}
     bool HeapDumpOnOutOfMemoryError               = true                                   {manageable} {command line}
   size_t InitialHeapSize                          = 260046848                                 {product} {ergonomic}
   size_t MarkStackSize                            = 4194304                                   {product} {ergonomic}
   size_t MaxHeapSize                              = 1073741824                                {product} {command line}
   size_t MaxNewSize                               = 643825664                                 {product} {ergonomic}
   size_t MinHeapDeltaBytes                        = 1048576                                   {product} {ergonomic}
   size_t MinHeapSize                              = 8388608                                   {product} {ergonomic}
    uintx NonProfiledCodeHeapSize                  = 0                                      {pd product} {ergonomic}
     bool ProfileInterpreter                       = false                                  {pd product} {command line}
    uintx ProfiledCodeHeapSize                     = 0                                      {pd product} {ergonomic}
   size_t SoftMaxHeapSize                          = 1073741824                             {manageable} {ergonomic}
     intx TieredStopAtLevel                        = 1                                         {product} {command line}
     bool UseCompressedClassPointers               = true                           {product lp64_product} {ergonomic}
     bool UseCompressedOops                        = true                           {product lp64_product} {ergonomic}
     bool UseG1GC                                  = true                                      {product} {ergonomic}
     bool UseLargePagesIndividualAllocation        = false                                  {pd product} {ergonomic}

Logging:
Log output configuration:
 #0: stdout all=warning,jni+resolve=off uptime,level,tags
 #1: stderr all=off uptime,level,tags

Environment Variables:
PATH=C:\Python312\Scripts\;C:\Python312\;C:\Program Files\Common Files\Oracle\Java\javapath;C:\Python311\Scripts\;C:\Python311\;C:\Program Files (x86)\Razer Chroma SDK\bin;C:\Program Files\Razer Chroma SDK\bin;C:\Program Files (x86)\Razer\ChromaBroadcast\bin;C:\Program Files\Razer\ChromaBroadcast\bin;C:\Windows\system32;C:\Windows;C:\Windows\System32\Wbem;C:\Windows\System32\WindowsPowerShell\v1.0\;C:\Windows\System32\OpenSSH\;C:\Program Files (x86)\NVIDIA Corporation\PhysX\Common;C:\WINDOWS\system32;C:\WINDOWS;C:\WINDOWS\System32\Wbem;C:\WINDOWS\System32\WindowsPowerShell\v1.0\;C:\WINDOWS\System32\OpenSSH\;C:\ProgramData\Anaconda3\Library;C:\Program Files\dotnet\;C:\WINDOWS\system32\config\systemprofile\AppData\Local\Microsoft\WindowsApps;C:\ProgramData\chocolatey\bin;C:\Program Files\MySQL\MySQL Server 8.0\bin;C:\Program Files\Git\cmd;C:\Users\82108\AppData\Local\Android\Sdk\platform-tools\adb;C:\Users\82108\Desktop\graduateProject\flutter\bin;C:\Program Files (x86)\Windows Kits\10\Windows Performance Toolkit\;C:\Program;C:\Program Files\Docker\Docker\resources\bin;C:\Program Files\nodejs;C:\Program Files\PuTTY\;C:\Program Files\nodejs\;C:\Users\82108\AppData\Local\Microsoft\WindowsApps;C:\Program Files\JetBrains\IntelliJ IDEA Community Edition 2022.1.3\bin;;C:\Program Files\JetBrains\IntelliJ IDEA 2022.1.3\bin;;C:\Users\82108\AppData\Local\Programs\Microsoft VS Code\bin;C:\Users\82108\AppData\Roaming\Python\Python311\Scripts;C:\Program Files\nodejs\node_modules\npm\bin;C:\Program Files\Multipass\bin;C:\Users\82108\AppData\Roaming\npm
USERNAME=
OS=Windows_NT
PROCESSOR_IDENTIFIER=AMD64 Family 25 Model 80 Stepping 0, AuthenticAMD
TMP=C:\Users\82108\AppData\Local\Temp
TEMP=C:\Users\82108\AppData\Local\Temp



---------------  S Y S T E M  ---------------

OS:
 Windows 11 , 64 bit Build 22621 (10.0.22621.2428)
OS uptime: 0 days 2:06 hours
Hyper-V role detected

CPU: total 16 (initial active 16) (16 cores per cpu, 2 threads per core) family 25 model 80 stepping 0 microcode 0x0, cx8, cmov, fxsr, ht, mmx, 3dnowpref, sse, sse2, sse3, ssse3, sse4a, sse4.1, sse4.2, popcnt, lzcnt, tsc, tscinvbit, avx, avx2, aes, erms, clmul, bmi1, bmi2, adx, sha, fma, vzeroupper, clflush, clflushopt, hv
Processor Information for all 16 processors :
  Max Mhz: 3301, Current Mhz: 3301, Mhz Limit: 3301

Memory: 4k page, system-wide physical 15776M (1354M free)
TotalPageFile size 18644M (AvailPageFile size 10M)
current process WorkingSet (physical memory assigned to process): 178M, peak: 191M
current process commit charge ("private bytes"): 230M, peak: 374M

vm_info: OpenJDK 64-Bit Server VM (17.0.8.1+1) for windows-amd64 JRE (17.0.8.1+1), built on Aug 23 2023 15:29:17 by "admin" with MS VC++ 16.7 (VS2019)

END.
