#
# There is insufficient memory for the Java Runtime Environment to continue.
# Native memory allocation (malloc) failed to allocate 1048576 bytes for AllocateHeap
# Possible reasons:
#   The system is out of physical RAM or swap space
#   The process is running with CompressedOops enabled, and the Java Heap may be blocking the growth of the native heap
# Possible solutions:
#   Reduce memory load on the system
#   Increase physical memory or swap space
#   Check if swap backing store is full
#   Decrease Java heap size (-Xmx/-Xms)
#   Decrease number of Java threads
#   Decrease Java thread stack sizes (-Xss)
#   Set larger code cache with -XX:ReservedCodeCacheSize=
#   JVM is running with Unscaled Compressed Oops mode in which the Java heap is
#     placed in the first 4GB address space. The Java Heap base address is the
#     maximum limit for the native heap growth. Please use -XX:HeapBaseMinAddress
#     to set the Java Heap base and to place the Java Heap above 4GB virtual address.
# This output file may be truncated or incomplete.
#
#  Out of Memory Error (allocation.cpp:44), pid=3308, tid=30652
#
# JRE version: OpenJDK Runtime Environment Temurin-17.0.8.1+1 (17.0.8.1+1) (build 17.0.8.1+1)
# Java VM: OpenJDK 64-Bit Server VM Temurin-17.0.8.1+1 (17.0.8.1+1, mixed mode, emulated-client, tiered, compressed oops, compressed class ptrs, g1 gc, windows-amd64)
# No core dump will be written. Minidumps are not enabled by default on client versions of Windows
#

---------------  S U M M A R Y ------------

Command Line: -XX:+HeapDumpOnOutOfMemoryError -Xmx1024m -Dsts.lsp.client=vscode -Dsts.log.file=/dev/null -XX:TieredStopAtLevel=1 -Xlog:jni+resolve=off -Dspring.config.location=file:c:\Users\82108\.vscode\extensions\vmware.vscode-spring-boot-1.50.0\language-server\BOOT-INF\classes\application.properties org.springframework.ide.vscode.boot.app.BootLanguageServerBootApp

Host: AMD Ryzen 9 5900HS with Radeon Graphics        , 16 cores, 15G,  Windows 11 , 64 bit Build 22621 (10.0.22621.2428)
Time: Wed Nov 15 23:52:10 2023  Windows 11 , 64 bit Build 22621 (10.0.22621.2428) elapsed time: 52.396526 seconds (0d 0h 0m 52s)

---------------  T H R E A D  ---------------

Current thread (0x00000284d73fc590):  VMThread "VM Thread" [stack: 0x000000be9e200000,0x000000be9e300000] [id=30652]

Stack: [0x000000be9e200000,0x000000be9e300000]
Native frames: (J=compiled Java code, j=interpreted, Vv=VM code, C=native code)
V  [jvm.dll+0x678b0a]
V  [jvm.dll+0x835e84]
V  [jvm.dll+0x83762e]
V  [jvm.dll+0x837c93]
V  [jvm.dll+0x24746f]
V  [jvm.dll+0xa697b]
V  [jvm.dll+0x2f7eb3]
V  [jvm.dll+0x2f3b80]
V  [jvm.dll+0x2dc1c7]
V  [jvm.dll+0x31f227]
V  [jvm.dll+0x83c15b]
V  [jvm.dll+0x83ce94]
V  [jvm.dll+0x83d3ac]
V  [jvm.dll+0x83d784]
V  [jvm.dll+0x83d850]
V  [jvm.dll+0x7e64ca]
V  [jvm.dll+0x677955]
C  [ucrtbase.dll+0x29363]
C  [KERNEL32.DLL+0x1257d]
C  [ntdll.dll+0x5aa78]

VM_Operation (0x000000bea03feca0): G1CollectFull, mode: safepoint, requested by thread 0x00000284dd559bb0


---------------  P R O C E S S  ---------------

Threads class SMR info:
_java_thread_list=0x00000284dd12bfc0, length=16, elements={
0x00000284d741e260, 0x00000284d741f790, 0x00000284d744b970, 0x00000284d744c440,
0x00000284d7451500, 0x00000284d7451dd0, 0x00000284d7467310, 0x00000284d746c060,
0x00000284d7685270, 0x00000284d7691780, 0x00000284dd479ba0, 0x00000284dd559bb0,
0x00000284dd55a090, 0x00000284cbad4490, 0x00000284dd630970, 0x00000284dd671dd0
}

Java Threads: ( => current thread )
  0x00000284d741e260 JavaThread "Reference Handler" daemon [_thread_blocked, id=30676, stack(0x000000be9e300000,0x000000be9e400000)]
  0x00000284d741f790 JavaThread "Finalizer" daemon [_thread_blocked, id=30808, stack(0x000000be9e400000,0x000000be9e500000)]
  0x00000284d744b970 JavaThread "Signal Dispatcher" daemon [_thread_blocked, id=23056, stack(0x000000be9e500000,0x000000be9e600000)]
  0x00000284d744c440 JavaThread "Attach Listener" daemon [_thread_blocked, id=25100, stack(0x000000be9e600000,0x000000be9e700000)]
  0x00000284d7451500 JavaThread "Service Thread" daemon [_thread_blocked, id=20340, stack(0x000000be9e700000,0x000000be9e800000)]
  0x00000284d7451dd0 JavaThread "Monitor Deflation Thread" daemon [_thread_blocked, id=29468, stack(0x000000be9e800000,0x000000be9e900000)]
  0x00000284d7467310 JavaThread "C1 CompilerThread0" daemon [_thread_blocked, id=11916, stack(0x000000be9e900000,0x000000be9ea00000)]
  0x00000284d746c060 JavaThread "Sweeper thread" daemon [_thread_blocked, id=13776, stack(0x000000be9ea00000,0x000000be9eb00000)]
  0x00000284d7685270 JavaThread "Notification Thread" daemon [_thread_blocked, id=25216, stack(0x000000be9ed00000,0x000000be9ee00000)]
  0x00000284d7691780 JavaThread "Common-Cleaner" daemon [_thread_blocked, id=29592, stack(0x000000be9ef00000,0x000000be9f000000)]
  0x00000284dd479ba0 JavaThread "boundedElastic-evictor-1" daemon [_thread_blocked, id=28888, stack(0x000000bea0200000,0x000000bea0300000)]
  0x00000284dd559bb0 JavaThread "pool-11-thread-1" [_thread_blocked, id=30136, stack(0x000000bea0300000,0x000000bea0400000)]
  0x00000284dd55a090 JavaThread "LanguageServerApp-lifecycle" [_thread_blocked, id=23216, stack(0x000000bea0400000,0x000000bea0500000)]
  0x00000284cbad4490 JavaThread "DestroyJavaVM" [_thread_blocked, id=9452, stack(0x000000be9dc00000,0x000000be9dd00000)]
  0x00000284dd630970 JavaThread "pool-12-thread-1" [_thread_in_native, id=284, stack(0x000000bea0500000,0x000000bea0600000)]
  0x00000284dd671dd0 JavaThread "Simple-Language-Server main thread" daemon [_thread_blocked, id=30164, stack(0x000000bea0600000,0x000000bea0700000)]

Other Threads:
=>0x00000284d73fc590 VMThread "VM Thread" [stack: 0x000000be9e200000,0x000000be9e300000] [id=30652]
  0x00000284d7639500 WatcherThread [stack: 0x000000be9ee00000,0x000000be9ef00000] [id=18404]
  0x00000284cbb13670 GCTaskThread "GC Thread#0" [stack: 0x000000be9dd00000,0x000000be9de00000] [id=31500]
  0x00000284dc928670 GCTaskThread "GC Thread#1" [stack: 0x000000be9f100000,0x000000be9f200000] [id=29604]
  0x00000284dc928930 GCTaskThread "GC Thread#2" [stack: 0x000000be9f200000,0x000000be9f300000] [id=30660]
  0x00000284dc928bf0 GCTaskThread "GC Thread#3" [stack: 0x000000be9f300000,0x000000be9f400000] [id=26708]
  0x00000284dc928eb0 GCTaskThread "GC Thread#4" [stack: 0x000000be9f400000,0x000000be9f500000] [id=29752]
  0x00000284dcbb04f0 GCTaskThread "GC Thread#5" [stack: 0x000000be9f500000,0x000000be9f600000] [id=16832]
  0x00000284dcbb07b0 GCTaskThread "GC Thread#6" [stack: 0x000000be9f600000,0x000000be9f700000] [id=23700]
  0x00000284dcf1cb80 GCTaskThread "GC Thread#7" [stack: 0x000000be9fb00000,0x000000be9fc00000] [id=30984]
  0x00000284dced2b00 GCTaskThread "GC Thread#8" [stack: 0x000000be9fc00000,0x000000be9fd00000] [id=22812]
  0x00000284dcf202e0 GCTaskThread "GC Thread#9" [stack: 0x000000be9fd00000,0x000000be9fe00000] [id=30028]
  0x00000284dced5310 GCTaskThread "GC Thread#10" [stack: 0x000000be9fe00000,0x000000be9ff00000] [id=30988]
  0x00000284dcf18390 GCTaskThread "GC Thread#11" [stack: 0x000000be9ff00000,0x000000bea0000000] [id=6140]
  0x00000284dd16f9a0 GCTaskThread "GC Thread#12" [stack: 0x000000be9f700000,0x000000be9f800000] [id=26772]
  0x00000284cbb1c4d0 ConcurrentGCThread "G1 Main Marker" [stack: 0x000000be9de00000,0x000000be9df00000] [id=30400]
  0x00000284cbb1d590 ConcurrentGCThread "G1 Conc#0" [stack: 0x000000be9df00000,0x000000be9e000000] [id=31132]
  0x00000284dced5ed0 ConcurrentGCThread "G1 Conc#1" [stack: 0x000000bea0000000,0x000000bea0100000] [id=20372]
  0x00000284dcba7ff0 ConcurrentGCThread "G1 Conc#2" [stack: 0x000000bea0100000,0x000000bea0200000] [id=11672]
  0x00000284d72605d0 ConcurrentGCThread "G1 Refine#0" [stack: 0x000000be9e000000,0x000000be9e100000] [id=31512]
  0x00000284cbb7db00 ConcurrentGCThread "G1 Service" [stack: 0x000000be9e100000,0x000000be9e200000] [id=29524]

Threads with active compile tasks:

VM state: at safepoint (normal execution)

VM Mutex/Monitor currently owned by a thread:  ([mutex/lock_event])
[0x00000284c989e580] Threads_lock - owner thread: 0x00000284d73fc590
[0x00000284cbad0f80] Heap_lock - owner thread: 0x00000284dd559bb0

Heap address: 0x00000000c0000000, size: 1024 MB, Compressed Oops mode: 32-bit

CDS archive(s) not mapped
Compressed class space mapped at: 0x0000000100000000-0x0000000140000000, reserved size: 1073741824
Narrow klass base: 0x0000000000000000, Narrow klass shift: 3, Narrow klass range: 0x140000000

GC Precious Log:
 CPUs: 16 total, 16 available
 Memory: 15776M
 Large Page Support: Disabled
 NUMA Support: Disabled
 Compressed Oops: Enabled (32-bit)
 Heap Region Size: 1M
 Heap Min Capacity: 8M
 Heap Initial Capacity: 248M
 Heap Max Capacity: 1G
 Pre-touch: Disabled
 Parallel Workers: 13
 Concurrent Workers: 3
 Concurrent Refinement Workers: 13
 Periodic GC: Disabled

Heap:
 garbage-first heap   total 75776K, used 21228K [0x00000000c0000000, 0x0000000100000000)
  region size 1024K, 1 young (1024K), 0 survivors (0K)
 Metaspace       used 37460K, committed 37824K, reserved 1114112K
  class space    used 4888K, committed 5056K, reserved 1048576K

Heap Regions: E=young(eden), S=young(survivor), O=old, HS=humongous(starts), HC=humongous(continues), CS=collection set, F=free, OA=open archive, CA=closed archive, TAMS=top-at-mark-start (previous, next)
|   0|0x00000000c0000000, 0x00000000c0100000, 0x00000000c0100000|100%| O|  |TAMS 0x00000000c0100000, 0x00000000c0000000| Untracked 
|   1|0x00000000c0100000, 0x00000000c01ebaf8, 0x00000000c0200000| 92%| O|  |TAMS 0x00000000c0100000, 0x00000000c0100000| Untracked 
|   2|0x00000000c0200000, 0x00000000c0300000, 0x00000000c0300000|100%| O|  |TAMS 0x00000000c0300000, 0x00000000c0200000| Untracked 
|   3|0x00000000c0300000, 0x00000000c0400000, 0x00000000c0400000|100%| O|  |TAMS 0x00000000c0400000, 0x00000000c0300000| Untracked 
|   4|0x00000000c0400000, 0x00000000c0500000, 0x00000000c0500000|100%| O|  |TAMS 0x00000000c0500000, 0x00000000c0400000| Untracked 
|   5|0x00000000c0500000, 0x00000000c05fffb8, 0x00000000c0600000| 99%| O|  |TAMS 0x00000000c0500000, 0x00000000c0500000| Untracked 
|   6|0x00000000c0600000, 0x00000000c0700000, 0x00000000c0700000|100%| O|  |TAMS 0x00000000c0600000, 0x00000000c0600000| Untracked 
|   7|0x00000000c0700000, 0x00000000c07fffe8, 0x00000000c0800000| 99%| O|  |TAMS 0x00000000c0700000, 0x00000000c0700000| Untracked 
|   8|0x00000000c0800000, 0x00000000c0900000, 0x00000000c0900000|100%| O|  |TAMS 0x00000000c0900000, 0x00000000c0800000| Untracked 
|   9|0x00000000c0900000, 0x00000000c09fffa0, 0x00000000c0a00000| 99%| O|  |TAMS 0x00000000c0900000, 0x00000000c0900000| Untracked 
|  10|0x00000000c0a00000, 0x00000000c0b00000, 0x00000000c0b00000|100%| O|  |TAMS 0x00000000c0b00000, 0x00000000c0a00000| Untracked 
|  11|0x00000000c0b00000, 0x00000000c0c00000, 0x00000000c0c00000|100%| O|  |TAMS 0x00000000c0c00000, 0x00000000c0b00000| Untracked 
|  12|0x00000000c0c00000, 0x00000000c0cffff0, 0x00000000c0d00000| 99%| O|  |TAMS 0x00000000c0c00000, 0x00000000c0c00000| Untracked 
|  13|0x00000000c0d00000, 0x00000000c0dfffd8, 0x00000000c0e00000| 99%| O|  |TAMS 0x00000000c0d00000, 0x00000000c0d00000| Untracked 
|  14|0x00000000c0e00000, 0x00000000c0f00000, 0x00000000c0f00000|100%| O|  |TAMS 0x00000000c0f00000, 0x00000000c0e00000| Untracked 
|  15|0x00000000c0f00000, 0x00000000c1000000, 0x00000000c1000000|100%| O|  |TAMS 0x00000000c1000000, 0x00000000c0f00000| Untracked 
|  16|0x00000000c1000000, 0x00000000c10fffe0, 0x00000000c1100000| 99%| O|  |TAMS 0x00000000c1000000, 0x00000000c1000000| Untracked 
|  17|0x00000000c1100000, 0x00000000c1200000, 0x00000000c1200000|100%| O|  |TAMS 0x00000000c1200000, 0x00000000c1100000| Untracked 
|  18|0x00000000c1200000, 0x00000000c12fffd0, 0x00000000c1300000| 99%| O|  |TAMS 0x00000000c1200000, 0x00000000c1200000| Untracked 
|  19|0x00000000c1300000, 0x00000000c139cf68, 0x00000000c1400000| 61%| O|  |TAMS 0x00000000c1300000, 0x00000000c1300000| Untracked 
|  20|0x00000000c1400000, 0x00000000c1400000, 0x00000000c1500000|  0%| F|  |TAMS 0x00000000c1400000, 0x00000000c1400000| Untracked 
|  21|0x00000000c1500000, 0x00000000c1500000, 0x00000000c1600000|  0%| F|  |TAMS 0x00000000c1500000, 0x00000000c1500000| Untracked 
|  22|0x00000000c1600000, 0x00000000c16ce2c0, 0x00000000c1700000| 80%| O|  |TAMS 0x00000000c1600000, 0x00000000c1600000| Untracked 
|  23|0x00000000c1700000, 0x00000000c1700000, 0x00000000c1800000|  0%| F|  |TAMS 0x00000000c1700000, 0x00000000c1700000| Untracked 
|  24|0x00000000c1800000, 0x00000000c1800000, 0x00000000c1900000|  0%| F|  |TAMS 0x00000000c1800000, 0x00000000c1800000| Untracked 
|  25|0x00000000c1900000, 0x00000000c1900000, 0x00000000c1a00000|  0%| F|  |TAMS 0x00000000c1900000, 0x00000000c1900000| Untracked 
|  26|0x00000000c1a00000, 0x00000000c1a00000, 0x00000000c1b00000|  0%| F|  |TAMS 0x00000000c1a00000, 0x00000000c1a00000| Untracked 
|  27|0x00000000c1b00000, 0x00000000c1b00000, 0x00000000c1c00000|  0%| F|  |TAMS 0x00000000c1b00000, 0x00000000c1b00000| Untracked 
|  28|0x00000000c1c00000, 0x00000000c1c00000, 0x00000000c1d00000|  0%| F|  |TAMS 0x00000000c1c00000, 0x00000000c1c00000| Untracked 
|  29|0x00000000c1d00000, 0x00000000c1d00000, 0x00000000c1e00000|  0%| F|  |TAMS 0x00000000c1d00000, 0x00000000c1d00000| Untracked 
|  30|0x00000000c1e00000, 0x00000000c1e00000, 0x00000000c1f00000|  0%| F|  |TAMS 0x00000000c1e00000, 0x00000000c1e00000| Untracked 
|  31|0x00000000c1f00000, 0x00000000c1f00000, 0x00000000c2000000|  0%| F|  |TAMS 0x00000000c1f00000, 0x00000000c1f00000| Untracked 
|  32|0x00000000c2000000, 0x00000000c2000000, 0x00000000c2100000|  0%| F|  |TAMS 0x00000000c2000000, 0x00000000c2000000| Untracked 
|  33|0x00000000c2100000, 0x00000000c2100000, 0x00000000c2200000|  0%| F|  |TAMS 0x00000000c2100000, 0x00000000c2100000| Untracked 
|  34|0x00000000c2200000, 0x00000000c2200000, 0x00000000c2300000|  0%| F|  |TAMS 0x00000000c2200000, 0x00000000c2200000| Untracked 
|  35|0x00000000c2300000, 0x00000000c2300000, 0x00000000c2400000|  0%| F|  |TAMS 0x00000000c2300000, 0x00000000c2300000| Untracked 
|  36|0x00000000c2400000, 0x00000000c2400000, 0x00000000c2500000|  0%| F|  |TAMS 0x00000000c2400000, 0x00000000c2400000| Untracked 
|  37|0x00000000c2500000, 0x00000000c2500000, 0x00000000c2600000|  0%| F|  |TAMS 0x00000000c2500000, 0x00000000c2500000| Untracked 
|  38|0x00000000c2600000, 0x00000000c2600000, 0x00000000c2700000|  0%| F|  |TAMS 0x00000000c2600000, 0x00000000c2600000| Untracked 
|  39|0x00000000c2700000, 0x00000000c2700000, 0x00000000c2800000|  0%| F|  |TAMS 0x00000000c2700000, 0x00000000c2700000| Untracked 
|  40|0x00000000c2800000, 0x00000000c2800000, 0x00000000c2900000|  0%| F|  |TAMS 0x00000000c2800000, 0x00000000c2800000| Untracked 
|  41|0x00000000c2900000, 0x00000000c2900000, 0x00000000c2a00000|  0%| F|  |TAMS 0x00000000c2900000, 0x00000000c2900000| Untracked 
|  42|0x00000000c2a00000, 0x00000000c2a00000, 0x00000000c2b00000|  0%| F|  |TAMS 0x00000000c2a00000, 0x00000000c2a00000| Untracked 
|  43|0x00000000c2b00000, 0x00000000c2b00000, 0x00000000c2c00000|  0%| F|  |TAMS 0x00000000c2b00000, 0x00000000c2b00000| Untracked 
|  44|0x00000000c2c00000, 0x00000000c2c00000, 0x00000000c2d00000|  0%| F|  |TAMS 0x00000000c2c00000, 0x00000000c2c00000| Untracked 
|  45|0x00000000c2d00000, 0x00000000c2d00000, 0x00000000c2e00000|  0%| F|  |TAMS 0x00000000c2d00000, 0x00000000c2d00000| Untracked 
|  46|0x00000000c2e00000, 0x00000000c2e00000, 0x00000000c2f00000|  0%| F|  |TAMS 0x00000000c2e00000, 0x00000000c2e00000| Untracked 
|  47|0x00000000c2f00000, 0x00000000c2f00000, 0x00000000c3000000|  0%| F|  |TAMS 0x00000000c2f00000, 0x00000000c2f00000| Untracked 
|  48|0x00000000c3000000, 0x00000000c3000000, 0x00000000c3100000|  0%| F|  |TAMS 0x00000000c3000000, 0x00000000c3000000| Untracked 
|  49|0x00000000c3100000, 0x00000000c3100000, 0x00000000c3200000|  0%| F|  |TAMS 0x00000000c3100000, 0x00000000c3100000| Untracked 
|  50|0x00000000c3200000, 0x00000000c3200000, 0x00000000c3300000|  0%| F|  |TAMS 0x00000000c3200000, 0x00000000c3200000| Untracked 
|  51|0x00000000c3300000, 0x00000000c3300000, 0x00000000c3400000|  0%| F|  |TAMS 0x00000000c3300000, 0x00000000c3300000| Untracked 
|  52|0x00000000c3400000, 0x00000000c3400000, 0x00000000c3500000|  0%| F|  |TAMS 0x00000000c3400000, 0x00000000c3400000| Untracked 
|  53|0x00000000c3500000, 0x00000000c3500000, 0x00000000c3600000|  0%| F|  |TAMS 0x00000000c3500000, 0x00000000c3500000| Untracked 
|  54|0x00000000c3600000, 0x00000000c3600000, 0x00000000c3700000|  0%| F|  |TAMS 0x00000000c3600000, 0x00000000c3600000| Untracked 
|  55|0x00000000c3700000, 0x00000000c3700000, 0x00000000c3800000|  0%| F|  |TAMS 0x00000000c3700000, 0x00000000c3700000| Untracked 
|  56|0x00000000c3800000, 0x00000000c3800000, 0x00000000c3900000|  0%| F|  |TAMS 0x00000000c3800000, 0x00000000c3800000| Untracked 
|  57|0x00000000c3900000, 0x00000000c3900000, 0x00000000c3a00000|  0%| F|  |TAMS 0x00000000c3900000, 0x00000000c3900000| Untracked 
|  58|0x00000000c3a00000, 0x00000000c3a00000, 0x00000000c3b00000|  0%| F|  |TAMS 0x00000000c3a00000, 0x00000000c3a00000| Untracked 
|  59|0x00000000c3b00000, 0x00000000c3b00000, 0x00000000c3c00000|  0%| F|  |TAMS 0x00000000c3b00000, 0x00000000c3b00000| Untracked 
|  60|0x00000000c3c00000, 0x00000000c3c00000, 0x00000000c3d00000|  0%| F|  |TAMS 0x00000000c3c00000, 0x00000000c3c00000| Untracked 
|  61|0x00000000c3d00000, 0x00000000c3d00000, 0x00000000c3e00000|  0%| F|  |TAMS 0x00000000c3d00000, 0x00000000c3d00000| Untracked 
|  62|0x00000000c3e00000, 0x00000000c3e00000, 0x00000000c3f00000|  0%| F|  |TAMS 0x00000000c3e00000, 0x00000000c3e00000| Untracked 
|  63|0x00000000c3f00000, 0x00000000c3f00000, 0x00000000c4000000|  0%| F|  |TAMS 0x00000000c3f00000, 0x00000000c3f00000| Untracked 
|  64|0x00000000c4000000, 0x00000000c4000000, 0x00000000c4100000|  0%| F|  |TAMS 0x00000000c4000000, 0x00000000c4000000| Untracked 
|  65|0x00000000c4100000, 0x00000000c4100000, 0x00000000c4200000|  0%| F|  |TAMS 0x00000000c4100000, 0x00000000c4100000| Untracked 
|  66|0x00000000c4200000, 0x00000000c4200000, 0x00000000c4300000|  0%| F|  |TAMS 0x00000000c4200000, 0x00000000c4200000| Untracked 
|  67|0x00000000c4300000, 0x00000000c4300000, 0x00000000c4400000|  0%| F|  |TAMS 0x00000000c4300000, 0x00000000c4300000| Untracked 
|  68|0x00000000c4400000, 0x00000000c4400000, 0x00000000c4500000|  0%| F|  |TAMS 0x00000000c4400000, 0x00000000c4400000| Untracked 
|  69|0x00000000c4500000, 0x00000000c4500000, 0x00000000c4600000|  0%| F|  |TAMS 0x00000000c4500000, 0x00000000c4500000| Untracked 
|  70|0x00000000c4600000, 0x00000000c4600000, 0x00000000c4700000|  0%| F|  |TAMS 0x00000000c4600000, 0x00000000c4600000| Untracked 
|  71|0x00000000c4700000, 0x00000000c4700000, 0x00000000c4800000|  0%| F|  |TAMS 0x00000000c4700000, 0x00000000c4700000| Untracked 
|  72|0x00000000c4800000, 0x00000000c48647b0, 0x00000000c4900000| 39%| O|  |TAMS 0x00000000c4800000, 0x00000000c4800000| Untracked 
|  73|0x00000000c4900000, 0x00000000c492ed28, 0x00000000c4a00000| 18%| E|  |TAMS 0x00000000c4900000, 0x00000000c4900000| Complete 

Card table byte_map: [0x00000284d1fa0000,0x00000284d21a0000] _byte_map_base: 0x00000284d19a0000

Marking Bits (Prev, Next): (CMBitMap*) 0x00000284cbb13be0, (CMBitMap*) 0x00000284cbb13ba0
 Prev Bits: [0x00000284d33a0000, 0x00000284d43a0000)
 Next Bits: [0x00000284d23a0000, 0x00000284d33a0000)

Polling page: 0x00000284c9ab0000

Metaspace:

Usage:
  Non-class:     31.81 MB used.
      Class:      4.77 MB used.
       Both:     36.58 MB used.

Virtual space:
  Non-class space:       64.00 MB reserved,      32.00 MB ( 50%) committed,  1 nodes.
      Class space:        1.00 GB reserved,       4.94 MB ( <1%) committed,  1 nodes.
             Both:        1.06 GB reserved,      36.94 MB (  3%) committed. 

Chunk freelists:
   Non-Class:  15.28 MB
       Class:  11.09 MB
        Both:  26.37 MB

MaxMetaspaceSize: unlimited
CompressedClassSpaceSize: 1.00 GB
Initial GC threshold: 21.00 MB
Current GC threshold: 61.56 MB
CDS: off
MetaspaceReclaimPolicy: balanced
 - commit_granule_bytes: 65536.
 - commit_granule_words: 8192.
 - virtual_space_node_default_size: 8388608.
 - enlarge_chunks_in_place: 1.
 - new_chunks_are_fully_committed: 0.
 - uncommit_free_chunks: 1.
 - use_allocation_guard: 0.
 - handle_deallocations: 1.


Internal statistics:

num_allocs_failed_limit: 6.
num_arena_births: 478.
num_arena_deaths: 0.
num_vsnodes_births: 2.
num_vsnodes_deaths: 0.
num_space_committed: 591.
num_space_uncommitted: 0.
num_chunks_returned_to_freelist: 6.
num_chunks_taken_from_freelist: 1573.
num_chunk_merges: 0.
num_chunk_splits: 1085.
num_chunks_enlarged: 816.
num_inconsistent_stats: 0.

CodeCache: size=49152Kb used=6713Kb max_used=10080Kb free=42438Kb
 bounds [0x00000284ce740000, 0x00000284cf120000, 0x00000284d1740000]
 total_blobs=4159 nmethods=3614 adapters=471
 compilation: enabled
              stopped_count=0, restarted_count=0
 full_count=0

Compilation events (20 events):
Event: 2.271 Thread 0x00000284dce92020 3602       1       java.util.regex.Pattern::nextEscaped (19 bytes)
Event: 2.271 Thread 0x00000284dce92020 nmethod 3602 0x00000284cf115890 code [0x00000284cf115a20, 0x00000284cf115b18]
Event: 2.272 Thread 0x00000284d76523d0 3603       1       com.google.gson.stream.JsonWriter::string (169 bytes)
Event: 2.272 Thread 0x00000284d765b730 3604       1       com.google.gson.stream.JsonWriter::replaceTop (13 bytes)
Event: 2.272 Thread 0x00000284d765b730 nmethod 3604 0x00000284cf115c10 code [0x00000284cf115da0, 0x00000284cf115e98]
Event: 2.272 Thread 0x00000284d765b730 3605       1       java.lang.reflect.Field::get (29 bytes)
Event: 2.272 Thread 0x00000284dce92020 3606       1       com.google.gson.stream.JsonWriter::name (46 bytes)
Event: 2.272 Thread 0x00000284d76523d0 nmethod 3603 0x00000284cf115f90 code [0x00000284cf1161a0, 0x00000284cf116688]
Event: 2.272 Thread 0x00000284dce92020 nmethod 3606 0x00000284cf116a90 code [0x00000284cf116c60, 0x00000284cf116f68]
Event: 2.272 Thread 0x00000284d765b730 nmethod 3605 0x00000284cf117090 code [0x00000284cf117260, 0x00000284cf117458]
Event: 2.273 Thread 0x00000284d76523d0 3607       1       com.google.gson.stream.JsonReader::nextName (116 bytes)
Event: 2.273 Thread 0x00000284d76523d0 nmethod 3607 0x00000284cf117590 code [0x00000284cf1177e0, 0x00000284cf117dc8]
Event: 42.121 Thread 0x00000284d7467310 3608   !   1       java.lang.invoke.BoundMethodHandle$Species_L::copyWithExtendL (31 bytes)
Event: 42.122 Thread 0x00000284d7467310 nmethod 3608 0x00000284ce8e5110 code [0x00000284ce8e5300, 0x00000284ce8e5688]
Event: 42.122 Thread 0x00000284d7467310 3610       1       java.lang.invoke.MethodHandles::argumentsWithCombinerChecks (197 bytes)
Event: 42.122 Thread 0x00000284d7467310 nmethod 3610 0x00000284ce8e3d90 code [0x00000284ce8e4080, 0x00000284ce8e49f8]
Event: 42.122 Thread 0x00000284d7467310 3609       1       java.lang.invoke.MethodHandles::argumentsWithCombiner (130 bytes)
Event: 42.123 Thread 0x00000284d7467310 nmethod 3609 0x00000284ce8e3190 code [0x00000284ce8e33a0, 0x00000284ce8e3878]
Event: 42.336 Thread 0x00000284d7467310 3614       1       java.util.logging.Logger::getName (5 bytes)
Event: 42.337 Thread 0x00000284d7467310 nmethod 3614 0x00000284ce8e2490 code [0x00000284ce8e2620, 0x00000284ce8e26f8]

GC Heap History (18 events):
Event: 0.443 GC heap before
{Heap before GC invocations=0 (full 0):
 garbage-first heap   total 253952K, used 22528K [0x00000000c0000000, 0x0000000100000000)
  region size 1024K, 23 young (23552K), 0 survivors (0K)
 Metaspace       used 8293K, committed 8448K, reserved 1114112K
  class space    used 934K, committed 1024K, reserved 1048576K
}
Event: 0.446 GC heap after
{Heap after GC invocations=1 (full 0):
 garbage-first heap   total 253952K, used 9278K [0x00000000c0000000, 0x0000000100000000)
  region size 1024K, 3 young (3072K), 3 survivors (3072K)
 Metaspace       used 8293K, committed 8448K, reserved 1114112K
  class space    used 934K, committed 1024K, reserved 1048576K
}
Event: 0.749 GC heap before
{Heap before GC invocations=1 (full 0):
 garbage-first heap   total 253952K, used 32830K [0x00000000c0000000, 0x0000000100000000)
  region size 1024K, 26 young (26624K), 3 survivors (3072K)
 Metaspace       used 14252K, committed 14464K, reserved 1114112K
  class space    used 1783K, committed 1856K, reserved 1048576K
}
Event: 0.752 GC heap after
{Heap after GC invocations=2 (full 0):
 garbage-first heap   total 253952K, used 11282K [0x00000000c0000000, 0x0000000100000000)
  region size 1024K, 2 young (2048K), 2 survivors (2048K)
 Metaspace       used 14252K, committed 14464K, reserved 1114112K
  class space    used 1783K, committed 1856K, reserved 1048576K
}
Event: 1.000 GC heap before
{Heap before GC invocations=2 (full 0):
 garbage-first heap   total 253952K, used 38930K [0x00000000c0000000, 0x0000000100000000)
  region size 1024K, 30 young (30720K), 2 survivors (2048K)
 Metaspace       used 21240K, committed 21504K, reserved 1114112K
  class space    used 2611K, committed 2752K, reserved 1048576K
}
Event: 1.002 GC heap after
{Heap after GC invocations=3 (full 0):
 garbage-first heap   total 253952K, used 14071K [0x00000000c0000000, 0x0000000100000000)
  region size 1024K, 5 young (5120K), 5 survivors (5120K)
 Metaspace       used 21240K, committed 21504K, reserved 1114112K
  class space    used 2611K, committed 2752K, reserved 1048576K
}
Event: 1.190 GC heap before
{Heap before GC invocations=4 (full 0):
 garbage-first heap   total 55296K, used 38647K [0x00000000c0000000, 0x0000000100000000)
  region size 1024K, 31 young (31744K), 5 survivors (5120K)
 Metaspace       used 26763K, committed 27072K, reserved 1114112K
  class space    used 3331K, committed 3456K, reserved 1048576K
}
Event: 1.195 GC heap after
{Heap after GC invocations=5 (full 0):
 garbage-first heap   total 55296K, used 16330K [0x00000000c0000000, 0x0000000100000000)
  region size 1024K, 7 young (7168K), 7 survivors (7168K)
 Metaspace       used 26763K, committed 27072K, reserved 1114112K
  class space    used 3331K, committed 3456K, reserved 1048576K
}
Event: 1.451 GC heap before
{Heap before GC invocations=5 (full 0):
 garbage-first heap   total 55296K, used 34762K [0x00000000c0000000, 0x0000000100000000)
  region size 1024K, 25 young (25600K), 7 survivors (7168K)
 Metaspace       used 28713K, committed 28992K, reserved 1114112K
  class space    used 3584K, committed 3712K, reserved 1048576K
}
Event: 1.463 GC heap after
{Heap after GC invocations=6 (full 0):
 garbage-first heap   total 55296K, used 17951K [0x00000000c0000000, 0x0000000100000000)
  region size 1024K, 2 young (2048K), 2 survivors (2048K)
 Metaspace       used 28713K, committed 28992K, reserved 1114112K
  class space    used 3584K, committed 3712K, reserved 1048576K
}
Event: 1.744 GC heap before
{Heap before GC invocations=6 (full 0):
 garbage-first heap   total 55296K, used 36383K [0x00000000c0000000, 0x0000000100000000)
  region size 1024K, 20 young (20480K), 2 survivors (2048K)
 Metaspace       used 31830K, committed 32192K, reserved 1114112K
  class space    used 4042K, committed 4224K, reserved 1048576K
}
Event: 1.747 GC heap after
{Heap after GC invocations=7 (full 0):
 garbage-first heap   total 55296K, used 20147K [0x00000000c0000000, 0x0000000100000000)
  region size 1024K, 3 young (3072K), 3 survivors (3072K)
 Metaspace       used 31830K, committed 32192K, reserved 1114112K
  class space    used 4042K, committed 4224K, reserved 1048576K
}
Event: 1.985 GC heap before
{Heap before GC invocations=7 (full 0):
 garbage-first heap   total 55296K, used 36531K [0x00000000c0000000, 0x0000000100000000)
  region size 1024K, 20 young (20480K), 3 survivors (3072K)
 Metaspace       used 34220K, committed 34560K, reserved 1114112K
  class space    used 4384K, committed 4544K, reserved 1048576K
}
Event: 1.989 GC heap after
{Heap after GC invocations=8 (full 0):
 garbage-first heap   total 154624K, used 22297K [0x00000000c0000000, 0x0000000100000000)
  region size 1024K, 3 young (3072K), 3 survivors (3072K)
 Metaspace       used 34220K, committed 34560K, reserved 1114112K
  class space    used 4384K, committed 4544K, reserved 1048576K
}
Event: 2.114 GC heap before
{Heap before GC invocations=8 (full 0):
 garbage-first heap   total 154624K, used 30489K [0x00000000c0000000, 0x0000000100000000)
  region size 1024K, 12 young (12288K), 3 survivors (3072K)
 Metaspace       used 35789K, committed 36160K, reserved 1114112K
  class space    used 4627K, committed 4800K, reserved 1048576K
}
Event: 2.117 GC heap after
{Heap after GC invocations=9 (full 0):
 garbage-first heap   total 154624K, used 22773K [0x00000000c0000000, 0x0000000100000000)
  region size 1024K, 3 young (3072K), 3 survivors (3072K)
 Metaspace       used 35789K, committed 36160K, reserved 1114112K
  class space    used 4627K, committed 4800K, reserved 1048576K
}
Event: 42.337 GC heap before
{Heap before GC invocations=10 (full 0):
 garbage-first heap   total 86016K, used 34037K [0x00000000c0000000, 0x0000000100000000)
  region size 1024K, 15 young (15360K), 3 survivors (3072K)
 Metaspace       used 37460K, committed 37824K, reserved 1114112K
  class space    used 4888K, committed 5056K, reserved 1048576K
}
Event: 42.355 GC heap after
{Heap after GC invocations=11 (full 1):
 garbage-first heap   total 75776K, used 21228K [0x00000000c0000000, 0x0000000100000000)
  region size 1024K, 0 young (0K), 0 survivors (0K)
 Metaspace       used 37460K, committed 37824K, reserved 1114112K
  class space    used 4888K, committed 5056K, reserved 1048576K
}

Dll operation events (8 events):
Event: 0.007 Loaded shared library c:\Users\82108\.vscode\extensions\redhat.java-1.24.0-win32-x64\jre\17.0.8.1-win32-x86_64\bin\java.dll
Event: 0.165 Loaded shared library C:\Users\82108\.vscode\extensions\redhat.java-1.24.0-win32-x64\jre\17.0.8.1-win32-x86_64\bin\net.dll
Event: 0.167 Loaded shared library C:\Users\82108\.vscode\extensions\redhat.java-1.24.0-win32-x64\jre\17.0.8.1-win32-x86_64\bin\nio.dll
Event: 0.172 Loaded shared library C:\Users\82108\.vscode\extensions\redhat.java-1.24.0-win32-x64\jre\17.0.8.1-win32-x86_64\bin\zip.dll
Event: 0.286 Loaded shared library C:\Users\82108\.vscode\extensions\redhat.java-1.24.0-win32-x64\jre\17.0.8.1-win32-x86_64\bin\jimage.dll
Event: 1.862 Loaded shared library c:\Users\82108\.vscode\extensions\redhat.java-1.24.0-win32-x64\jre\17.0.8.1-win32-x86_64\bin\verify.dll
Event: 2.120 Loaded shared library C:\Users\82108\.vscode\extensions\redhat.java-1.24.0-win32-x64\jre\17.0.8.1-win32-x86_64\bin\management.dll
Event: 2.122 Loaded shared library C:\Users\82108\.vscode\extensions\redhat.java-1.24.0-win32-x64\jre\17.0.8.1-win32-x86_64\bin\management_ext.dll

Deoptimization events (8 events):
Event: 1.141 Thread 0x00000284cbad4490 DEOPT PACKING pc=0x00000284ceefc819 sp=0x000000be9dcfd480
Event: 1.141 Thread 0x00000284cbad4490 DEOPT UNPACKING pc=0x00000284ce797143 sp=0x000000be9dcfc960 mode 3
Event: 1.352 Thread 0x00000284cbad4490 DEOPT PACKING pc=0x00000284cef71155 sp=0x000000be9dcfea90
Event: 1.352 Thread 0x00000284cbad4490 DEOPT UNPACKING pc=0x00000284ce797143 sp=0x000000be9dcfdf38 mode 3
Event: 1.619 Thread 0x00000284cbad4490 DEOPT PACKING pc=0x00000284cf02031d sp=0x000000be9dcfa7f0
Event: 1.619 Thread 0x00000284cbad4490 DEOPT UNPACKING pc=0x00000284ce797143 sp=0x000000be9dcf9d08 mode 3
Event: 2.270 Thread 0x00000284dd671dd0 DEOPT PACKING pc=0x00000284cf1135b5 sp=0x000000bea06fe300
Event: 2.270 Thread 0x00000284dd671dd0 DEOPT UNPACKING pc=0x00000284ce797143 sp=0x000000bea06fd828 mode 3

Classes unloaded (0 events):
No events

Classes redefined (0 events):
No events

Internal exceptions (20 events):
Event: 1.486 Thread 0x00000284cbad4490 Exception <a 'java/lang/NoSuchMethodError'{0x00000000cd9c20d8}: 'java.lang.Object java.lang.invoke.DirectMethodHandle$Holder.invokeSpecial(java.lang.Object, java.lang.Object, java.lang.Object, java.lang.Object, java.lang.Object, java.lang.Object, java.lang.Object, java.lang.Object, java.lang.Object, java.lang.Object)'> (0x00000000cd9c20d8) 
thrown [s\src\hotspot\share\interpreter\linkResolver.cpp, line 759]
Event: 1.487 Thread 0x00000284cbad4490 Exception <a 'java/lang/NoSuchMethodError'{0x00000000cd9c66c0}: 'java.lang.Object java.lang.invoke.Invokers$Holder.invoke_MT(java.lang.Object, java.lang.Object, java.lang.Object, java.lang.Object, java.lang.Object, java.lang.Object, java.lang.Object, java.lang.Object, java.lang.Object, java.lang.Object)'> (0x00000000cd9c66c0) 
thrown [s\src\hotspot\share\interpreter\linkResolver.cpp, line 759]
Event: 1.490 Thread 0x00000284cbad4490 Exception <a 'java/lang/NoSuchMethodError'{0x00000000cd80c760}: 'java.lang.Object java.lang.invoke.DirectMethodHandle$Holder.invokeSpecial(java.lang.Object, java.lang.Object, int, java.lang.Object, java.lang.Object)'> (0x00000000cd80c760) 
thrown [s\src\hotspot\share\interpreter\linkResolver.cpp, line 759]
Event: 1.491 Thread 0x00000284cbad4490 Exception <a 'java/lang/NoSuchMethodError'{0x00000000cd810408}: 'java.lang.Object java.lang.invoke.DelegatingMethodHandle$Holder.delegate(java.lang.Object, int, java.lang.Object, java.lang.Object)'> (0x00000000cd810408) 
thrown [s\src\hotspot\share\interpreter\linkResolver.cpp, line 759]
Event: 1.492 Thread 0x00000284cbad4490 Exception <a 'java/lang/NoSuchMethodError'{0x00000000cd821290}: 'int java.lang.invoke.Invokers$Holder.linkToTargetMethod(java.lang.Object, java.lang.Object, java.lang.Object)'> (0x00000000cd821290) 
thrown [s\src\hotspot\share\interpreter\linkResolver.cpp, line 759]
Event: 1.542 Thread 0x00000284cbad4490 Exception <a 'java/lang/NoSuchMethodError'{0x00000000cd6d3360}: 'void java.lang.invoke.DirectMethodHandle$Holder.invokeSpecial(java.lang.Object, java.lang.Object, java.lang.Object, java.lang.Object, java.lang.Object, java.lang.Object)'> (0x00000000cd6d3360) 
thrown [s\src\hotspot\share\interpreter\linkResolver.cpp, line 759]
Event: 1.575 Thread 0x00000284cbad4490 Exception <a 'java/lang/NoSuchMethodError'{0x00000000c2faa698}: 'java.lang.Object java.lang.invoke.DirectMethodHandle$Holder.invokeStaticInit(java.lang.Object, int, int, int, int)'> (0x00000000c2faa698) 
thrown [s\src\hotspot\share\interpreter\linkResolver.cpp, line 759]
Event: 1.621 Thread 0x00000284cbad4490 Exception <a 'java/lang/NoSuchMethodError'{0x00000000c2ed58f0}: 'java.lang.Object java.lang.invoke.DirectMethodHandle$Holder.invokeStaticInit(java.lang.Object, java.lang.Object, int, int, int, int)'> (0x00000000c2ed58f0) 
thrown [s\src\hotspot\share\interpreter\linkResolver.cpp, line 759]
Event: 1.736 Thread 0x00000284cbad4490 Exception <a 'java/lang/NoSuchMethodError'{0x00000000c26b51e8}: 'void java.lang.invoke.DirectMethodHandle$Holder.invokeSpecialIFC(java.lang.Object, java.lang.Object, java.lang.Object)'> (0x00000000c26b51e8) 
thrown [s\src\hotspot\share\interpreter\linkResolver.cpp, line 759]
Event: 1.950 Thread 0x00000284cbad4490 Exception <a 'java/lang/NoSuchMethodError'{0x00000000c260b198}: 'void java.lang.invoke.DirectMethodHandle$Holder.invokeSpecial(java.lang.Object, java.lang.Object, java.lang.Object, java.lang.Object, java.lang.Object, java.lang.Object, java.lang.Object)'> (0x00000000c260b198) 
thrown [s\src\hotspot\share\interpreter\linkResolver.cpp, line 759]
Event: 1.951 Thread 0x00000284cbad4490 Exception <a 'java/lang/NoSuchMethodError'{0x00000000c26159b8}: 'java.lang.Object java.lang.invoke.DirectMethodHandle$Holder.newInvokeSpecial(java.lang.Object, java.lang.Object, java.lang.Object, java.lang.Object, java.lang.Object, java.lang.Object)'> (0x00000000c26159b8) 
thrown [s\src\hotspot\share\interpreter\linkResolver.cpp, line 759]
Event: 2.024 Thread 0x00000284cbad4490 Exception <a 'java/lang/NoSuchMethodError'{0x00000000cd805c98}: 'java.lang.Object java.lang.invoke.DirectMethodHandle$Holder.invokeInterface(java.lang.Object, java.lang.Object, int)'> (0x00000000cd805c98) 
thrown [s\src\hotspot\share\interpreter\linkResolver.cpp, line 759]
Event: 2.025 Thread 0x00000284cbad4490 Exception <a 'java/lang/IncompatibleClassChangeError'{0x00000000cd818fc0}: Found class java.lang.Object, but interface was expected> (0x00000000cd818fc0) 
thrown [s\src\hotspot\share\interpreter\linkResolver.cpp, line 826]
Event: 2.110 Thread 0x00000284cbad4490 Exception <a 'java/lang/NoSuchMethodError'{0x00000000c8fc3460}: 'java.lang.Object java.lang.invoke.DirectMethodHandle$Holder.newInvokeSpecial(java.lang.Object, java.lang.Object, int, java.lang.Object, java.lang.Object)'> (0x00000000c8fc3460) 
thrown [s\src\hotspot\share\interpreter\linkResolver.cpp, line 759]
Event: 2.111 Thread 0x00000284cbad4490 Exception <a 'java/lang/NoSuchMethodError'{0x00000000c8fd5f08}: 'java.lang.Object java.lang.invoke.DirectMethodHandle$Holder.invokeSpecial(java.lang.Object, java.lang.Object, int, java.lang.Object, int, java.lang.Object)'> (0x00000000c8fd5f08) 
thrown [s\src\hotspot\share\interpreter\linkResolver.cpp, line 759]
Event: 2.111 Thread 0x00000284cbad4490 Exception <a 'java/lang/NoSuchMethodError'{0x00000000c8fddd10}: 'java.lang.Object java.lang.invoke.DirectMethodHandle$Holder.newInvokeSpecial(java.lang.Object, java.lang.Object, int, java.lang.Object, int)'> (0x00000000c8fddd10) 
thrown [s\src\hotspot\share\interpreter\linkResolver.cpp, line 759]
Event: 2.111 Thread 0x00000284cbad4490 Exception <a 'java/lang/NoSuchMethodError'{0x00000000c8fe1e10}: 'java.lang.Object java.lang.invoke.DirectMethodHandle$Holder.invokeSpecial(java.lang.Object, java.lang.Object, java.lang.Object, int, java.lang.Object, int)'> (0x00000000c8fe1e10) 
thrown [s\src\hotspot\share\interpreter\linkResolver.cpp, line 759]
Event: 2.267 Thread 0x00000284dd671dd0 Exception <a 'java/lang/NoSuchMethodError'{0x00000000c46a00f8}: 'java.lang.Object java.lang.invoke.DirectMethodHandle$Holder.invokeStatic(java.lang.Object, int, java.lang.Object)'> (0x00000000c46a00f8) 
thrown [s\src\hotspot\share\interpreter\linkResolver.cpp, line 759]
Event: 42.127 Thread 0x00000284dd559bb0 Exception <a 'java/lang/NoSuchMethodError'{0x00000000c45024b0}: 'void java.lang.invoke.DirectMethodHandle$Holder.invokeStatic(java.lang.Object, long)'> (0x00000000c45024b0) 
thrown [s\src\hotspot\share\interpreter\linkResolver.cpp, line 759]
Event: 42.128 Thread 0x00000284dd559bb0 Exception <a 'java/lang/NoSuchMethodError'{0x00000000c4507858}: 'java.lang.Object java.lang.invoke.DirectMethodHandle$Holder.newInvokeSpecial(java.lang.Object, long)'> (0x00000000c4507858) 
thrown [s\src\hotspot\share\interpreter\linkResolver.cpp, line 759]

VM Operations (20 events):
Event: 2.063 Executing VM operation: HandshakeAllThreads done
Event: 2.095 Executing VM operation: HandshakeAllThreads
Event: 2.095 Executing VM operation: HandshakeAllThreads done
Event: 2.096 Executing VM operation: HandshakeAllThreads
Event: 2.096 Executing VM operation: HandshakeAllThreads done
Event: 2.114 Executing VM operation: CollectForMetadataAllocation
Event: 2.117 Executing VM operation: CollectForMetadataAllocation done
Event: 2.123 Executing VM operation: G1PauseRemark
Event: 2.125 Executing VM operation: G1PauseRemark done
Event: 2.127 Executing VM operation: G1PauseCleanup
Event: 2.127 Executing VM operation: G1PauseCleanup done
Event: 2.127 Executing VM operation: HandshakeAllThreads
Event: 2.127 Executing VM operation: HandshakeAllThreads done
Event: 3.139 Executing VM operation: Cleanup
Event: 3.139 Executing VM operation: Cleanup done
Event: 42.129 Executing VM operation: HandshakeAllThreads
Event: 42.129 Executing VM operation: HandshakeAllThreads done
Event: 42.337 Executing VM operation: G1CollectFull
Event: 42.355 Executing VM operation: G1CollectFull done
Event: 52.395 Executing VM operation: G1CollectFull

Events (20 events):
Event: 2.275 loading class java/util/concurrent/ForkJoinWorkerThread
Event: 2.275 loading class java/util/concurrent/ForkJoinWorkerThread done
Event: 7.286 Thread 0x00000284dce936f0 Thread exited: 0x00000284dce936f0
Event: 12.299 Thread 0x00000284dce9bb50 Thread exited: 0x00000284dce9bb50
Event: 17.300 Thread 0x00000284dc7fdb30 Thread exited: 0x00000284dc7fdb30
Event: 17.300 Thread 0x00000284dce92020 Thread exited: 0x00000284dce92020
Event: 22.301 Thread 0x00000284d765b730 Thread exited: 0x00000284d765b730
Event: 22.301 Thread 0x00000284d76523d0 Thread exited: 0x00000284d76523d0
Event: 42.121 loading class java/lang/ProcessBuilder
Event: 42.122 loading class java/lang/ProcessBuilder done
Event: 42.122 loading class java/lang/ProcessImpl
Event: 42.122 loading class java/lang/ProcessImpl done
Event: 42.128 loading class java/lang/ProcessImpl$2
Event: 42.128 loading class java/lang/ProcessImpl$2 done
Event: 42.128 loading class java/lang/Process$PipeInputStream
Event: 42.128 loading class java/lang/Process$PipeInputStream done
Event: 42.129 loading class jdk/internal/event/ProcessStartEvent
Event: 42.129 loading class jdk/internal/event/ProcessStartEvent done
Event: 42.337 loading class java/io/FileOutputStream$1
Event: 42.337 loading class java/io/FileOutputStream$1 done


Dynamic libraries:
0x00007ff63e3e0000 - 0x00007ff63e3ee000 	c:\Users\82108\.vscode\extensions\redhat.java-1.24.0-win32-x64\jre\17.0.8.1-win32-x86_64\bin\java.exe
0x00007ffccfa70000 - 0x00007ffccfc87000 	C:\WINDOWS\SYSTEM32\ntdll.dll
0x00007ffccf080000 - 0x00007ffccf144000 	C:\WINDOWS\System32\KERNEL32.DLL
0x00007ffccd230000 - 0x00007ffccd5d6000 	C:\WINDOWS\System32\KERNELBASE.dll
0x00007ffccd070000 - 0x00007ffccd181000 	C:\WINDOWS\System32\ucrtbase.dll
0x00007ffcc3dd0000 - 0x00007ffcc3de7000 	c:\Users\82108\.vscode\extensions\redhat.java-1.24.0-win32-x64\jre\17.0.8.1-win32-x86_64\bin\jli.dll
0x00007ffcc9370000 - 0x00007ffcc9389000 	c:\Users\82108\.vscode\extensions\redhat.java-1.24.0-win32-x64\jre\17.0.8.1-win32-x86_64\bin\VCRUNTIME140.dll
0x00007ffcce820000 - 0x00007ffcce9cd000 	C:\WINDOWS\System32\USER32.dll
0x00007ffccd200000 - 0x00007ffccd226000 	C:\WINDOWS\System32\win32u.dll
0x00007ffccf320000 - 0x00007ffccf349000 	C:\WINDOWS\System32\GDI32.dll
0x00007ffcb7ca0000 - 0x00007ffcb7f33000 	C:\WINDOWS\WinSxS\amd64_microsoft.windows.common-controls_6595b64144ccf1df_6.0.22621.2361_none_2712ced57382f843\COMCTL32.dll
0x00007ffcccf50000 - 0x00007ffccd068000 	C:\WINDOWS\System32\gdi32full.dll
0x00007ffccf590000 - 0x00007ffccf637000 	C:\WINDOWS\System32\msvcrt.dll
0x00007ffccceb0000 - 0x00007ffcccf4a000 	C:\WINDOWS\System32\msvcp_win.dll
0x00007ffcce280000 - 0x00007ffcce2b1000 	C:\WINDOWS\System32\IMM32.DLL
0x00007ffcc7c90000 - 0x00007ffcc7c9c000 	c:\Users\82108\.vscode\extensions\redhat.java-1.24.0-win32-x64\jre\17.0.8.1-win32-x86_64\bin\vcruntime140_1.dll
0x00007ffc8f9d0000 - 0x00007ffc8fa61000 	c:\Users\82108\.vscode\extensions\redhat.java-1.24.0-win32-x64\jre\17.0.8.1-win32-x86_64\bin\msvcp140.dll
0x00007ffc667e0000 - 0x00007ffc6742c000 	c:\Users\82108\.vscode\extensions\redhat.java-1.24.0-win32-x64\jre\17.0.8.1-win32-x86_64\bin\server\jvm.dll
0x00007ffccd7d0000 - 0x00007ffccd880000 	C:\WINDOWS\System32\ADVAPI32.dll
0x00007ffccf460000 - 0x00007ffccf506000 	C:\WINDOWS\System32\sechost.dll
0x00007ffcce700000 - 0x00007ffcce817000 	C:\WINDOWS\System32\RPCRT4.dll
0x00007ffcccc10000 - 0x00007ffcccc5d000 	C:\WINDOWS\SYSTEM32\POWRPROF.dll
0x00007ffcc3a80000 - 0x00007ffcc3ab4000 	C:\WINDOWS\SYSTEM32\WINMM.dll
0x00007ffcbc9f0000 - 0x00007ffcbc9f9000 	C:\WINDOWS\SYSTEM32\WSOCK32.dll
0x00007ffccead0000 - 0x00007ffcceb41000 	C:\WINDOWS\System32\WS2_32.dll
0x00007ffcc3640000 - 0x00007ffcc364a000 	C:\WINDOWS\SYSTEM32\VERSION.dll
0x00007ffcccaf0000 - 0x00007ffcccb03000 	C:\WINDOWS\SYSTEM32\UMPDC.dll
0x00007ffccbd90000 - 0x00007ffccbda8000 	C:\WINDOWS\SYSTEM32\kernel.appcore.dll
0x00007ffcc5240000 - 0x00007ffcc524a000 	c:\Users\82108\.vscode\extensions\redhat.java-1.24.0-win32-x64\jre\17.0.8.1-win32-x86_64\bin\jimage.dll
0x00007ffcca660000 - 0x00007ffcca88e000 	C:\WINDOWS\SYSTEM32\DBGHELP.DLL
0x00007ffccf6a0000 - 0x00007ffccfa2a000 	C:\WINDOWS\System32\combase.dll
0x00007ffcce500000 - 0x00007ffcce5d7000 	C:\WINDOWS\System32\OLEAUT32.dll
0x00007ffcc1700000 - 0x00007ffcc1732000 	C:\WINDOWS\SYSTEM32\dbgcore.DLL
0x00007ffccd5e0000 - 0x00007ffccd65a000 	C:\WINDOWS\System32\bcryptPrimitives.dll
0x00007ffcb3e40000 - 0x00007ffcb3e65000 	c:\Users\82108\.vscode\extensions\redhat.java-1.24.0-win32-x64\jre\17.0.8.1-win32-x86_64\bin\java.dll
0x00007ffcbdeb0000 - 0x00007ffcbdec8000 	c:\Users\82108\.vscode\extensions\redhat.java-1.24.0-win32-x64\jre\17.0.8.1-win32-x86_64\bin\zip.dll
0x00007ffccda20000 - 0x00007ffcce278000 	C:\WINDOWS\System32\SHELL32.dll
0x00007ffccad00000 - 0x00007ffccb5f2000 	C:\WINDOWS\SYSTEM32\windows.storage.dll
0x00007ffccabc0000 - 0x00007ffccacfe000 	C:\WINDOWS\SYSTEM32\wintypes.dll
0x00007ffcce9d0000 - 0x00007ffcceac3000 	C:\WINDOWS\System32\SHCORE.dll
0x00007ffccf640000 - 0x00007ffccf69e000 	C:\WINDOWS\System32\shlwapi.dll
0x00007ffcccd20000 - 0x00007ffcccd46000 	C:\WINDOWS\SYSTEM32\profapi.dll
0x00007ffcbaa80000 - 0x00007ffcbaa99000 	C:\Users\82108\.vscode\extensions\redhat.java-1.24.0-win32-x64\jre\17.0.8.1-win32-x86_64\bin\net.dll
0x00007ffcc6650000 - 0x00007ffcc6787000 	C:\WINDOWS\SYSTEM32\WINHTTP.dll
0x00007ffccc260000 - 0x00007ffccc2c9000 	C:\WINDOWS\system32\mswsock.dll
0x00007ffcb32c0000 - 0x00007ffcb32d5000 	C:\Users\82108\.vscode\extensions\redhat.java-1.24.0-win32-x64\jre\17.0.8.1-win32-x86_64\bin\nio.dll
0x00007ffccc580000 - 0x00007ffccc59b000 	C:\WINDOWS\SYSTEM32\CRYPTSP.dll
0x00007ffccbd50000 - 0x00007ffccbd85000 	C:\WINDOWS\system32\rsaenh.dll
0x00007ffccc300000 - 0x00007ffccc32c000 	C:\WINDOWS\SYSTEM32\USERENV.dll
0x00007ffccc710000 - 0x00007ffccc738000 	C:\WINDOWS\SYSTEM32\bcrypt.dll
0x00007ffccc560000 - 0x00007ffccc56c000 	C:\WINDOWS\SYSTEM32\CRYPTBASE.dll
0x00007ffccb860000 - 0x00007ffccb88d000 	C:\WINDOWS\SYSTEM32\IPHLPAPI.DLL
0x00007ffccf350000 - 0x00007ffccf359000 	C:\WINDOWS\System32\NSI.dll
0x00007ffcc5800000 - 0x00007ffcc5819000 	C:\WINDOWS\SYSTEM32\dhcpcsvc6.DLL
0x00007ffcc57e0000 - 0x00007ffcc57ff000 	C:\WINDOWS\SYSTEM32\dhcpcsvc.DLL
0x00007ffccb8d0000 - 0x00007ffccb9c9000 	C:\WINDOWS\SYSTEM32\DNSAPI.dll
0x00007ffcbde50000 - 0x00007ffcbde60000 	c:\Users\82108\.vscode\extensions\redhat.java-1.24.0-win32-x64\jre\17.0.8.1-win32-x86_64\bin\verify.dll
0x00007ffcbdc60000 - 0x00007ffcbdc69000 	C:\Users\82108\.vscode\extensions\redhat.java-1.24.0-win32-x64\jre\17.0.8.1-win32-x86_64\bin\management.dll
0x00007ffcb3e30000 - 0x00007ffcb3e3b000 	C:\Users\82108\.vscode\extensions\redhat.java-1.24.0-win32-x64\jre\17.0.8.1-win32-x86_64\bin\management_ext.dll
0x00007ffccf360000 - 0x00007ffccf368000 	C:\WINDOWS\System32\PSAPI.DLL

dbghelp: loaded successfully - version: 4.0.5 - missing functions: none
symbol engine: initialized successfully - sym options: 0x614 - pdb path: .;c:\Users\82108\.vscode\extensions\redhat.java-1.24.0-win32-x64\jre\17.0.8.1-win32-x86_64\bin;C:\WINDOWS\SYSTEM32;C:\WINDOWS\WinSxS\amd64_microsoft.windows.common-controls_6595b64144ccf1df_6.0.22621.2361_none_2712ced57382f843;c:\Users\82108\.vscode\extensions\redhat.java-1.24.0-win32-x64\jre\17.0.8.1-win32-x86_64\bin\server

VM Arguments:
jvm_args: -XX:+HeapDumpOnOutOfMemoryError -Xmx1024m -Dsts.lsp.client=vscode -Dsts.log.file=/dev/null -XX:TieredStopAtLevel=1 -Xlog:jni+resolve=off -Dspring.config.location=file:c:\Users\82108\.vscode\extensions\vmware.vscode-spring-boot-1.50.0\language-server\BOOT-INF\classes\application.properties 
java_command: org.springframework.ide.vscode.boot.app.BootLanguageServerBootApp
java_class_path (initial): c:\Users\82108\.vscode\extensions\vmware.vscode-spring-boot-1.50.0\language-server\BOOT-INF\classes;c:\Users\82108\.vscode\extensions\vmware.vscode-spring-boot-1.50.0\language-server\BOOT-INF\lib\annotations-24.0.1.jar;c:\Users\82108\.vscode\extensions\vmware.vscode-spring-boot-1.50.0\language-server\BOOT-INF\lib\antlr-runtime-3.5.3.jar;c:\Users\82108\.vscode\extensions\vmware.vscode-spring-boot-1.50.0\language-server\BOOT-INF\lib\antlr4-4.11.1.jar;c:\Users\82108\.vscode\extensions\vmware.vscode-spring-boot-1.50.0\language-server\BOOT-INF\lib\antlr4-runtime-4.11.1.jar;c:\Users\82108\.vscode\extensions\vmware.vscode-spring-boot-1.50.0\language-server\BOOT-INF\lib\archunit-1.1.0.jar;c:\Users\82108\.vscode\extensions\vmware.vscode-spring-boot-1.50.0\language-server\BOOT-INF\lib\asm-9.5.jar;c:\Users\82108\.vscode\extensions\vmware.vscode-spring-boot-1.50.0\language-server\BOOT-INF\lib\asm-analysis-9.5.jar;c:\Users\82108\.vscode\extensions\vmware.vscode-spring-boot-1.50.0\language-server\BOOT-INF\lib\asm-tree-9.5.jar;c:\Users\82108\.vscode\extensions\vmware.vscode-spring-boot-1.50.0\language-server\BOOT-INF\lib\asm-util-9.5.jar;c:\Users\82108\.vscode\extensions\vmware.vscode-spring-boot-1.50.0\language-server\BOOT-INF\lib\bosh-language-server-1.50.0-SNAPSHOT.jar;c:\Users\82108\.vscode\extensions\vmware.vscode-spring-boot-1.50.0\language-server\BOOT-INF\lib\caffeine-3.1.8.jar;c:\Users\82108\.vscode\extensions\vmware.vscode-spring-boot-1.50.0\language-server\BOOT-INF\lib\checker-qual-3.12.0.jar;c:\Users\82108\.vscode\extensions\vmware.vscode-spring-boot-1.50.0\language-server\BOOT-INF\lib\classgraph-4.8.149.jar;c:\Users\82108\.vscode\extensions\vmware.vscode-spring-boot-1.50.0\language-server\BOOT-INF\lib\commons-codec-1.15.jar;c:\Users\82108\.vscode\extensions\vmware.vscode-spring-boot-1.50.0\language-server\BOOT-INF\lib\commons-compress-1.24.0.jar;c:\Users\82108\.vscode\extensions\vmware.vscode-spring-boot-1.50.0\language-server\BOOT-INF\lib\
Launcher Type: SUN_STANDARD

[Global flags]
     intx CICompilerCount                          = 12                                        {product} {ergonomic}
     uint ConcGCThreads                            = 3                                         {product} {ergonomic}
     uint G1ConcRefinementThreads                  = 13                                        {product} {ergonomic}
   size_t G1HeapRegionSize                         = 1048576                                   {product} {ergonomic}
    uintx GCDrainStackTargetSize                   = 64                                        {product} {ergonomic}
     bool HeapDumpOnOutOfMemoryError               = true                                   {manageable} {command line}
   size_t InitialHeapSize                          = 260046848                                 {product} {ergonomic}
   size_t MarkStackSize                            = 4194304                                   {product} {ergonomic}
   size_t MaxHeapSize                              = 1073741824                                {product} {command line}
   size_t MaxNewSize                               = 643825664                                 {product} {ergonomic}
   size_t MinHeapDeltaBytes                        = 1048576                                   {product} {ergonomic}
   size_t MinHeapSize                              = 8388608                                   {product} {ergonomic}
    uintx NonProfiledCodeHeapSize                  = 0                                      {pd product} {ergonomic}
     bool ProfileInterpreter                       = false                                  {pd product} {command line}
    uintx ProfiledCodeHeapSize                     = 0                                      {pd product} {ergonomic}
   size_t SoftMaxHeapSize                          = 1073741824                             {manageable} {ergonomic}
     intx TieredStopAtLevel                        = 1                                         {product} {command line}
     bool UseCompressedClassPointers               = true                           {product lp64_product} {ergonomic}
     bool UseCompressedOops                        = true                           {product lp64_product} {ergonomic}
     bool UseG1GC                                  = true                                      {product} {ergonomic}
     bool UseLargePagesIndividualAllocation        = false                                  {pd product} {ergonomic}

Logging:
Log output configuration:
 #0: stdout all=warning,jni+resolve=off uptime,level,tags
 #1: stderr all=off uptime,level,tags

Environment Variables:
PATH=C:\Python312\Scripts\;C:\Python312\;C:\Program Files\Common Files\Oracle\Java\javapath;C:\Python311\Scripts\;C:\Python311\;C:\Program Files (x86)\Razer Chroma SDK\bin;C:\Program Files\Razer Chroma SDK\bin;C:\Program Files (x86)\Razer\ChromaBroadcast\bin;C:\Program Files\Razer\ChromaBroadcast\bin;C:\Windows\system32;C:\Windows;C:\Windows\System32\Wbem;C:\Windows\System32\WindowsPowerShell\v1.0\;C:\Windows\System32\OpenSSH\;C:\Program Files (x86)\NVIDIA Corporation\PhysX\Common;C:\WINDOWS\system32;C:\WINDOWS;C:\WINDOWS\System32\Wbem;C:\WINDOWS\System32\WindowsPowerShell\v1.0\;C:\WINDOWS\System32\OpenSSH\;C:\ProgramData\Anaconda3\Library;C:\Program Files\dotnet\;C:\WINDOWS\system32\config\systemprofile\AppData\Local\Microsoft\WindowsApps;C:\ProgramData\chocolatey\bin;C:\Program Files\MySQL\MySQL Server 8.0\bin;C:\Program Files\Git\cmd;C:\Users\82108\AppData\Local\Android\Sdk\platform-tools\adb;C:\Users\82108\Desktop\graduateProject\flutter\bin;C:\Program Files (x86)\Windows Kits\10\Windows Performance Toolkit\;C:\Program;C:\Program Files\Docker\Docker\resources\bin;C:\Program Files\nodejs;C:\Program Files\PuTTY\;C:\Program Files\nodejs\;C:\Users\82108\AppData\Local\Microsoft\WindowsApps;C:\Program Files\JetBrains\IntelliJ IDEA Community Edition 2022.1.3\bin;;C:\Program Files\JetBrains\IntelliJ IDEA 2022.1.3\bin;;C:\Users\82108\AppData\Local\Programs\Microsoft VS Code\bin;C:\Users\82108\AppData\Roaming\Python\Python311\Scripts;C:\Program Files\nodejs\node_modules\npm\bin;C:\Program Files\Multipass\bin;C:\Users\82108\AppData\Roaming\npm
USERNAME=
OS=Windows_NT
PROCESSOR_IDENTIFIER=AMD64 Family 25 Model 80 Stepping 0, AuthenticAMD
TMP=C:\Users\82108\AppData\Local\Temp
TEMP=C:\Users\82108\AppData\Local\Temp



---------------  S Y S T E M  ---------------

OS:
 Windows 11 , 64 bit Build 22621 (10.0.22621.2428)
OS uptime: 0 days 5:10 hours
Hyper-V role detected

CPU: total 16 (initial active 16) (16 cores per cpu, 2 threads per core) family 25 model 80 stepping 0 microcode 0x0, cx8, cmov, fxsr, ht, mmx, 3dnowpref, sse, sse2, sse3, ssse3, sse4a, sse4.1, sse4.2, popcnt, lzcnt, tsc, tscinvbit, avx, avx2, aes, erms, clmul, bmi1, bmi2, adx, sha, fma, vzeroupper, clflush, clflushopt, hv
Processor Information for all 16 processors :
  Max Mhz: 3301, Current Mhz: 3301, Mhz Limit: 3301

Memory: 4k page, system-wide physical 15776M (2552M free)
TotalPageFile size 18644M (AvailPageFile size 6M)
current process WorkingSet (physical memory assigned to process): 146M, peak: 159M
current process commit charge ("private bytes"): 219M, peak: 372M

vm_info: OpenJDK 64-Bit Server VM (17.0.8.1+1) for windows-amd64 JRE (17.0.8.1+1), built on Aug 23 2023 15:29:17 by "admin" with MS VC++ 16.7 (VS2019)

END.
