#
# There is insufficient memory for the Java Runtime Environment to continue.
# Native memory allocation (malloc) failed to allocate 1198496 bytes for Chunk::new
# Possible reasons:
#   The system is out of physical RAM or swap space
#   The process is running with CompressedOops enabled, and the Java Heap may be blocking the growth of the native heap
# Possible solutions:
#   Reduce memory load on the system
#   Increase physical memory or swap space
#   Check if swap backing store is full
#   Decrease Java heap size (-Xmx/-Xms)
#   Decrease number of Java threads
#   Decrease Java thread stack sizes (-Xss)
#   Set larger code cache with -XX:ReservedCodeCacheSize=
#   JVM is running with Unscaled Compressed Oops mode in which the Java heap is
#     placed in the first 4GB address space. The Java Heap base address is the
#     maximum limit for the native heap growth. Please use -XX:HeapBaseMinAddress
#     to set the Java Heap base and to place the Java Heap above 4GB virtual address.
# This output file may be truncated or incomplete.
#
#  Out of Memory Error (arena.cpp:189), pid=15136, tid=4420
#
# JRE version: OpenJDK Runtime Environment Temurin-17.0.8.1+1 (17.0.8.1+1) (build 17.0.8.1+1)
# Java VM: OpenJDK 64-Bit Server VM Temurin-17.0.8.1+1 (17.0.8.1+1, mixed mode, tiered, compressed oops, compressed class ptrs, parallel gc, windows-amd64)
# No core dump will be written. Minidumps are not enabled by default on client versions of Windows
#

---------------  S U M M A R Y ------------

Command Line: --add-modules=ALL-SYSTEM --add-opens=java.base/java.util=ALL-UNNAMED --add-opens=java.base/java.lang=ALL-UNNAMED --add-opens=java.base/sun.nio.fs=ALL-UNNAMED -Declipse.application=org.eclipse.jdt.ls.core.id1 -Dosgi.bundles.defaultStartLevel=4 -Declipse.product=org.eclipse.jdt.ls.core.product -Djava.import.generatesMetadataFilesAtProjectRoot=false -DDetectVMInstallationsJob.disabled=true -Dfile.encoding=utf8 -XX:+UseParallelGC -XX:GCTimeRatio=4 -XX:AdaptiveSizePolicyWeight=90 -Dsun.zip.disableMemoryMapping=true -Xmx1G -Xms100m -Xlog:disable -javaagent:c:\Users\82108\.vscode\extensions\redhat.java-1.24.0-win32-x64\lombok\lombok-1.18.30.jar -XX:+HeapDumpOnOutOfMemoryError -XX:HeapDumpPath=c:\Users\82108\AppData\Roaming\Code\User\workspaceStorage\740c66f5cd50fe0a3edb6dcfc964f0d0\redhat.java -Daether.dependencyCollector.impl=bf c:\Users\82108\.vscode\extensions\redhat.java-1.24.0-win32-x64\server\plugins\org.eclipse.equinox.launcher_1.6.500.v20230717-2134.jar -configuration c:\Users\82108\AppData\Roaming\Code\User\globalStorage\redhat.java\1.24.0\config_win -data c:\Users\82108\AppData\Roaming\Code\User\workspaceStorage\740c66f5cd50fe0a3edb6dcfc964f0d0\redhat.java\jdt_ws --stdio

Host: AMD Ryzen 9 5900HS with Radeon Graphics        , 16 cores, 15G,  Windows 11 , 64 bit Build 22621 (10.0.22621.2428)
Time: Thu Nov 16 03:08:06 2023  Windows 11 , 64 bit Build 22621 (10.0.22621.2428) elapsed time: 2.452387 seconds (0d 0h 0m 2s)

---------------  T H R E A D  ---------------

Current thread (0x0000021925330f00):  JavaThread "C2 CompilerThread0" daemon [_thread_in_native, id=4420, stack(0x0000008a05200000,0x0000008a05300000)]


Current CompileTask:
C2:   2452 4534   !   4       org.eclipse.osgi.internal.loader.classpath.ClasspathManager::findLocalClass (210 bytes)

Stack: [0x0000008a05200000,0x0000008a05300000]
Native frames: (J=compiled Java code, j=interpreted, Vv=VM code, C=native code)
V  [jvm.dll+0x678b0a]
V  [jvm.dll+0x835e84]
V  [jvm.dll+0x83762e]
V  [jvm.dll+0x837c93]
V  [jvm.dll+0x24746f]
V  [jvm.dll+0xac20c]
V  [jvm.dll+0xac7dc]
V  [jvm.dll+0x2ae7af]
V  [jvm.dll+0x581427]
V  [jvm.dll+0x222602]
V  [jvm.dll+0x2229df]
V  [jvm.dll+0x21ba55]
V  [jvm.dll+0x218f0b]
V  [jvm.dll+0x1a534d]
V  [jvm.dll+0x228d8a]
V  [jvm.dll+0x226dcc]
V  [jvm.dll+0x7ec09b]
V  [jvm.dll+0x7e64ca]
V  [jvm.dll+0x677955]
C  [ucrtbase.dll+0x29363]
C  [KERNEL32.DLL+0x1257d]
C  [ntdll.dll+0x5aa78]


---------------  P R O C E S S  ---------------

Threads class SMR info:
_java_thread_list=0x000002192a820760, length=33, elements={
0x000002190c38c880, 0x00000219201f4010, 0x000002190c438780, 0x00000219201faed0,
0x00000219201fbb60, 0x00000219201fd090, 0x00000219201fea00, 0x0000021925330f00,
0x0000021925333820, 0x0000021925346900, 0x00000219254a3540, 0x0000021925488fe0,
0x000002192542fcd0, 0x000002190c3ec9a0, 0x000002190c3ecec0, 0x00000219273ae830,
0x00000219254a3a50, 0x000002192782f690, 0x0000021927565650, 0x00000219254a53a0,
0x00000219254a2610, 0x00000219254a4470, 0x00000219254a3030, 0x00000219254a1bf0,
0x00000219254a4980, 0x00000219254a2100, 0x0000021927eab340, 0x0000021927eab850,
0x0000021927eaf510, 0x0000021927eacc90, 0x0000021927eabd60, 0x0000021927eb1880,
0x0000021927eac270
}

Java Threads: ( => current thread )
  0x000002190c38c880 JavaThread "main" [_thread_blocked, id=2312, stack(0x0000008a04900000,0x0000008a04a00000)]
  0x00000219201f4010 JavaThread "Reference Handler" daemon [_thread_blocked, id=14972, stack(0x0000008a04c00000,0x0000008a04d00000)]
  0x000002190c438780 JavaThread "Finalizer" daemon [_thread_blocked, id=6352, stack(0x0000008a04d00000,0x0000008a04e00000)]
  0x00000219201faed0 JavaThread "Signal Dispatcher" daemon [_thread_blocked, id=23176, stack(0x0000008a04e00000,0x0000008a04f00000)]
  0x00000219201fbb60 JavaThread "Attach Listener" daemon [_thread_blocked, id=15692, stack(0x0000008a04f00000,0x0000008a05000000)]
  0x00000219201fd090 JavaThread "Service Thread" daemon [_thread_blocked, id=6164, stack(0x0000008a05000000,0x0000008a05100000)]
  0x00000219201fea00 JavaThread "Monitor Deflation Thread" daemon [_thread_blocked, id=8704, stack(0x0000008a05100000,0x0000008a05200000)]
=>0x0000021925330f00 JavaThread "C2 CompilerThread0" daemon [_thread_in_native, id=4420, stack(0x0000008a05200000,0x0000008a05300000)]
  0x0000021925333820 JavaThread "C1 CompilerThread0" daemon [_thread_blocked, id=26604, stack(0x0000008a05300000,0x0000008a05400000)]
  0x0000021925346900 JavaThread "Sweeper thread" daemon [_thread_blocked, id=13644, stack(0x0000008a05400000,0x0000008a05500000)]
  0x00000219254a3540 JavaThread "Common-Cleaner" daemon [_thread_blocked, id=19488, stack(0x0000008a05500000,0x0000008a05600000)]
  0x0000021925488fe0 JavaThread "C1 CompilerThread1" daemon [_thread_blocked, id=5880, stack(0x0000008a05600000,0x0000008a05700000)]
  0x000002192542fcd0 JavaThread "C1 CompilerThread2" daemon [_thread_blocked, id=26156, stack(0x0000008a05700000,0x0000008a05800000)]
  0x000002190c3ec9a0 JavaThread "C2 CompilerThread1" daemon [_thread_in_native, id=25144, stack(0x0000008a05800000,0x0000008a05900000)]
  0x000002190c3ecec0 JavaThread "C2 CompilerThread2" daemon [_thread_in_native, id=16964, stack(0x0000008a05900000,0x0000008a05a00000)]
  0x00000219273ae830 JavaThread "C1 CompilerThread3" daemon [_thread_blocked, id=8504, stack(0x0000008a05a00000,0x0000008a05b00000)]
  0x00000219254a3a50 JavaThread "Notification Thread" daemon [_thread_blocked, id=12028, stack(0x0000008a05b00000,0x0000008a05c00000)]
  0x000002192782f690 JavaThread "C2 CompilerThread3" daemon [_thread_blocked, id=22864, stack(0x0000008a05d00000,0x0000008a05e00000)]
  0x0000021927565650 JavaThread "C2 CompilerThread4" daemon [_thread_blocked, id=21684, stack(0x0000008a05e00000,0x0000008a05f00000)]
  0x00000219254a53a0 JavaThread "Active Thread: Equinox Container: 343ce5e1-cf9c-4224-83bd-0e6bd760c098" [_thread_blocked, id=13368, stack(0x0000008a06400000,0x0000008a06500000)]
  0x00000219254a2610 JavaThread "Framework Event Dispatcher: Equinox Container: 343ce5e1-cf9c-4224-83bd-0e6bd760c098" daemon [_thread_blocked, id=9984, stack(0x0000008a06500000,0x0000008a06600000)]
  0x00000219254a4470 JavaThread "Start Level: Equinox Container: 343ce5e1-cf9c-4224-83bd-0e6bd760c098" daemon [_thread_blocked, id=18828, stack(0x0000008a06600000,0x0000008a06700000)]
  0x00000219254a3030 JavaThread "Bundle File Closer" daemon [_thread_blocked, id=16884, stack(0x0000008a06900000,0x0000008a06a00000)]
  0x00000219254a1bf0 JavaThread "SCR Component Actor" daemon [_thread_blocked, id=4736, stack(0x0000008a06a00000,0x0000008a06b00000)]
  0x00000219254a4980 JavaThread "SCR Component Registry" daemon [_thread_blocked, id=14924, stack(0x0000008a06c00000,0x0000008a06d00000)]
  0x00000219254a2100 JavaThread "Worker-JM" [_thread_blocked, id=12216, stack(0x0000008a06f00000,0x0000008a07000000)]
  0x0000021927eab340 JavaThread "Worker-0" [_thread_blocked, id=23760, stack(0x0000008a07100000,0x0000008a07200000)]
  0x0000021927eab850 JavaThread "Worker-1: Updating Maven Dependencies" [_thread_in_vm, id=24612, stack(0x0000008a07200000,0x0000008a07300000)]
  0x0000021927eaf510 JavaThread "Java indexing" daemon [_thread_blocked, id=10464, stack(0x0000008a07400000,0x0000008a07500000)]
  0x0000021927eacc90 JavaThread "JNA Cleaner" daemon [_thread_blocked, id=26600, stack(0x0000008a07500000,0x0000008a07600000)]
  0x0000021927eabd60 JavaThread "pool-2-thread-1" [_thread_blocked, id=25300, stack(0x0000008a07600000,0x0000008a07700000)]
  0x0000021927eb1880 JavaThread "WorkspaceEventsHandler" [_thread_blocked, id=8284, stack(0x0000008a07700000,0x0000008a07800000)]
  0x0000021927eac270 JavaThread "pool-1-thread-1" [_thread_blocked, id=16224, stack(0x0000008a07800000,0x0000008a07900000)]

Other Threads:
  0x000002190c436d10 VMThread "VM Thread" [stack: 0x0000008a04b00000,0x0000008a04c00000] [id=25504]
  0x000002192745c8d0 WatcherThread [stack: 0x0000008a05c00000,0x0000008a05d00000] [id=15704]
  0x000002190c3a0350 GCTaskThread "GC Thread#0" [stack: 0x0000008a04a00000,0x0000008a04b00000] [id=6224]
  0x0000021927a54980 GCTaskThread "GC Thread#1" [stack: 0x0000008a05f00000,0x0000008a06000000] [id=13676]
  0x000002192789cb80 GCTaskThread "GC Thread#2" [stack: 0x0000008a06000000,0x0000008a06100000] [id=1204]
  0x000002192789ce40 GCTaskThread "GC Thread#3" [stack: 0x0000008a06100000,0x0000008a06200000] [id=21532]
  0x0000021927a76040 GCTaskThread "GC Thread#4" [stack: 0x0000008a06200000,0x0000008a06300000] [id=17712]
  0x0000021927a76300 GCTaskThread "GC Thread#5" [stack: 0x0000008a06300000,0x0000008a06400000] [id=10212]
  0x00000219279004c0 GCTaskThread "GC Thread#6" [stack: 0x0000008a06700000,0x0000008a06800000] [id=14488]
  0x0000021927802a80 GCTaskThread "GC Thread#7" [stack: 0x0000008a06800000,0x0000008a06900000] [id=4456]
  0x000002192853f8b0 GCTaskThread "GC Thread#8" [stack: 0x0000008a06b00000,0x0000008a06c00000] [id=9368]
  0x00000219285cefb0 GCTaskThread "GC Thread#9" [stack: 0x0000008a06d00000,0x0000008a06e00000] [id=16552]
  0x0000021927d1d3a0 GCTaskThread "GC Thread#10" [stack: 0x0000008a06e00000,0x0000008a06f00000] [id=8424]
  0x00000219282ca560 GCTaskThread "GC Thread#11" [stack: 0x0000008a07000000,0x0000008a07100000] [id=16928]
  0x00000219282c8ca0 GCTaskThread "GC Thread#12" [stack: 0x0000008a07300000,0x0000008a07400000] [id=4712]

Threads with active compile tasks:
C2 CompilerThread0     2472 4534   !   4       org.eclipse.osgi.internal.loader.classpath.ClasspathManager::findLocalClass (210 bytes)
C1 CompilerThread0     2472 4595       3       jdk.internal.org.objectweb.asm.Frame::putAbstractType (379 bytes)
C1 CompilerThread1     2472 4596       3       jdk.internal.org.objectweb.asm.SymbolTable::getType (7 bytes)
C1 CompilerThread2     2473 4594       3       jdk.internal.org.objectweb.asm.MethodWriter::putAbstractTypes (31 bytes)
C2 CompilerThread1     2473 4531   !   4       org.eclipse.osgi.internal.loader.classpath.ClasspathManager::findClassImpl (308 bytes)
C2 CompilerThread2     2473 4583       4       jdk.internal.org.objectweb.asm.SymbolTable::addConstantUtf8Reference (101 bytes)
C2 CompilerThread3     2473 4591       4       java.lang.invoke.Invokers$Holder::linkToTargetMethod (8 bytes)
C2 CompilerThread4     2473 4592       4       java.lang.invoke.LambdaForm$MH/0x0000000100000400::invoke (8 bytes)

VM state: not at safepoint (normal execution)

VM Mutex/Monitor currently owned by a thread: None

Heap address: 0x00000000c0000000, size: 1024 MB, Compressed Oops mode: 32-bit

CDS archive(s) not mapped
Compressed class space mapped at: 0x0000000100000000-0x0000000140000000, reserved size: 1073741824
Narrow klass base: 0x0000000000000000, Narrow klass shift: 3, Narrow klass range: 0x140000000

GC Precious Log:
 CPUs: 16 total, 16 available
 Memory: 15776M
 Large Page Support: Disabled
 NUMA Support: Disabled
 Compressed Oops: Enabled (32-bit)
 Alignments: Space 512K, Generation 512K, Heap 2M
 Heap Min Capacity: 100M
 Heap Initial Capacity: 100M
 Heap Max Capacity: 1G
 Pre-touch: Disabled
 Parallel Workers: 13

Heap:
 PSYoungGen      total 25088K, used 19789K [0x00000000eab00000, 0x00000000ec880000, 0x0000000100000000)
  eden space 23040K, 78% used [0x00000000eab00000,0x00000000ebcc5518,0x00000000ec180000)
  from space 2048K, 77% used [0x00000000ec200000,0x00000000ec38e280,0x00000000ec400000)
  to   space 2560K, 0% used [0x00000000ec600000,0x00000000ec600000,0x00000000ec880000)
 ParOldGen       total 68608K, used 13923K [0x00000000c0000000, 0x00000000c4300000, 0x00000000eab00000)
  object space 68608K, 20% used [0x00000000c0000000,0x00000000c0d98e40,0x00000000c4300000)
 Metaspace       used 40760K, committed 41600K, reserved 1114112K
  class space    used 4164K, committed 4544K, reserved 1048576K

Card table byte_map: [0x000002190bd50000,0x000002190bf60000] _byte_map_base: 0x000002190b750000

Marking Bits: (ParMarkBitMap*) 0x00007ffa999583a0
 Begin Bits: [0x000002191e000000, 0x000002191f000000)
 End Bits:   [0x000002191f000000, 0x0000021920000000)

Polling page: 0x000002190bb40000

Metaspace:

Usage:
  Non-class:     35.74 MB used.
      Class:      4.07 MB used.
       Both:     39.80 MB used.

Virtual space:
  Non-class space:       64.00 MB reserved,      36.19 MB ( 57%) committed,  1 nodes.
      Class space:        1.00 GB reserved,       4.44 MB ( <1%) committed,  1 nodes.
             Both:        1.06 GB reserved,      40.62 MB (  4%) committed. 

Chunk freelists:
   Non-Class:  11.61 MB
       Class:  11.59 MB
        Both:  23.20 MB

MaxMetaspaceSize: unlimited
CompressedClassSpaceSize: 1.00 GB
Initial GC threshold: 21.00 MB
Current GC threshold: 58.38 MB
CDS: off
MetaspaceReclaimPolicy: balanced
 - commit_granule_bytes: 65536.
 - commit_granule_words: 8192.
 - virtual_space_node_default_size: 8388608.
 - enlarge_chunks_in_place: 1.
 - new_chunks_are_fully_committed: 0.
 - uncommit_free_chunks: 1.
 - use_allocation_guard: 0.
 - handle_deallocations: 1.


Internal statistics:

num_allocs_failed_limit: 6.
num_arena_births: 408.
num_arena_deaths: 14.
num_vsnodes_births: 2.
num_vsnodes_deaths: 0.
num_space_committed: 650.
num_space_uncommitted: 0.
num_chunks_returned_to_freelist: 20.
num_chunks_taken_from_freelist: 1724.
num_chunk_merges: 10.
num_chunk_splits: 1136.
num_chunks_enlarged: 762.
num_inconsistent_stats: 0.

CodeHeap 'non-profiled nmethods': size=119168Kb used=2256Kb max_used=2256Kb free=116911Kb
 bounds [0x0000021916ba0000, 0x0000021916e10000, 0x000002191e000000]
CodeHeap 'profiled nmethods': size=119104Kb used=9966Kb max_used=9966Kb free=109137Kb
 bounds [0x000002190f000000, 0x000002190f9c0000, 0x0000021916450000]
CodeHeap 'non-nmethods': size=7488Kb used=2964Kb max_used=3005Kb free=4523Kb
 bounds [0x0000021916450000, 0x0000021916750000, 0x0000021916ba0000]
 total_blobs=5193 nmethods=4593 adapters=510
 compilation: enabled
              stopped_count=0, restarted_count=0
 full_count=0

Compilation events (20 events):
Event: 2.440 Thread 0x000002192542fcd0 4576       3       java.lang.invoke.AbstractValidatingLambdaMetafactory::checkDescriptor (133 bytes)
Event: 2.442 Thread 0x0000021925488fe0 nmethod 4571 0x000002190f995090 code [0x000002190f9953e0, 0x000002190f996768]
Event: 2.442 Thread 0x0000021925488fe0 4574       3       java.lang.invoke.AbstractValidatingLambdaMetafactory::validateMetafactoryArgs (607 bytes)
Event: 2.442 Thread 0x00000219273ae830 nmethod 4569 0x000002190f996e90 code [0x000002190f997260, 0x000002190f998db8]
Event: 2.442 Thread 0x000002192542fcd0 nmethod 4576 0x000002190f999910 code [0x000002190f999d20, 0x000002190f99be18]
Event: 2.443 Thread 0x00000219273ae830 4573       3       java.lang.invoke.InnerClassLambdaMetafactory::lambdaClassName (57 bytes)
Event: 2.443 Thread 0x000002192542fcd0 4575       3       java.lang.invoke.AbstractValidatingLambdaMetafactory::isAdaptableToAsReturn (36 bytes)
Event: 2.443 Thread 0x000002192542fcd0 nmethod 4575 0x000002190f99c990 code [0x000002190f99cb60, 0x000002190f99d008]
Event: 2.443 Thread 0x000002192542fcd0 4580   !   3       java.util.regex.Pattern::closure (276 bytes)
Event: 2.443 Thread 0x00000219273ae830 nmethod 4573 0x000002190f99d190 code [0x000002190f99d420, 0x000002190f99dc48]
Event: 2.444 Thread 0x00000219273ae830 4577       3       java.lang.invoke.AbstractValidatingLambdaMetafactory::isAdaptableToAsReturnStrict (34 bytes)
Event: 2.444 Thread 0x00000219273ae830 nmethod 4577 0x000002190f99df90 code [0x000002190f99e160, 0x000002190f99e708]
Event: 2.444 Thread 0x00000219273ae830 4578   !   3       java.lang.invoke.InnerClassLambdaMetafactory::buildCallSite (205 bytes)
Event: 2.445 Thread 0x000002192542fcd0 nmethod 4580 0x000002190f9a6610 code [0x000002190f9a6a00, 0x000002190f9a81e8]
Event: 2.445 Thread 0x000002192542fcd0 4579       3       java.lang.invoke.LambdaMetafactory::metafactory (71 bytes)
Event: 2.446 Thread 0x000002192542fcd0 nmethod 4579 0x000002190f9a8b90 code [0x000002190f9a8e20, 0x000002190f9a9928]
Event: 2.446 Thread 0x0000021925333820 nmethod 4570 0x000002190f99e890 code [0x000002190f99f1a0, 0x000002190f9a4748]
Event: 2.447 Thread 0x00000219273ae830 nmethod 4578 0x000002190f9a9e10 code [0x000002190f9aa2e0, 0x000002190f9ac598]
Event: 2.447 Thread 0x0000021925488fe0 nmethod 4574 0x000002190f9ad590 code [0x000002190f9adfc0, 0x000002190f9b4e88]
Event: 2.450 Thread 0x0000021927565650 nmethod 4528 0x0000021916dcae90 code [0x0000021916dcb340, 0x0000021916dcfa40]

GC Heap History (20 events):
Event: 1.202 GC heap before
{Heap before GC invocations=4 (full 0):
 PSYoungGen      total 29696K, used 29687K [0x00000000eab00000, 0x00000000ecc00000, 0x0000000100000000)
  eden space 25600K, 100% used [0x00000000eab00000,0x00000000ec400000,0x00000000ec400000)
  from space 4096K, 99% used [0x00000000ec400000,0x00000000ec7fdd30,0x00000000ec800000)
  to   space 4096K, 0% used [0x00000000ec800000,0x00000000ec800000,0x00000000ecc00000)
 ParOldGen       total 68608K, used 5301K [0x00000000c0000000, 0x00000000c4300000, 0x00000000eab00000)
  object space 68608K, 7% used [0x00000000c0000000,0x00000000c052d638,0x00000000c4300000)
 Metaspace       used 19985K, committed 20416K, reserved 1114112K
  class space    used 2004K, committed 2176K, reserved 1048576K
}
Event: 1.204 GC heap after
{Heap after GC invocations=4 (full 0):
 PSYoungGen      total 29696K, used 4065K [0x00000000eab00000, 0x00000000ecc00000, 0x0000000100000000)
  eden space 25600K, 0% used [0x00000000eab00000,0x00000000eab00000,0x00000000ec400000)
  from space 4096K, 99% used [0x00000000ec800000,0x00000000ecbf85a0,0x00000000ecc00000)
  to   space 4096K, 0% used [0x00000000ec400000,0x00000000ec400000,0x00000000ec800000)
 ParOldGen       total 68608K, used 6452K [0x00000000c0000000, 0x00000000c4300000, 0x00000000eab00000)
  object space 68608K, 9% used [0x00000000c0000000,0x00000000c064d298,0x00000000c4300000)
 Metaspace       used 19985K, committed 20416K, reserved 1114112K
  class space    used 2004K, committed 2176K, reserved 1048576K
}
Event: 1.242 GC heap before
{Heap before GC invocations=5 (full 0):
 PSYoungGen      total 29696K, used 9831K [0x00000000eab00000, 0x00000000ecc00000, 0x0000000100000000)
  eden space 25600K, 22% used [0x00000000eab00000,0x00000000eb0a1920,0x00000000ec400000)
  from space 4096K, 99% used [0x00000000ec800000,0x00000000ecbf85a0,0x00000000ecc00000)
  to   space 4096K, 0% used [0x00000000ec400000,0x00000000ec400000,0x00000000ec800000)
 ParOldGen       total 68608K, used 6452K [0x00000000c0000000, 0x00000000c4300000, 0x00000000eab00000)
  object space 68608K, 9% used [0x00000000c0000000,0x00000000c064d298,0x00000000c4300000)
 Metaspace       used 21053K, committed 21504K, reserved 1114112K
  class space    used 2104K, committed 2304K, reserved 1048576K
}
Event: 1.244 GC heap after
{Heap after GC invocations=5 (full 0):
 PSYoungGen      total 29696K, used 4065K [0x00000000eab00000, 0x00000000ece00000, 0x0000000100000000)
  eden space 25600K, 0% used [0x00000000eab00000,0x00000000eab00000,0x00000000ec400000)
  from space 4096K, 99% used [0x00000000ec400000,0x00000000ec7f8588,0x00000000ec800000)
  to   space 5120K, 0% used [0x00000000ec900000,0x00000000ec900000,0x00000000ece00000)
 ParOldGen       total 68608K, used 6649K [0x00000000c0000000, 0x00000000c4300000, 0x00000000eab00000)
  object space 68608K, 9% used [0x00000000c0000000,0x00000000c067e540,0x00000000c4300000)
 Metaspace       used 21053K, committed 21504K, reserved 1114112K
  class space    used 2104K, committed 2304K, reserved 1048576K
}
Event: 1.244 GC heap before
{Heap before GC invocations=6 (full 1):
 PSYoungGen      total 29696K, used 4065K [0x00000000eab00000, 0x00000000ece00000, 0x0000000100000000)
  eden space 25600K, 0% used [0x00000000eab00000,0x00000000eab00000,0x00000000ec400000)
  from space 4096K, 99% used [0x00000000ec400000,0x00000000ec7f8588,0x00000000ec800000)
  to   space 5120K, 0% used [0x00000000ec900000,0x00000000ec900000,0x00000000ece00000)
 ParOldGen       total 68608K, used 6649K [0x00000000c0000000, 0x00000000c4300000, 0x00000000eab00000)
  object space 68608K, 9% used [0x00000000c0000000,0x00000000c067e540,0x00000000c4300000)
 Metaspace       used 21053K, committed 21504K, reserved 1114112K
  class space    used 2104K, committed 2304K, reserved 1048576K
}
Event: 1.257 GC heap after
{Heap after GC invocations=6 (full 1):
 PSYoungGen      total 29696K, used 0K [0x00000000eab00000, 0x00000000ece00000, 0x0000000100000000)
  eden space 25600K, 0% used [0x00000000eab00000,0x00000000eab00000,0x00000000ec400000)
  from space 4096K, 0% used [0x00000000ec400000,0x00000000ec400000,0x00000000ec800000)
  to   space 5120K, 0% used [0x00000000ec900000,0x00000000ec900000,0x00000000ece00000)
 ParOldGen       total 68608K, used 10417K [0x00000000c0000000, 0x00000000c4300000, 0x00000000eab00000)
  object space 68608K, 15% used [0x00000000c0000000,0x00000000c0a2c5e0,0x00000000c4300000)
 Metaspace       used 21053K, committed 21504K, reserved 1114112K
  class space    used 2104K, committed 2304K, reserved 1048576K
}
Event: 1.518 GC heap before
{Heap before GC invocations=7 (full 1):
 PSYoungGen      total 29696K, used 25600K [0x00000000eab00000, 0x00000000ece00000, 0x0000000100000000)
  eden space 25600K, 100% used [0x00000000eab00000,0x00000000ec400000,0x00000000ec400000)
  from space 4096K, 0% used [0x00000000ec400000,0x00000000ec400000,0x00000000ec800000)
  to   space 5120K, 0% used [0x00000000ec900000,0x00000000ec900000,0x00000000ece00000)
 ParOldGen       total 68608K, used 10417K [0x00000000c0000000, 0x00000000c4300000, 0x00000000eab00000)
  object space 68608K, 15% used [0x00000000c0000000,0x00000000c0a2c5e0,0x00000000c4300000)
 Metaspace       used 24446K, committed 25024K, reserved 1114112K
  class space    used 2460K, committed 2688K, reserved 1048576K
}
Event: 1.519 GC heap after
{Heap after GC invocations=7 (full 1):
 PSYoungGen      total 26624K, used 1072K [0x00000000eab00000, 0x00000000eca80000, 0x0000000100000000)
  eden space 25088K, 0% used [0x00000000eab00000,0x00000000eab00000,0x00000000ec380000)
  from space 1536K, 69% used [0x00000000ec900000,0x00000000eca0c0a8,0x00000000eca80000)
  to   space 2560K, 0% used [0x00000000ec580000,0x00000000ec580000,0x00000000ec800000)
 ParOldGen       total 68608K, used 10425K [0x00000000c0000000, 0x00000000c4300000, 0x00000000eab00000)
  object space 68608K, 15% used [0x00000000c0000000,0x00000000c0a2e5e0,0x00000000c4300000)
 Metaspace       used 24446K, committed 25024K, reserved 1114112K
  class space    used 2460K, committed 2688K, reserved 1048576K
}
Event: 1.663 GC heap before
{Heap before GC invocations=8 (full 1):
 PSYoungGen      total 26624K, used 26160K [0x00000000eab00000, 0x00000000eca80000, 0x0000000100000000)
  eden space 25088K, 100% used [0x00000000eab00000,0x00000000ec380000,0x00000000ec380000)
  from space 1536K, 69% used [0x00000000ec900000,0x00000000eca0c0a8,0x00000000eca80000)
  to   space 2560K, 0% used [0x00000000ec580000,0x00000000ec580000,0x00000000ec800000)
 ParOldGen       total 68608K, used 10425K [0x00000000c0000000, 0x00000000c4300000, 0x00000000eab00000)
  object space 68608K, 15% used [0x00000000c0000000,0x00000000c0a2e5e0,0x00000000c4300000)
 Metaspace       used 27526K, committed 28096K, reserved 1114112K
  class space    used 2782K, committed 3008K, reserved 1048576K
}
Event: 1.664 GC heap after
{Heap after GC invocations=8 (full 1):
 PSYoungGen      total 27136K, used 2536K [0x00000000eab00000, 0x00000000ecd00000, 0x0000000100000000)
  eden space 24576K, 0% used [0x00000000eab00000,0x00000000eab00000,0x00000000ec300000)
  from space 2560K, 99% used [0x00000000ec580000,0x00000000ec7fa108,0x00000000ec800000)
  to   space 5120K, 0% used [0x00000000ec800000,0x00000000ec800000,0x00000000ecd00000)
 ParOldGen       total 68608K, used 12164K [0x00000000c0000000, 0x00000000c4300000, 0x00000000eab00000)
  object space 68608K, 17% used [0x00000000c0000000,0x00000000c0be1220,0x00000000c4300000)
 Metaspace       used 27526K, committed 28096K, reserved 1114112K
  class space    used 2782K, committed 3008K, reserved 1048576K
}
Event: 1.762 GC heap before
{Heap before GC invocations=9 (full 1):
 PSYoungGen      total 27136K, used 27112K [0x00000000eab00000, 0x00000000ecd00000, 0x0000000100000000)
  eden space 24576K, 100% used [0x00000000eab00000,0x00000000ec300000,0x00000000ec300000)
  from space 2560K, 99% used [0x00000000ec580000,0x00000000ec7fa108,0x00000000ec800000)
  to   space 5120K, 0% used [0x00000000ec800000,0x00000000ec800000,0x00000000ecd00000)
 ParOldGen       total 68608K, used 12164K [0x00000000c0000000, 0x00000000c4300000, 0x00000000eab00000)
  object space 68608K, 17% used [0x00000000c0000000,0x00000000c0be1220,0x00000000c4300000)
 Metaspace       used 30487K, committed 31168K, reserved 1114112K
  class space    used 2983K, committed 3264K, reserved 1048576K
}
Event: 1.763 GC heap after
{Heap after GC invocations=9 (full 1):
 PSYoungGen      total 27648K, used 3085K [0x00000000eab00000, 0x00000000ecb80000, 0x0000000100000000)
  eden space 24064K, 0% used [0x00000000eab00000,0x00000000eab00000,0x00000000ec280000)
  from space 3584K, 86% used [0x00000000ec800000,0x00000000ecb03600,0x00000000ecb80000)
  to   space 3584K, 0% used [0x00000000ec480000,0x00000000ec480000,0x00000000ec800000)
 ParOldGen       total 68608K, used 12172K [0x00000000c0000000, 0x00000000c4300000, 0x00000000eab00000)
  object space 68608K, 17% used [0x00000000c0000000,0x00000000c0be3220,0x00000000c4300000)
 Metaspace       used 30487K, committed 31168K, reserved 1114112K
  class space    used 2983K, committed 3264K, reserved 1048576K
}
Event: 1.864 GC heap before
{Heap before GC invocations=10 (full 1):
 PSYoungGen      total 27648K, used 27149K [0x00000000eab00000, 0x00000000ecb80000, 0x0000000100000000)
  eden space 24064K, 100% used [0x00000000eab00000,0x00000000ec280000,0x00000000ec280000)
  from space 3584K, 86% used [0x00000000ec800000,0x00000000ecb03600,0x00000000ecb80000)
  to   space 3584K, 0% used [0x00000000ec480000,0x00000000ec480000,0x00000000ec800000)
 ParOldGen       total 68608K, used 12172K [0x00000000c0000000, 0x00000000c4300000, 0x00000000eab00000)
  object space 68608K, 17% used [0x00000000c0000000,0x00000000c0be3220,0x00000000c4300000)
 Metaspace       used 32561K, committed 33280K, reserved 1114112K
  class space    used 3151K, committed 3456K, reserved 1048576K
}
Event: 1.865 GC heap after
{Heap after GC invocations=10 (full 1):
 PSYoungGen      total 27136K, used 3404K [0x00000000eab00000, 0x00000000ec900000, 0x0000000100000000)
  eden space 23552K, 0% used [0x00000000eab00000,0x00000000eab00000,0x00000000ec200000)
  from space 3584K, 94% used [0x00000000ec480000,0x00000000ec7d31f0,0x00000000ec800000)
  to   space 1024K, 0% used [0x00000000ec800000,0x00000000ec800000,0x00000000ec900000)
 ParOldGen       total 68608K, used 12701K [0x00000000c0000000, 0x00000000c4300000, 0x00000000eab00000)
  object space 68608K, 18% used [0x00000000c0000000,0x00000000c0c67638,0x00000000c4300000)
 Metaspace       used 32561K, committed 33280K, reserved 1114112K
  class space    used 3151K, committed 3456K, reserved 1048576K
}
Event: 2.104 GC heap before
{Heap before GC invocations=11 (full 1):
 PSYoungGen      total 27136K, used 18253K [0x00000000eab00000, 0x00000000ec900000, 0x0000000100000000)
  eden space 23552K, 63% used [0x00000000eab00000,0x00000000eb9803b8,0x00000000ec200000)
  from space 3584K, 94% used [0x00000000ec480000,0x00000000ec7d31f0,0x00000000ec800000)
  to   space 1024K, 0% used [0x00000000ec800000,0x00000000ec800000,0x00000000ec900000)
 ParOldGen       total 68608K, used 12701K [0x00000000c0000000, 0x00000000c4300000, 0x00000000eab00000)
  object space 68608K, 18% used [0x00000000c0000000,0x00000000c0c67638,0x00000000c4300000)
 Metaspace       used 35138K, committed 35840K, reserved 1114112K
  class space    used 3443K, committed 3712K, reserved 1048576K
}
Event: 2.105 GC heap after
{Heap after GC invocations=11 (full 1):
 PSYoungGen      total 24576K, used 1005K [0x00000000eab00000, 0x00000000ecb00000, 0x0000000100000000)
  eden space 23552K, 0% used [0x00000000eab00000,0x00000000eab00000,0x00000000ec200000)
  from space 1024K, 98% used [0x00000000ec800000,0x00000000ec8fb4f8,0x00000000ec900000)
  to   space 4608K, 0% used [0x00000000ec200000,0x00000000ec200000,0x00000000ec680000)
 ParOldGen       total 68608K, used 15802K [0x00000000c0000000, 0x00000000c4300000, 0x00000000eab00000)
  object space 68608K, 23% used [0x00000000c0000000,0x00000000c0f6e870,0x00000000c4300000)
 Metaspace       used 35138K, committed 35840K, reserved 1114112K
  class space    used 3443K, committed 3712K, reserved 1048576K
}
Event: 2.105 GC heap before
{Heap before GC invocations=12 (full 2):
 PSYoungGen      total 24576K, used 1005K [0x00000000eab00000, 0x00000000ecb00000, 0x0000000100000000)
  eden space 23552K, 0% used [0x00000000eab00000,0x00000000eab00000,0x00000000ec200000)
  from space 1024K, 98% used [0x00000000ec800000,0x00000000ec8fb4f8,0x00000000ec900000)
  to   space 4608K, 0% used [0x00000000ec200000,0x00000000ec200000,0x00000000ec680000)
 ParOldGen       total 68608K, used 15802K [0x00000000c0000000, 0x00000000c4300000, 0x00000000eab00000)
  object space 68608K, 23% used [0x00000000c0000000,0x00000000c0f6e870,0x00000000c4300000)
 Metaspace       used 35138K, committed 35840K, reserved 1114112K
  class space    used 3443K, committed 3712K, reserved 1048576K
}
Event: 2.124 GC heap after
{Heap after GC invocations=12 (full 2):
 PSYoungGen      total 24576K, used 0K [0x00000000eab00000, 0x00000000ecb00000, 0x0000000100000000)
  eden space 23552K, 0% used [0x00000000eab00000,0x00000000eab00000,0x00000000ec200000)
  from space 1024K, 0% used [0x00000000ec800000,0x00000000ec800000,0x00000000ec900000)
  to   space 4608K, 0% used [0x00000000ec200000,0x00000000ec200000,0x00000000ec680000)
 ParOldGen       total 68608K, used 13915K [0x00000000c0000000, 0x00000000c4300000, 0x00000000eab00000)
  object space 68608K, 20% used [0x00000000c0000000,0x00000000c0d96e40,0x00000000c4300000)
 Metaspace       used 35125K, committed 35840K, reserved 1114112K
  class space    used 3439K, committed 3712K, reserved 1048576K
}
Event: 2.322 GC heap before
{Heap before GC invocations=13 (full 2):
 PSYoungGen      total 24576K, used 23552K [0x00000000eab00000, 0x00000000ecb00000, 0x0000000100000000)
  eden space 23552K, 100% used [0x00000000eab00000,0x00000000ec200000,0x00000000ec200000)
  from space 1024K, 0% used [0x00000000ec800000,0x00000000ec800000,0x00000000ec900000)
  to   space 4608K, 0% used [0x00000000ec200000,0x00000000ec200000,0x00000000ec680000)
 ParOldGen       total 68608K, used 13915K [0x00000000c0000000, 0x00000000c4300000, 0x00000000eab00000)
  object space 68608K, 20% used [0x00000000c0000000,0x00000000c0d96e40,0x00000000c4300000)
 Metaspace       used 38217K, committed 39040K, reserved 1114112K
  class space    used 3827K, committed 4224K, reserved 1048576K
}
Event: 2.323 GC heap after
{Heap after GC invocations=13 (full 2):
 PSYoungGen      total 25088K, used 1592K [0x00000000eab00000, 0x00000000ec880000, 0x0000000100000000)
  eden space 23040K, 0% used [0x00000000eab00000,0x00000000eab00000,0x00000000ec180000)
  from space 2048K, 77% used [0x00000000ec200000,0x00000000ec38e280,0x00000000ec400000)
  to   space 2560K, 0% used [0x00000000ec600000,0x00000000ec600000,0x00000000ec880000)
 ParOldGen       total 68608K, used 13923K [0x00000000c0000000, 0x00000000c4300000, 0x00000000eab00000)
  object space 68608K, 20% used [0x00000000c0000000,0x00000000c0d98e40,0x00000000c4300000)
 Metaspace       used 38217K, committed 39040K, reserved 1114112K
  class space    used 3827K, committed 4224K, reserved 1048576K
}

Dll operation events (10 events):
Event: 0.008 Loaded shared library c:\Users\82108\.vscode\extensions\redhat.java-1.24.0-win32-x64\jre\17.0.8.1-win32-x86_64\bin\java.dll
Event: 0.085 Loaded shared library c:\Users\82108\.vscode\extensions\redhat.java-1.24.0-win32-x64\jre\17.0.8.1-win32-x86_64\bin\zip.dll
Event: 0.087 Loaded shared library C:\Users\82108\.vscode\extensions\redhat.java-1.24.0-win32-x64\jre\17.0.8.1-win32-x86_64\bin\instrument.dll
Event: 0.094 Loaded shared library C:\Users\82108\.vscode\extensions\redhat.java-1.24.0-win32-x64\jre\17.0.8.1-win32-x86_64\bin\net.dll
Event: 0.096 Loaded shared library C:\Users\82108\.vscode\extensions\redhat.java-1.24.0-win32-x64\jre\17.0.8.1-win32-x86_64\bin\nio.dll
Event: 0.100 Loaded shared library C:\Users\82108\.vscode\extensions\redhat.java-1.24.0-win32-x64\jre\17.0.8.1-win32-x86_64\bin\zip.dll
Event: 0.109 Loaded shared library C:\Users\82108\.vscode\extensions\redhat.java-1.24.0-win32-x64\jre\17.0.8.1-win32-x86_64\bin\jimage.dll
Event: 0.149 Loaded shared library c:\Users\82108\.vscode\extensions\redhat.java-1.24.0-win32-x64\jre\17.0.8.1-win32-x86_64\bin\verify.dll
Event: 0.701 Loaded shared library C:\Users\82108\AppData\Roaming\Code\User\globalStorage\redhat.java\1.24.0\config_win\org.eclipse.equinox.launcher\org.eclipse.equinox.launcher.win32.win32.x86_64_1.2.700.v20221108-1024\eclipse_11801.dll
Event: 2.082 Loaded shared library C:\Users\82108\AppData\Local\Temp\jna-52165104\jna638651302075574457.dll

Deoptimization events (20 events):
Event: 2.365 Thread 0x0000021927eab850 Uncommon trap: trap_request=0xffffffde fr.pc=0x0000021916d21c30 relative=0x0000000000000090
Event: 2.365 Thread 0x0000021927eab850 Uncommon trap: reason=class_check action=maybe_recompile pc=0x0000021916d21c30 method=java.lang.Character.codePointAt(Ljava/lang/CharSequence;I)I @ 2 c2
Event: 2.365 Thread 0x0000021927eab850 DEOPT PACKING pc=0x0000021916d21c30 sp=0x0000008a072fe7d0
Event: 2.365 Thread 0x0000021927eab850 DEOPT UNPACKING pc=0x00000219164a66a3 sp=0x0000008a072fe758 mode 2
Event: 2.365 Thread 0x0000021927eab850 Uncommon trap: trap_request=0xffffffde fr.pc=0x0000021916d21c30 relative=0x0000000000000090
Event: 2.365 Thread 0x0000021927eab850 Uncommon trap: reason=class_check action=maybe_recompile pc=0x0000021916d21c30 method=java.lang.Character.codePointAt(Ljava/lang/CharSequence;I)I @ 2 c2
Event: 2.365 Thread 0x0000021927eab850 DEOPT PACKING pc=0x0000021916d21c30 sp=0x0000008a072fe7d0
Event: 2.365 Thread 0x0000021927eab850 DEOPT UNPACKING pc=0x00000219164a66a3 sp=0x0000008a072fe758 mode 2
Event: 2.365 Thread 0x0000021927eab850 Uncommon trap: trap_request=0xffffffde fr.pc=0x0000021916d21c30 relative=0x0000000000000090
Event: 2.365 Thread 0x0000021927eab850 Uncommon trap: reason=class_check action=maybe_recompile pc=0x0000021916d21c30 method=java.lang.Character.codePointAt(Ljava/lang/CharSequence;I)I @ 2 c2
Event: 2.365 Thread 0x0000021927eab850 DEOPT PACKING pc=0x0000021916d21c30 sp=0x0000008a072fe7d0
Event: 2.365 Thread 0x0000021927eab850 DEOPT UNPACKING pc=0x00000219164a66a3 sp=0x0000008a072fe758 mode 2
Event: 2.365 Thread 0x0000021927eab850 Uncommon trap: trap_request=0xffffffde fr.pc=0x0000021916d21c30 relative=0x0000000000000090
Event: 2.365 Thread 0x0000021927eab850 Uncommon trap: reason=class_check action=maybe_recompile pc=0x0000021916d21c30 method=java.lang.Character.codePointAt(Ljava/lang/CharSequence;I)I @ 2 c2
Event: 2.365 Thread 0x0000021927eab850 DEOPT PACKING pc=0x0000021916d21c30 sp=0x0000008a072fe7d0
Event: 2.365 Thread 0x0000021927eab850 DEOPT UNPACKING pc=0x00000219164a66a3 sp=0x0000008a072fe758 mode 2
Event: 2.373 Thread 0x0000021927eab850 Uncommon trap: trap_request=0xffffff45 fr.pc=0x0000021916dc83a0 relative=0x00000000000009e0
Event: 2.373 Thread 0x0000021927eab850 Uncommon trap: reason=unstable_if action=reinterpret pc=0x0000021916dc83a0 method=org.eclipse.osgi.internal.loader.classpath.ClasspathEntry.findEntry(Ljava/lang/String;)Lorg/eclipse/osgi/storage/bundlefile/BundleEntry; @ 32 c2
Event: 2.373 Thread 0x0000021927eab850 DEOPT PACKING pc=0x0000021916dc83a0 sp=0x0000008a072fbc00
Event: 2.373 Thread 0x0000021927eab850 DEOPT UNPACKING pc=0x00000219164a66a3 sp=0x0000008a072fbba8 mode 2

Classes unloaded (7 events):
Event: 2.108 Thread 0x000002190c436d10 Unloading class 0x000000010024c000 'java/lang/invoke/LambdaForm$MH+0x000000010024c000'
Event: 2.108 Thread 0x000002190c436d10 Unloading class 0x000000010024bc00 'java/lang/invoke/LambdaForm$MH+0x000000010024bc00'
Event: 2.108 Thread 0x000002190c436d10 Unloading class 0x000000010024b800 'java/lang/invoke/LambdaForm$MH+0x000000010024b800'
Event: 2.108 Thread 0x000002190c436d10 Unloading class 0x000000010024b400 'java/lang/invoke/LambdaForm$MH+0x000000010024b400'
Event: 2.108 Thread 0x000002190c436d10 Unloading class 0x000000010024b000 'java/lang/invoke/LambdaForm$BMH+0x000000010024b000'
Event: 2.108 Thread 0x000002190c436d10 Unloading class 0x000000010024ac00 'java/lang/invoke/LambdaForm$DMH+0x000000010024ac00'
Event: 2.108 Thread 0x000002190c436d10 Unloading class 0x0000000100248000 'java/lang/invoke/LambdaForm$DMH+0x0000000100248000'

Classes redefined (0 events):
No events

Internal exceptions (20 events):
Event: 1.606 Thread 0x00000219254a4470 Exception <a 'java/lang/NoSuchMethodError'{0x00000000eb8ce038}: 'void java.lang.invoke.DirectMethodHandle$Holder.invokeSpecial(java.lang.Object, java.lang.Object, java.lang.Object, int)'> (0x00000000eb8ce038) 
thrown [s\src\hotspot\share\interpreter\linkResolver.cpp, line 759]
Event: 1.840 Thread 0x00000219254a4470 Exception <a 'java/lang/ClassNotFoundException'{0x00000000ec004b68}: com/sun/org/apache/xerces/internal/impl/msg/spi/DOMMessagesProvider> (0x00000000ec004b68) 
thrown [s\src\hotspot\share\classfile\systemDictionary.cpp, line 256]
Event: 1.842 Thread 0x00000219254a4470 Exception <a 'java/lang/ClassNotFoundException'{0x00000000ec0283c8}: com/sun/org/apache/xerces/internal/impl/msg/spi/XMLSerializerMessagesProvider> (0x00000000ec0283c8) 
thrown [s\src\hotspot\share\classfile\systemDictionary.cpp, line 256]
Event: 1.842 Thread 0x00000219254a4470 Exception <a 'java/lang/ClassNotFoundException'{0x00000000ec041c08}: com/sun/org/apache/xerces/internal/impl/msg/spi/XMLMessagesProvider> (0x00000000ec041c08) 
thrown [s\src\hotspot\share\classfile\systemDictionary.cpp, line 256]
Event: 1.862 Thread 0x00000219254a4470 Exception <a 'java/lang/NoSuchMethodError'{0x00000000ec24ad10}: 'void java.lang.invoke.DirectMethodHandle$Holder.invokeVirtual(java.lang.Object, java.lang.Object)'> (0x00000000ec24ad10) 
thrown [s\src\hotspot\share\interpreter\linkResolver.cpp, line 759]
Event: 1.885 Thread 0x00000219254a4470 Exception <a 'java/lang/NoSuchMethodError'{0x00000000ead4db50}: 'java.lang.Object java.lang.invoke.DirectMethodHandle$Holder.invokeStaticInit(java.lang.Object, int, int, int, int)'> (0x00000000ead4db50) 
thrown [s\src\hotspot\share\interpreter\linkResolver.cpp, line 759]
Event: 1.928 Thread 0x00000219254a4470 Exception <a 'java/lang/NoSuchMethodError'{0x00000000eae9b118}: 'java.lang.Object java.lang.invoke.DirectMethodHandle$Holder.invokeStaticInit(java.lang.Object, java.lang.Object, int, int, int, int)'> (0x00000000eae9b118) 
thrown [s\src\hotspot\share\interpreter\linkResolver.cpp, line 759]
Event: 1.968 Thread 0x00000219254a4470 Exception <a 'java/lang/ClassNotFoundException'{0x00000000eb23aee0}: com/sun/org/apache/xml/internal/serializer/spi/XMLEntitiesProvider> (0x00000000eb23aee0) 
thrown [s\src\hotspot\share\classfile\systemDictionary.cpp, line 256]
Event: 2.018 Thread 0x00000219254a4470 Exception <a 'java/io/FileNotFoundException'{0x00000000eb630788}> (0x00000000eb630788) 
thrown [s\src\hotspot\share\prims\jni.cpp, line 516]
Event: 2.100 Thread 0x00000219254a4470 Exception <a 'java/lang/UnsatisfiedLinkError'{0x00000000eb92d6b0}: 지정된 프로시저를 찾을 수 없습니다.
> (0x00000000eb92d6b0) 
thrown [s\src\hotspot\share\prims\jni.cpp, line 535]
Event: 2.125 Thread 0x00000219254a4470 Exception <a 'java/io/FileNotFoundException'{0x00000000eab00d28}> (0x00000000eab00d28) 
thrown [s\src\hotspot\share\prims\jni.cpp, line 516]
Event: 2.130 Thread 0x00000219254a4470 Exception <a 'java/io/FileNotFoundException'{0x00000000eab88ed8}> (0x00000000eab88ed8) 
thrown [s\src\hotspot\share\prims\jni.cpp, line 516]
Event: 2.135 Thread 0x00000219254a4470 Exception <a 'java/lang/UnsatisfiedLinkError'{0x00000000eac18898}: 지정된 프로시저를 찾을 수 없습니다.
> (0x00000000eac18898) 
thrown [s\src\hotspot\share\prims\jni.cpp, line 535]
Event: 2.196 Thread 0x000002190c38c880 Exception <a 'java/lang/NoSuchMethodError'{0x00000000eb2df0a8}: 'java.lang.Object java.lang.invoke.DirectMethodHandle$Holder.invokeStatic(java.lang.Object, java.lang.Object, long, java.lang.Object)'> (0x00000000eb2df0a8) 
thrown [s\src\hotspot\share\interpreter\linkResolver.cpp, line 759]
Event: 2.196 Thread 0x000002190c38c880 Exception <a 'java/lang/NoSuchMethodError'{0x00000000eb2e2da8}: 'java.lang.Object java.lang.invoke.DirectMethodHandle$Holder.invokeStaticInit(java.lang.Object, java.lang.Object, long, java.lang.Object)'> (0x00000000eb2e2da8) 
thrown [s\src\hotspot\share\interpreter\linkResolver.cpp, line 759]
Event: 2.197 Thread 0x000002190c38c880 Exception <a 'java/lang/NoSuchMethodError'{0x00000000eb2e9610}: 'java.lang.Object java.lang.invoke.DirectMethodHandle$Holder.newInvokeSpecial(java.lang.Object, java.lang.Object, long)'> (0x00000000eb2e9610) 
thrown [s\src\hotspot\share\interpreter\linkResolver.cpp, line 759]
Event: 2.228 Thread 0x000002190c38c880 Exception <a 'java/lang/NoSuchMethodError'{0x00000000eb4a58c8}: 'void java.lang.invoke.DirectMethodHandle$Holder.invokeStatic(java.lang.Object, java.lang.Object, java.lang.Object, java.lang.Object)'> (0x00000000eb4a58c8) 
thrown [s\src\hotspot\share\interpreter\linkResolver.cpp, line 759]
Event: 2.297 Thread 0x000002190c38c880 Exception <a 'java/lang/NoSuchMethodError'{0x00000000ebf21818}: 'void java.lang.invoke.DirectMethodHandle$Holder.invokeSpecial(java.lang.Object, java.lang.Object, java.lang.Object, java.lang.Object, java.lang.Object, java.lang.Object)'> (0x00000000ebf21818) 
thrown [s\src\hotspot\share\interpreter\linkResolver.cpp, line 759]
Event: 2.298 Thread 0x000002190c38c880 Exception <a 'java/lang/IncompatibleClassChangeError'{0x00000000ebf2b460}: Found class java.lang.Object, but interface was expected> (0x00000000ebf2b460) 
thrown [s\src\hotspot\share\interpreter\linkResolver.cpp, line 826]
Event: 2.375 Thread 0x0000021927eab850 Exception <a 'java/lang/NoSuchMethodError'{0x00000000eb046540}: 'java.lang.Object java.lang.invoke.DirectMethodHandle$Holder.invokeSpecialIFC(java.lang.Object, java.lang.Object, java.lang.Object, java.lang.Object)'> (0x00000000eb046540) 
thrown [s\src\hotspot\share\interpreter\linkResolver.cpp, line 759]

VM Operations (20 events):
Event: 1.876 Executing VM operation: HandshakeAllThreads
Event: 1.876 Executing VM operation: HandshakeAllThreads done
Event: 1.923 Executing VM operation: HandshakeAllThreads
Event: 1.923 Executing VM operation: HandshakeAllThreads done
Event: 1.950 Executing VM operation: HandshakeAllThreads
Event: 1.950 Executing VM operation: HandshakeAllThreads done
Event: 1.967 Executing VM operation: HandshakeAllThreads
Event: 1.967 Executing VM operation: HandshakeAllThreads done
Event: 1.969 Executing VM operation: HandshakeAllThreads
Event: 1.969 Executing VM operation: HandshakeAllThreads done
Event: 2.092 Executing VM operation: HandshakeAllThreads
Event: 2.092 Executing VM operation: HandshakeAllThreads done
Event: 2.104 Executing VM operation: CollectForMetadataAllocation
Event: 2.124 Executing VM operation: CollectForMetadataAllocation done
Event: 2.322 Executing VM operation: ParallelGCFailedAllocation
Event: 2.323 Executing VM operation: ParallelGCFailedAllocation done
Event: 2.362 Executing VM operation: HandshakeAllThreads
Event: 2.362 Executing VM operation: HandshakeAllThreads done
Event: 2.382 Executing VM operation: HandshakeAllThreads
Event: 2.382 Executing VM operation: HandshakeAllThreads done

Events (20 events):
Event: 2.438 loading class sun/reflect/annotation/TypeAnnotationParser
Event: 2.439 loading class sun/reflect/annotation/TypeAnnotationParser done
Event: 2.439 loading class sun/reflect/annotation/TypeAnnotation
Event: 2.439 loading class sun/reflect/annotation/TypeAnnotation done
Event: 2.439 loading class sun/reflect/annotation/TypeAnnotation$TypeAnnotationTarget
Event: 2.439 loading class sun/reflect/annotation/TypeAnnotation$TypeAnnotationTarget done
Event: 2.439 loading class sun/reflect/annotation/TypeAnnotation$LocationInfo
Event: 2.439 loading class sun/reflect/annotation/TypeAnnotation$LocationInfo done
Event: 2.439 loading class sun/reflect/annotation/TypeAnnotation$LocationInfo$Location
Event: 2.439 loading class sun/reflect/annotation/TypeAnnotation$LocationInfo$Location done
Event: 2.439 loading class sun/reflect/annotation/AnnotatedTypeFactory
Event: 2.439 loading class sun/reflect/annotation/AnnotatedTypeFactory done
Event: 2.439 loading class sun/reflect/annotation/AnnotatedTypeFactory$AnnotatedTypeBaseImpl
Event: 2.439 loading class sun/reflect/annotation/AnnotatedTypeFactory$AnnotatedTypeBaseImpl done
Event: 2.439 loading class java/util/stream/Streams$ConcatSpliterator$OfRef
Event: 2.440 loading class java/util/stream/Streams$ConcatSpliterator
Event: 2.440 loading class java/util/stream/Streams$ConcatSpliterator done
Event: 2.440 loading class java/util/stream/Streams$ConcatSpliterator$OfRef done
Event: 2.440 loading class java/util/stream/Streams$2
Event: 2.440 loading class java/util/stream/Streams$2 done


Dynamic libraries:
0x00007ff761290000 - 0x00007ff76129e000 	c:\Users\82108\.vscode\extensions\redhat.java-1.24.0-win32-x64\jre\17.0.8.1-win32-x86_64\bin\java.exe
0x00007ffb00110000 - 0x00007ffb00327000 	C:\WINDOWS\SYSTEM32\ntdll.dll
0x00007ffafefa0000 - 0x00007ffaff064000 	C:\WINDOWS\System32\KERNEL32.DLL
0x00007ffafd510000 - 0x00007ffafd8b6000 	C:\WINDOWS\System32\KERNELBASE.dll
0x00007ffafdb20000 - 0x00007ffafdc31000 	C:\WINDOWS\System32\ucrtbase.dll
0x00007ffaeb4d0000 - 0x00007ffaeb4e9000 	c:\Users\82108\.vscode\extensions\redhat.java-1.24.0-win32-x64\jre\17.0.8.1-win32-x86_64\bin\VCRUNTIME140.dll
0x00007ffaedd70000 - 0x00007ffaedd87000 	c:\Users\82108\.vscode\extensions\redhat.java-1.24.0-win32-x64\jre\17.0.8.1-win32-x86_64\bin\jli.dll
0x00007ffafe590000 - 0x00007ffafe73d000 	C:\WINDOWS\System32\USER32.dll
0x00007ffafd9d0000 - 0x00007ffafd9f6000 	C:\WINDOWS\System32\win32u.dll
0x00007ffaff930000 - 0x00007ffaff959000 	C:\WINDOWS\System32\GDI32.dll
0x00007ffae8330000 - 0x00007ffae85c3000 	C:\WINDOWS\WinSxS\amd64_microsoft.windows.common-controls_6595b64144ccf1df_6.0.22621.2361_none_2712ced57382f843\COMCTL32.dll
0x00007ffafda00000 - 0x00007ffafdb18000 	C:\WINDOWS\System32\gdi32full.dll
0x00007ffaff340000 - 0x00007ffaff3e7000 	C:\WINDOWS\System32\msvcrt.dll
0x00007ffafd930000 - 0x00007ffafd9ca000 	C:\WINDOWS\System32\msvcp_win.dll
0x00007ffafffe0000 - 0x00007ffb00011000 	C:\WINDOWS\System32\IMM32.DLL
0x00007ffaf40a0000 - 0x00007ffaf40ac000 	c:\Users\82108\.vscode\extensions\redhat.java-1.24.0-win32-x64\jre\17.0.8.1-win32-x86_64\bin\vcruntime140_1.dll
0x00007ffad75b0000 - 0x00007ffad7641000 	c:\Users\82108\.vscode\extensions\redhat.java-1.24.0-win32-x64\jre\17.0.8.1-win32-x86_64\bin\msvcp140.dll
0x00007ffa98dd0000 - 0x00007ffa99a1c000 	c:\Users\82108\.vscode\extensions\redhat.java-1.24.0-win32-x64\jre\17.0.8.1-win32-x86_64\bin\server\jvm.dll
0x00007ffafded0000 - 0x00007ffafdf80000 	C:\WINDOWS\System32\ADVAPI32.dll
0x00007ffb00020000 - 0x00007ffb000c6000 	C:\WINDOWS\System32\sechost.dll
0x00007ffafe1b0000 - 0x00007ffafe2c7000 	C:\WINDOWS\System32\RPCRT4.dll
0x00007ffafd1b0000 - 0x00007ffafd1fd000 	C:\WINDOWS\SYSTEM32\POWRPROF.dll
0x00007ffaf3f70000 - 0x00007ffaf3fa4000 	C:\WINDOWS\SYSTEM32\WINMM.dll
0x00007ffab9570000 - 0x00007ffab9579000 	C:\WINDOWS\SYSTEM32\WSOCK32.dll
0x00007ffaff8b0000 - 0x00007ffaff921000 	C:\WINDOWS\System32\WS2_32.dll
0x00007ffaf3ab0000 - 0x00007ffaf3aba000 	C:\WINDOWS\SYSTEM32\VERSION.dll
0x00007ffafd190000 - 0x00007ffafd1a3000 	C:\WINDOWS\SYSTEM32\UMPDC.dll
0x00007ffafc430000 - 0x00007ffafc448000 	C:\WINDOWS\SYSTEM32\kernel.appcore.dll
0x00007ffaedb30000 - 0x00007ffaedb3a000 	c:\Users\82108\.vscode\extensions\redhat.java-1.24.0-win32-x64\jre\17.0.8.1-win32-x86_64\bin\jimage.dll
0x00007ffaface0000 - 0x00007ffafaf0e000 	C:\WINDOWS\SYSTEM32\DBGHELP.DLL
0x00007ffaff3f0000 - 0x00007ffaff77a000 	C:\WINDOWS\System32\combase.dll
0x00007ffaff7d0000 - 0x00007ffaff8a7000 	C:\WINDOWS\System32\OLEAUT32.dll
0x00007ffaf1c90000 - 0x00007ffaf1cc2000 	C:\WINDOWS\SYSTEM32\dbgcore.DLL
0x00007ffafd490000 - 0x00007ffafd50a000 	C:\WINDOWS\System32\bcryptPrimitives.dll
0x00007ffaeb5a0000 - 0x00007ffaeb5ae000 	c:\Users\82108\.vscode\extensions\redhat.java-1.24.0-win32-x64\jre\17.0.8.1-win32-x86_64\bin\instrument.dll
0x00007ffae3220000 - 0x00007ffae3245000 	c:\Users\82108\.vscode\extensions\redhat.java-1.24.0-win32-x64\jre\17.0.8.1-win32-x86_64\bin\java.dll
0x00007ffaeaeb0000 - 0x00007ffaeaec8000 	c:\Users\82108\.vscode\extensions\redhat.java-1.24.0-win32-x64\jre\17.0.8.1-win32-x86_64\bin\zip.dll
0x00007ffafe740000 - 0x00007ffafef98000 	C:\WINDOWS\System32\SHELL32.dll
0x00007ffafb3a0000 - 0x00007ffafbc92000 	C:\WINDOWS\SYSTEM32\windows.storage.dll
0x00007ffafb260000 - 0x00007ffafb39e000 	C:\WINDOWS\SYSTEM32\wintypes.dll
0x00007ffaff070000 - 0x00007ffaff163000 	C:\WINDOWS\System32\SHCORE.dll
0x00007ffaff170000 - 0x00007ffaff1ce000 	C:\WINDOWS\System32\shlwapi.dll
0x00007ffafd3c0000 - 0x00007ffafd3e6000 	C:\WINDOWS\SYSTEM32\profapi.dll
0x00007ffae3200000 - 0x00007ffae3219000 	C:\Users\82108\.vscode\extensions\redhat.java-1.24.0-win32-x64\jre\17.0.8.1-win32-x86_64\bin\net.dll
0x00007ffaf6d50000 - 0x00007ffaf6e87000 	C:\WINDOWS\SYSTEM32\WINHTTP.dll
0x00007ffafc900000 - 0x00007ffafc969000 	C:\WINDOWS\system32\mswsock.dll
0x00007ffadec80000 - 0x00007ffadec95000 	C:\Users\82108\.vscode\extensions\redhat.java-1.24.0-win32-x64\jre\17.0.8.1-win32-x86_64\bin\nio.dll
0x00007ffae7d20000 - 0x00007ffae7d30000 	c:\Users\82108\.vscode\extensions\redhat.java-1.24.0-win32-x64\jre\17.0.8.1-win32-x86_64\bin\verify.dll
0x00007ffad6900000 - 0x00007ffad693e000 	C:\Users\82108\AppData\Roaming\Code\User\globalStorage\redhat.java\1.24.0\config_win\org.eclipse.equinox.launcher\org.eclipse.equinox.launcher.win32.win32.x86_64_1.2.700.v20221108-1024\eclipse_11801.dll
0x00007ffafe010000 - 0x00007ffafe1af000 	C:\WINDOWS\System32\ole32.dll
0x00007ffafcc20000 - 0x00007ffafcc3b000 	C:\WINDOWS\SYSTEM32\CRYPTSP.dll
0x00007ffafc3f0000 - 0x00007ffafc425000 	C:\WINDOWS\system32\rsaenh.dll
0x00007ffafc9a0000 - 0x00007ffafc9cc000 	C:\WINDOWS\SYSTEM32\USERENV.dll
0x00007ffafcdb0000 - 0x00007ffafcdd8000 	C:\WINDOWS\SYSTEM32\bcrypt.dll
0x00007ffafcc00000 - 0x00007ffafcc0c000 	C:\WINDOWS\SYSTEM32\CRYPTBASE.dll
0x00007ffafbf40000 - 0x00007ffafbf6d000 	C:\WINDOWS\SYSTEM32\IPHLPAPI.DLL
0x00007ffafe000000 - 0x00007ffafe009000 	C:\WINDOWS\System32\NSI.dll
0x00007ffaf5f00000 - 0x00007ffaf5f19000 	C:\WINDOWS\SYSTEM32\dhcpcsvc6.DLL
0x00007ffaf5ed0000 - 0x00007ffaf5eef000 	C:\WINDOWS\SYSTEM32\dhcpcsvc.DLL
0x00007ffafbf70000 - 0x00007ffafc069000 	C:\WINDOWS\SYSTEM32\DNSAPI.dll
0x00007ffad2790000 - 0x00007ffad27d5000 	C:\Users\82108\AppData\Local\Temp\jna-52165104\jna638651302075574457.dll
0x00007ffaffb40000 - 0x00007ffaffb48000 	C:\WINDOWS\System32\PSAPI.DLL

dbghelp: loaded successfully - version: 4.0.5 - missing functions: none
symbol engine: initialized successfully - sym options: 0x614 - pdb path: .;c:\Users\82108\.vscode\extensions\redhat.java-1.24.0-win32-x64\jre\17.0.8.1-win32-x86_64\bin;C:\WINDOWS\SYSTEM32;C:\WINDOWS\WinSxS\amd64_microsoft.windows.common-controls_6595b64144ccf1df_6.0.22621.2361_none_2712ced57382f843;c:\Users\82108\.vscode\extensions\redhat.java-1.24.0-win32-x64\jre\17.0.8.1-win32-x86_64\bin\server;C:\Users\82108\AppData\Roaming\Code\User\globalStorage\redhat.java\1.24.0\config_win\org.eclipse.equinox.launcher\org.eclipse.equinox.launcher.win32.win32.x86_64_1.2.700.v20221108-1024;C:\Users\82108\AppData\Local\Temp\jna-52165104

VM Arguments:
jvm_args: --add-modules=ALL-SYSTEM --add-opens=java.base/java.util=ALL-UNNAMED --add-opens=java.base/java.lang=ALL-UNNAMED --add-opens=java.base/sun.nio.fs=ALL-UNNAMED -Declipse.application=org.eclipse.jdt.ls.core.id1 -Dosgi.bundles.defaultStartLevel=4 -Declipse.product=org.eclipse.jdt.ls.core.product -Djava.import.generatesMetadataFilesAtProjectRoot=false -DDetectVMInstallationsJob.disabled=true -Dfile.encoding=utf8 -XX:+UseParallelGC -XX:GCTimeRatio=4 -XX:AdaptiveSizePolicyWeight=90 -Dsun.zip.disableMemoryMapping=true -Xmx1G -Xms100m -Xlog:disable -javaagent:c:\Users\82108\.vscode\extensions\redhat.java-1.24.0-win32-x64\lombok\lombok-1.18.30.jar -XX:+HeapDumpOnOutOfMemoryError -XX:HeapDumpPath=c:\Users\82108\AppData\Roaming\Code\User\workspaceStorage\740c66f5cd50fe0a3edb6dcfc964f0d0\redhat.java -Daether.dependencyCollector.impl=bf 
java_command: c:\Users\82108\.vscode\extensions\redhat.java-1.24.0-win32-x64\server\plugins\org.eclipse.equinox.launcher_1.6.500.v20230717-2134.jar -configuration c:\Users\82108\AppData\Roaming\Code\User\globalStorage\redhat.java\1.24.0\config_win -data c:\Users\82108\AppData\Roaming\Code\User\workspaceStorage\740c66f5cd50fe0a3edb6dcfc964f0d0\redhat.java\jdt_ws --stdio
java_class_path (initial): c:\Users\82108\.vscode\extensions\redhat.java-1.24.0-win32-x64\server\plugins\org.eclipse.equinox.launcher_1.6.500.v20230717-2134.jar
Launcher Type: SUN_STANDARD

[Global flags]
    uintx AdaptiveSizePolicyWeight                 = 90                                        {product} {command line}
     intx CICompilerCount                          = 12                                        {product} {ergonomic}
    uintx GCTimeRatio                              = 4                                         {product} {command line}
     bool HeapDumpOnOutOfMemoryError               = true                                   {manageable} {command line}
    ccstr HeapDumpPath                             = c:\Users\82108\AppData\Roaming\Code\User\workspaceStorage\740c66f5cd50fe0a3edb6dcfc964f0d0\redhat.java         {manageable} {command line}
   size_t InitialHeapSize                          = 104857600                                 {product} {command line}
   size_t MaxHeapSize                              = 1073741824                                {product} {command line}
   size_t MaxNewSize                               = 357564416                                 {product} {ergonomic}
   size_t MinHeapDeltaBytes                        = 524288                                    {product} {ergonomic}
   size_t MinHeapSize                              = 104857600                                 {product} {command line}
   size_t NewSize                                  = 34603008                                  {product} {ergonomic}
    uintx NonNMethodCodeHeapSize                   = 7602480                                {pd product} {ergonomic}
    uintx NonProfiledCodeHeapSize                  = 122027880                              {pd product} {ergonomic}
   size_t OldSize                                  = 70254592                                  {product} {ergonomic}
    uintx ProfiledCodeHeapSize                     = 122027880                              {pd product} {ergonomic}
    uintx ReservedCodeCacheSize                    = 251658240                              {pd product} {ergonomic}
     bool SegmentedCodeCache                       = true                                      {product} {ergonomic}
   size_t SoftMaxHeapSize                          = 1073741824                             {manageable} {ergonomic}
     bool UseCompressedClassPointers               = true                           {product lp64_product} {ergonomic}
     bool UseCompressedOops                        = true                           {product lp64_product} {ergonomic}
     bool UseLargePagesIndividualAllocation        = false                                  {pd product} {ergonomic}
     bool UseParallelGC                            = true                                      {product} {command line}

Logging:
Log output configuration:
 #0: stdout all=off uptime,level,tags
 #1: stderr all=off uptime,level,tags

Environment Variables:
PATH=C:\Python312\Scripts\;C:\Python312\;C:\Program Files\Common Files\Oracle\Java\javapath;C:\Python311\Scripts\;C:\Python311\;C:\Program Files (x86)\Razer Chroma SDK\bin;C:\Program Files\Razer Chroma SDK\bin;C:\Program Files (x86)\Razer\ChromaBroadcast\bin;C:\Program Files\Razer\ChromaBroadcast\bin;C:\Windows\system32;C:\Windows;C:\Windows\System32\Wbem;C:\Windows\System32\WindowsPowerShell\v1.0\;C:\Windows\System32\OpenSSH\;C:\Program Files (x86)\NVIDIA Corporation\PhysX\Common;C:\WINDOWS\system32;C:\WINDOWS;C:\WINDOWS\System32\Wbem;C:\WINDOWS\System32\WindowsPowerShell\v1.0\;C:\WINDOWS\System32\OpenSSH\;C:\ProgramData\Anaconda3\Library;C:\Program Files\dotnet\;C:\WINDOWS\system32\config\systemprofile\AppData\Local\Microsoft\WindowsApps;C:\ProgramData\chocolatey\bin;C:\Program Files\MySQL\MySQL Server 8.0\bin;C:\Program Files\Git\cmd;C:\Users\82108\AppData\Local\Android\Sdk\platform-tools\adb;C:\Users\82108\Desktop\graduateProject\flutter\bin;C:\Program Files (x86)\Windows Kits\10\Windows Performance Toolkit\;C:\Program;C:\Program Files\Docker\Docker\resources\bin;C:\Program Files\nodejs;C:\Program Files\PuTTY\;C:\Program Files\nodejs\;C:\Users\82108\AppData\Local\Microsoft\WindowsApps;C:\Program Files\JetBrains\IntelliJ IDEA Community Edition 2022.1.3\bin;;C:\Program Files\JetBrains\IntelliJ IDEA 2022.1.3\bin;;C:\Users\82108\AppData\Local\Programs\Microsoft VS Code\bin;C:\Users\82108\AppData\Roaming\Python\Python311\Scripts;C:\Program Files\nodejs\node_modules\npm\bin;C:\Program Files\Multipass\bin;C:\Users\82108\AppData\Roaming\npm
USERNAME=최준범
OS=Windows_NT
PROCESSOR_IDENTIFIER=AMD64 Family 25 Model 80 Stepping 0, AuthenticAMD
TMP=C:\Users\82108\AppData\Local\Temp
TEMP=C:\Users\82108\AppData\Local\Temp



---------------  S Y S T E M  ---------------

OS:
 Windows 11 , 64 bit Build 22621 (10.0.22621.2428)
OS uptime: 0 days 0:50 hours
Hyper-V role detected

CPU: total 16 (initial active 16) (16 cores per cpu, 2 threads per core) family 25 model 80 stepping 0 microcode 0x0, cx8, cmov, fxsr, ht, mmx, 3dnowpref, sse, sse2, sse3, ssse3, sse4a, sse4.1, sse4.2, popcnt, lzcnt, tsc, tscinvbit, avx, avx2, aes, erms, clmul, bmi1, bmi2, adx, sha, fma, vzeroupper, clflush, clflushopt, hv
Processor Information for all 16 processors :
  Max Mhz: 3301, Current Mhz: 3301, Mhz Limit: 3301

Memory: 4k page, system-wide physical 15776M (1794M free)
TotalPageFile size 18644M (AvailPageFile size 5M)
current process WorkingSet (physical memory assigned to process): 192M, peak: 192M
current process commit charge ("private bytes"): 303M, peak: 304M

vm_info: OpenJDK 64-Bit Server VM (17.0.8.1+1) for windows-amd64 JRE (17.0.8.1+1), built on Aug 23 2023 15:29:17 by "admin" with MS VC++ 16.7 (VS2019)

END.
