#
# There is insufficient memory for the Java Runtime Environment to continue.
# Native memory allocation (malloc) failed to allocate 2097152 bytes for AllocateHeap
# Possible reasons:
#   The system is out of physical RAM or swap space
#   The process is running with CompressedOops enabled, and the Java Heap may be blocking the growth of the native heap
# Possible solutions:
#   Reduce memory load on the system
#   Increase physical memory or swap space
#   Check if swap backing store is full
#   Decrease Java heap size (-Xmx/-Xms)
#   Decrease number of Java threads
#   Decrease Java thread stack sizes (-Xss)
#   Set larger code cache with -XX:ReservedCodeCacheSize=
#   JVM is running with Unscaled Compressed Oops mode in which the Java heap is
#     placed in the first 4GB address space. The Java Heap base address is the
#     maximum limit for the native heap growth. Please use -XX:HeapBaseMinAddress
#     to set the Java Heap base and to place the Java Heap above 4GB virtual address.
# This output file may be truncated or incomplete.
#
#  Out of Memory Error (allocation.cpp:44), pid=29784, tid=9160
#
# JRE version: OpenJDK Runtime Environment Temurin-17.0.8.1+1 (17.0.8.1+1) (build 17.0.8.1+1)
# Java VM: OpenJDK 64-Bit Server VM Temurin-17.0.8.1+1 (17.0.8.1+1, mixed mode, emulated-client, tiered, compressed oops, compressed class ptrs, g1 gc, windows-amd64)
# No core dump will be written. Minidumps are not enabled by default on client versions of Windows
#

---------------  S U M M A R Y ------------

Command Line: -XX:+HeapDumpOnOutOfMemoryError -Xmx1024m -Dsts.lsp.client=vscode -Dsts.log.file=/dev/null -XX:TieredStopAtLevel=1 -Xlog:jni+resolve=off -Dspring.config.location=file:c:\Users\82108\.vscode\extensions\vmware.vscode-spring-boot-1.50.0\language-server\BOOT-INF\classes\application.properties org.springframework.ide.vscode.boot.app.BootLanguageServerBootApp

Host: AMD Ryzen 9 5900HS with Radeon Graphics        , 16 cores, 15G,  Windows 11 , 64 bit Build 22621 (10.0.22621.2428)
Time: Wed Nov 15 23:51:17 2023  Windows 11 , 64 bit Build 22621 (10.0.22621.2428) elapsed time: 73.941984 seconds (0d 0h 1m 13s)

---------------  T H R E A D  ---------------

Current thread (0x00000217726aae10):  VMThread "VM Thread" [stack: 0x0000004b77000000,0x0000004b77100000] [id=9160]

Stack: [0x0000004b77000000,0x0000004b77100000]
Native frames: (J=compiled Java code, j=interpreted, Vv=VM code, C=native code)
V  [jvm.dll+0x678b0a]
V  [jvm.dll+0x835e84]
V  [jvm.dll+0x83762e]
V  [jvm.dll+0x837c93]
V  [jvm.dll+0x24746f]
V  [jvm.dll+0xa697b]
V  [jvm.dll+0x2f7f41]
V  [jvm.dll+0x2f3b80]
V  [jvm.dll+0x2dc1c7]
V  [jvm.dll+0x31f227]
V  [jvm.dll+0x83c15b]
V  [jvm.dll+0x83ce94]
V  [jvm.dll+0x83d3ac]
V  [jvm.dll+0x83d784]
V  [jvm.dll+0x83d850]
V  [jvm.dll+0x7e64ca]
V  [jvm.dll+0x677955]
C  [ucrtbase.dll+0x29363]
C  [KERNEL32.DLL+0x1257d]
C  [ntdll.dll+0x5aa78]

VM_Operation (0x0000004b792fedf0): G1CollectFull, mode: safepoint, requested by thread 0x000002177846a1a0


---------------  P R O C E S S  ---------------

Threads class SMR info:
_java_thread_list=0x000002177961e600, length=24, elements={
0x00000217726da250, 0x00000217726bf980, 0x00000217726e7b60, 0x0000021772718f10,
0x000002177271b500, 0x000002177271bdd0, 0x0000021772720770, 0x000002177272c590,
0x0000021772951eb0, 0x000002177296a660, 0x000002177841bc50, 0x000002177846a1a0,
0x00000217785b68d0, 0x0000021766d54900, 0x00000217781afe20, 0x00000217785dda20,
0x00000217783b4060, 0x00000217783b3b50, 0x00000217783b54a0, 0x00000217783b2c20,
0x00000217783b3640, 0x00000217783b4570, 0x00000217795314a0, 0x0000021779534c50
}

Java Threads: ( => current thread )
  0x00000217726da250 JavaThread "Reference Handler" daemon [_thread_blocked, id=15680, stack(0x0000004b77100000,0x0000004b77200000)]
  0x00000217726bf980 JavaThread "Finalizer" daemon [_thread_blocked, id=28776, stack(0x0000004b77200000,0x0000004b77300000)]
  0x00000217726e7b60 JavaThread "Signal Dispatcher" daemon [_thread_blocked, id=1652, stack(0x0000004b77300000,0x0000004b77400000)]
  0x0000021772718f10 JavaThread "Attach Listener" daemon [_thread_blocked, id=29184, stack(0x0000004b77400000,0x0000004b77500000)]
  0x000002177271b500 JavaThread "Service Thread" daemon [_thread_blocked, id=29452, stack(0x0000004b77500000,0x0000004b77600000)]
  0x000002177271bdd0 JavaThread "Monitor Deflation Thread" daemon [_thread_blocked, id=29064, stack(0x0000004b77600000,0x0000004b77700000)]
  0x0000021772720770 JavaThread "C1 CompilerThread0" daemon [_thread_blocked, id=29044, stack(0x0000004b77700000,0x0000004b77800000)]
  0x000002177272c590 JavaThread "Sweeper thread" daemon [_thread_blocked, id=9948, stack(0x0000004b77800000,0x0000004b77900000)]
  0x0000021772951eb0 JavaThread "Notification Thread" daemon [_thread_blocked, id=22464, stack(0x0000004b77b00000,0x0000004b77c00000)]
  0x000002177296a660 JavaThread "Common-Cleaner" daemon [_thread_blocked, id=27172, stack(0x0000004b77d00000,0x0000004b77e00000)]
  0x000002177841bc50 JavaThread "boundedElastic-evictor-1" daemon [_thread_blocked, id=30288, stack(0x0000004b79100000,0x0000004b79200000)]
  0x000002177846a1a0 JavaThread "pool-11-thread-1" [_thread_blocked, id=30284, stack(0x0000004b79200000,0x0000004b79300000)]
  0x00000217785b68d0 JavaThread "LanguageServerApp-lifecycle" [_thread_blocked, id=30368, stack(0x0000004b79300000,0x0000004b79400000)]
  0x0000021766d54900 JavaThread "DestroyJavaVM" [_thread_blocked, id=28832, stack(0x0000004b76a00000,0x0000004b76b00000)]
  0x00000217781afe20 JavaThread "pool-12-thread-1" [_thread_in_native, id=30372, stack(0x0000004b79400000,0x0000004b79500000)]
  0x00000217785dda20 JavaThread "Simple-Language-Server main thread" daemon [_thread_blocked, id=30380, stack(0x0000004b79500000,0x0000004b79600000)]
  0x00000217783b4060 JavaThread "parallel-1" daemon [_thread_blocked, id=30636, stack(0x0000004b79900000,0x0000004b79a00000)]
  0x00000217783b3b50 JavaThread "pool-5-thread-1" [_thread_blocked, id=30640, stack(0x0000004b79a00000,0x0000004b79b00000)]
  0x00000217783b54a0 JavaThread "parallel-2" daemon [_thread_blocked, id=30644, stack(0x0000004b79b00000,0x0000004b79c00000)]
  0x00000217783b2c20 JavaThread "OkHttp api.spring.io" daemon [_thread_in_native, id=27884, stack(0x0000004b79f00000,0x0000004b7a000000)]
  0x00000217783b3640 JavaThread "Okio Watchdog" daemon [_thread_blocked, id=24768, stack(0x0000004b7a100000,0x0000004b7a200000)]
  0x00000217783b4570 JavaThread "OkHttp api.spring.io" daemon [_thread_in_native, id=23588, stack(0x0000004b7a200000,0x0000004b7a300000)]
  0x00000217795314a0 JavaThread "OkHttp api.spring.io" daemon [_thread_in_native, id=29236, stack(0x0000004b7a400000,0x0000004b7a500000)]
  0x0000021779534c50 JavaThread "OkHttp TaskRunner" daemon [_thread_blocked, id=30964, stack(0x0000004b7a500000,0x0000004b7a600000)]

Other Threads:
=>0x00000217726aae10 VMThread "VM Thread" [stack: 0x0000004b77000000,0x0000004b77100000] [id=9160]
  0x0000021772952390 WatcherThread [stack: 0x0000004b77c00000,0x0000004b77d00000] [id=28792]
  0x0000021766d93950 GCTaskThread "GC Thread#0" [stack: 0x0000004b76b00000,0x0000004b76c00000] [id=29060]
  0x0000021777939690 GCTaskThread "GC Thread#1" [stack: 0x0000004b77f00000,0x0000004b78000000] [id=29872]
  0x000002177789ec30 GCTaskThread "GC Thread#2" [stack: 0x0000004b78000000,0x0000004b78100000] [id=29924]
  0x000002177789eef0 GCTaskThread "GC Thread#3" [stack: 0x0000004b78100000,0x0000004b78200000] [id=29856]
  0x000002177789f1b0 GCTaskThread "GC Thread#4" [stack: 0x0000004b78200000,0x0000004b78300000] [id=29944]
  0x0000021777b61220 GCTaskThread "GC Thread#5" [stack: 0x0000004b78300000,0x0000004b78400000] [id=29820]
  0x0000021777b85750 GCTaskThread "GC Thread#6" [stack: 0x0000004b78400000,0x0000004b78500000] [id=3632]
  0x0000021777efca30 GCTaskThread "GC Thread#7" [stack: 0x0000004b78a00000,0x0000004b78b00000] [id=29960]
  0x0000021777efcfb0 GCTaskThread "GC Thread#8" [stack: 0x0000004b78b00000,0x0000004b78c00000] [id=29728]
  0x0000021777efd7f0 GCTaskThread "GC Thread#9" [stack: 0x0000004b78c00000,0x0000004b78d00000] [id=29936]
  0x0000021777efdab0 GCTaskThread "GC Thread#10" [stack: 0x0000004b78d00000,0x0000004b78e00000] [id=18792]
  0x0000021777efd270 GCTaskThread "GC Thread#11" [stack: 0x0000004b78e00000,0x0000004b78f00000] [id=29884]
  0x0000021777efc1f0 GCTaskThread "GC Thread#12" [stack: 0x0000004b78500000,0x0000004b78600000] [id=29948]
  0x0000021766d9c7b0 ConcurrentGCThread "G1 Main Marker" [stack: 0x0000004b76c00000,0x0000004b76d00000] [id=29800]
  0x0000021766d9d870 ConcurrentGCThread "G1 Conc#0" [stack: 0x0000004b76d00000,0x0000004b76e00000] [id=29608]
  0x0000021777efbf30 ConcurrentGCThread "G1 Conc#1" [stack: 0x0000004b78f00000,0x0000004b79000000] [id=29844]
  0x0000021777efc4b0 ConcurrentGCThread "G1 Conc#2" [stack: 0x0000004b79000000,0x0000004b79100000] [id=29920]
  0x0000021766dfde60 ConcurrentGCThread "G1 Refine#0" [stack: 0x0000004b76e00000,0x0000004b76f00000] [id=29112]
  0x0000021766dfe7a0 ConcurrentGCThread "G1 Service" [stack: 0x0000004b76f00000,0x0000004b77000000] [id=28732]

Threads with active compile tasks:

VM state: at safepoint (normal execution)

VM Mutex/Monitor currently owned by a thread:  ([mutex/lock_event])
[0x0000021764c0dbd0] Threads_lock - owner thread: 0x00000217726aae10
[0x0000021766d52170] Heap_lock - owner thread: 0x000002177846a1a0

Heap address: 0x00000000c0000000, size: 1024 MB, Compressed Oops mode: 32-bit

CDS archive(s) not mapped
Compressed class space mapped at: 0x0000000100000000-0x0000000140000000, reserved size: 1073741824
Narrow klass base: 0x0000000000000000, Narrow klass shift: 3, Narrow klass range: 0x140000000

GC Precious Log:
 CPUs: 16 total, 16 available
 Memory: 15776M
 Large Page Support: Disabled
 NUMA Support: Disabled
 Compressed Oops: Enabled (32-bit)
 Heap Region Size: 1M
 Heap Min Capacity: 8M
 Heap Initial Capacity: 248M
 Heap Max Capacity: 1G
 Pre-touch: Disabled
 Parallel Workers: 13
 Concurrent Workers: 3
 Concurrent Refinement Workers: 13
 Periodic GC: Disabled

Heap:
 garbage-first heap   total 86016K, used 29400K [0x00000000c0000000, 0x0000000100000000)
  region size 1024K, 1 young (1024K), 0 survivors (0K)
 Metaspace       used 57970K, committed 58432K, reserved 1114112K
  class space    used 7154K, committed 7360K, reserved 1048576K

Heap Regions: E=young(eden), S=young(survivor), O=old, HS=humongous(starts), HC=humongous(continues), CS=collection set, F=free, OA=open archive, CA=closed archive, TAMS=top-at-mark-start (previous, next)
|   0|0x00000000c0000000, 0x00000000c00ffff8, 0x00000000c0100000| 99%| O|  |TAMS 0x00000000c00ffff8, 0x00000000c0000000| Untracked 
|   1|0x00000000c0100000, 0x00000000c0200000, 0x00000000c0200000|100%| O|  |TAMS 0x00000000c0200000, 0x00000000c0100000| Untracked 
|   2|0x00000000c0200000, 0x00000000c0300000, 0x00000000c0300000|100%| O|  |TAMS 0x00000000c0300000, 0x00000000c0200000| Untracked 
|   3|0x00000000c0300000, 0x00000000c0400000, 0x00000000c0400000|100%| O|  |TAMS 0x00000000c0400000, 0x00000000c0300000| Untracked 
|   4|0x00000000c0400000, 0x00000000c04fffe0, 0x00000000c0500000| 99%| O|  |TAMS 0x00000000c04fffe0, 0x00000000c0400000| Untracked 
|   5|0x00000000c0500000, 0x00000000c0600000, 0x00000000c0600000|100%| O|  |TAMS 0x00000000c0600000, 0x00000000c0500000| Untracked 
|   6|0x00000000c0600000, 0x00000000c06fffd8, 0x00000000c0700000| 99%| O|  |TAMS 0x00000000c06fffd8, 0x00000000c0600000| Untracked 
|   7|0x00000000c0700000, 0x00000000c0800000, 0x00000000c0800000|100%| O|  |TAMS 0x00000000c0800000, 0x00000000c0700000| Untracked 
|   8|0x00000000c0800000, 0x00000000c0900000, 0x00000000c0900000|100%| O|  |TAMS 0x00000000c0900000, 0x00000000c0800000| Untracked 
|   9|0x00000000c0900000, 0x00000000c09ffff8, 0x00000000c0a00000| 99%| O|  |TAMS 0x00000000c09ffff8, 0x00000000c0900000| Untracked 
|  10|0x00000000c0a00000, 0x00000000c0b00000, 0x00000000c0b00000|100%| O|  |TAMS 0x00000000c0b00000, 0x00000000c0a00000| Untracked 
|  11|0x00000000c0b00000, 0x00000000c0bffff0, 0x00000000c0c00000| 99%| O|  |TAMS 0x00000000c0bffff0, 0x00000000c0b00000| Untracked 
|  12|0x00000000c0c00000, 0x00000000c0cfffe0, 0x00000000c0d00000| 99%| O|  |TAMS 0x00000000c0cfffe0, 0x00000000c0c00000| Untracked 
|  13|0x00000000c0d00000, 0x00000000c0e00000, 0x00000000c0e00000|100%| O|  |TAMS 0x00000000c0e00000, 0x00000000c0d00000| Untracked 
|  14|0x00000000c0e00000, 0x00000000c0f00000, 0x00000000c0f00000|100%| O|  |TAMS 0x00000000c0f00000, 0x00000000c0e00000| Untracked 
|  15|0x00000000c0f00000, 0x00000000c1000000, 0x00000000c1000000|100%| O|  |TAMS 0x00000000c1000000, 0x00000000c0f00000| Untracked 
|  16|0x00000000c1000000, 0x00000000c1100000, 0x00000000c1100000|100%| O|  |TAMS 0x00000000c1100000, 0x00000000c1000000| Untracked 
|  17|0x00000000c1100000, 0x00000000c11fffe0, 0x00000000c1200000| 99%| O|  |TAMS 0x00000000c11fffe0, 0x00000000c1100000| Untracked 
|  18|0x00000000c1200000, 0x00000000c12ffff8, 0x00000000c1300000| 99%| O|  |TAMS 0x00000000c12ffff8, 0x00000000c1200000| Untracked 
|  19|0x00000000c1300000, 0x00000000c13fffd8, 0x00000000c1400000| 99%| O|  |TAMS 0x00000000c13fffd8, 0x00000000c1300000| Untracked 
|  20|0x00000000c1400000, 0x00000000c14fd958, 0x00000000c1500000| 99%| O|  |TAMS 0x00000000c14fd958, 0x00000000c1400000| Untracked 
|  21|0x00000000c1500000, 0x00000000c15d6ea0, 0x00000000c1600000| 83%| O|  |TAMS 0x00000000c1500000, 0x00000000c1500000| Untracked 
|  22|0x00000000c1600000, 0x00000000c16902d8, 0x00000000c1700000| 56%| O|  |TAMS 0x00000000c1600000, 0x00000000c1600000| Untracked 
|  23|0x00000000c1700000, 0x00000000c1800000, 0x00000000c1800000|100%| O|  |TAMS 0x00000000c1800000, 0x00000000c1700000| Untracked 
|  24|0x00000000c1800000, 0x00000000c1900000, 0x00000000c1900000|100%| O|  |TAMS 0x00000000c1900000, 0x00000000c1800000| Untracked 
|  25|0x00000000c1900000, 0x00000000c1900000, 0x00000000c1a00000|  0%| F|  |TAMS 0x00000000c1900000, 0x00000000c1900000| Untracked 
|  26|0x00000000c1a00000, 0x00000000c1af52b0, 0x00000000c1b00000| 95%| O|  |TAMS 0x00000000c1af52b0, 0x00000000c1a00000| Untracked 
|  27|0x00000000c1b00000, 0x00000000c1bfe100, 0x00000000c1c00000| 99%| O|  |TAMS 0x00000000c1bfe100, 0x00000000c1b00000| Untracked 
|  28|0x00000000c1c00000, 0x00000000c1c00000, 0x00000000c1d00000|  0%| F|  |TAMS 0x00000000c1c00000, 0x00000000c1c00000| Untracked 
|  29|0x00000000c1d00000, 0x00000000c1dffff0, 0x00000000c1e00000| 99%| O|  |TAMS 0x00000000c1dffff0, 0x00000000c1d00000| Untracked 
|  30|0x00000000c1e00000, 0x00000000c1e00000, 0x00000000c1f00000|  0%| F|  |TAMS 0x00000000c1e00000, 0x00000000c1e00000| Untracked 
|  31|0x00000000c1f00000, 0x00000000c1f5e350, 0x00000000c2000000| 36%| O|  |TAMS 0x00000000c1f00000, 0x00000000c1f00000| Untracked 
|  32|0x00000000c2000000, 0x00000000c2000000, 0x00000000c2100000|  0%| F|  |TAMS 0x00000000c2000000, 0x00000000c2000000| Untracked 
|  33|0x00000000c2100000, 0x00000000c2100000, 0x00000000c2200000|  0%| F|  |TAMS 0x00000000c2100000, 0x00000000c2100000| Untracked 
|  34|0x00000000c2200000, 0x00000000c2200000, 0x00000000c2300000|  0%| F|  |TAMS 0x00000000c2200000, 0x00000000c2200000| Untracked 
|  35|0x00000000c2300000, 0x00000000c2400000, 0x00000000c2400000|100%| O|  |TAMS 0x00000000c2400000, 0x00000000c2300000| Untracked 
|  36|0x00000000c2400000, 0x00000000c2400000, 0x00000000c2500000|  0%| F|  |TAMS 0x00000000c2400000, 0x00000000c2400000| Untracked 
|  37|0x00000000c2500000, 0x00000000c2500000, 0x00000000c2600000|  0%| F|  |TAMS 0x00000000c2500000, 0x00000000c2500000| Untracked 
|  38|0x00000000c2600000, 0x00000000c2600000, 0x00000000c2700000|  0%| F|  |TAMS 0x00000000c2600000, 0x00000000c2600000| Untracked 
|  39|0x00000000c2700000, 0x00000000c2700000, 0x00000000c2800000|  0%| F|  |TAMS 0x00000000c2700000, 0x00000000c2700000| Untracked 
|  40|0x00000000c2800000, 0x00000000c2800000, 0x00000000c2900000|  0%| F|  |TAMS 0x00000000c2800000, 0x00000000c2800000| Untracked 
|  41|0x00000000c2900000, 0x00000000c2900000, 0x00000000c2a00000|  0%| F|  |TAMS 0x00000000c2900000, 0x00000000c2900000| Untracked 
|  42|0x00000000c2a00000, 0x00000000c2a00000, 0x00000000c2b00000|  0%| F|  |TAMS 0x00000000c2a00000, 0x00000000c2a00000| Untracked 
|  43|0x00000000c2b00000, 0x00000000c2b00000, 0x00000000c2c00000|  0%| F|  |TAMS 0x00000000c2b00000, 0x00000000c2b00000| Untracked 
|  44|0x00000000c2c00000, 0x00000000c2c00000, 0x00000000c2d00000|  0%| F|  |TAMS 0x00000000c2c00000, 0x00000000c2c00000| Untracked 
|  45|0x00000000c2d00000, 0x00000000c2d00000, 0x00000000c2e00000|  0%| F|  |TAMS 0x00000000c2d00000, 0x00000000c2d00000| Untracked 
|  46|0x00000000c2e00000, 0x00000000c2e00000, 0x00000000c2f00000|  0%| F|  |TAMS 0x00000000c2e00000, 0x00000000c2e00000| Untracked 
|  47|0x00000000c2f00000, 0x00000000c2f00000, 0x00000000c3000000|  0%| F|  |TAMS 0x00000000c2f00000, 0x00000000c2f00000| Untracked 
|  48|0x00000000c3000000, 0x00000000c3000000, 0x00000000c3100000|  0%| F|  |TAMS 0x00000000c3000000, 0x00000000c3000000| Untracked 
|  49|0x00000000c3100000, 0x00000000c3100000, 0x00000000c3200000|  0%| F|  |TAMS 0x00000000c3100000, 0x00000000c3100000| Untracked 
|  50|0x00000000c3200000, 0x00000000c3200000, 0x00000000c3300000|  0%| F|  |TAMS 0x00000000c3200000, 0x00000000c3200000| Untracked 
|  51|0x00000000c3300000, 0x00000000c3300000, 0x00000000c3400000|  0%| F|  |TAMS 0x00000000c3300000, 0x00000000c3300000| Untracked 
|  52|0x00000000c3400000, 0x00000000c3400000, 0x00000000c3500000|  0%| F|  |TAMS 0x00000000c3400000, 0x00000000c3400000| Untracked 
|  53|0x00000000c3500000, 0x00000000c3500000, 0x00000000c3600000|  0%| F|  |TAMS 0x00000000c3500000, 0x00000000c3500000| Untracked 
|  54|0x00000000c3600000, 0x00000000c3600000, 0x00000000c3700000|  0%| F|  |TAMS 0x00000000c3600000, 0x00000000c3600000| Untracked 
|  55|0x00000000c3700000, 0x00000000c3700000, 0x00000000c3800000|  0%| F|  |TAMS 0x00000000c3700000, 0x00000000c3700000| Untracked 
|  56|0x00000000c3800000, 0x00000000c3800000, 0x00000000c3900000|  0%| F|  |TAMS 0x00000000c3800000, 0x00000000c3800000| Untracked 
|  57|0x00000000c3900000, 0x00000000c3900000, 0x00000000c3a00000|  0%| F|  |TAMS 0x00000000c3900000, 0x00000000c3900000| Untracked 
|  58|0x00000000c3a00000, 0x00000000c3a00000, 0x00000000c3b00000|  0%| F|  |TAMS 0x00000000c3a00000, 0x00000000c3a00000| Untracked 
|  59|0x00000000c3b00000, 0x00000000c3b00000, 0x00000000c3c00000|  0%| F|  |TAMS 0x00000000c3b00000, 0x00000000c3b00000| Untracked 
|  60|0x00000000c3c00000, 0x00000000c3c00000, 0x00000000c3d00000|  0%| F|  |TAMS 0x00000000c3c00000, 0x00000000c3c00000| Untracked 
|  61|0x00000000c3d00000, 0x00000000c3d00000, 0x00000000c3e00000|  0%| F|  |TAMS 0x00000000c3d00000, 0x00000000c3d00000| Untracked 
|  62|0x00000000c3e00000, 0x00000000c3e00000, 0x00000000c3f00000|  0%| F|  |TAMS 0x00000000c3e00000, 0x00000000c3e00000| Untracked 
|  63|0x00000000c3f00000, 0x00000000c3f00000, 0x00000000c4000000|  0%| F|  |TAMS 0x00000000c3f00000, 0x00000000c3f00000| Untracked 
|  64|0x00000000c4000000, 0x00000000c4000000, 0x00000000c4100000|  0%| F|  |TAMS 0x00000000c4000000, 0x00000000c4000000| Untracked 
|  65|0x00000000c4100000, 0x00000000c4100000, 0x00000000c4200000|  0%| F|  |TAMS 0x00000000c4100000, 0x00000000c4100000| Untracked 
|  66|0x00000000c4200000, 0x00000000c4200000, 0x00000000c4300000|  0%| F|  |TAMS 0x00000000c4200000, 0x00000000c4200000| Untracked 
|  67|0x00000000c4300000, 0x00000000c4300000, 0x00000000c4400000|  0%| F|  |TAMS 0x00000000c4300000, 0x00000000c4300000| Untracked 
|  68|0x00000000c4400000, 0x00000000c4400000, 0x00000000c4500000|  0%| F|  |TAMS 0x00000000c4400000, 0x00000000c4400000| Untracked 
|  69|0x00000000c4500000, 0x00000000c4500000, 0x00000000c4600000|  0%| F|  |TAMS 0x00000000c4500000, 0x00000000c4500000| Untracked 
|  70|0x00000000c4600000, 0x00000000c4600000, 0x00000000c4700000|  0%| F|  |TAMS 0x00000000c4600000, 0x00000000c4600000| Untracked 
|  71|0x00000000c4700000, 0x00000000c4700000, 0x00000000c4800000|  0%| F|  |TAMS 0x00000000c4700000, 0x00000000c4700000| Untracked 
|  72|0x00000000c4800000, 0x00000000c4800000, 0x00000000c4900000|  0%| F|  |TAMS 0x00000000c4800000, 0x00000000c4800000| Untracked 
|  73|0x00000000c4900000, 0x00000000c4900000, 0x00000000c4a00000|  0%| F|  |TAMS 0x00000000c4900000, 0x00000000c4900000| Untracked 
|  74|0x00000000c4a00000, 0x00000000c4a00000, 0x00000000c4b00000|  0%| F|  |TAMS 0x00000000c4a00000, 0x00000000c4a00000| Untracked 
|  75|0x00000000c4b00000, 0x00000000c4b00000, 0x00000000c4c00000|  0%| F|  |TAMS 0x00000000c4b00000, 0x00000000c4b00000| Untracked 
|  76|0x00000000c4c00000, 0x00000000c4c00000, 0x00000000c4d00000|  0%| F|  |TAMS 0x00000000c4c00000, 0x00000000c4c00000| Untracked 
|  77|0x00000000c4d00000, 0x00000000c4d00000, 0x00000000c4e00000|  0%| F|  |TAMS 0x00000000c4d00000, 0x00000000c4d00000| Untracked 
|  78|0x00000000c4e00000, 0x00000000c4e00000, 0x00000000c4f00000|  0%| F|  |TAMS 0x00000000c4e00000, 0x00000000c4e00000| Untracked 
|  79|0x00000000c4f00000, 0x00000000c4f00000, 0x00000000c5000000|  0%| F|  |TAMS 0x00000000c4f00000, 0x00000000c4f00000| Untracked 
|  80|0x00000000c5000000, 0x00000000c5000000, 0x00000000c5100000|  0%| F|  |TAMS 0x00000000c5000000, 0x00000000c5000000| Untracked 
| 215|0x00000000cd700000, 0x00000000cd700000, 0x00000000cd800000|  0%| F|  |TAMS 0x00000000cd700000, 0x00000000cd700000| Untracked 
| 216|0x00000000cd800000, 0x00000000cd800000, 0x00000000cd900000|  0%| F|  |TAMS 0x00000000cd800000, 0x00000000cd800000| Untracked 
| 247|0x00000000cf700000, 0x00000000cf73cb50, 0x00000000cf800000| 23%| E|  |TAMS 0x00000000cf700000, 0x00000000cf700000| Complete 

Card table byte_map: [0x000002176d240000,0x000002176d440000] _byte_map_base: 0x000002176cc40000

Marking Bits (Prev, Next): (CMBitMap*) 0x0000021766d93ec0, (CMBitMap*) 0x0000021766d93e80
 Prev Bits: [0x000002176e640000, 0x000002176f640000)
 Next Bits: [0x000002176d640000, 0x000002176e640000)

Polling page: 0x0000021766500000

Metaspace:

Usage:
  Non-class:     49.62 MB used.
      Class:      6.99 MB used.
       Both:     56.61 MB used.

Virtual space:
  Non-class space:       64.00 MB reserved,      49.88 MB ( 78%) committed,  1 nodes.
      Class space:        1.00 GB reserved,       7.19 MB ( <1%) committed,  1 nodes.
             Both:        1.06 GB reserved,      57.06 MB (  5%) committed. 

Chunk freelists:
   Non-Class:  13.57 MB
       Class:  8.70 MB
        Both:  22.27 MB

MaxMetaspaceSize: unlimited
CompressedClassSpaceSize: 1.00 GB
Initial GC threshold: 21.00 MB
Current GC threshold: 95.12 MB
CDS: off
MetaspaceReclaimPolicy: balanced
 - commit_granule_bytes: 65536.
 - commit_granule_words: 8192.
 - virtual_space_node_default_size: 8388608.
 - enlarge_chunks_in_place: 1.
 - new_chunks_are_fully_committed: 0.
 - uncommit_free_chunks: 1.
 - use_allocation_guard: 0.
 - handle_deallocations: 1.


Internal statistics:

num_allocs_failed_limit: 6.
num_arena_births: 614.
num_arena_deaths: 0.
num_vsnodes_births: 2.
num_vsnodes_deaths: 0.
num_space_committed: 913.
num_space_uncommitted: 0.
num_chunks_returned_to_freelist: 6.
num_chunks_taken_from_freelist: 2380.
num_chunk_merges: 0.
num_chunk_splits: 1693.
num_chunks_enlarged: 1299.
num_inconsistent_stats: 0.

CodeCache: size=49152Kb used=12631Kb max_used=16536Kb free=36520Kb
 bounds [0x00000217699c0000, 0x000002176a9f0000, 0x000002176c9c0000]
 total_blobs=7461 nmethods=6784 adapters=600
 compilation: enabled
              stopped_count=0, restarted_count=0
 full_count=0

Compilation events (20 events):
Event: 42.755 Thread 0x00000217779381d0 nmethod 6770 0x0000021769b61e90 code [0x0000021769b620c0, 0x0000021769b62a48]
Event: 42.755 Thread 0x0000021777e70f60 6774       1       java.lang.invoke.InvokerBytecodeGenerator::emitReturn (107 bytes)
Event: 42.755 Thread 0x0000021777e6f850 nmethod 6772 0x0000021769b61610 code [0x0000021769b61820, 0x0000021769b61cb8]
Event: 42.755 Thread 0x0000021772720770 6776       1       java.lang.invoke.InvokerBytecodeGenerator::bogusMethod (74 bytes)
Event: 42.755 Thread 0x0000021777e6f850 6777   !   1       java.lang.invoke.InvokerBytecodeGenerator::toByteArray (18 bytes)
Event: 42.755 Thread 0x00000217779381d0 6780       1       java.lang.invoke.InvokerBytecodeGenerator::maybeDump (15 bytes)
Event: 42.755 Thread 0x0000021772720770 nmethod 6776 0x0000021769b61310 code [0x0000021769b614a0, 0x0000021769b61558]
Event: 42.755 Thread 0x00000217779381d0 nmethod 6780 0x0000021769b61010 code [0x0000021769b611a0, 0x0000021769b61258]
Event: 42.755 Thread 0x0000021777e6f850 nmethod 6777 0x0000021769b60b90 code [0x0000021769b60d40, 0x0000021769b60e98]
Event: 42.755 Thread 0x0000021777e6f850 6782       1       java.lang.invoke.InvokerBytecodeGenerator::classDataValues (265 bytes)
Event: 42.755 Thread 0x0000021772720770 6781       1       java.lang.invoke.InvokerBytecodeGenerator::loadMethod (33 bytes)
Event: 42.755 Thread 0x00000217779381d0 6783       1       java.lang.invoke.MethodHandleNatives::classData (17 bytes)
Event: 42.756 Thread 0x0000021777e70f60 nmethod 6774 0x0000021769b60490 code [0x0000021769b60680, 0x0000021769b60928]
Event: 42.756 Thread 0x00000217779381d0 nmethod 6783 0x0000021769b60090 code [0x0000021769b60240, 0x0000021769b603b8]
Event: 42.756 Thread 0x0000021777e70f60 6784       1       java.lang.System$2::classData (5 bytes)
Event: 42.756 Thread 0x0000021777e70f60 nmethod 6784 0x0000021769b5fd90 code [0x0000021769b5ff20, 0x0000021769b5fff8]
Event: 42.756 Thread 0x0000021772720770 nmethod 6781 0x0000021769b5f790 code [0x0000021769b5f960, 0x0000021769b5fbf8]
Event: 42.756 Thread 0x0000021777e6f850 nmethod 6782 0x0000021769b5d790 code [0x0000021769b5db20, 0x0000021769b5ef38]
Event: 42.891 Thread 0x00000217779381d0 6785       1       java.util.logging.LogManager::getProperty (9 bytes)
Event: 42.909 Thread 0x00000217779381d0 nmethod 6785 0x0000021769b5d490 code [0x0000021769b5d620, 0x0000021769b5d708]

GC Heap History (20 events):
Event: 3.666 GC heap before
{Heap before GC invocations=11 (full 0):
 garbage-first heap   total 81920K, used 62036K [0x00000000c0000000, 0x0000000100000000)
  region size 1024K, 40 young (40960K), 6 survivors (6144K)
 Metaspace       used 47725K, committed 48256K, reserved 1114112K
  class space    used 5883K, committed 6144K, reserved 1048576K
}
Event: 3.669 GC heap after
{Heap after GC invocations=12 (full 0):
 garbage-first heap   total 81920K, used 34124K [0x00000000c0000000, 0x0000000100000000)
  region size 1024K, 5 young (5120K), 5 survivors (5120K)
 Metaspace       used 47725K, committed 48256K, reserved 1114112K
  class space    used 5883K, committed 6144K, reserved 1048576K
}
Event: 3.816 GC heap before
{Heap before GC invocations=12 (full 0):
 garbage-first heap   total 81920K, used 60748K [0x00000000c0000000, 0x0000000100000000)
  region size 1024K, 32 young (32768K), 5 survivors (5120K)
 Metaspace       used 50060K, committed 50496K, reserved 1114112K
  class space    used 6190K, committed 6400K, reserved 1048576K
}
Event: 3.819 GC heap after
{Heap after GC invocations=13 (full 0):
 garbage-first heap   total 81920K, used 38062K [0x00000000c0000000, 0x0000000100000000)
  region size 1024K, 4 young (4096K), 4 survivors (4096K)
 Metaspace       used 50060K, committed 50496K, reserved 1114112K
  class space    used 6190K, committed 6400K, reserved 1048576K
}
Event: 4.087 GC heap before
{Heap before GC invocations=13 (full 0):
 garbage-first heap   total 81920K, used 61614K [0x00000000c0000000, 0x0000000100000000)
  region size 1024K, 28 young (28672K), 4 survivors (4096K)
 Metaspace       used 54681K, committed 55104K, reserved 1114112K
  class space    used 6752K, committed 6976K, reserved 1048576K
}
Event: 4.089 GC heap after
{Heap after GC invocations=14 (full 0):
 garbage-first heap   total 81920K, used 39901K [0x00000000c0000000, 0x0000000100000000)
  region size 1024K, 2 young (2048K), 2 survivors (2048K)
 Metaspace       used 54681K, committed 55104K, reserved 1114112K
  class space    used 6752K, committed 6976K, reserved 1048576K
}
Event: 4.399 GC heap before
{Heap before GC invocations=14 (full 0):
 garbage-first heap   total 81920K, used 63453K [0x00000000c0000000, 0x0000000100000000)
  region size 1024K, 26 young (26624K), 2 survivors (2048K)
 Metaspace       used 55696K, committed 56192K, reserved 1114112K
  class space    used 6876K, committed 7104K, reserved 1048576K
}
Event: 4.401 GC heap after
{Heap after GC invocations=15 (full 0):
 garbage-first heap   total 81920K, used 42253K [0x00000000c0000000, 0x0000000100000000)
  region size 1024K, 4 young (4096K), 4 survivors (4096K)
 Metaspace       used 55696K, committed 56192K, reserved 1114112K
  class space    used 6876K, committed 7104K, reserved 1048576K
}
Event: 4.666 GC heap before
{Heap before GC invocations=16 (full 0):
 garbage-first heap   total 81920K, used 65805K [0x00000000c0000000, 0x0000000100000000)
  region size 1024K, 27 young (27648K), 4 survivors (4096K)
 Metaspace       used 55816K, committed 56320K, reserved 1114112K
  class space    used 6892K, committed 7104K, reserved 1048576K
}
Event: 4.669 GC heap after
{Heap after GC invocations=17 (full 0):
 garbage-first heap   total 81920K, used 45439K [0x00000000c0000000, 0x0000000100000000)
  region size 1024K, 4 young (4096K), 4 survivors (4096K)
 Metaspace       used 55816K, committed 56320K, reserved 1114112K
  class space    used 6892K, committed 7104K, reserved 1048576K
}
Event: 4.790 GC heap before
{Heap before GC invocations=17 (full 0):
 garbage-first heap   total 81920K, used 63871K [0x00000000c0000000, 0x0000000100000000)
  region size 1024K, 23 young (23552K), 4 survivors (4096K)
 Metaspace       used 55987K, committed 56448K, reserved 1114112K
  class space    used 6911K, committed 7104K, reserved 1048576K
}
Event: 4.792 GC heap after
{Heap after GC invocations=18 (full 0):
 garbage-first heap   total 81920K, used 47478K [0x00000000c0000000, 0x0000000100000000)
  region size 1024K, 3 young (3072K), 3 survivors (3072K)
 Metaspace       used 55987K, committed 56448K, reserved 1114112K
  class space    used 6911K, committed 7104K, reserved 1048576K
}
Event: 5.153 GC heap before
{Heap before GC invocations=19 (full 0):
 garbage-first heap   total 86016K, used 64886K [0x00000000c0000000, 0x0000000100000000)
  region size 1024K, 21 young (21504K), 3 survivors (3072K)
 Metaspace       used 57491K, committed 57920K, reserved 1114112K
  class space    used 7092K, committed 7296K, reserved 1048576K
}
Event: 5.155 GC heap after
{Heap after GC invocations=20 (full 0):
 garbage-first heap   total 86016K, used 47148K [0x00000000c0000000, 0x0000000100000000)
  region size 1024K, 1 young (1024K), 1 survivors (1024K)
 Metaspace       used 57491K, committed 57920K, reserved 1114112K
  class space    used 7092K, committed 7296K, reserved 1048576K
}
Event: 42.891 GC heap before
{Heap before GC invocations=20 (full 0):
 garbage-first heap   total 86016K, used 51244K [0x00000000c0000000, 0x0000000100000000)
  region size 1024K, 6 young (6144K), 1 survivors (1024K)
 Metaspace       used 57969K, committed 58432K, reserved 1114112K
  class space    used 7154K, committed 7360K, reserved 1048576K
}
Event: 42.909 GC heap after
{Heap after GC invocations=21 (full 1):
 garbage-first heap   total 86016K, used 35311K [0x00000000c0000000, 0x0000000100000000)
  region size 1024K, 0 young (0K), 0 survivors (0K)
 Metaspace       used 57969K, committed 58432K, reserved 1114112K
  class space    used 7154K, committed 7360K, reserved 1048576K
}
Event: 53.467 GC heap before
{Heap before GC invocations=21 (full 1):
 garbage-first heap   total 86016K, used 35311K [0x00000000c0000000, 0x0000000100000000)
  region size 1024K, 1 young (1024K), 0 survivors (0K)
 Metaspace       used 57969K, committed 58432K, reserved 1114112K
  class space    used 7154K, committed 7360K, reserved 1048576K
}
Event: 53.489 GC heap after
{Heap after GC invocations=22 (full 2):
 garbage-first heap   total 86016K, used 29399K [0x00000000c0000000, 0x0000000100000000)
  region size 1024K, 0 young (0K), 0 survivors (0K)
 Metaspace       used 57969K, committed 58432K, reserved 1114112K
  class space    used 7154K, committed 7360K, reserved 1048576K
}
Event: 63.724 GC heap before
{Heap before GC invocations=22 (full 2):
 garbage-first heap   total 86016K, used 29399K [0x00000000c0000000, 0x0000000100000000)
  region size 1024K, 1 young (1024K), 0 survivors (0K)
 Metaspace       used 57970K, committed 58432K, reserved 1114112K
  class space    used 7154K, committed 7360K, reserved 1048576K
}
Event: 63.753 GC heap after
{Heap after GC invocations=23 (full 3):
 garbage-first heap   total 86016K, used 29400K [0x00000000c0000000, 0x0000000100000000)
  region size 1024K, 0 young (0K), 0 survivors (0K)
 Metaspace       used 57970K, committed 58432K, reserved 1114112K
  class space    used 7154K, committed 7360K, reserved 1048576K
}

Dll operation events (9 events):
Event: 0.012 Loaded shared library c:\Users\82108\.vscode\extensions\redhat.java-1.24.0-win32-x64\jre\17.0.8.1-win32-x86_64\bin\java.dll
Event: 0.224 Loaded shared library C:\Users\82108\.vscode\extensions\redhat.java-1.24.0-win32-x64\jre\17.0.8.1-win32-x86_64\bin\net.dll
Event: 0.228 Loaded shared library C:\Users\82108\.vscode\extensions\redhat.java-1.24.0-win32-x64\jre\17.0.8.1-win32-x86_64\bin\nio.dll
Event: 0.237 Loaded shared library C:\Users\82108\.vscode\extensions\redhat.java-1.24.0-win32-x64\jre\17.0.8.1-win32-x86_64\bin\zip.dll
Event: 0.688 Loaded shared library C:\Users\82108\.vscode\extensions\redhat.java-1.24.0-win32-x64\jre\17.0.8.1-win32-x86_64\bin\jimage.dll
Event: 2.423 Loaded shared library c:\Users\82108\.vscode\extensions\redhat.java-1.24.0-win32-x64\jre\17.0.8.1-win32-x86_64\bin\verify.dll
Event: 2.758 Loaded shared library C:\Users\82108\.vscode\extensions\redhat.java-1.24.0-win32-x64\jre\17.0.8.1-win32-x86_64\bin\management.dll
Event: 2.760 Loaded shared library C:\Users\82108\.vscode\extensions\redhat.java-1.24.0-win32-x64\jre\17.0.8.1-win32-x86_64\bin\management_ext.dll
Event: 3.694 Loaded shared library C:\Users\82108\.vscode\extensions\redhat.java-1.24.0-win32-x64\jre\17.0.8.1-win32-x86_64\bin\sunmscapi.dll

Deoptimization events (20 events):
Event: 3.835 Thread 0x00000217783b3b50 DEOPT PACKING pc=0x000002176a60586e sp=0x0000004b79afe000
Event: 3.835 Thread 0x00000217783b3b50 DEOPT UNPACKING pc=0x0000021769a17143 sp=0x0000004b79afd4f8 mode 3
Event: 4.184 Thread 0x00000217783b3b50 DEOPT PACKING pc=0x000002176a706d4f sp=0x0000004b79afdef0
Event: 4.184 Thread 0x00000217783b3b50 DEOPT UNPACKING pc=0x0000021769a17143 sp=0x0000004b79afd3e0 mode 3
Event: 4.499 Thread 0x00000217783b3b50 DEOPT PACKING pc=0x000002176a86bd36 sp=0x0000004b79afd6e0
Event: 4.499 Thread 0x00000217783b3b50 DEOPT UNPACKING pc=0x0000021769a17143 sp=0x0000004b79afcbd8 mode 3
Event: 4.666 Thread 0x00000217783b3b50 DEOPT PACKING pc=0x000002176a1961d2 sp=0x0000004b79afde80
Event: 4.666 Thread 0x00000217783b3b50 DEOPT UNPACKING pc=0x0000021769a17143 sp=0x0000004b79afd388 mode 3
Event: 4.765 Thread 0x00000217783b3b50 DEOPT PACKING pc=0x000002176a8dbfa0 sp=0x0000004b79afd0d0
Event: 4.765 Thread 0x00000217783b3b50 DEOPT UNPACKING pc=0x0000021769a17143 sp=0x0000004b79afc550 mode 3
Event: 4.784 Thread 0x00000217783b3b50 DEOPT PACKING pc=0x000002176a630278 sp=0x0000004b79afbad0
Event: 4.784 Thread 0x00000217783b3b50 DEOPT UNPACKING pc=0x0000021769a17143 sp=0x0000004b79afaf88 mode 3
Event: 4.784 Thread 0x00000217783b3b50 DEOPT PACKING pc=0x000002176a632004 sp=0x0000004b79afb9e0
Event: 4.784 Thread 0x00000217783b3b50 DEOPT UNPACKING pc=0x0000021769a17143 sp=0x0000004b79afaec0 mode 3
Event: 4.903 Thread 0x00000217783b3b50 DEOPT PACKING pc=0x000002176a836d8c sp=0x0000004b79afe540
Event: 4.903 Thread 0x00000217783b3b50 DEOPT UNPACKING pc=0x0000021769a17143 sp=0x0000004b79afdac0 mode 0
Event: 4.903 Thread 0x00000217783b3b50 DEOPT PACKING pc=0x000002176a836d8c sp=0x0000004b79afe7a0
Event: 4.903 Thread 0x00000217783b3b50 DEOPT UNPACKING pc=0x0000021769a17143 sp=0x0000004b79afdd20 mode 0
Event: 4.907 Thread 0x00000217783b3b50 DEOPT PACKING pc=0x000002176a836d8c sp=0x0000004b79afec20
Event: 4.907 Thread 0x00000217783b3b50 DEOPT UNPACKING pc=0x0000021769a17143 sp=0x0000004b79afe1a0 mode 0

Classes unloaded (0 events):
No events

Classes redefined (0 events):
No events

Internal exceptions (20 events):
Event: 4.184 Thread 0x00000217783b3b50 Implicit null exception at 0x000002176a706790 to 0x000002176a706d4a
Event: 4.499 Thread 0x00000217783b3b50 Implicit null exception at 0x000002176a86b1e2 to 0x000002176a86bd31
Event: 4.765 Thread 0x00000217783b3b50 Implicit null exception at 0x000002176a8dbd5a to 0x000002176a8dbf9b
Event: 4.784 Thread 0x00000217783b3b50 Implicit null exception at 0x000002176a62fc8a to 0x000002176a630273
Event: 4.784 Thread 0x00000217783b3b50 Implicit null exception at 0x000002176a631b0f to 0x000002176a631fff
Event: 4.843 Thread 0x00000217783b3b50 Exception <a 'java/lang/NoSuchMethodError'{0x00000000c50bc9c8}: 'int java.lang.invoke.DirectMethodHandle$Holder.invokeStatic(java.lang.Object, int, java.lang.Object)'> (0x00000000c50bc9c8) 
thrown [s\src\hotspot\share\interpreter\linkResolver.cpp, line 759]
Event: 4.949 Thread 0x00000217783b3b50 Exception <a 'sun/nio/fs/WindowsException'{0x00000000c4581bd8}> (0x00000000c4581bd8) 
thrown [s\src\hotspot\share\prims\jni.cpp, line 516]
Event: 4.949 Thread 0x00000217783b3b50 Exception <a 'sun/nio/fs/WindowsException'{0x00000000c45831c8}> (0x00000000c45831c8) 
thrown [s\src\hotspot\share\prims\jni.cpp, line 516]
Event: 4.949 Thread 0x00000217783b3b50 Exception <a 'sun/nio/fs/WindowsException'{0x00000000c4584708}> (0x00000000c4584708) 
thrown [s\src\hotspot\share\prims\jni.cpp, line 516]
Event: 4.949 Thread 0x00000217783b3b50 Exception <a 'sun/nio/fs/WindowsException'{0x00000000c4585bc8}> (0x00000000c4585bc8) 
thrown [s\src\hotspot\share\prims\jni.cpp, line 516]
Event: 4.949 Thread 0x00000217783b3b50 Exception <a 'sun/nio/fs/WindowsException'{0x00000000c45872a0}> (0x00000000c45872a0) 
thrown [s\src\hotspot\share\prims\jni.cpp, line 516]
Event: 4.949 Thread 0x00000217783b3b50 Exception <a 'sun/nio/fs/WindowsException'{0x00000000c4588a18}> (0x00000000c4588a18) 
thrown [s\src\hotspot\share\prims\jni.cpp, line 516]
Event: 4.950 Thread 0x00000217783b3b50 Exception <a 'sun/nio/fs/WindowsException'{0x00000000c4590758}> (0x00000000c4590758) 
thrown [s\src\hotspot\share\prims\jni.cpp, line 516]
Event: 4.950 Thread 0x00000217783b3b50 Exception <a 'sun/nio/fs/WindowsException'{0x00000000c4591d48}> (0x00000000c4591d48) 
thrown [s\src\hotspot\share\prims\jni.cpp, line 516]
Event: 4.950 Thread 0x00000217783b3b50 Exception <a 'sun/nio/fs/WindowsException'{0x00000000c4593288}> (0x00000000c4593288) 
thrown [s\src\hotspot\share\prims\jni.cpp, line 516]
Event: 4.950 Thread 0x00000217783b3b50 Exception <a 'sun/nio/fs/WindowsException'{0x00000000c4594748}> (0x00000000c4594748) 
thrown [s\src\hotspot\share\prims\jni.cpp, line 516]
Event: 4.950 Thread 0x00000217783b3b50 Exception <a 'sun/nio/fs/WindowsException'{0x00000000c4595e20}> (0x00000000c4595e20) 
thrown [s\src\hotspot\share\prims\jni.cpp, line 516]
Event: 4.951 Thread 0x00000217783b3b50 Exception <a 'sun/nio/fs/WindowsException'{0x00000000c4597598}> (0x00000000c4597598) 
thrown [s\src\hotspot\share\prims\jni.cpp, line 516]
Event: 42.753 Thread 0x000002177846a1a0 Exception <a 'java/lang/NoSuchMethodError'{0x00000000c4f329d8}: 'void java.lang.invoke.DirectMethodHandle$Holder.invokeStatic(java.lang.Object, long)'> (0x00000000c4f329d8) 
thrown [s\src\hotspot\share\interpreter\linkResolver.cpp, line 759]
Event: 42.753 Thread 0x000002177846a1a0 Exception <a 'java/lang/NoSuchMethodError'{0x00000000c4f37d80}: 'java.lang.Object java.lang.invoke.DirectMethodHandle$Holder.newInvokeSpecial(java.lang.Object, long)'> (0x00000000c4f37d80) 
thrown [s\src\hotspot\share\interpreter\linkResolver.cpp, line 759]

VM Operations (20 events):
Event: 4.965 Executing VM operation: HandshakeAllThreads done
Event: 5.153 Executing VM operation: G1CollectForAllocation
Event: 5.155 Executing VM operation: G1CollectForAllocation done
Event: 5.598 Executing VM operation: HandshakeAllThreads
Event: 5.598 Executing VM operation: HandshakeAllThreads done
Event: 6.599 Executing VM operation: Cleanup
Event: 6.599 Executing VM operation: Cleanup done
Event: 7.599 Executing VM operation: Cleanup
Event: 7.599 Executing VM operation: Cleanup done
Event: 42.754 Executing VM operation: HandshakeAllThreads
Event: 42.754 Executing VM operation: HandshakeAllThreads done
Event: 42.891 Executing VM operation: G1CollectFull
Event: 42.909 Executing VM operation: G1CollectFull done
Event: 53.467 Executing VM operation: G1CollectFull
Event: 53.489 Executing VM operation: G1CollectFull done
Event: 60.070 Executing VM operation: HandshakeAllThreads
Event: 60.070 Executing VM operation: HandshakeAllThreads done
Event: 63.724 Executing VM operation: G1CollectFull
Event: 63.753 Executing VM operation: G1CollectFull done
Event: 73.937 Executing VM operation: G1CollectFull

Events (20 events):
Event: 42.753 loading class java/lang/ProcessImpl$2
Event: 42.754 loading class java/lang/ProcessImpl$2 done
Event: 42.754 loading class java/lang/Process$PipeInputStream
Event: 42.754 Thread 0x00000217779381d0 Thread added: 0x00000217779381d0
Event: 42.754 loading class java/lang/Process$PipeInputStream done
Event: 42.754 Thread 0x0000021777e70f60 Thread added: 0x0000021777e70f60
Event: 42.754 Thread 0x0000021777e6f850 Thread added: 0x0000021777e6f850
Event: 42.755 loading class jdk/internal/event/ProcessStartEvent
Event: 42.755 loading class jdk/internal/event/ProcessStartEvent done
Event: 42.910 loading class java/io/RandomAccessFile$1
Event: 42.910 loading class java/io/RandomAccessFile$1 done
Event: 47.891 Thread 0x0000021777e6f850 Thread exited: 0x0000021777e6f850
Event: 52.892 Thread 0x0000021777e70f60 Thread exited: 0x0000021777e70f60
Event: 57.892 Thread 0x00000217779381d0 Thread exited: 0x00000217779381d0
Event: 62.945 Thread 0x00000217783b3130 Thread exited: 0x00000217783b3130
Event: 64.719 Thread 0x00000217783b59b0 Thread exited: 0x00000217783b59b0
Event: 64.966 Thread 0x00000217783b4a80 Thread exited: 0x00000217783b4a80
Event: 64.967 Thread 0x00000217783b4f90 Thread exited: 0x00000217783b4f90
Event: 65.999 Thread 0x0000021779534740 Thread exited: 0x0000021779534740
Event: 66.759 Thread 0x00000217783b2710 Thread exited: 0x00000217783b2710


Dynamic libraries:
0x00007ff63e3e0000 - 0x00007ff63e3ee000 	c:\Users\82108\.vscode\extensions\redhat.java-1.24.0-win32-x64\jre\17.0.8.1-win32-x86_64\bin\java.exe
0x00007ffccfa70000 - 0x00007ffccfc87000 	C:\WINDOWS\SYSTEM32\ntdll.dll
0x00007ffccf080000 - 0x00007ffccf144000 	C:\WINDOWS\System32\KERNEL32.DLL
0x00007ffccd230000 - 0x00007ffccd5d6000 	C:\WINDOWS\System32\KERNELBASE.dll
0x00007ffccd070000 - 0x00007ffccd181000 	C:\WINDOWS\System32\ucrtbase.dll
0x00007ffcc9370000 - 0x00007ffcc9389000 	c:\Users\82108\.vscode\extensions\redhat.java-1.24.0-win32-x64\jre\17.0.8.1-win32-x86_64\bin\VCRUNTIME140.dll
0x00007ffcc3dd0000 - 0x00007ffcc3de7000 	c:\Users\82108\.vscode\extensions\redhat.java-1.24.0-win32-x64\jre\17.0.8.1-win32-x86_64\bin\jli.dll
0x00007ffcce820000 - 0x00007ffcce9cd000 	C:\WINDOWS\System32\USER32.dll
0x00007ffccd200000 - 0x00007ffccd226000 	C:\WINDOWS\System32\win32u.dll
0x00007ffccf320000 - 0x00007ffccf349000 	C:\WINDOWS\System32\GDI32.dll
0x00007ffcb7ca0000 - 0x00007ffcb7f33000 	C:\WINDOWS\WinSxS\amd64_microsoft.windows.common-controls_6595b64144ccf1df_6.0.22621.2361_none_2712ced57382f843\COMCTL32.dll
0x00007ffcccf50000 - 0x00007ffccd068000 	C:\WINDOWS\System32\gdi32full.dll
0x00007ffccf590000 - 0x00007ffccf637000 	C:\WINDOWS\System32\msvcrt.dll
0x00007ffccceb0000 - 0x00007ffcccf4a000 	C:\WINDOWS\System32\msvcp_win.dll
0x00007ffcce280000 - 0x00007ffcce2b1000 	C:\WINDOWS\System32\IMM32.DLL
0x00007ffcc7c90000 - 0x00007ffcc7c9c000 	c:\Users\82108\.vscode\extensions\redhat.java-1.24.0-win32-x64\jre\17.0.8.1-win32-x86_64\bin\vcruntime140_1.dll
0x00007ffc8f9d0000 - 0x00007ffc8fa61000 	c:\Users\82108\.vscode\extensions\redhat.java-1.24.0-win32-x64\jre\17.0.8.1-win32-x86_64\bin\msvcp140.dll
0x00007ffc667e0000 - 0x00007ffc6742c000 	c:\Users\82108\.vscode\extensions\redhat.java-1.24.0-win32-x64\jre\17.0.8.1-win32-x86_64\bin\server\jvm.dll
0x00007ffccd7d0000 - 0x00007ffccd880000 	C:\WINDOWS\System32\ADVAPI32.dll
0x00007ffccf460000 - 0x00007ffccf506000 	C:\WINDOWS\System32\sechost.dll
0x00007ffcce700000 - 0x00007ffcce817000 	C:\WINDOWS\System32\RPCRT4.dll
0x00007ffcccc10000 - 0x00007ffcccc5d000 	C:\WINDOWS\SYSTEM32\POWRPROF.dll
0x00007ffcc3a80000 - 0x00007ffcc3ab4000 	C:\WINDOWS\SYSTEM32\WINMM.dll
0x00007ffcbc9f0000 - 0x00007ffcbc9f9000 	C:\WINDOWS\SYSTEM32\WSOCK32.dll
0x00007ffccead0000 - 0x00007ffcceb41000 	C:\WINDOWS\System32\WS2_32.dll
0x00007ffcc3640000 - 0x00007ffcc364a000 	C:\WINDOWS\SYSTEM32\VERSION.dll
0x00007ffcccaf0000 - 0x00007ffcccb03000 	C:\WINDOWS\SYSTEM32\UMPDC.dll
0x00007ffccbd90000 - 0x00007ffccbda8000 	C:\WINDOWS\SYSTEM32\kernel.appcore.dll
0x00007ffcc5240000 - 0x00007ffcc524a000 	c:\Users\82108\.vscode\extensions\redhat.java-1.24.0-win32-x64\jre\17.0.8.1-win32-x86_64\bin\jimage.dll
0x00007ffcca660000 - 0x00007ffcca88e000 	C:\WINDOWS\SYSTEM32\DBGHELP.DLL
0x00007ffccf6a0000 - 0x00007ffccfa2a000 	C:\WINDOWS\System32\combase.dll
0x00007ffcce500000 - 0x00007ffcce5d7000 	C:\WINDOWS\System32\OLEAUT32.dll
0x00007ffcc1700000 - 0x00007ffcc1732000 	C:\WINDOWS\SYSTEM32\dbgcore.DLL
0x00007ffccd5e0000 - 0x00007ffccd65a000 	C:\WINDOWS\System32\bcryptPrimitives.dll
0x00007ffcb3e40000 - 0x00007ffcb3e65000 	c:\Users\82108\.vscode\extensions\redhat.java-1.24.0-win32-x64\jre\17.0.8.1-win32-x86_64\bin\java.dll
0x00007ffcbdeb0000 - 0x00007ffcbdec8000 	c:\Users\82108\.vscode\extensions\redhat.java-1.24.0-win32-x64\jre\17.0.8.1-win32-x86_64\bin\zip.dll
0x00007ffccda20000 - 0x00007ffcce278000 	C:\WINDOWS\System32\SHELL32.dll
0x00007ffccad00000 - 0x00007ffccb5f2000 	C:\WINDOWS\SYSTEM32\windows.storage.dll
0x00007ffccabc0000 - 0x00007ffccacfe000 	C:\WINDOWS\SYSTEM32\wintypes.dll
0x00007ffcce9d0000 - 0x00007ffcceac3000 	C:\WINDOWS\System32\SHCORE.dll
0x00007ffccf640000 - 0x00007ffccf69e000 	C:\WINDOWS\System32\shlwapi.dll
0x00007ffcccd20000 - 0x00007ffcccd46000 	C:\WINDOWS\SYSTEM32\profapi.dll
0x00007ffcbaa80000 - 0x00007ffcbaa99000 	C:\Users\82108\.vscode\extensions\redhat.java-1.24.0-win32-x64\jre\17.0.8.1-win32-x86_64\bin\net.dll
0x00007ffcc6650000 - 0x00007ffcc6787000 	C:\WINDOWS\SYSTEM32\WINHTTP.dll
0x00007ffccc260000 - 0x00007ffccc2c9000 	C:\WINDOWS\system32\mswsock.dll
0x00007ffcb32c0000 - 0x00007ffcb32d5000 	C:\Users\82108\.vscode\extensions\redhat.java-1.24.0-win32-x64\jre\17.0.8.1-win32-x86_64\bin\nio.dll
0x00007ffccc580000 - 0x00007ffccc59b000 	C:\WINDOWS\SYSTEM32\CRYPTSP.dll
0x00007ffccbd50000 - 0x00007ffccbd85000 	C:\WINDOWS\system32\rsaenh.dll
0x00007ffccc300000 - 0x00007ffccc32c000 	C:\WINDOWS\SYSTEM32\USERENV.dll
0x00007ffccc710000 - 0x00007ffccc738000 	C:\WINDOWS\SYSTEM32\bcrypt.dll
0x00007ffccc560000 - 0x00007ffccc56c000 	C:\WINDOWS\SYSTEM32\CRYPTBASE.dll
0x00007ffccb860000 - 0x00007ffccb88d000 	C:\WINDOWS\SYSTEM32\IPHLPAPI.DLL
0x00007ffccf350000 - 0x00007ffccf359000 	C:\WINDOWS\System32\NSI.dll
0x00007ffcc5800000 - 0x00007ffcc5819000 	C:\WINDOWS\SYSTEM32\dhcpcsvc6.DLL
0x00007ffcc57e0000 - 0x00007ffcc57ff000 	C:\WINDOWS\SYSTEM32\dhcpcsvc.DLL
0x00007ffccb8d0000 - 0x00007ffccb9c9000 	C:\WINDOWS\SYSTEM32\DNSAPI.dll
0x00007ffcbde50000 - 0x00007ffcbde60000 	c:\Users\82108\.vscode\extensions\redhat.java-1.24.0-win32-x64\jre\17.0.8.1-win32-x86_64\bin\verify.dll
0x00007ffcbdc60000 - 0x00007ffcbdc69000 	C:\Users\82108\.vscode\extensions\redhat.java-1.24.0-win32-x64\jre\17.0.8.1-win32-x86_64\bin\management.dll
0x00007ffcb3e30000 - 0x00007ffcb3e3b000 	C:\Users\82108\.vscode\extensions\redhat.java-1.24.0-win32-x64\jre\17.0.8.1-win32-x86_64\bin\management_ext.dll
0x00007ffccf360000 - 0x00007ffccf368000 	C:\WINDOWS\System32\PSAPI.DLL
0x00007ffcb3c80000 - 0x00007ffcb3c8e000 	C:\Users\82108\.vscode\extensions\redhat.java-1.24.0-win32-x64\jre\17.0.8.1-win32-x86_64\bin\sunmscapi.dll
0x00007ffccd660000 - 0x00007ffccd7c6000 	C:\WINDOWS\System32\CRYPT32.dll
0x00007ffccc670000 - 0x00007ffccc69d000 	C:\WINDOWS\SYSTEM32\ncrypt.dll
0x00007ffccc630000 - 0x00007ffccc667000 	C:\WINDOWS\SYSTEM32\NTASN1.dll
0x00007ffcc5730000 - 0x00007ffcc573a000 	C:\Windows\System32\rasadhlp.dll
0x00007ffcc4ec0000 - 0x00007ffcc4f44000 	C:\WINDOWS\System32\fwpuclnt.dll

dbghelp: loaded successfully - version: 4.0.5 - missing functions: none
symbol engine: initialized successfully - sym options: 0x614 - pdb path: .;c:\Users\82108\.vscode\extensions\redhat.java-1.24.0-win32-x64\jre\17.0.8.1-win32-x86_64\bin;C:\WINDOWS\SYSTEM32;C:\WINDOWS\WinSxS\amd64_microsoft.windows.common-controls_6595b64144ccf1df_6.0.22621.2361_none_2712ced57382f843;c:\Users\82108\.vscode\extensions\redhat.java-1.24.0-win32-x64\jre\17.0.8.1-win32-x86_64\bin\server

VM Arguments:
jvm_args: -XX:+HeapDumpOnOutOfMemoryError -Xmx1024m -Dsts.lsp.client=vscode -Dsts.log.file=/dev/null -XX:TieredStopAtLevel=1 -Xlog:jni+resolve=off -Dspring.config.location=file:c:\Users\82108\.vscode\extensions\vmware.vscode-spring-boot-1.50.0\language-server\BOOT-INF\classes\application.properties 
java_command: org.springframework.ide.vscode.boot.app.BootLanguageServerBootApp
java_class_path (initial): c:\Users\82108\.vscode\extensions\vmware.vscode-spring-boot-1.50.0\language-server\BOOT-INF\classes;c:\Users\82108\.vscode\extensions\vmware.vscode-spring-boot-1.50.0\language-server\BOOT-INF\lib\annotations-24.0.1.jar;c:\Users\82108\.vscode\extensions\vmware.vscode-spring-boot-1.50.0\language-server\BOOT-INF\lib\antlr-runtime-3.5.3.jar;c:\Users\82108\.vscode\extensions\vmware.vscode-spring-boot-1.50.0\language-server\BOOT-INF\lib\antlr4-4.11.1.jar;c:\Users\82108\.vscode\extensions\vmware.vscode-spring-boot-1.50.0\language-server\BOOT-INF\lib\antlr4-runtime-4.11.1.jar;c:\Users\82108\.vscode\extensions\vmware.vscode-spring-boot-1.50.0\language-server\BOOT-INF\lib\archunit-1.1.0.jar;c:\Users\82108\.vscode\extensions\vmware.vscode-spring-boot-1.50.0\language-server\BOOT-INF\lib\asm-9.5.jar;c:\Users\82108\.vscode\extensions\vmware.vscode-spring-boot-1.50.0\language-server\BOOT-INF\lib\asm-analysis-9.5.jar;c:\Users\82108\.vscode\extensions\vmware.vscode-spring-boot-1.50.0\language-server\BOOT-INF\lib\asm-tree-9.5.jar;c:\Users\82108\.vscode\extensions\vmware.vscode-spring-boot-1.50.0\language-server\BOOT-INF\lib\asm-util-9.5.jar;c:\Users\82108\.vscode\extensions\vmware.vscode-spring-boot-1.50.0\language-server\BOOT-INF\lib\bosh-language-server-1.50.0-SNAPSHOT.jar;c:\Users\82108\.vscode\extensions\vmware.vscode-spring-boot-1.50.0\language-server\BOOT-INF\lib\caffeine-3.1.8.jar;c:\Users\82108\.vscode\extensions\vmware.vscode-spring-boot-1.50.0\language-server\BOOT-INF\lib\checker-qual-3.12.0.jar;c:\Users\82108\.vscode\extensions\vmware.vscode-spring-boot-1.50.0\language-server\BOOT-INF\lib\classgraph-4.8.149.jar;c:\Users\82108\.vscode\extensions\vmware.vscode-spring-boot-1.50.0\language-server\BOOT-INF\lib\commons-codec-1.15.jar;c:\Users\82108\.vscode\extensions\vmware.vscode-spring-boot-1.50.0\language-server\BOOT-INF\lib\commons-compress-1.24.0.jar;c:\Users\82108\.vscode\extensions\vmware.vscode-spring-boot-1.50.0\language-server\BOOT-INF\lib\
Launcher Type: SUN_STANDARD

[Global flags]
     intx CICompilerCount                          = 12                                        {product} {ergonomic}
     uint ConcGCThreads                            = 3                                         {product} {ergonomic}
     uint G1ConcRefinementThreads                  = 13                                        {product} {ergonomic}
   size_t G1HeapRegionSize                         = 1048576                                   {product} {ergonomic}
    uintx GCDrainStackTargetSize                   = 64                                        {product} {ergonomic}
     bool HeapDumpOnOutOfMemoryError               = true                                   {manageable} {command line}
   size_t InitialHeapSize                          = 260046848                                 {product} {ergonomic}
   size_t MarkStackSize                            = 4194304                                   {product} {ergonomic}
   size_t MaxHeapSize                              = 1073741824                                {product} {command line}
   size_t MaxNewSize                               = 643825664                                 {product} {ergonomic}
   size_t MinHeapDeltaBytes                        = 1048576                                   {product} {ergonomic}
   size_t MinHeapSize                              = 8388608                                   {product} {ergonomic}
    uintx NonProfiledCodeHeapSize                  = 0                                      {pd product} {ergonomic}
     bool ProfileInterpreter                       = false                                  {pd product} {command line}
    uintx ProfiledCodeHeapSize                     = 0                                      {pd product} {ergonomic}
   size_t SoftMaxHeapSize                          = 1073741824                             {manageable} {ergonomic}
     intx TieredStopAtLevel                        = 1                                         {product} {command line}
     bool UseCompressedClassPointers               = true                           {product lp64_product} {ergonomic}
     bool UseCompressedOops                        = true                           {product lp64_product} {ergonomic}
     bool UseG1GC                                  = true                                      {product} {ergonomic}
     bool UseLargePagesIndividualAllocation        = false                                  {pd product} {ergonomic}

Logging:
Log output configuration:
 #0: stdout all=warning,jni+resolve=off uptime,level,tags
 #1: stderr all=off uptime,level,tags

Environment Variables:
PATH=C:\Python312\Scripts\;C:\Python312\;C:\Program Files\Common Files\Oracle\Java\javapath;C:\Python311\Scripts\;C:\Python311\;C:\Program Files (x86)\Razer Chroma SDK\bin;C:\Program Files\Razer Chroma SDK\bin;C:\Program Files (x86)\Razer\ChromaBroadcast\bin;C:\Program Files\Razer\ChromaBroadcast\bin;C:\Windows\system32;C:\Windows;C:\Windows\System32\Wbem;C:\Windows\System32\WindowsPowerShell\v1.0\;C:\Windows\System32\OpenSSH\;C:\Program Files (x86)\NVIDIA Corporation\PhysX\Common;C:\WINDOWS\system32;C:\WINDOWS;C:\WINDOWS\System32\Wbem;C:\WINDOWS\System32\WindowsPowerShell\v1.0\;C:\WINDOWS\System32\OpenSSH\;C:\ProgramData\Anaconda3\Library;C:\Program Files\dotnet\;C:\WINDOWS\system32\config\systemprofile\AppData\Local\Microsoft\WindowsApps;C:\ProgramData\chocolatey\bin;C:\Program Files\MySQL\MySQL Server 8.0\bin;C:\Program Files\Git\cmd;C:\Users\82108\AppData\Local\Android\Sdk\platform-tools\adb;C:\Users\82108\Desktop\graduateProject\flutter\bin;C:\Program Files (x86)\Windows Kits\10\Windows Performance Toolkit\;C:\Program;C:\Program Files\Docker\Docker\resources\bin;C:\Program Files\nodejs;C:\Program Files\PuTTY\;C:\Program Files\nodejs\;C:\Users\82108\AppData\Local\Microsoft\WindowsApps;C:\Program Files\JetBrains\IntelliJ IDEA Community Edition 2022.1.3\bin;;C:\Program Files\JetBrains\IntelliJ IDEA 2022.1.3\bin;;C:\Users\82108\AppData\Local\Programs\Microsoft VS Code\bin;C:\Users\82108\AppData\Roaming\Python\Python311\Scripts;C:\Program Files\nodejs\node_modules\npm\bin;C:\Program Files\Multipass\bin;C:\Users\82108\AppData\Roaming\npm
USERNAME=
OS=Windows_NT
PROCESSOR_IDENTIFIER=AMD64 Family 25 Model 80 Stepping 0, AuthenticAMD
TMP=C:\Users\82108\AppData\Local\Temp
TEMP=C:\Users\82108\AppData\Local\Temp



---------------  S Y S T E M  ---------------

OS:
 Windows 11 , 64 bit Build 22621 (10.0.22621.2428)
OS uptime: 0 days 5:10 hours
Hyper-V role detected

CPU: total 16 (initial active 16) (16 cores per cpu, 2 threads per core) family 25 model 80 stepping 0 microcode 0x0, cx8, cmov, fxsr, ht, mmx, 3dnowpref, sse, sse2, sse3, ssse3, sse4a, sse4.1, sse4.2, popcnt, lzcnt, tsc, tscinvbit, avx, avx2, aes, erms, clmul, bmi1, bmi2, adx, sha, fma, vzeroupper, clflush, clflushopt, hv
Processor Information for all 16 processors :
  Max Mhz: 3301, Current Mhz: 3301, Mhz Limit: 3301

Memory: 4k page, system-wide physical 15776M (2611M free)
TotalPageFile size 18644M (AvailPageFile size 17M)
current process WorkingSet (physical memory assigned to process): 220M, peak: 222M
current process commit charge ("private bytes"): 268M, peak: 373M

vm_info: OpenJDK 64-Bit Server VM (17.0.8.1+1) for windows-amd64 JRE (17.0.8.1+1), built on Aug 23 2023 15:29:17 by "admin" with MS VC++ 16.7 (VS2019)

END.
